"cd-rfile"
"Iteration" "cd"
("Iteration" "cd")
1 0.06797623607083102
2 0.08433648965447177
3 0.1049718168633144
4 0.123350065966829
5 0.1370741371174716
6 0.1462031114421518
7 0.1531233677800937
8 0.1560308966114765
9 0.154685129401047
10 0.149490316954695
11 0.1412822477756234
12 0.1305425684440204
13 0.1179627218808769
14 0.1049739927283169
15 0.09242061524554873
16 0.08164194069180812
17 0.07295502465519994
18 0.06712015781062572
19 0.06394542784388189
20 0.06359036489921258
21 0.06526598128553056
22 0.0689437128094247
23 0.0737713406769395
24 0.07953200252541702
25 0.08560330799934326
26 0.09176664829750023
27 0.09743551403494691
28 0.1026496995901649
29 0.1069412149514986
30 0.1105316530612522
31 0.1131096810208325
32 0.1148052622229454
33 0.115630300289263
34 0.1155995225598364
35 0.1149404691861925
36 0.1134683692110766
37 0.1116064816568498
38 0.1090845138495412
39 0.1063793841172253
40 0.1032413768798536
41 0.1001209690446473
42 0.09674372785829997
43 0.0935567181772875
44 0.09024526997638371
45 0.08726574494675611
46 0.08415533513077367
47 0.08149383098265807
48 0.07872887487995779
49 0.07634403137633022
50 0.07387121859539313
51 0.0717832052332002
52 0.06959520196399718
53 0.06766106671034816
54 0.06568423338380751
55 0.06393035350775152
56 0.06208906665029763
57 0.06045945900626575
58 0.05874442788936329
59 0.05724994918239673
60 0.05558676803830712
61 0.05422262588995556
62 0.05263752316107846
63 0.05133607627944359
64 0.04988790238311624
65 0.04872012830057956
66 0.04735264405115552
67 0.04633166268741887
68 0.04511570609406631
69 0.04423150167999339
70 0.04315310794204223
71 0.04240448115060473
72 0.0414857117567809
73 0.04086635265963225
74 0.04009364855813041
75 0.03959628744560484
76 0.0389838031340211
77 0.03862427229689928
78 0.03814497344345556
79 0.03786594687525978
80 0.03755058336021234
81 0.0373615185654315
82 0.03716857050962177
83 0.03704660393658945
84 0.03694230765484193
85 0.03688055747343937
86 0.03679829013756834
87 0.03677038904447683
88 0.03673784469958894
89 0.03668636636240009
90 0.03669080945359481
91 0.03665400471319519
92 0.03663672268869315
93 0.03662637225501139
94 0.03664299234509742
95 0.03660387385237057
96 0.0366416754277086
97 0.03657386437502633
98 0.03664187687562081
99 0.03659951849176103
100 0.03662597224170464
101 0.03663834629119773
102 0.03668462651004099
103 0.0367227991688023
104 0.03680465640033819
105 0.03687128803931871
106 0.03699510692152887
107 0.03708542403396173
108 0.03726911871450075
109 0.03737138801918965
110 0.03761738164599421
111 0.03772471207403003
112 0.03805184627894219
113 0.03817251865548791
114 0.03848120075458933
115 0.03866816128168298
116 0.0390118772061681
117 0.03916829308055383
118 0.03956865425441645
119 0.03972271722075107
120 0.04008050371135635
121 0.04028135116502931
122 0.0406283808635339
123 0.04080368948282682
124 0.041170931365859
125 0.04126370427852719
126 0.04166614635515967
127 0.04172068727081337
128 0.04206359399358078
129 0.04212762827485792
130 0.04243243597065598
131 0.04245366592941843
132 0.04274713139240784
133 0.04268597264299203
134 0.04297988339275496
135 0.04287181297103396
136 0.04306861259769387
137 0.04296534646125579
138 0.04312580962629729
139 0.04295239428089942
140 0.04311452661615443
141 0.04284251720892877
142 0.0430109167770038
143 0.04270830453965729
144 0.04275190986135007
145 0.0424813802438565
146 0.04247784251347908
147 0.04216687234143994
148 0.04215107038923432
149 0.0417694580664785
150 0.04176563112183578
151 0.04130852534216306
152 0.0413113583505265
153 0.04085696297016773
154 0.04073761168958662
155 0.04031985388639001
156 0.04018572360203454
157 0.03972335900270707
158 0.03960741861778971
159 0.03907041173366414
160 0.03898019916583679
161 0.03845545721268372
162 0.03827359473612396
163 0.03777778389392749
164 0.03761561720785229
165 0.03706506773741024
166 0.03694524532840784
167 0.03638457214960828
168 0.03626633394067354
169 0.03573603177949395
170 0.0355616857663864
171 0.03509197825994575
172 0.03496222715069489
173 0.03446214861280703
174 0.03439747293774891
175 0.03391255652063691
176 0.03387663490209483
177 0.03341904046897996
178 0.03341730013998812
179 0.03298656446214987
180 0.0330259532446836
181 0.03266224325040498
182 0.03265683017219654
183 0.03239228076729032
184 0.03243017147244343
185 0.03212437607576616
186 0.03227647692184713
187 0.03199297291790843
188 0.03215273308999991
189 0.03189831947483083
190 0.03209795376228295
191 0.03186312961656026
192 0.0320704165596496
193 0.03187345043412104
194 0.03204831653191492
195 0.03190766063068637
196 0.0321035354118702
197 0.03192256057463225
198 0.03214818607085898
199 0.03199238676601051
200 0.0322044613390265
201 0.03204577790127623
202 0.03223460819820131
203 0.03210626469704006
204 0.03228826602494022
205 0.03214109117570711
206 0.0323495176954743
207 0.03218950407778626
208 0.0323876420903174
209 0.03222610838115509
210 0.0324306871204325
211 0.03222681111186024
212 0.03247770987831976
213 0.03229365356447472
214 0.03243913990060918
215 0.03234374669513512
216 0.03249019905474784
217 0.03232712065389051
218 0.03257533671120509
219 0.03226627695202026
220 0.0326104433436097
221 0.03242165440245788
222 0.03267376601574108
223 0.03248209593019871
224 0.03275124789382917
225 0.03259680534341457
226 0.03279739827177498
227 0.03271503043924095
228 0.03293623708639547
229 0.03282768717532442
230 0.03309864084143898
231 0.03298764259269883
232 0.03326165510018732
233 0.03315731071185443
234 0.03344205396904684
235 0.03332903187218835
236 0.03362249418020357
237 0.03352413387166658
238 0.03382324829566651
239 0.03375122278579228
240 0.03398371687322361
241 0.03396183385288293
242 0.03421979458812437
243 0.03414317597692228
244 0.03445971126952017
245 0.03439961716255108
246 0.03465193492449425
247 0.03458878747770609
248 0.03487842161790462
249 0.03475988010706625
250 0.0350529443283433
251 0.03491343257572192
252 0.03518829021860347
253 0.03504687733902938
254 0.03530606144080833
255 0.0351501534406116
256 0.03535272766645225
257 0.03522354266773121
258 0.03540113784990814
259 0.03523652840152235
260 0.03543428622587139
261 0.0352078763135104
262 0.03542575325647451
263 0.03517088222965536
264 0.03534299616455033
265 0.03510218146365497
266 0.03525704215384946
267 0.03500193946115991
268 0.03526926154551194
269 0.03483928997887693
270 0.03494643939194902
271 0.03469696420482062
272 0.03480163667934744
273 0.03448301959392998
274 0.03461056061096986
275 0.0342628258838355
276 0.0343487871729502
277 0.03402087721417884
278 0.0340873717194042
279 0.03374809610966067
280 0.03376928403822887
281 0.03346153876040138
282 0.03346852613743864
283 0.03314723526972937
284 0.03318644447474379
285 0.03281651003427742
286 0.03290320220270586
287 0.03254806019971779
288 0.03253207268558325
289 0.03226165324017505
290 0.03226041643948892
291 0.0319022376866947
292 0.03198805690243629
293 0.03160980071534863
294 0.03165808881816769
295 0.03131943576206541
296 0.03136102450483882
297 0.0310185202653835
298 0.0310418735362479
299 0.03074329595858069
300 0.03077039842299047
301 0.03046882383100478
302 0.03054615050330505
303 0.03024869083727564
304 0.03031599619598588
305 0.03005339264619804
306 0.03013720344708102
307 0.02987144973562914
308 0.03000028664002019
309 0.02974967482640326
310 0.02985386035052864
311 0.0296520711880929
312 0.02976377640980783
313 0.02954914068327322
314 0.02972369961434867
315 0.02952472398461229
316 0.02968310518314567
317 0.02951981353829572
318 0.02970617523643519
319 0.02954506429825944
320 0.02977655741572127
321 0.02964681262120044
322 0.02985105721286458
323 0.02975281046647004
324 0.02998919763229349
325 0.02988983714351653
326 0.03017878077699013
327 0.03011626419086062
328 0.03034665663877248
329 0.03034103986625155
330 0.03063128936314358
331 0.0305663579179086
332 0.03091348621936946
333 0.03089437599583861
334 0.031168967408244
335 0.03117793604950868
336 0.03149656327391884
337 0.03145187204457213
338 0.03181233417682787
339 0.03180724859821207
340 0.03198519244570173
341 0.0321112655023231
342 0.03243291744853428
343 0.0324168065556811
344 0.03279058105018129
345 0.03279438531795407
346 0.03308551707189585
347 0.03311261284464032
348 0.03344014359121365
349 0.03340073924939968
350 0.03375798325543176
351 0.03374179243827786
352 0.03400783109677211
353 0.03400563324477585
354 0.03429831952688019
355 0.03422182681075742
356 0.03454243804134041
357 0.03448512303645526
358 0.0347118802248096
359 0.03466882651989437
360 0.03491953032575528
361 0.03479873617920168
362 0.03507644478620398
363 0.03496853545895855
364 0.03514572445973204
365 0.03504430459105989
366 0.03523803824624447
367 0.03505155653689249
368 0.03526481554181608
369 0.03508581455541558
370 0.03519589253747381
371 0.03502207895299904
372 0.03514907905850524
373 0.03488998942553842
374 0.03503985434812436
375 0.03495084771772277
376 0.03480371742714752
377 0.03457853989183574
378 0.03466507250708904
379 0.03433010194618722
380 0.03442209280912466
381 0.03409555636026074
382 0.03408405762198524
383 0.03376122533811652
384 0.03375690329482777
385 0.03335629227895891
386 0.03336620896710003
387 0.03297744614241577
388 0.03289529053946027
389 0.03250151997364112
390 0.0324292776183165
391 0.03197209025394129
392 0.03192214698026776
393 0.03149091876018907
394 0.03134488857277462
395 0.03094714303787369
396 0.03083331295134626
397 0.03035136709743026
398 0.0302817988233028
399 0.02981511668954646
400 0.02964794626735069
401 0.02921290879594985
402 0.0290652332728988
403 0.02858008196503507
404 0.02846909471701747
405 0.02799005071691707
406 0.0278011018992772
407 0.02737807319121807
408 0.02722659030470885
409 0.02674020300249655
410 0.02664734870386039
411 0.02621033170748276
412 0.02605606859513403
413 0.02565995904582604
414 0.02555475790533393
415 0.02512900581857316
416 0.02508695376154215
417 0.02468876785491288
418 0.02458327834584649
419 0.02425100634822674
420 0.02419002392714936
421 0.02380090821589553
422 0.02381520627329008
423 0.02345374155451476
424 0.02341598180922575
425 0.02315711480748585
426 0.02317430462453447
427 0.02284860605699236
428 0.02299654192408509
429 0.02271665524222033
430 0.0227746519137419
431 0.02261075202172029
432 0.02270958664499079
433 0.02248930986705285
434 0.02271618568457488
435 0.02251483620288928
436 0.02267753604424348
437 0.02259613298233625
438 0.02278827424029135
439 0.02266456595532392
440 0.02299326624494881
441 0.02289466136295217
442 0.02315690176536039
443 0.02317412246943554
444 0.02347229716722043
445 0.02332862609992177
446 0.02385180741129442
447 0.02385557811741206
448 0.02419477382162295
449 0.02430303172278988
450 0.02467905905530345
451 0.02472131285267221
452 0.02522224396159809
453 0.02528885138108613
454 0.02570668210778438
455 0.02587809591608328
456 0.02632522335523065
457 0.02643120895333629
458 0.02699525994313192
459 0.02712130339198092
460 0.02759196623278811
461 0.02781088834949277
462 0.02830821425562375
463 0.02844513803643124
464 0.02904134625263533
465 0.0291813987714259
466 0.02974419765507105
467 0.02991453046960226
468 0.03047589889623043
469 0.0306298876822468
470 0.03121881258395946
471 0.03135595589082626
472 0.03192827409967913
473 0.03206884174174871
474 0.03263071815006941
475 0.03279331159905621
476 0.03326626320976435
477 0.033474686941495
478 0.03395048192673002
479 0.03409923649588817
480 0.03461100399331418
481 0.03471577094901122
482 0.03522875526625356
483 0.03531335725994421
484 0.03580117085651238
485 0.03585550637875082
486 0.03633192900766311
487 0.0363612510732892
488 0.03681091472879375
489 0.03683537100610605
490 0.03716889921454916
491 0.03721698959905564
492 0.03753260699186189
493 0.0374997645071453
494 0.03783131684727613
495 0.03773242142349238
496 0.03804865020405393
497 0.03794320462190009
498 0.03814890084483539
499 0.03804404812581254
500 0.03824985862517994
501 0.03804969635569591
502 0.0382654752085818
503 0.03803250903423559
504 0.03820078547572402
505 0.0379240665021415
506 0.03806620346696308
507 0.03774022056325812
508 0.0378563252059935
509 0.03752443414547107
510 0.03751756696020631
511 0.03720863152463422
512 0.03718179817363294
513 0.03678469083204162
514 0.03677557775020907
515 0.03630697781109413
516 0.03627482069213395
517 0.03580460698693887
518 0.03581379729706458
519 0.03516011784231022
520 0.03501464845125618
521 0.03449255539345546
522 0.03435798225108278
523 0.03375564651759207
524 0.03360685600341552
525 0.03300913768575269
526 0.03274589261243198
527 0.03217387141164815
528 0.03189385915439708
529 0.03125271838152961
530 0.03100515938853268
531 0.03030075300155937
532 0.03006111838045887
533 0.02937347284736556
534 0.02900272797327679
535 0.02839206442333924
536 0.02800466355738691
537 0.02736778804191778
538 0.02703220635019032
539 0.02630230707301327
540 0.02601582826084402
541 0.02532572126821021
542 0.02494790648621768
543 0.02432715039352966
544 0.02395925105160655
545 0.02331884101963963
546 0.02300435788357093
547 0.02232863722354475
548 0.02206924401779003
549 0.02141580242649374
550 0.02109348847098414
551 0.02050286573040365
552 0.02019790761832294
553 0.0196096979866115
554 0.01937437214925071
555 0.01878808836175662
556 0.0186030116533419
557 0.01806502306887631
558 0.01782098242879527
559 0.01740030560018365
560 0.01722848842801337
561 0.01677228516915621
562 0.01669914660053643
563 0.01622363597611459
564 0.01620680582652385
565 0.01582670195133007
566 0.01575549670271218
567 0.01548423667803683
568 0.01547256992166174
569 0.01518652560502494
570 0.01527466061172667
571 0.01500251355642165
572 0.01517193389030201
573 0.01496956581402333
574 0.01510774867814432
575 0.01501997564928084
576 0.01511226235384901
577 0.01513177128570319
578 0.01544300019819336
579 0.01537534158213576
580 0.01574217892997015
581 0.01575469931321588
582 0.01607956709882343
583 0.01617668035572398
584 0.01656729272551902
585 0.01665298004494574
586 0.01712775151051523
587 0.01723666279664339
588 0.01775086026795627
589 0.01790359702615192
590 0.01844665816003675
591 0.01861194914729547
592 0.01920921466542091
593 0.01943676201478794
594 0.01999269890593783
595 0.02029744500233199
596 0.02090731638923151
597 0.02118461318630334
598 0.02186697701746346
599 0.02215688819701343
600 0.02285909164186973
601 0.02316781923781314
602 0.02388853495626509
603 0.02420366675818621
604 0.0249454632682474
605 0.0252697493688804
606 0.02602229658049744
607 0.02635347825688628
608 0.02711442003551829
609 0.02744892515709872
610 0.02821448497938008
611 0.02855042960342843
612 0.029318058372595
613 0.02965266942909226
614 0.03041778483506765
615 0.03074750620861041
616 0.03150635188303471
617 0.03185712836504322
618 0.03252292930349353
619 0.03292348233061194
620 0.0335857614844222
621 0.03392764498281222
622 0.03461626709289465
623 0.03488696228274094
624 0.03558290076098335
625 0.03586546973621946
626 0.03646166288578902
627 0.0367536832175592
628 0.03736013438697233
629 0.03755669548168222
630 0.03818635337377645
631 0.03834286136517691
632 0.03894282306110454
633 0.03906081637058271
634 0.03963293980622515
635 0.03971251290805273
636 0.04025460405247754
637 0.04032677275268453
638 0.04075683884672983
639 0.04084256000087894
640 0.04125651047060947
641 0.0412526858074492
642 0.0416720349244597
643 0.04161239695709692
644 0.04199785819994938
645 0.04188881347221383
646 0.04223331859295909
647 0.04207655637287085
648 0.0423783020439789
649 0.04217445182140918
650 0.0424282200245433
651 0.04217084232641897
652 0.04238089096190432
653 0.04210744079718696
654 0.04218200998327516
655 0.04192638125320705
656 0.04197061893457417
657 0.04161071877784713
658 0.04166042755768161
659 0.0412224881195901
660 0.04123716724722808
661 0.04079317073785836
662 0.04067984358384948
663 0.04023872109335487
664 0.04011302037787386
665 0.03957947018830868
666 0.03946341235134635
667 0.03887755790550174
668 0.03889325563525107
669 0.0380948948068309
670 0.03783831051418358
671 0.03727747540746128
672 0.03698272120071013
673 0.03631536152427397
674 0.03603228135182836
675 0.03530071376853985
676 0.03501451211210933
677 0.03429022399958133
678 0.03387268258951533
679 0.03319434185441981
680 0.0327618936452161
681 0.03202528763749796
682 0.03162203407733401
683 0.03079967716833044
684 0.03043097841145668
685 0.02961289214711867
686 0.02913848689117945
687 0.02836820829567392
688 0.02789661223628982
689 0.02707391664914803
690 0.02664973639794612
691 0.02576134785298627
692 0.02538277675551034
693 0.02451887330285145
694 0.02406064303926888
695 0.02326435986232466
696 0.02282728145061799
697 0.02199644409602147
698 0.02162372858966547
699 0.02076870468105769
700 0.0204402044691221
701 0.01964693068267965
702 0.01925945792998805
703 0.01853252605074722
704 0.01817679575135171
705 0.01745214147841635
706 0.01717227795687742
707 0.01643259518150633
708 0.01623340132178009
709 0.01553834221789324
710 0.01528398809591664
711 0.01469704659042564
712 0.01447803551685506
713 0.01390172722473039
714 0.01377636407196666
715 0.01318144301450351
716 0.01314763279393481
717 0.01263444864218719
718 0.01255632782306125
719 0.01216196429117504
720 0.01213306188580923
721 0.01175870846779591
722 0.01182973418053644
723 0.01143604075244706
724 0.01159704670221545
725 0.01129004575505204
726 0.01141509962508693
727 0.0112191086673482
728 0.01139281587691981
729 0.01109422999113294
730 0.0114588245292327
731 0.01130922531575022
732 0.01163825112346431
733 0.01157544386776122
734 0.01186858149418402
735 0.01191607468479531
736 0.01227271651768426
737 0.01233847059368655
738 0.01278482991082456
739 0.01286380812056765
740 0.01337587649271143
741 0.01352648719577867
742 0.01399325375921752
743 0.01422777078910789
744 0.01475059230766466
745 0.01497664695544741
746 0.01557892708401057
747 0.01581296162156589
748 0.01645646169682639
749 0.0167128854847712
750 0.01738108738918837
751 0.01765658958367487
752 0.01835739421442362
753 0.01865990626332969
754 0.01938708232470575
755 0.0197023537241068
756 0.02045621447360374
757 0.02079740228111392
758 0.02156497766729877
759 0.02191470849065955
760 0.022704489044326
761 0.02307134473876543
762 0.02387709269025896
763 0.02424730352847108
764 0.02506315403903914
765 0.02546752631989326
766 0.0262004505489187
767 0.02666940407034257
768 0.02740817700709191
769 0.027832816510639
770 0.02861411510467706
771 0.02898498000116799
772 0.02978314451881273
773 0.03017960678399311
774 0.03088849313160595
775 0.03131432627194526
776 0.03204665577125128
777 0.03239964151605596
778 0.0331677980733859
779 0.03349993332109875
780 0.0342450867022083
781 0.03454810068659859
782 0.03528438588692782
783 0.03555375622675255
784 0.03627140551512204
785 0.03653248431718688
786 0.03714881962648771
787 0.03743537407153619
788 0.03805180551159647
789 0.0382491183983823
790 0.03888727187668514
791 0.03903786877993121
792 0.03964557381105831
793 0.03975908772741338
794 0.04034258163527574
795 0.04041407833805348
796 0.04097288891260414
797 0.04103639539976191
798 0.04148007527480995
799 0.04155839673450964
800 0.04199137956418441
801 0.04197312486253589
802 0.04241896997434183
803 0.04235294428931536
804 0.04275729171366329
805 0.04265084336089844
806 0.04301777435046866
807 0.04286825488642363
808 0.04320287229166687
809 0.04301237683270719
810 0.04330562591498174
811 0.04307255223534092
812 0.04332366044525195
813 0.04304687403022465
814 0.04325793867409437
815 0.04297098638961766
816 0.0430577618243835
817 0.0427888453795763
818 0.04285347804077093
819 0.04248906582728561
820 0.04256270430261736
821 0.04212938040857482
822 0.04216500832363634
823 0.04172121748426822
824 0.04163208558182698
825 0.04119958077699923
826 0.04110061500641871
827 0.04057541422183432
828 0.04049105587137134
829 0.03992237909025235
830 0.0398043339102269
831 0.03940395731692483
832 0.03897445784885959
833 0.03844477901953835
834 0.03822296202400753
835 0.037598221073528
836 0.03737602801356774
837 0.03670242218499992
838 0.03647429359392423
839 0.03581245497750221
840 0.0354619031246391
841 0.03484625220757569
842 0.03447818783198443
843 0.03380991828663112
844 0.03346587598007785
845 0.03271637479295213
846 0.03240133887762566
847 0.03166853806633313
848 0.03124519037820611
849 0.03056090569807559
850 0.03014279211545935
851 0.02941022593496121
852 0.02903835611102884
853 0.02824882284161776
854 0.02790583812077977
855 0.02714676289742482
856 0.02671387866271649
857 0.02601628852732866
858 0.02559791980195633
859 0.02487128316541831
860 0.02450060002190654
861 0.02373325316724
862 0.02342805343121415
863 0.02269640958669412
864 0.02231656521405541
865 0.02166276822948844
866 0.02130699259589564
867 0.02063517232345972
868 0.02034811905282164
869 0.01964243139647195
870 0.01941773118843543
871 0.01876932397638946
872 0.01848233361779791
873 0.01792702904891421
874 0.01767009217911815
875 0.01711117303704859
876 0.01693175752432383
877 0.01634824946696416
878 0.01624329093009613
879 0.01572527547047475
880 0.01556964332010627
881 0.01515472601171769
882 0.01504130894823854
883 0.01463332594445692
884 0.0146021984103585
885 0.01417482432522417
886 0.01421656882231789
887 0.0138605669349922
888 0.01386380260967318
889 0.0136149941374439
890 0.01365978942488778
891 0.01341906446552002
892 0.0135491331577267
893 0.01317676809742825
894 0.01349210292133276
895 0.01331796816759307
896 0.01347818127475785
897 0.0134093099609338
898 0.0136177561758531
899 0.0135599790119303
900 0.01385271687364589
901 0.01378583926981895
902 0.01415236621499488
903 0.0141615383641339
904 0.01447696559497147
905 0.01457994087618743
906 0.01493955419636655
907 0.01503805875382709
908 0.01548274802704401
909 0.01557596599978451
910 0.01606786904266667
911 0.01621708413703494
912 0.01665899122718839
913 0.01687187851076322
914 0.01736610629083752
915 0.01754885917821801
916 0.0181136923808766
917 0.01830842107249608
918 0.01889436128749768
919 0.01910629332321408
920 0.01971379200716682
921 0.01993449618109727
922 0.02057080948967226
923 0.02080716372895395
924 0.02146188364488626
925 0.02171295128997279
926 0.02238470535906165
927 0.02264976753200341
928 0.02334675025726442
929 0.02361309661766691
930 0.02430887348661969
931 0.02458815432733279
932 0.02529149792801489
933 0.02560437248332116
934 0.02622419332331453
935 0.02660057546528619
936 0.02722272487661938
937 0.02755637795021354
938 0.02822135952126538
939 0.02849657802048454
940 0.02918523643589757
941 0.02948510603335434
942 0.03008413843511959
943 0.03041296720690517
944 0.03103721663922624
945 0.0312961918925401
946 0.03195945121525737
947 0.03219928752055099
948 0.03284592818356794
949 0.03306290849504018
950 0.03370193044759566
951 0.03389165451400839
952 0.03452150271061262
953 0.0347174415866993
954 0.03525022932216727
955 0.03547330446408262
956 0.03600921356198551
957 0.03614982279077254
958 0.03671400669601452
959 0.03681694661671488
960 0.0373557183559478
961 0.03743017780011414
962 0.03794540305085998
963 0.03798380098729226
964 0.03847829192248958
965 0.03848679293171633
966 0.03895999294373829
967 0.03893934749771127
968 0.03938859316494572
969 0.03933739705556809
970 0.03976228505414039
971 0.03968156441972639
972 0.0400804942232655
973 0.04000317836079077
974 0.04028676025385362
975 0.04024197726919954
976 0.04051318121345553
977 0.04038069976343237
978 0.04066476591743329
979 0.04047245662796788
980 0.04073112886920105
981 0.04051322627759965
982 0.04073859006014558
983 0.04048542821737629
984 0.04068826571141638
985 0.04040434129341424
986 0.04057571574362853
987 0.04029110728327936
988 0.04034820726021544
989 0.04008845336417233
990 0.0401368403821013
991 0.03979316113064154
992 0.03986382394505099
993 0.03947841974407662
994 0.03952120721687948
995 0.03913909204261552
996 0.03907465335697956
997 0.0387121233374314
998 0.0386481917538525
999 0.03820078736578647
1000 0.03816252680172893
1001 0.03768161156247318
1002 0.03762082964688026
1003 0.03715003117366602
1004 0.03699001105728465
1005 0.03655255244878999
1006 0.03639725976407072
1007 0.03588963747938438
1008 0.03593450925935068
1009 0.03518862112431205
1010 0.03506481858871514
1011 0.03454679183084052
1012 0.03430597513350198
1013 0.03380828986191821
1014 0.03356200111953062
1015 0.03300951391926261
1016 0.03279960108664299
1017 0.03218314732659652
1018 0.03198986762194612
1019 0.03139681132342112
1020 0.03109940837833029
1021 0.03056338394977869
1022 0.0302728956008077
1023 0.02969671080443878
1024 0.02945581358954644
1025 0.02882598711628533
1026 0.02862494725454492
1027 0.0280314234944239
1028 0.02774138303319096
1029 0.02721029397779096
1030 0.02693468901102528
1031 0.02637132440625618
1032 0.02615260562960816
1033 0.02553485605808976
1034 0.02536650516218767
1035 0.02480306058140755
1036 0.02454628790269547
1037 0.02405024338376732
1038 0.02381407687248736
1039 0.02329557758350204
1040 0.02312125013085203
1041 0.02256441240338721
1042 0.02244537870209331
1043 0.02193985017474677
1044 0.02175264580310487
1045 0.02132872099760455
1046 0.02117148296502904
1047 0.02073754718727364
1048 0.02064830908688198
1049 0.02017577726020105
1050 0.02014633648599294
1051 0.01972826519187501
1052 0.0196350158085543
1053 0.01930619035465691
1054 0.01924570076227616
1055 0.01891072581942569
1056 0.01892575989993917
1057 0.0185651148198628
1058 0.01864919421772866
1059 0.01834768711523864
1060 0.0182531692639427
1061 0.01815574390787313
1062 0.01821793177394273
1063 0.01801003733662226
1064 0.0181417579125946
1065 0.01791257094210759
1066 0.01810917122905202
1067 0.01794332885164799
1068 0.01808026312913347
1069 0.01800225444702349
1070 0.01818056345490087
1071 0.01809119277059336
1072 0.01834239549382678
1073 0.01823510647235783
1074 0.01854011173909437
1075 0.0184888625575772
1076 0.0187270015011013
1077 0.0187574842586382
1078 0.01902877575307342
1079 0.01904243372274999
1080 0.01938326454213247
1081 0.01937323922350423
1082 0.01976399871598032
1083 0.01980877304756752
1084 0.02013743635679306
1085 0.02024565759951274
1086 0.02061936481039661
1087 0.02069518587302442
1088 0.02113696659115822
1089 0.0212150277881277
1090 0.02167758597459203
1091 0.02177263574798511
1092 0.02224856000492537
1093 0.02234864973555802
1094 0.02284766515871368
1095 0.02298873392518016
1096 0.02342192783442476
1097 0.02362987398834247
1098 0.02408975778178266
1099 0.0242596697251562
1100 0.02477704072614838
1101 0.0249250267318534
1102 0.02546991350111751
1103 0.02561274339668968
1104 0.02614362048168337
1105 0.02628413172718025
1106 0.02682795952986002
1107 0.02696462813703841
1108 0.02751171964459323
1109 0.02764559301310408
1110 0.02819405556091605
1111 0.02832299799943228
1112 0.02887426633054786
1113 0.0290290876268198
1114 0.02949481888381991
1115 0.0297071404559183
1116 0.03018132133301588
1117 0.0303413030747211
1118 0.03085811543356657
1119 0.03096978254164551
1120 0.03149801253871242
1121 0.03160114253077686
1122 0.03211110180560507
1123 0.03219001264260952
1124 0.03269784704109216
1125 0.03275685306843038
1126 0.03325396760070851
1127 0.03329596328036706
1128 0.03377978511543248
1129 0.03380333348900184
1130 0.03427589579302996
1131 0.0342815378600838
1132 0.03474149194850592
1133 0.03476160927755672
1134 0.03512026765745564
1135 0.03518942231082375
1136 0.03554490618677557
1137 0.03554866973092404
1138 0.0359347147784348
1139 0.03588713131010757
1140 0.03627184665371069
1141 0.03620907327150914
1142 0.03657041995258748
1143 0.03647953037948716
1144 0.03682309288314103
1145 0.03670295562075487
1146 0.03702342591287719
1147 0.03687941802108035
1148 0.03717863154317662
1149 0.03701342791717045
1150 0.03729413832871436
1151 0.03713998780440313
1152 0.03731631498836444
1153 0.03720189071322133
1154 0.03737356751646172
1155 0.03718652575004333
1156 0.03738568144189758
1157 0.03715839125356549
1158 0.03734008206317784
1159 0.03709850895369896
1160 0.03724983000813224
1161 0.03698492446786783
1162 0.03712168962390029
1163 0.03686520633729135
1164 0.03690571932104251
1165 0.03668286641379492
1166 0.0367275960296618
1167 0.03643614191417009
1168 0.03651081739083541
1169 0.03618888470147393
1170 0.03625275947233522
1171 0.03594082758679051
1172 0.03591065604373331
1173 0.03563267845496648
1174 0.03560632959020225
1175 0.03525695113494887
1176 0.03526491717708881
1177 0.03487717980110162
1178 0.03487071424176469
1179 0.0344973234964103
1180 0.03438924661431414
1181 0.03405074155172992
1182 0.03395416780745843
1183 0.03354450030942967
1184 0.03348647544424446
1185 0.03304249094505227
1186 0.03298116842856014
1187 0.03255425591728332
1188 0.03240582336280037
1189 0.03202433040436192
1190 0.03189171689023213
1191 0.03145622674924937
1192 0.03137338187567396
1193 0.0308990129379848
1194 0.03099871700653217
1195 0.03036158293487118
1196 0.0302024247203195
1197 0.02983848194592486
1198 0.02968400782032417
1199 0.02925539851076036
1200 0.02914682972019468
1201 0.02866333225195803
1202 0.02859356925715898
1203 0.02814648508418543
1204 0.0279842370038099
1205 0.02759796358536908
1206 0.02745533942660843
1207 0.02703071544717962
1208 0.02694486744871274
1209 0.02648073975161989
1210 0.02641655896588282
1211 0.02599752289083165
1212 0.02586277965133842
1213 0.025505817412826
1214 0.02539457539567571
1215 0.02501192300452423
1216 0.02496582727156025
1217 0.02455124182108132
1218 0.02455145431089056
1219 0.02418505479933283
1220 0.02410894544443101
1221 0.02381428764351676
1222 0.02376353474748798
1223 0.0233302691810564
1224 0.02345118073452749
1225 0.02310655774445536
1226 0.02317005650863732
1227 0.0228726111694499
1228 0.0228644509218238
1229 0.0226418486827609
1230 0.02266259891226931
1231 0.0224175582782887
1232 0.02250618896196812
1233 0.02223437333045518
1234 0.0223739309763578
1235 0.02215570915817314
1236 0.02222439880475296
1237 0.0220798882387222
1238 0.02217721657869139
1239 0.02200945500385404
1240 0.02217125821537874
1241 0.02197391455815582
1242 0.02218225876620662
1243 0.02203641789586931
1244 0.02217101131383401
1245 0.02209918280437143
1246 0.02226574640021635
1247 0.02216896522549301
1248 0.02240175505187073
1249 0.02228196581903663
1250 0.02255541529912807
1251 0.02248476699709909
1252 0.02268980155782957
1253 0.02268427587576966
1254 0.0229258283401739
1255 0.02288518789233547
1256 0.0231910924062296
1257 0.02314027898954733
1258 0.02347026836989821
1259 0.02345998426775337
1260 0.02372846424694403
1261 0.02377332915488965
1262 0.02408022931551664
1263 0.02408226671468961
1264 0.02444815675905268
1265 0.02444568935872404
1266 0.02482200493945364
1267 0.02482529712587171
1268 0.02521131099512777
1269 0.0252118366723399
1270 0.02561441541490993
1271 0.02564879690026842
1272 0.02597755821376075
1273 0.02607345114167726
1274 0.02642363993459781
1275 0.02648772809452017
1276 0.0268840337715722
1277 0.02690391772931452
1278 0.02732944239882599
1279 0.02735665169496704
1280 0.02777689471471717
1281 0.02779434950574131
1282 0.02822645536510734
1283 0.02824023408582616
1284 0.02867598727817123
1285 0.02871849295819074
1286 0.02906993889314068
1287 0.02916815599139615
1288 0.02953182344056667
1289 0.02958037275554087
1290 0.02998898518908056
1291 0.02999349732570862
1292 0.03041635401248915
1293 0.03041760849481555
1294 0.0308267059969687
1295 0.03081114275287229
1296 0.03122423316577922
1297 0.03119748196708385
1298 0.0316057830342819
1299 0.03157036357132238
1300 0.0319709117738446
1301 0.03192561972644006
1302 0.03232103820678101
1303 0.03229797477597597
1304 0.03259916595237574
1305 0.03263248051576084
1306 0.03293608331062559
1307 0.03291745494668391
1308 0.03326130103596034
1309 0.03318972638585137
1310 0.03353983321059498
1311 0.03345627521388561
1312 0.03377941008176464
1313 0.03367173579552348
1314 0.03398963766925397
1315 0.03386555338136148
1316 0.03417298186621748
1317 0.03406758785346745
1318 0.03427885562018018
1319 0.03421725067737253
1320 0.03443586871207596
1321 0.03430751655917579
1322 0.0345625159561898
1323 0.03440076284138639
1324 0.03464626776312862
1325 0.03447210798420967
1326 0.03470192190399383
1327 0.03450751967019626
1328 0.03473171998842885
1329 0.03452375688881528
1330 0.03473613578248833
1331 0.03454622070659395
1332 0.03466463660539935
1333 0.03451877331207115
1334 0.03464456828809535
1335 0.03443255105158293
1336 0.0345956878165064
1337 0.03434712371804487
1338 0.03450299828919866
1339 0.03427075712839699
1340 0.03433290497413036
1341 0.03413167198064897
1342 0.03420930654233391
1343 0.03393546804147747
1344 0.03404877145095489
1345 0.03375363605134944
1346 0.03384879803936876
1347 0.03353870282439295
1348 0.0336250860132063
1349 0.0333278241263
1350 0.03332994099848092
1351 0.03307907237645775
1352 0.03309333652917586
1353 0.03278158598200062
1354 0.03283871244321259
1355 0.0324954527657244
1356 0.03255225664339664
1357 0.03223165930266054
1358 0.03219628225539745
1359 0.03191965043367359
1360 0.0318974464985951
1361 0.03156312977418584
1362 0.03158411303586768
1363 0.0312133014589321
1364 0.03123905549929335
1365 0.03089134520241717
1366 0.03082343106149145
1367 0.03052160912458677
1368 0.03046736118810729
1369 0.03011326235287645
1370 0.03010838608018189
1371 0.02972140603900603
1372 0.02973558246423417
1373 0.02938265356105048
1374 0.02930910943066996
1375 0.02901959642294373
1376 0.02896421629583536
1377 0.02863487174285249
1378 0.0286343661064418
1379 0.02826333718693685
1380 0.0282940975960339
1381 0.02796015667685534
1382 0.02789954649771015
1383 0.02762944820906658
1384 0.02758836634876042
1385 0.02727825149128999
1386 0.02728326068560118
1387 0.02694209950518583
1388 0.02699229248697971
1389 0.02668525020323951
1390 0.02665141700471902
1391 0.02640865693494627
1392 0.02640094136707881
1393 0.0261212488968121
1394 0.02617438160081518
1395 0.02586456249320545
1396 0.02595181378452012
1397 0.02568405657147692
1398 0.02569095165021079
1399 0.02548973295884681
1400 0.02552319865680391
1401 0.02528576654678587
1402 0.0253800005296635
1403 0.02511279099352519
1404 0.0252420059550424
1405 0.02501726149519707
1406 0.02506875661260828
1407 0.02491184535070281
1408 0.02499258407333343
1409 0.02480058950274462
1410 0.02494337161139377
1411 0.02472637526380869
1412 0.0249020303370827
1413 0.02472734210125966
1414 0.02483081072021555
1415 0.024718740955367
1416 0.02485364122030732
1417 0.0247041817182478
1418 0.0249002342686435
1419 0.02473298531834119
1420 0.02495418671302608
1421 0.02482727821057382
1422 0.02498014473262823
1423 0.02491161710278387
1424 0.02509581316210284
1425 0.02498647655041395
1426 0.02522993988602655
1427 0.02510517382173149
1428 0.02536850527409019
1429 0.02528150354126889
1430 0.02547693762328317
1431 0.02544607727660436
1432 0.02567404132882371
1433 0.02560100633033577
1434 0.02588692882704349
1435 0.02579851249857025
1436 0.02609966452676407
1437 0.02604461039220415
1438 0.02627524001246318
1439 0.0262703483288077
1440 0.02653315092137475
1441 0.02648012072048994
1442 0.02679708155156039
1443 0.02673155061886547
1444 0.02705675322526312
1445 0.02699427194922692
1446 0.02733425226082807
1447 0.02725809370227907
1448 0.02759981109278438
1449 0.02756258531731483
1450 0.02782876985444183
1451 0.027851212960049
1452 0.02813611290017063
1453 0.02811277259847123
1454 0.02844738437796459
1455 0.02838894267341936
1456 0.02873997625990802
1457 0.02868395368844447
1458 0.02902604818231418
1459 0.02895891764271052
1460 0.02930991389724726
1461 0.02926988310404137
1462 0.0295394417468697
1463 0.02955522656341084
1464 0.02984026743965386
1465 0.0298061941627909
1466 0.03013836782576955
1467 0.03007017768085202
1468 0.03041374960398384
1469 0.03034481633782623
1470 0.03067832466006179
1471 0.03059624889444545
1472 0.03093444332378982
1473 0.03084530074092776
1474 0.03117991376778895
1475 0.03111620657797905
1476 0.03136000727172174
1477 0.0313506997114546
1478 0.0316019712155674
1479 0.0315400378220861
1480 0.03183267789121572
1481 0.0317247438694435
1482 0.0320274078419266
1483 0.03191549635609848
1484 0.03220151327595656
1485 0.03207308507374967
1486 0.03235939004410775
1487 0.03222021956541065
1488 0.03249990748171212
1489 0.03238368823413564
1490 0.03257122214060024
1491 0.0325044710573095
1492 0.03270144799893587
1493 0.03257591315781409
1494 0.0328152852772083
1495 0.03265464054519684
1496 0.0328974004580395
1497 0.03273087108271635
1498 0.0329604884559395
1499 0.03277679985014936
1500 0.03300487244092166
1501 0.03280894611649238
1502 0.03302825957790084
1503 0.0328525541327091
1504 0.0329790546882372
1505 0.03285059222978016
1506 0.03298578575855186
1507 0.03279673136116683
1508 0.03297339880821273
1509 0.03274646738747772
1510 0.0329259110724986
1511 0.03272137551935963
1512 0.03281053829352643
1513 0.0326408965114951
1514 0.03275047670208953
1515 0.03251246322416377
1516 0.03266311420501146
1517 0.03240767404289939
1518 0.0325456409393395
1519 0.03227925915080463
1520 0.03241237978166482
1521 0.03213030130723223
1522 0.03226333111897883
1523 0.03200355281156014
1524 0.03204468222403639
1525 0.0318370846100693
1526 0.03188725061202092
1527 0.03162559830151561
1528 0.0317203754141056
1529 0.03141649542246137
1530 0.03152467456054504
1531 0.03124952663188693
1532 0.03126425263057579
1533 0.03103591258861726
1534 0.03106957920675061
1535 0.03078680319460471
1536 0.03086750057879177
1537 0.03055375330104087
1538 0.03064226083315178
1539 0.03035569667517387
1540 0.03035830795828171
1541 0.03011884843922443
1542 0.03014143933594994
1543 0.0298484774614294
1544 0.02991952683605778
1545 0.02959933702605064
1546 0.02967934429396971
1547 0.02938789593608378
1548 0.02938358733402143
1549 0.0291453546782178
1550 0.02916017430159189
1551 0.02887453537435809
1552 0.02894182180079172
1553 0.02862631383826838
1554 0.0287130318521886
1555 0.02843151291268816
1556 0.0284327679048572
1557 0.02821245876173246
1558 0.02823308225387813
1559 0.02797131266879682
1560 0.02804708104581878
1561 0.02774833137257058
1562 0.0278525098559367
1563 0.02758064333335054
1564 0.02760538432424444
1565 0.02740718005450122
1566 0.02744787601457927
1567 0.02720751445946783
1568 0.02730434405170104
1569 0.02703137180958843
1570 0.0271562858037852
1571 0.02692135186308985
1572 0.02696670184171532
1573 0.02679100029730827
1574 0.02686361483490759
1575 0.02664631080293317
1576 0.02677671858630415
1577 0.02653533820575563
1578 0.02668841804286523
1579 0.02648363226377148
1580 0.02656153247984427
1581 0.02641398111922818
1582 0.0265187703666609
1583 0.02632970917002452
1584 0.02649240610007214
1585 0.02628178376729109
1586 0.02646677634023169
1587 0.02629401589942499
1588 0.02640499705364377
1589 0.02629109097082792
1590 0.02642932429244483
1591 0.02627487700175106
1592 0.02647068376853272
1593 0.02629271731548568
1594 0.0265107956417826
1595 0.02636988906872828
1596 0.02651366065996341
1597 0.02642869785919687
1598 0.02660134361621395
1599 0.0264742072683891
1600 0.02670333496925516
1601 0.02655567000002295
1602 0.02680272573899469
1603 0.02669039025604021
1604 0.02686400627151279
1605 0.02680291778493589
1606 0.02700709916725761
1607 0.02689882282579503
1608 0.02715703911983137
1609 0.02703355389554585
1610 0.02730182633202075
1611 0.02718268494204942
1612 0.0274636424303444
1613 0.02733131129644905
1614 0.02761375252086713
1615 0.02751129402935297
1616 0.02773500652950789
1617 0.0276974709527409
1618 0.02792122953660772
1619 0.02784585542527141
1620 0.02812313163409539
1621 0.02801452786533939
1622 0.02831308021911958
1623 0.02823912567780302
1624 0.02845598332940551
1625 0.02842819728344126
1626 0.02867477755201125
1627 0.02859330486665655
1628 0.02888908945647672
1629 0.02879536278542005
1630 0.02909085284286835
1631 0.02899390729490892
1632 0.02929135117474986
1633 0.02918444724720236
1634 0.02948972892734033
1635 0.02941061454606648
1636 0.02963369651672472
1637 0.0296078367879053
1638 0.02984786170824686
1639 0.02977015477067226
1640 0.03005711866811648
1641 0.02994909203980588
1642 0.03024491370850329
1643 0.03013608844947913
1644 0.03042399762000812
1645 0.03030335427779647
1646 0.03059676713473024
1647 0.03050152638211707
1648 0.03070999706837116
1649 0.03066736947112851
1650 0.03088975002034305
1651 0.03079249015661842
1652 0.0310598522089894
1653 0.03093047942542364
1654 0.03120447661401878
1655 0.03107249430396645
1656 0.03133694620596156
1657 0.03119141897387251
1658 0.03145898825424553
1659 0.0313360667510164
1660 0.0315175832257918
1661 0.03144335369610875
1662 0.03163842759989927
1663 0.03150477094539837
1664 0.03174418079592961
1665 0.0315811773137412
1666 0.0318202668083889
1667 0.0316505858568847
1668 0.0318804698563371
1669 0.03169644375637558
1670 0.03192759648769977
1671 0.03176631365076477
1672 0.03191012998865964
1673 0.03179769126003034
1674 0.03195560072041062
1675 0.03178317028905455
1676 0.03198487125550173
1677 0.03178289497209232
1678 0.03198463471285617
1679 0.03177730174710936
1680 0.03196872524992147
1681 0.03174665016256516
1682 0.03193916215458349
1683 0.03173877056841687
1684 0.03184226124942025
1685 0.03169210243623955
1686 0.03180674986125463
1687 0.03159921388755411
1688 0.03175815928430152
1689 0.03151494378295187
1690 0.03168058472630837
1691 0.03146332801182907
1692 0.03153956564567918
1693 0.03136406287908287
1694 0.03146110331199648
1695 0.03122533984287251
1696 0.03136718510110548
1697 0.03110845266080016
1698 0.03124824162461841
1699 0.0310125245172407
1700 0.03106942757902373
1701 0.03087577156593147
1702 0.03095407966098447
1703 0.03070172853795916
1704 0.03082543857871388
1705 0.03054998032401658
1706 0.03067421257382516
1707 0.0304239797870079
1708 0.03046460050651269
1709 0.03026041633373028
1710 0.03032146577485992
1711 0.03006270268020375
1712 0.03017161278566596
1713 0.02988781261450206
1714 0.03000330655980388
1715 0.02974724698107831
1716 0.02978021305722556
1717 0.02957423895417742
1718 0.02962746861548708
1719 0.02937195606695183
1720 0.02947504583827918
1721 0.02919007025650455
1722 0.02930692548397855
1723 0.02905335469661732
1724 0.02908607116550877
1725 0.02888642435116625
1726 0.02893968388706309
1727 0.02869451179060501
1728 0.02880008591109617
1729 0.02852317803043793
1730 0.02864866554540308
1731 0.02840581222903452
1732 0.02844703331790549
1733 0.02826025456039832
1734 0.02832299861955489
1735 0.02809206350740438
1736 0.02820826370835499
1737 0.02794603974993581
1738 0.02807469759091433
1739 0.027855280022042
1740 0.02792371003676844
1741 0.02774576175264964
1742 0.02781518579705946
1743 0.02760803623514967
1744 0.02774575295876141
1745 0.02750481374836606
1746 0.02766143693382453
1747 0.02745528873907725
1748 0.02753354318040754
1749 0.02738249465915733
1750 0.02748672825981038
1751 0.02729170127297416
1752 0.02745131217265002
1753 0.02723271917673934
1754 0.02741100759887163
1755 0.02722766526228652
1756 0.0273299389664688
1757 0.02720140242093262
1758 0.02733071405891357
1759 0.02715821639534849
1760 0.02734296754694605
1761 0.02714862083272358
1762 0.0273507099299901
1763 0.02719124681742566
1764 0.02731816188442504
1765 0.02721215214138187
1766 0.02736675894036111
1767 0.02721591853086227
1768 0.02742514388689535
1769 0.0272536864228668
1770 0.02747798775647997
1771 0.0273503501879434
1772 0.02749169689322023
1773 0.0273939735559426
1774 0.02757850814114728
1775 0.02744783892949275
1776 0.02768922547687741
1777 0.0275304700223416
1778 0.027771531589375
1779 0.02765255432439822
1780 0.0278210835619526
1781 0.02775145059684785
1782 0.02794975978847641
1783 0.02783034389289381
1784 0.02808056624646495
1785 0.02794711309811631
1786 0.02820319459574542
1787 0.02807190736862697
1788 0.02832991840268921
1789 0.02819193972963243
1790 0.02846136039347535
1791 0.02835429023809805
1792 0.02854440228863945
1793 0.028495605296094
1794 0.02870419206806762
1795 0.02860880866598331
1796 0.02886782752146263
1797 0.02874101377142502
1798 0.02901576756288574
1799 0.02892074310983456
1800 0.02911382797980016
1801 0.0290625557351316
1802 0.02928466903125579
1803 0.0291768413290553
1804 0.02944690073818686
1805 0.02932830455016749
1806 0.02959522734841416
1807 0.0294721426709322
1808 0.02974155427191212
1809 0.02960867024273009
1810 0.02988508565869427
1811 0.02977971036849919
1812 0.02997384109549533
1813 0.02992082389784766
1814 0.03013263139770862
1815 0.03002595919562016
1816 0.03028478385140498
1817 0.03014959294440446
1818 0.03041504605237452
1819 0.03027805887453254
1820 0.0305361381490991
1821 0.03038708494445361
1822 0.03065026807765095
1823 0.03052617419937044
1824 0.03070473828018526
1825 0.03063291419321143
1826 0.0308259452228407
1827 0.03069923343148315
1828 0.03093838299842019
1829 0.03078071752047092
1830 0.03102583743078558
1831 0.03086526379875649
1832 0.03110173724771591
1833 0.03092837906426994
1834 0.03116840945754934
1835 0.03101897520714374
1836 0.03117296014462094
1837 0.03107477262412232
1838 0.03124189503940139
1839 0.03108744764114683
1840 0.03129979047076339
1841 0.03111292279603717
1842 0.0313305437841928
1843 0.03114072834760478
1844 0.03134804503437653
1845 0.03114498541468009
1846 0.03135544105407493
1847 0.03117584902384476
1848 0.03129968475571242
1849 0.0311723193973504
1850 0.03130816222071819
1851 0.03112574704688117
1852 0.03130695142251379
1853 0.03108914025796341
1854 0.03127816825474054
1855 0.03108657708910952
1856 0.03118742030769857
1857 0.03103679487202548
1858 0.03115995311281242
1859 0.03094888090767823
1860 0.03111652123314132
1861 0.03088444433977614
1862 0.03104947587751583
1863 0.03084109092931931
1864 0.03092457133018159
1865 0.03075758377050053
1866 0.03086416309941345
1867 0.03063759193409938
1868 0.03078948525994642
1869 0.03054264689790567
1870 0.03069295438612461
1871 0.03047059905419225
1872 0.03053948263913775
1873 0.0303611356113816
1874 0.03045218637056152
1875 0.0302173007403005
1876 0.03035517844688653
1877 0.03009728254528056
1878 0.03023849956779598
1879 0.03000771385848083
1880 0.0300668314326682
1881 0.02988327114440809
1882 0.02996346106644802
1883 0.02972743856263905
1884 0.02985612932437213
1885 0.02959357106395737
1886 0.02973134962026019
1887 0.0294982809352749
1888 0.02955354008260589
1889 0.02936989787872794
1890 0.02944697269414584
1891 0.02921349334812264
1892 0.02934077488271208
1893 0.02908013140956921
1894 0.02921977923119687
1895 0.02899028418330328
1896 0.02904816179294426
1897 0.02886997450753665
1898 0.02895044289015877
1899 0.02872444457280392
1900 0.02885663044419211
1901 0.02860377931526126
1902 0.02875085558365203
1903 0.02853060289880867
1904 0.02859696875439688
1905 0.02842938812311176
1906 0.02851942023772983
1907 0.02830543770557396
1908 0.02844827059382729
1909 0.02820827402418519
1910 0.02836724689357378
1911 0.02816078388051877
1912 0.02824041506879879
1913 0.02808700408364292
1914 0.02819147032914538
1915 0.02799215297495629
1916 0.028150067969055
1917 0.02792645783938734
1918 0.02809074712894934
1919 0.02790842806375927
1920 0.02801617693841401
1921 0.02787191684474047
1922 0.02799219841264507
1923 0.02780884186589247
1924 0.02797503498258007
1925 0.02777731809195675
1926 0.02797976902053823
1927 0.0278010822593041
1928 0.02791333673826283
1929 0.02779341249940134
1930 0.02792490121670256
1931 0.02776625386521776
1932 0.0279725878841134
1933 0.02777880038382925
1934 0.02798455207986602
1935 0.02783050666460911
1936 0.02796222793847198
1937 0.02785939773839488
1938 0.02801872528414662
1939 0.02786829667830458
1940 0.02808041651773513
1941 0.02791074816036292
1942 0.02813391230462266
1943 0.02799613092784061
1944 0.02814381378292847
1945 0.0280552643951001
1946 0.02823085713462391
1947 0.02809303910499951
1948 0.02832044177032569
1949 0.02816482218859558
1950 0.02840043416133691
1951 0.02827508626943607
1952 0.02843574417821021
1953 0.0283575757458008
1954 0.02854691754130066
1955 0.02841691548595284
1956 0.02865688064606578
1957 0.02851219349527866
1958 0.02875614750544138
1959 0.02861213516864848
1960 0.0288572933089281
1961 0.02870558659957744
1962 0.02896115873418924
1963 0.02883966862205137
1964 0.02901472431117849
1965 0.02895126013367118
1966 0.0291439155368728
1967 0.02903334028285372
1968 0.02927589274303329
1969 0.02913215267945116
1970 0.02939073559319847
1971 0.02927869438138417
1972 0.02945363573795024
1973 0.02938517592045972
1974 0.02958755877301154
1975 0.02946238316337249
1976 0.02971221672617358
1977 0.02957295472825579
1978 0.02982073639757482
1979 0.02967727378980173
1980 0.02992560900796997
1981 0.0297715935391139
1982 0.03002685547675759
1983 0.02990021145997611
1984 0.03007225747887107
1985 0.02999912196287502
1986 0.03018744278930092
1987 0.03006215248821902
1988 0.03029764394020319
1989 0.03014057356488908
1990 0.03038575336530396
1991 0.0302287659267858
1992 0.03046493328409565
1993 0.03029623428087517
1994 0.03053829911064579
1995 0.03039509099760127
1996 0.03055253666493897
1997 0.03046319214396115
1998 0.03063441790098467
1999 0.03049203703282782
2000 0.03070995930942162
