"cd-rfile"
"Iteration" "cd"
("Iteration" "cd")
1 0.06797623607083102
2 0.08433677530284113
3 0.1049663938560417
4 0.1234164041002349
5 0.1372536315898142
6 0.1462835270045856
7 0.1528764987785855
8 0.1559185609354697
9 0.1544586408284714
10 0.1492349045947656
11 0.1408674228804725
12 0.130013878086092
13 0.1174360231302203
14 0.1044474738915374
15 0.09178849003146561
16 0.08098645944327131
17 0.0722730486621162
18 0.06649491456953416
19 0.06330807933692614
20 0.06297747560588048
21 0.06478152332411542
22 0.0684138670551446
23 0.07336802547388678
24 0.07914032692527342
25 0.08532575617721089
26 0.09149845459132064
27 0.09734033311140874
28 0.1025424513099858
29 0.107036596040643
30 0.1106471667032724
31 0.1133398959365142
32 0.1151576422084809
33 0.1160770682945373
34 0.1161431748807334
35 0.1154865306678028
36 0.1141817872505744
37 0.1122516749590127
38 0.1099709595056399
39 0.1071056132970906
40 0.1042054734837362
41 0.10089453411324
42 0.09777388260818813
43 0.09436859002249712
44 0.09131453648962637
45 0.08806886005817427
46 0.08524504780022452
47 0.08228559788993914
48 0.07975309415039837
49 0.07713528504863799
50 0.07482044478283392
51 0.07251573134380272
52 0.07042206747565893
53 0.06831030909612652
54 0.0664602329183888
55 0.06450184891344468
56 0.06273017306297375
57 0.0609572336027473
58 0.05930888396460496
59 0.05766716813374924
60 0.05606766804643393
61 0.05457385439145
62 0.05302813268800199
63 0.05169008494888939
64 0.05028914705183793
65 0.04901510162651272
66 0.04776293226125915
67 0.04663258664551184
68 0.04552488933982039
69 0.04458066598128282
70 0.04354784891613104
71 0.04276125379187017
72 0.0418908040882498
73 0.04117997978480958
74 0.04043199687210687
75 0.03973384433434871
76 0.03913570067372742
77 0.03851795654560293
78 0.03798581418188127
79 0.03750499834684603
80 0.03696680333213537
81 0.03656119217952949
82 0.03603941467675707
83 0.03570210405038542
84 0.03525956538138338
85 0.03485470973008087
86 0.03442629080095644
87 0.03403938081520639
88 0.03361734141250598
89 0.03325944184101874
90 0.03275314849368263
91 0.03239795511828693
92 0.03187016741591685
93 0.03152979666183699
94 0.03101412342002006
95 0.03062713394373555
96 0.03012691926585357
97 0.02979401955169945
98 0.02936775425275952
99 0.02913903029643887
100 0.02873856122387177
101 0.0286401468138179
102 0.02836465941937385
103 0.02842769897969242
104 0.0283319966366495
105 0.02850871889933377
106 0.02857344782536088
107 0.028842909981018
108 0.02901835316937407
109 0.02941023137800937
110 0.02962823664568955
111 0.03011433740003689
112 0.03039195326980533
113 0.03096717211197131
114 0.03129511148927643
115 0.03194661578933324
116 0.03238450578317999
117 0.03303819763428904
118 0.03355623758981134
119 0.0342959175505272
120 0.03483244841569318
121 0.03560672856597281
122 0.0360623744722294
123 0.03690623654467698
124 0.03744861968966171
125 0.03821427605755487
126 0.03868604108712609
127 0.03942459950753992
128 0.03988572385393369
129 0.04054186443214509
130 0.04094877241517961
131 0.04158676013034284
132 0.04190461818950845
133 0.04248267012122315
134 0.04275312948380997
135 0.04321540370155827
136 0.04340977074565227
137 0.04382987480182584
138 0.04393598806014112
139 0.04427445333244214
140 0.04431318874517124
141 0.0445554027672754
142 0.04450138474008446
143 0.04467784895349195
144 0.04453593894708114
145 0.04464029963230168
146 0.04441883111581627
147 0.04443966768947005
148 0.04415024337326441
149 0.04413117871397034
150 0.04373218736337953
151 0.04369130168754347
152 0.0432092998723463
153 0.04312846866618842
154 0.04262087241916723
155 0.04245684426490006
156 0.04193372880984088
157 0.04171047838906281
158 0.04116676813840783
159 0.04092736130016255
160 0.04031852111501938
161 0.04025946857295725
162 0.0393879044269369
163 0.03918488182139145
164 0.03852180402041126
165 0.03827208689888571
166 0.0376147473668516
167 0.03732032868501683
168 0.03667810920035592
169 0.03637309841975138
170 0.03576382364436455
171 0.03546589011253956
172 0.03488048305130399
173 0.03462907354534484
174 0.03405725806587683
175 0.03385652003591873
176 0.03330990328103921
177 0.03317604393150128
178 0.03268145112826234
179 0.03260310196453603
180 0.0321837485330247
181 0.0321502020222544
182 0.03179308340494166
183 0.03183156112589313
184 0.03152703458660025
185 0.03162220265369833
186 0.0313758249197149
187 0.03152339557290203
188 0.03133208066093029
189 0.03152712062753717
190 0.0313837995741198
191 0.03161856551279071
192 0.03151339046924985
193 0.03177918496056444
194 0.0317032001226188
195 0.03199132661140724
196 0.0319353981996672
197 0.03223717954648462
198 0.03219009914397668
199 0.03237943321803346
200 0.03244188495555404
201 0.03274794886825405
202 0.032695667986942
203 0.03298912648026452
204 0.0329243298621915
205 0.03320529112934768
206 0.03312221049041787
207 0.03338332745189215
208 0.03327662375742391
209 0.033512915796396
210 0.03338518513738477
211 0.03360384187134879
212 0.0334577785077287
213 0.03365954289996145
214 0.03349874478780477
215 0.03368917810059984
216 0.03351716031113971
217 0.03369798588176428
218 0.03351807633652609
219 0.03369199949224518
220 0.03350425236198424
221 0.03367342968247484
222 0.03348210750887768
223 0.03364968188876807
224 0.03345918750604208
225 0.03362922623269431
226 0.03344042738400822
227 0.03361807978795485
228 0.03343768559625584
229 0.03362676622785492
230 0.03346143358196267
231 0.03366467053045352
232 0.03350910318156831
233 0.03372224997734773
234 0.03357537856232044
235 0.03379936887060784
236 0.03366262026101431
237 0.03389349732371209
238 0.03376034528660946
239 0.03399542940407881
240 0.03386436333854494
241 0.03410223514400912
242 0.03397469036169779
243 0.03421290225300321
244 0.03408854449249449
245 0.03431844237527783
246 0.03419145173203288
247 0.03442981278507114
248 0.03429728080420668
249 0.03453132138584524
250 0.03439751970604223
251 0.03461338035191965
252 0.03446818537290357
253 0.03470879623171112
254 0.03451418437460602
255 0.03473464579680458
256 0.0345421002346716
257 0.03473021429441146
258 0.03452718157295313
259 0.03469439330318368
260 0.03447388393296186
261 0.03460639347713124
262 0.03438891436426127
263 0.03448370161576997
264 0.03423542067820148
265 0.03433572296983529
266 0.03405764644388685
267 0.03413244281957854
268 0.03383940745065817
269 0.03390403840052595
270 0.03359708613477298
271 0.03364192314332328
272 0.03332631429075819
273 0.0333595368566343
274 0.03302818716892553
275 0.03306259814534138
276 0.03272043072532008
277 0.03274651493329528
278 0.03239904140113814
279 0.03241642074397415
280 0.03209182733390043
281 0.0320947128712573
282 0.03176012021931175
283 0.03178395129133975
284 0.03143511491185138
285 0.03145152182481149
286 0.03112487291864346
287 0.0311275480508225
288 0.03079515572246958
289 0.03081845000312183
290 0.03047444354463927
291 0.03049557336791062
292 0.03017688108297656
293 0.03018891306410998
294 0.02987105110518594
295 0.02991579688358855
296 0.0295938933317217
297 0.02964033326706421
298 0.02935533674238265
299 0.02940026710134246
300 0.02911785064630984
301 0.02919786787875851
302 0.02891242690419316
303 0.02899017746983849
304 0.02873984636874738
305 0.02881201255129918
306 0.02855440600497792
307 0.02865711452338768
308 0.02839366129980797
309 0.02848848421041635
310 0.02825956401906353
311 0.02835318834664145
312 0.02812066881827663
313 0.02825369074847702
314 0.02802759151275426
315 0.02816001046974174
316 0.02797702819107169
317 0.02811682974178237
318 0.02793247088467036
319 0.0281152497570678
320 0.02793648037105883
321 0.02811246060520812
322 0.02797325966809762
323 0.02815068068105459
324 0.02800941729371764
325 0.0282303190919648
326 0.02809021874215427
327 0.02830827540670309
328 0.02821234012281635
329 0.02843628168944344
330 0.02834429756420311
331 0.02861620116084742
332 0.02852429208027374
333 0.02879944279083421
334 0.02875496379384149
335 0.02902897445964052
336 0.02899794829213454
337 0.02931383994806845
338 0.02927221059576146
339 0.02958459401644474
340 0.02959291909100328
341 0.0299167785937993
342 0.02992080690431825
343 0.03026381669597365
344 0.03029311944320271
345 0.03065191968426353
346 0.03067190279725346
347 0.03103878273544016
348 0.03107330750576538
349 0.03143859064266263
350 0.03147473457446178
351 0.0318421879447521
352 0.0318722314886927
353 0.03222861770592002
354 0.03225432350510309
355 0.03261352112154692
356 0.03264071582069018
357 0.03299579131688839
358 0.03301451646891843
359 0.03336507695832272
360 0.03338266970766425
361 0.03373214006917077
362 0.03373896196703865
363 0.03407504285329534
364 0.0340609485238887
365 0.03438914039892561
366 0.03435894681604795
367 0.03466691410122424
368 0.03461551773266093
369 0.03489428480704689
370 0.03482424819850628
371 0.03509152035074633
372 0.03499824165031122
373 0.03524726161947476
374 0.03513187457205148
375 0.03535860283780189
376 0.03523311315804223
377 0.03544816945877107
378 0.03529829039083833
379 0.03549489629624895
380 0.03532040851625304
381 0.03549714238952764
382 0.03530669066967287
383 0.03546019932946406
384 0.03523661554891898
385 0.03536691025695336
386 0.03510947519906937
387 0.03522060255502864
388 0.03494446013937007
389 0.03502578374174097
390 0.03472232046804376
391 0.03477671705206813
392 0.03445311910188877
393 0.03449495439968018
394 0.03415764667204587
395 0.03417009025844409
396 0.0338185765343892
397 0.03382799818659663
398 0.03344066766292168
399 0.03342702125904106
400 0.03304472667394057
401 0.03299853756553
402 0.0325729278271454
403 0.03253450627462218
404 0.0320801494863493
405 0.03200216818829203
406 0.03155338500802657
407 0.0314578819899719
408 0.03096093260083084
409 0.03087741164452986
410 0.030371483891961
411 0.0302533496873256
412 0.02977266083432685
413 0.0296407237240344
414 0.02913079599445311
415 0.02903565608312828
416 0.02850994545121477
417 0.02838761338800007
418 0.02789813006883638
419 0.027765073354603
420 0.0272513203383676
421 0.02715467812714081
422 0.02662779871250679
423 0.02668687170264596
424 0.02597409554300275
425 0.02586006531496289
426 0.02536211309308781
427 0.02525932010045236
428 0.02473028327059554
429 0.02461085167573949
430 0.02401699076970356
431 0.02401855804983956
432 0.02354194423949431
433 0.02348593984284775
434 0.02301500491295483
435 0.02294964378656635
436 0.02253737274297715
437 0.02247265409127663
438 0.02204880664823304
439 0.02204125062604031
440 0.02162121641955078
441 0.02160637055280506
442 0.02125170267340179
443 0.02124282670526462
444 0.02088119122671631
445 0.0209347282117504
446 0.02058187159095644
447 0.02063547785835265
448 0.02036143127129818
449 0.0204318198447362
450 0.0201591056524021
451 0.02030943355413002
452 0.02006106451207294
453 0.02021383217246911
454 0.02004006919278222
455 0.02021123902621223
456 0.02003726140867411
457 0.02028219776124617
458 0.02012215626663105
459 0.02035454269744472
460 0.02026396803472724
461 0.02051486093828376
462 0.02041443858917258
463 0.02073703052128987
464 0.02066035314735971
465 0.02098159003896727
466 0.02098876779952624
467 0.02133085925680915
468 0.02132851111222198
469 0.0217528681149634
470 0.02176586658592496
471 0.02217964406452118
472 0.02226785606522814
473 0.02268777682618825
474 0.02276823502548965
475 0.02326264632568905
476 0.02334128392052233
477 0.0238297170917555
478 0.02398376187502262
479 0.02446182839602603
480 0.02461292487142314
481 0.02515941263485132
482 0.02529177912269638
483 0.0258356051970283
484 0.0260331774347565
485 0.02655851805522574
486 0.02673947294320759
487 0.02731312151979816
488 0.02748541605268013
489 0.02806636501126988
490 0.0282540415947638
491 0.02882200088448662
492 0.02903991517923328
493 0.02959152397713479
494 0.02982923012156928
495 0.03039059494141469
496 0.03058614926965261
497 0.03114975218034297
498 0.03135411155494942
499 0.03191050445293226
500 0.03209392473207107
501 0.03264908062004623
502 0.03282883982078984
503 0.03337275573430235
504 0.03353727199111455
505 0.03407340158654647
506 0.03422867907267446
507 0.03474793972486185
508 0.0348881841940982
509 0.03538797264168941
510 0.03551584630456692
511 0.03600080446967716
512 0.03610687160671053
513 0.03657451181761021
514 0.03666183798392759
515 0.03710493597233815
516 0.03716343031249027
517 0.03757339115712029
518 0.03760224356232189
519 0.03798872330899501
520 0.0379875923895986
521 0.03834437269502475
522 0.03831265080429601
523 0.03863753044326632
524 0.03857690388046637
525 0.03887047364363545
526 0.03875980507247072
527 0.03903356539955789
528 0.03890512888775276
529 0.03913137949148644
530 0.03897205308685651
531 0.0391660599601498
532 0.03897522164441594
533 0.03914301746211822
534 0.03892319674950526
535 0.03906146810936356
536 0.03880701113668451
537 0.03891768997887971
538 0.0386202312504879
539 0.0386876077568768
540 0.03836233166169726
541 0.03839377812806523
542 0.03803325438219185
543 0.03802856535488862
544 0.037637181157377
545 0.03760189183790282
546 0.03717247384670942
547 0.03711090633400402
548 0.03665465858138986
549 0.03657249862447225
550 0.03609234040268125
551 0.03598656198315556
552 0.03547300107798302
553 0.03534130375642636
554 0.03480103275438157
555 0.03463767724879856
556 0.03406498093248701
557 0.03387361605178109
558 0.03326420291902561
559 0.03304962516338274
560 0.03241168210626887
561 0.03217285074173164
562 0.03150715653581797
563 0.03124158522931816
564 0.0305489032648037
565 0.03026124696935022
566 0.02956220992860505
567 0.02926928866348347
568 0.02874403502651479
569 0.02820806850626225
570 0.02752063988036338
571 0.02722038836834823
572 0.02651286867497057
573 0.02617156189775519
574 0.02544765026173559
575 0.0251053235308309
576 0.02440081444657474
577 0.02404956622610449
578 0.02332730338934831
579 0.02300964902001199
580 0.02226816819881666
581 0.02194960841828198
582 0.02126434010642479
583 0.0209395041356874
584 0.02020642940441091
585 0.01996436818606737
586 0.01923727207583071
587 0.01895599073518156
588 0.01831259640721664
589 0.01803073533272858
590 0.01737405162403618
591 0.01719010729387935
592 0.01654081450424767
593 0.01634358624016952
594 0.01566574676566675
595 0.01559780926069734
596 0.0150529323317412
597 0.01497329794537586
598 0.01443192735924685
599 0.01434756542515899
600 0.01391578765406109
601 0.01383642142634459
602 0.01340205748454932
603 0.01343702883308505
604 0.01300956002801281
605 0.01304842730649645
606 0.01273885463410711
607 0.01277501366407627
608 0.01247868372787327
609 0.01263688242306686
610 0.01233455790012222
611 0.01251851609992549
612 0.01233930152053486
613 0.01251098029425112
614 0.0123656377935358
615 0.01265717722820506
616 0.01251304791427577
617 0.01282511089792781
618 0.01279188088159444
619 0.01310699071574094
620 0.01311224957118002
621 0.01346505552335889
622 0.01352482383454956
623 0.01391287619650005
624 0.01396647738480086
625 0.01443366594175283
626 0.01449318890636428
627 0.01496155636416613
628 0.01512143441292908
629 0.0155931813014798
630 0.01573006867022793
631 0.01631875235183862
632 0.01646367518904143
633 0.01704525218023294
634 0.01726058999796972
635 0.01784673620933497
636 0.01810053171852687
637 0.01871210029255991
638 0.0189924241527864
639 0.0196339132681237
640 0.01992573232245663
641 0.02059516188006778
642 0.02089258692625463
643 0.02158004793815198
644 0.02190058837478941
645 0.02257499730867844
646 0.02291235055763165
647 0.02359420380160311
648 0.02393467423075662
649 0.02462347077197569
650 0.02496469644129212
651 0.02566028635442092
652 0.02600962350472103
653 0.02671146726280992
654 0.0270616178641259
655 0.0277681943797767
656 0.02811606506594925
657 0.02882186813443166
658 0.02916071577252511
659 0.0298634861026466
660 0.03019342770734108
661 0.03088939524141401
662 0.03120416593876635
663 0.03188650735334464
664 0.03218827930323159
665 0.03285549942380991
666 0.03313752551656721
667 0.03377691512421345
668 0.0340428410608672
669 0.03466953068880381
670 0.03492270783671033
671 0.03552545646209419
672 0.03575963713965596
673 0.03634146847221008
674 0.0365528345742166
675 0.03711936431721633
676 0.03731234842684783
677 0.03785120850552517
678 0.03802026848705259
679 0.03853476870453191
680 0.03867306282753627
681 0.03916533599923065
682 0.03927744883248282
683 0.03973456223657694
684 0.03981396651724611
685 0.04024248674429493
686 0.04028172689479824
687 0.04068032873488731
688 0.04068922244887437
689 0.04105282354583522
690 0.04103010286838686
691 0.04136404558527719
692 0.04130071707841553
693 0.04160084214913435
694 0.04150338043031845
695 0.04175977205510184
696 0.04162650799311169
697 0.04185010759266524
698 0.04167186163705886
699 0.04186154196275915
700 0.04165185387238944
701 0.04180408696635805
702 0.04156550073405687
703 0.04168651529239964
704 0.04141376335649627
705 0.04150344947722161
706 0.04120018251338668
707 0.04125171542522971
708 0.04091536378052081
709 0.04093116934326142
710 0.04055372696799524
711 0.04053534595203551
712 0.04012591199018255
713 0.04006781526620291
714 0.03963069266160173
715 0.03953838487118821
716 0.0390680087045799
717 0.03894726234910931
718 0.03844917780195894
719 0.03829523945424618
720 0.0377736713721109
721 0.03759524568965681
722 0.03704520816302408
723 0.03684465853906704
724 0.03626961089710933
725 0.03604172311953426
726 0.03544492844984282
727 0.03519719609299491
728 0.03456686836425183
729 0.03429463880974152
730 0.03364272505745065
731 0.03335364304165243
732 0.03267620616269913
733 0.03236534658056026
734 0.03166616524988117
735 0.03152148225629301
736 0.03058142905542816
737 0.03025260891375034
738 0.0295487465843314
739 0.02919945387739958
740 0.0284575777923551
741 0.02810334083188964
742 0.02735714137029947
743 0.02700631673212138
744 0.02625287253771749
745 0.02590731550462442
746 0.02514394712918704
747 0.02480195025226534
748 0.02403931480472575
749 0.02371907760304507
750 0.02296609794943247
751 0.02265234304020232
752 0.02191889232557958
753 0.02162333681993513
754 0.02088422932850281
755 0.02060269084956497
756 0.01987342897455141
757 0.01960187442763408
758 0.01888741773729694
759 0.01862809080876435
760 0.01793414820765558
761 0.01769590412888112
762 0.01703061887264758
763 0.01682246556392353
764 0.01617877800666684
765 0.0158721648114233
766 0.01539254007522093
767 0.01526210654205592
768 0.01469043464216121
769 0.01458536134060041
770 0.01405840897134717
771 0.01396772836191848
772 0.01351526081373182
773 0.01345577875525251
774 0.01303314040853237
775 0.0130245859614235
776 0.01261736798136939
777 0.01264177464152467
778 0.01228873917815941
779 0.01233485062192923
780 0.01204152722369312
781 0.01213372239917795
782 0.0118498283128527
783 0.01195622259466628
784 0.01175570988266138
785 0.01190078892140156
786 0.01171321729735853
787 0.01189684754638791
788 0.01175744887809968
789 0.01198397219325668
790 0.01188412434823234
791 0.01215628539632037
792 0.01207916463353193
793 0.01239364669685673
794 0.01235673665242098
795 0.01269116809172874
796 0.01270581269769854
797 0.01307227132238878
798 0.01311677430911085
799 0.01350973372487266
800 0.01358002644926362
801 0.01400236715843132
802 0.0141031978786031
803 0.01454267052361583
804 0.01467653778451186
805 0.01513997889787721
806 0.0152941446842043
807 0.01577642709824905
808 0.01595789883758962
809 0.01646951735070067
810 0.01667727834633327
811 0.01720940755065281
812 0.01744242310067513
813 0.01800074164383099
814 0.01825498349312702
815 0.0188329353702813
816 0.01910293362284906
817 0.0197013780439759
818 0.01998532594008834
819 0.0205941877213785
820 0.02088318777439527
821 0.02150492014179141
822 0.02179709137269002
823 0.02242273720335963
824 0.02271434592586698
825 0.02334563385167344
826 0.02363541439404281
827 0.02426677498125106
828 0.02456370761586419
829 0.02519288923246589
830 0.02548225648525256
831 0.02612319564211917
832 0.02641360294380314
833 0.02706060318793743
834 0.02735145160209118
835 0.02799667734505046
836 0.02828098868559176
837 0.02892393621257298
838 0.02919910963683743
839 0.02983292456576232
840 0.03009492040763716
841 0.0307206460852529
842 0.03096912104094198
843 0.031580871171349
844 0.03181158427915513
845 0.032410172536029
846 0.03262411141542361
847 0.03320549129640144
848 0.03340073290813375
849 0.03396861272143497
850 0.0341505595742749
851 0.03470319574411507
852 0.03486740364497593
853 0.03540111003028346
854 0.03554658771597048
855 0.03606478736511932
856 0.03619480159005045
857 0.03669485794816676
858 0.03680374948663941
859 0.03728053460218527
860 0.03736229455061792
861 0.03780879975426866
862 0.03786010812410263
863 0.03827942605323963
864 0.03830676835667848
865 0.03870162987729907
866 0.03870687267556659
867 0.03907731943296534
868 0.03905997756351866
869 0.03940520570607677
870 0.03936540356910635
871 0.03968594215459971
872 0.03962144223134803
873 0.03991281351367741
874 0.03982136657319629
875 0.04008372700493843
876 0.03996782578903756
877 0.04020481037807464
878 0.0400670668133482
879 0.04027967351765109
880 0.04011872928556365
881 0.04030536671209022
882 0.04012086805305595
883 0.04028178737411255
884 0.04007545981079277
885 0.04020876696585736
886 0.03997813549620915
887 0.04008451388112814
888 0.03982736060626547
889 0.03990749170325438
890 0.0396249432816449
891 0.03967776496537463
892 0.03937396509823882
893 0.03940175951021971
894 0.03907664609123103
895 0.03908209474550362
896 0.03873809178182686
897 0.03872050524429466
898 0.0383569196121629
899 0.03831487337637284
900 0.03793547719192402
901 0.03787160849203841
902 0.03747300668707697
903 0.03738954422103661
904 0.03697178001346067
905 0.03686814186801709
906 0.03643299953528203
907 0.03630923858246105
908 0.03584922273533308
909 0.03570072711619156
910 0.03521728440167843
911 0.03505079333342856
912 0.03455517266370819
913 0.0343734366303069
914 0.03385475255001112
915 0.0336642638349603
916 0.0331301328208791
917 0.0329281802187603
918 0.03238550470435794
919 0.03217293850308161
920 0.03162381404595088
921 0.03140458576324438
922 0.03084848166620588
923 0.03062324600179083
924 0.03006048693283585
925 0.02983395608487584
926 0.02927170279748488
927 0.02904513155462255
928 0.02848173813796216
929 0.02825499415815795
930 0.02768850198076704
931 0.02746179092918507
932 0.0268933218093975
933 0.02665839648064701
934 0.02609854134275903
935 0.02587909089230957
936 0.02531853639333721
937 0.02510301425030457
938 0.02454197789041432
939 0.02433205430913868
940 0.02377913417955327
941 0.02358319646593129
942 0.02304798135769864
943 0.022869346446365
944 0.02235471480985373
945 0.02219601513196332
946 0.02170037675597019
947 0.02156037288373104
948 0.02108035983158858
949 0.02095785558247718
950 0.02050066055446175
951 0.02039655285795999
952 0.01995813549476935
953 0.0198730297621979
954 0.01945634284073629
955 0.01939321513246927
956 0.01899553573846677
957 0.01895458068409707
958 0.01857638459813265
959 0.01855487547477876
960 0.01820226932070067
961 0.0182004332002278
962 0.0178722447739083
963 0.01788837919318435
964 0.01757880059358659
965 0.01762199508447424
966 0.0173366241190346
967 0.01740462509643347
968 0.01714398559679438
969 0.01723269858461828
970 0.0169960913625589
971 0.01710422490776261
972 0.01689108216802773
973 0.017021891639596
974 0.01683494932611788
975 0.01699198066811841
976 0.01683097311755807
977 0.01701304051477534
978 0.01687959358364242
979 0.01708742391360887
980 0.01697852031561533
981 0.01720826191799045
982 0.01712280218548033
983 0.01737344716261885
984 0.01731044674467731
985 0.01757740574671537
986 0.01753548278375647
987 0.01781936852591328
988 0.01779953885124616
989 0.01810213287122878
990 0.01810459341974781
991 0.01842918930395554
992 0.01845078134855211
993 0.01879129534584012
994 0.01883797460497322
995 0.01920477818233201
996 0.01926707731229867
997 0.01965096337650135
998 0.01973097189301044
999 0.02013361847286168
1000 0.02022617021040576
1001 0.02064052587905063
1002 0.02074301005053706
1003 0.02116974418497556
1004 0.0212783241528058
1005 0.02171242054752439
1006 0.02182719839559988
1007 0.02227119603095126
1008 0.02239084957187176
1009 0.0228411592192823
1010 0.02296559478560333
1011 0.0234259225273002
1012 0.02355790347673164
1013 0.02402724816075974
1014 0.02416822184455491
1015 0.02464940788374937
1016 0.0247973885124619
1017 0.02528270823470736
1018 0.02543659220459441
1019 0.0259280148992761
1020 0.0260793785922101
1021 0.02657816207679621
1022 0.02672163652583548
1023 0.02720896978878154
1024 0.02735325642041749
1025 0.02783605880636198
1026 0.0279761310782589
1027 0.02845398459619241
1028 0.02858814168046317
1029 0.02905873970234484
1030 0.02918482402202898
1031 0.02965093076264701
1032 0.02977155734783469
1033 0.0302319491739982
1034 0.03034626611139374
1035 0.03080302575020678
1036 0.03091488968256731
1037 0.03136817843650455
1038 0.03147296040872932
1039 0.03191265780584882
1040 0.03200184672043094
1041 0.03242454086709754
1042 0.03249929858895684
1043 0.03290865571446985
1044 0.03297249548617425
1045 0.0333698810808939
1046 0.03341937959259546
1047 0.03380405867746217
1048 0.03384459351390466
1049 0.03421598027561901
1050 0.03424226314618189
1051 0.03459984503178955
1052 0.03461281705152711
1053 0.03495708262553118
1054 0.03495618657118848
1055 0.03528674050114148
1056 0.03527357734736502
1057 0.03558932648950607
1058 0.03556318842925704
1059 0.03586129969918581
1060 0.03582299498927403
1061 0.0361027736287554
1062 0.0360491145161094
1063 0.03631226197699378
1064 0.03623972350380147
1065 0.03648723347214319
1066 0.03639781655863147
1067 0.03662862513265156
1068 0.03652460205034735
1069 0.03673760083006011
1070 0.03661821207366311
1071 0.03681505704406959
1072 0.03668036554795667
1073 0.03686207180740458
1074 0.03671238453147683
1075 0.036878835195583
1076 0.03671467166644213
1077 0.03686554213341121
1078 0.03668641322326114
1079 0.03682201041032981
1080 0.03662775081671483
1081 0.03674847405953616
1082 0.03653980856676094
1083 0.03664496712386005
1084 0.03641988029179018
1085 0.0365069504210852
1086 0.03626370646350287
1087 0.03633212589964289
1088 0.03607124044540812
1089 0.0361223868768771
1090 0.03584528139686554
1091 0.03587989493673487
1092 0.03558734646165111
1093 0.03560634193562966
1094 0.03529937260137653
1095 0.03530342134758684
1096 0.03498254718636846
1097 0.03497210635459973
1098 0.03463823461406933
1099 0.03461443659133942
1100 0.0342696209797928
1101 0.03423403473557869
1102 0.0338793052120991
1103 0.03383338376378416
1104 0.03347034105179933
1105 0.03341747618604591
1106 0.03304589367480788
1107 0.03298795186369653
1108 0.03260987732385703
1109 0.03254245319749681
1110 0.03215854671520914
1111 0.03207829436831035
1112 0.03168435624819419
1113 0.03159686729542907
1114 0.03119264824574108
1115 0.03110321705475672
1116 0.03069287584499716
1117 0.03059915499295299
1118 0.03018560643468068
1119 0.03009229133542178
1120 0.02967726065908006
1121 0.02958285090002641
1122 0.02916820379898957
1123 0.02907629781762386
1124 0.02866479794164852
1125 0.02857365368341093
1126 0.02816099396383742
1127 0.02808194640144978
1128 0.0276855156023116
1129 0.02760471041104322
1130 0.02721006756609134
1131 0.027133920067588
1132 0.02674312037160525
1133 0.02667163992488791
1134 0.02628576756274851
1135 0.02621712527297959
1136 0.0258349699004589
1137 0.02577143915199463
1138 0.02539557530951006
1139 0.02533922260741652
1140 0.02497080436310219
1141 0.02492250241315684
1142 0.02456255602589306
1143 0.02452445345245365
1144 0.02417435168725673
1145 0.02414928556574997
1146 0.02381111186733264
1147 0.02379937975231677
1148 0.02347349342869707
1149 0.02347550245557861
1150 0.02316121345586569
1151 0.02317467977293568
1152 0.02287086842642156
1153 0.02289632184076407
1154 0.02260395388737143
1155 0.02264082150164092
1156 0.02236046153997089
1157 0.02241034322199184
1158 0.02214393504306637
1159 0.02220682741130776
1160 0.02195516744335588
1161 0.02203426217267004
1162 0.02179792180385736
1163 0.02189051989562896
1164 0.02166812727328137
1165 0.02177588141912488
1166 0.02156813846812072
1167 0.02168803447254848
1168 0.02149383778974294
1169 0.02162790335025546
1170 0.02144863635885277
1171 0.02159566802643639
1172 0.02143119945056956
1173 0.02159437048209401
1174 0.02144675271594518
1175 0.02162473251339829
1176 0.02149296939964008
1177 0.0216884383912311
1178 0.02157346284864899
1179 0.02178341187491215
1180 0.02168236554911396
1181 0.02190710758479525
1182 0.0218191748673525
1183 0.02205451635424071
1184 0.02197626069799929
1185 0.02222289644277025
1186 0.02215523734702231
1187 0.02241119442433175
1188 0.0223527078650456
1189 0.02262079331737265
1190 0.02257443405638451
1191 0.02285399694149683
1192 0.02281865541380206
1193 0.02311193430429742
1194 0.02308971210758527
1195 0.0233924797186249
1196 0.02338299306579845
1197 0.02369679182469893
1198 0.02369645177365543
1199 0.02401915774035153
1200 0.02402581496791216
1201 0.02435615813153219
1202 0.02437086324063816
1203 0.0247075992119882
1204 0.0247277715605503
1205 0.02507107937211605
1206 0.02509773375967189
1207 0.02544503608689946
1208 0.02547463885020005
1209 0.02582563074587178
1210 0.02585947675317943
1211 0.02621239975063995
1212 0.02624770611441354
1213 0.0266025734519881
1214 0.02664102072000244
1215 0.02699709359017986
1216 0.02703654007725068
1217 0.02739496632691011
1218 0.02744756641251406
1219 0.02780100766679863
1220 0.02784387785882082
1221 0.02820666031238651
1222 0.02825319292677391
1223 0.02861486958840584
1224 0.02865653205000611
1225 0.02901402089987358
1226 0.02905194645442387
1227 0.02940482840440471
1228 0.02943809420124429
1229 0.02978752681913853
1230 0.02981830738668978
1231 0.03016384766777901
1232 0.03019007731389175
1233 0.03053110071716442
1234 0.03055327636272921
1235 0.03088895225897766
1236 0.03090474284742664
1237 0.03123425055381392
1238 0.03124458184493964
1239 0.03156719895062453
1240 0.03156996518504884
1241 0.03188483898966687
1242 0.03188059228098458
1243 0.03218691224034378
1244 0.03217373261249769
1245 0.03247115754634212
1246 0.03245026479039957
1247 0.03273895467390137
1248 0.03270879122639468
1249 0.03298854759477812
1250 0.03295030501234948
1251 0.03322113775889767
1252 0.0331732147628786
1253 0.03343452084824517
1254 0.03337762318850026
1255 0.03362904502526611
1256 0.03356184080256891
1257 0.03380298562546775
1258 0.03372622342740219
1259 0.03395732433568062
1260 0.03386984526282009
1261 0.03408996550143778
1262 0.03399155607565336
1263 0.03419962919322347
1264 0.03408884830538937
1265 0.03428476967646761
1266 0.03416293057968552
1267 0.03434679099801065
1268 0.03421239978245424
1269 0.03438367303274999
1270 0.0342375342044304
1271 0.03439589958091267
1272 0.03423589426199629
1273 0.03438115417562215
1274 0.03420945295316594
1275 0.03434289518837823
1276 0.03415923658642341
1277 0.03428199264978446
1278 0.03408875412467043
1279 0.03420188842734561
1280 0.03399850715336687
1281 0.03410649093772982
1282 0.03389146543131367
1283 0.03399154168941363
1284 0.03376879678839718
1285 0.03386026388737386
1286 0.03362946134057304
1287 0.03371144925127738
1288 0.03346984076171668
1289 0.03354129936771954
1290 0.03328959511346486
1291 0.03334987632073899
1292 0.03308643161538405
1293 0.03313577015425025
1294 0.03286209248719709
1295 0.03290262688540813
1296 0.03261988457754232
1297 0.03265332880636085
1298 0.03236424912466034
1299 0.03239041722142283
1300 0.03209409538665838
1301 0.03211389512304801
1302 0.03181271771307494
1303 0.03182604568418366
1304 0.03151933241219614
1305 0.03152863225912893
1306 0.03121924353884736
1307 0.03122482212886792
1308 0.03091177368231828
1309 0.03091497720594679
1310 0.03060022404297346
1311 0.03060038247242801
1312 0.03028237875431783
1313 0.03028082056950597
1314 0.02996149227438058
1315 0.02995728347334775
1316 0.02963483728941888
1317 0.02962907807231557
1318 0.02930574808643152
1319 0.02928884043814378
1320 0.02897143893863291
1321 0.02896264252930097
1322 0.02864365776843938
1323 0.02863261078111637
1324 0.0283139093865007
1325 0.02830586109249346
1326 0.0279911396508289
1327 0.02798621361594204
1328 0.02767475606908491
1329 0.02767466759928365
1330 0.02736894737736143
1331 0.02737288282616322
1332 0.02707139299899093
1333 0.02708091759763228
1334 0.02678569148382871
1335 0.02679929601730023
1336 0.02650850925554955
1337 0.02652759906766398
1338 0.02624319008852531
1339 0.0262667620542774
1340 0.02598737896001561
1341 0.02601735792996626
1342 0.02574523677346899
1343 0.02578092404364656
1344 0.0255151536672328
1345 0.02555852087931443
1346 0.02530200654522677
1347 0.02535251717343431
1348 0.02510400706558183
1349 0.0251640019786367
1350 0.02492688812539199
1351 0.02499593672585478
1352 0.02476810600313308
1353 0.02484753624442887
1354 0.02463091404413225
1355 0.02471938425419112
1356 0.02451142513133562
1357 0.02460956205695165
1358 0.02441185211934734
1359 0.0245180083751933
1360 0.02432802264550597
1361 0.02444294711517719
1362 0.02426299404287381
1363 0.02438583218591723
1364 0.02421446453246518
1365 0.02434680979094957
1366 0.02418697468821191
1367 0.02432815319452738
1368 0.0241777461030664
1369 0.02432853504305708
1370 0.02418958526609061
1371 0.02434918457761489
1372 0.02421960754625036
1373 0.02438900714296167
1374 0.02427080254394277
1375 0.0244490178411746
1376 0.02433964756133974
1377 0.02452701002446916
1378 0.02442796227146063
1379 0.02462337265398136
1380 0.0245319410371463
1381 0.02473546191473495
1382 0.02465304636557946
1383 0.02486342098291773
1384 0.02478770864844812
1385 0.02500515811614971
1386 0.02493808126650265
1387 0.02516171928514157
1388 0.02510174073638698
1389 0.02533275509190307
1390 0.02528205724119786
1391 0.02551923993352958
1392 0.02547540596057132
1393 0.02571832012590777
1394 0.02568246597104859
1395 0.02592953297914093
1396 0.02589892994474152
1397 0.02614943555899608
1398 0.02612531920911039
1399 0.02637811742114227
1400 0.02635865072939116
1401 0.02661370856328594
1402 0.02660044539370682
1403 0.02685681960179313
1404 0.02684824254010934
1405 0.02710580413158057
1406 0.02710394831817317
1407 0.02736122017198765
1408 0.02736528339622458
1409 0.02762088156474618
1410 0.02763199457638813
1411 0.02788642530174293
1412 0.0278983062457242
1413 0.02816727886865184
1414 0.02817400836947347
1415 0.02842962366555553
1416 0.02844250296387251
1417 0.02870204135956727
1418 0.02871564650602166
1419 0.02897273759634277
1420 0.02898375364635651
1421 0.02924007424103718
1422 0.02924946273405474
1423 0.02950286688239796
1424 0.02950844203765395
1425 0.02975940646357842
1426 0.02976229281687093
1427 0.03001049455055045
1428 0.03000913058776773
1429 0.03025401806415981
1430 0.03024920283825962
1431 0.03049052515631787
1432 0.03048035808203297
1433 0.0307170654480741
1434 0.03070254308501397
1435 0.03093468383761673
1436 0.03091435749645345
1437 0.0311413203559962
1438 0.03111629531494276
1439 0.03133779647446818
1440 0.03130639737232836
1441 0.0315218396877371
1442 0.03148507413415255
1443 0.03169429197913753
1444 0.0316504369117257
1445 0.03185295369286335
1446 0.03180300780471931
1447 0.03199841528391412
1448 0.03194072948218325
1449 0.03212904712270487
1450 0.03206494641571855
1451 0.03224582325585584
1452 0.03217376055125775
1453 0.03234752958914186
1454 0.03226899110049408
1455 0.03243531662272242
1456 0.03234875446649178
1457 0.03250795327330445
1458 0.03241481622279772
1459 0.0325661934611104
1460 0.03246472449955913
1461 0.03260825690098848
1462 0.03249983286146267
1463 0.03263461714332982
1464 0.03251721065245899
1465 0.0326430241335094
1466 0.03251799547264841
1467 0.0326348502283821
1468 0.03250105319773165
1469 0.03260915449735811
1470 0.03246860243922093
1471 0.03256955827842765
1472 0.03242106063742119
1473 0.0325146647087172
1474 0.03236050117143142
1475 0.03244773400953822
1476 0.03228599714123577
1477 0.03236699835893495
1478 0.03220002876707146
1479 0.03227386377249444
1480 0.03209914840587725
1481 0.03216682916748794
1482 0.03198674147613234
1483 0.03204749158109138
1484 0.03185952367065104
1485 0.03191505469539439
1486 0.03172197839127683
1487 0.03177153175315524
1488 0.03157124529789586
1489 0.03161641067199515
1490 0.03141117782069626
1491 0.03145124734639511
1492 0.03123902522117672
1493 0.03127580861183468
1494 0.03105889635194209
1495 0.03109224788749091
1496 0.03086878826088129
1497 0.0309009651255348
1498 0.03067318278331153
1499 0.03070513050606715
1500 0.03047127555718628
1501 0.03050522328666946
1502 0.03026752251045878
1503 0.03030241897551758
1504 0.03005947369801933
1505 0.03009709114194003
1506 0.02985081363677664
1507 0.02988927900114383
1508 0.02963872187234284
1509 0.02967908384344104
1510 0.02942645079673479
1511 0.02945706720316179
1512 0.02920956853523472
1513 0.02925146706569547
1514 0.02899802131350083
1515 0.02903732178476398
1516 0.02878351443248037
1517 0.02882379307973215
1518 0.02857249458273936
1519 0.02861333710195622
1520 0.02836375522327303
1521 0.02840724193706863
1522 0.02816163837889847
1523 0.02820704691255387
1524 0.02796435480710395
1525 0.02801344676338558
1526 0.02777556071284621
1527 0.02782724550798162
1528 0.02759291406255219
1529 0.02764864533650829
1530 0.0274194276954249
1531 0.02747791572300862
1532 0.02725248197603791
1533 0.02731518454607276
1534 0.02709517633806613
1535 0.02716107326303249
1536 0.02694534087663894
1537 0.02701608037072057
1538 0.02680644377213537
1539 0.02688104216200365
1540 0.02667642304602524
1541 0.0267563243409096
1542 0.02655827045063654
1543 0.02664251739944068
1544 0.0264499877641208
1545 0.02654000301138828
1546 0.02635464408056197
1547 0.02644940808635739
1548 0.0262703803194281
1549 0.02637125187237839
1550 0.02620008538817739
1551 0.02630592200049848
1552 0.02614159853127744
1553 0.02625344880004635
1554 0.02609743610674621
1555 0.02621392101748457
1556 0.02606524008923381
1557 0.02618690747544042
1558 0.02604713336658471
1559 0.02617210687486832
1560 0.02604062622131225
1561 0.02616869500175446
1562 0.02604763211031164
1563 0.02617634333738202
1564 0.0260652034473717
1565 0.02619566794252862
1566 0.02609022414003393
1567 0.02623195927696501
1568 0.02613344376949787
1569 0.02627587977309
1570 0.02618283670802074
1571 0.02633638504489501
1572 0.02624971138480552
1573 0.02640408366672048
1574 0.02632244128332698
1575 0.02648610423740627
1576 0.02640972374731937
1577 0.0265743098865319
1578 0.02650169484395385
1579 0.02667533284633257
1580 0.02660753335696856
1581 0.02678137777901694
1582 0.02671703910068627
1583 0.02690061759497711
1584 0.02684110324113495
1585 0.02702421686563476
1586 0.02696788995536417
1587 0.02716064591792253
1588 0.02710842240809032
1589 0.02729958105450326
1590 0.02724894665242516
1591 0.02745028728496452
1592 0.02740300070020058
1593 0.02760070691171007
1594 0.02755343711355199
1595 0.02776262190477312
1596 0.02771792235544958
1597 0.02792058685929045
1598 0.02787528903104297
1599 0.02809032358448661
1600 0.02804698578431913
1601 0.02825301271037067
1602 0.02820809781652906
1603 0.0284270523039165
1604 0.02838334257744845
1605 0.02859094159381556
1606 0.02855445892411193
1607 0.02876784990892024
1608 0.02872063916935687
1609 0.02892814416756209
1610 0.02888014709944518
1611 0.02910133436208811
1612 0.02905366641591728
1613 0.02926076047709116
1614 0.02921010230819611
1615 0.02943030713614041
1616 0.02937949479061236
1617 0.02958458369753124
1618 0.02953057955858489
1619 0.0297480139738826
1620 0.02969333550284308
1621 0.02989471863393056
1622 0.02983599156515938
1623 0.03004936560152649
1624 0.02998917376448617
1625 0.03018535610469388
1626 0.03012113910848402
1627 0.03032753859176049
1628 0.03026152448651956
1629 0.03045069630944953
1630 0.03037926081291283
1631 0.03057962491621431
1632 0.03050554226047026
1633 0.03068756741727803
1634 0.03060967845917559
1635 0.03079786355950788
1636 0.03071734761861331
1637 0.03088904420631763
1638 0.03080088702541412
1639 0.03098296408842929
1640 0.03089087837332467
1641 0.03105423010762664
1642 0.03096009522131126
1643 0.03112411276272774
1644 0.03102717510802534
1645 0.03117928726633973
1646 0.03107534529600434
1647 0.03123331543650748
1648 0.03112586734833567
1649 0.03126840874419581
1650 0.03115727779849064
1651 0.0313013164512236
1652 0.03118707485779428
1653 0.03131900106837314
1654 0.03119941620340157
1655 0.03133321565218402
1656 0.03121011455489702
1657 0.03133195806389508
1658 0.03120471178061722
1659 0.03132575085183105
1660 0.03119501984068919
1661 0.0313063837125742
1662 0.03117019558686746
1663 0.03128116614714486
1664 0.03114122632374274
1665 0.03124261461141666
1666 0.03109750875090176
1667 0.03119808942979774
1668 0.03104940982130338
1669 0.03114166011690571
1670 0.03098841001034654
1671 0.03107980188515991
1672 0.03092343617397025
1673 0.03100784905204456
1674 0.03084750183421607
1675 0.03093069721712249
1676 0.03076741867742719
1677 0.03084486056328378
1678 0.03067809982753802
1679 0.03075401518639529
1680 0.03058463566806557
1681 0.03065606965275076
1682 0.03048362112725419
1683 0.0305533896881254
1684 0.03037872244419551
1685 0.03044494460243021
1686 0.0302676453081404
1687 0.03033233069580931
1688 0.03015325213346581
1689 0.03021514352602131
1690 0.03003392113051833
1691 0.03009461903431625
1692 0.0299122200964854
1693 0.02997090027981927
1694 0.02978692845601367
1695 0.02984481951284318
1696 0.02966027645430167
1697 0.02971688205960903
1698 0.02953137828460897
1699 0.029578502024206
1700 0.0294001548967198
1701 0.02946711376714767
1702 0.02927419970934193
1703 0.02931923082636549
1704 0.02914078608644867
1705 0.02919852215742845
1706 0.02901391094000193
1707 0.02907118674422761
1708 0.02888749532642375
1709 0.02894522468739544
1710 0.02876235941294226
1711 0.02882186977780012
1712 0.02864099845815936
1713 0.02870154838256466
1714 0.02852195616630436
1715 0.02858466208594378
1716 0.02840738381234706
1717 0.02847139917169499
1718 0.02829573972373534
1719 0.02836238729231209
1720 0.02818950356851428
1721 0.02825786089298758
1722 0.0280870382254103
1723 0.02815866325925782
1724 0.02799107046701988
1725 0.02806485625413039
1726 0.0278998326698109
1727 0.02797720073974991
1728 0.02781573300988324
1729 0.02789572366061116
1730 0.02773714215272855
1731 0.0278208151511418
1732 0.02766595867214266
1733 0.02775253650815803
1734 0.02760072259598831
1735 0.02769118390772691
1736 0.02754320546000239
1737 0.02763664221742004
1738 0.02749175490891997
1739 0.02758933296364881
1740 0.02744843654887903
1741 0.02754892278128432
1742 0.02741129422865429
1743 0.02751628274140398
1744 0.02738289599630653
1745 0.02749065187050702
1746 0.02736043709658302
1747 0.02747341581789567
1748 0.02734758509739645
1749 0.02746265445202399
1750 0.02733969433591665
1751 0.02746087725958637
1752 0.02734236586921128
1753 0.02746472370776964
1754 0.02734875961525784
1755 0.02747798494168662
1756 0.02736643819582996
1757 0.0274959974169255
1758 0.02738684922646926
1759 0.02752356282539321
1760 0.02741866527326414
1761 0.0275551319405328
1762 0.02745224854099346
1763 0.02759642349685872
1764 0.02749773220241044
1765 0.02764080001879377
1766 0.02754375104940976
1767 0.0276949386246847
1768 0.02760187505999646
1769 0.02775099630569014
1770 0.02765910322828157
1771 0.02781661778203301
1772 0.02772838083903482
1773 0.02788281518447664
1774 0.02779518647983127
1775 0.02795837836744946
1776 0.02787390338461335
1777 0.02803300201407037
1778 0.02794791762769904
1779 0.0281172775996994
1780 0.02803500359445831
1781 0.02819807301085737
1782 0.02811486320634054
1783 0.02828904632268323
1784 0.02820838648813626
1785 0.02837459788523148
1786 0.02829238514152963
1787 0.02847072834164648
1788 0.02839087647582359
1789 0.02855967781636087
1790 0.02847816868949861
1791 0.02865952458917106
1792 0.02858021620420926
1793 0.02875084940615666
1794 0.02866938282873668
1795 0.02885332851186344
1796 0.02877367807974003
1797 0.02895501381005248
1798 0.0288658374942719
1799 0.02903916636598671
1800 0.02896593999350881
1801 0.02914874965895147
1802 0.02905850383032167
1803 0.02924237937878675
1804 0.02915958904559639
1805 0.02933067903380321
1806 0.02924630761500096
1807 0.02942845399179055
1808 0.02934515219185529
1809 0.02951342840890894
1810 0.02942460279647359
1811 0.02960893072422823
1812 0.02951955871638771
1813 0.02968710462753915
1814 0.02959862220633188
1815 0.02977036197977263
1816 0.02968262891774493
1817 0.02984423037991971
1818 0.02974774516370493
1819 0.02992638007999668
1820 0.02982792390273125
1821 0.02998853418717742
1822 0.0298932965397253
1823 0.03005222234075517
1824 0.02995545178156924
1825 0.03011181375794708
1826 0.03001256667986169
1827 0.03016639603626127
1828 0.03006538576878394
1829 0.03021547796400144
1830 0.03011137625841135
1831 0.03026099744953988
1832 0.03015590760926029
1833 0.03029856370480628
1834 0.03018832024093766
1835 0.03033632998166847
1836 0.03022536015468699
1837 0.03036116107807888
1838 0.03024526810076348
1839 0.03038913395913214
1840 0.03027204114705683
1841 0.03040280319593366
1842 0.03028349541029886
1843 0.03041712280581793
1844 0.0302970879346593
1845 0.03042109344306014
1846 0.03029649987325404
1847 0.03042564602167365
1848 0.03029973788614988
1849 0.03041840376554118
1850 0.03029006616230188
1851 0.03041049037626999
1852 0.03028109294013379
1853 0.03039405130012489
1854 0.03025974241888602
1855 0.03037722172383868
1856 0.03024187647217457
1857 0.03034999193342793
1858 0.03021223529815525
1859 0.03032145819365088
1860 0.03018272039310411
1861 0.03028571281576308
1862 0.03014259195195807
1863 0.03024917774284836
1864 0.03010535903484768
1865 0.03020392222121689
1866 0.03005785994833176
1867 0.03015780890760028
1868 0.03001121227784232
1869 0.0301057636442811
1870 0.02995576467744798
1871 0.03005333026418304
1872 0.02990307798918277
1873 0.02999442860581331
1874 0.02984218002850339
1875 0.02993538075442494
1876 0.02978306886044244
1877 0.0298718367195456
1878 0.02971718175601731
1879 0.02980839846854226
1880 0.0296538482640253
1881 0.02974058600326015
1882 0.02958454203656687
1883 0.02967326618664172
1884 0.02950833642108468
1885 0.02960086942577944
1886 0.02945500813162544
1887 0.02953555786144227
1888 0.02937734692977838
1889 0.0294523739373897
1890 0.02930218176761064
1891 0.02939078151133447
1892 0.02923487882790838
1893 0.02932930107564355
1894 0.02916491492758723
1895 0.0292407300345157
1896 0.02909186498022069
1897 0.02917899211996993
1898 0.02902350678389479
1899 0.02911144032223892
1900 0.02895693048297207
1901 0.02904356284650475
1902 0.02888900787836251
1903 0.02897811979962429
1904 0.02882521727336767
1905 0.02891353984619175
1906 0.02876089326551114
1907 0.02885194037466107
1908 0.02870127381676339
1909 0.02879189805389007
1910 0.02864169806336641
1911 0.02873525892692978
1912 0.02858726118305484
1913 0.02868061591886006
1914 0.02853324314842784
1915 0.02862980705784317
1916 0.02848479593172558
1917 0.02858115495395245
1918 0.02843680980363087
1919 0.02853674733647708
1920 0.02839500414545389
1921 0.02849472399002157
1922 0.02835385288515607
1923 0.02845757121120307
1924 0.02831951240345253
1925 0.02842287528552094
1926 0.02828585564008837
1927 0.02839363245083451
1928 0.02825953738165191
1929 0.02836677374066426
1930 0.02823369277336147
1931 0.02834567456767262
1932 0.02821553695471591
1933 0.02832676283627195
1934 0.02819764580679654
1935 0.02831381304373159
1936 0.02818767649383625
1937 0.02830294314880915
1938 0.02817764989729541
1939 0.02829825511349585
1940 0.02817601385094596
1941 0.02829531386305779
1942 0.02817379562930725
1943 0.02829887435854223
1944 0.02818042044643827
1945 0.02830370450195535
1946 0.02818587346635981
1947 0.02831525200373742
1948 0.02820043809150105
1949 0.02832754848968022
1950 0.02821316243629279
1951 0.02834668101829893
1952 0.02823523393890975
1953 0.02836592120910136
1954 0.02825468829669247
1955 0.02839205802712812
1956 0.02828365872735134
1957 0.02841762168226248
1958 0.02830920809684037
1959 0.02845012599962202
1960 0.02834450087399808
1961 0.02848144175336359
1962 0.02837558629351491
1963 0.02851978649110698
1964 0.02841666558648624
1965 0.02855635520371425
1966 0.02845277256944059
1967 0.02859991458991601
1968 0.02849889668613624
1969 0.02864098032297511
1970 0.02853930519980986
1971 0.02868896123476198
1972 0.02858952759642314
1973 0.02873358811058314
1974 0.02863311040746605
1975 0.02878502266454442
1976 0.0286865809543667
1977 0.02883222245772708
1978 0.02873235858520801
1979 0.02888641658922926
1980 0.02878842428356614
1981 0.02893523770844104
1982 0.02883561878803035
1983 0.02899107859349715
1984 0.02889313216418835
1985 0.02904052890741086
1986 0.02894061069644317
1987 0.02910648715825792
1988 0.02899113179044739
1989 0.0291440935727112
1990 0.02904487018137431
1991 0.02921118784385207
1992 0.02910454652061571
1993 0.029240431064334
1994 0.02914566619794647
1995 0.02930344464929082
1996 0.02921296052835939
1997 0.02935180421640909
1998 0.02924712303487685
1999 0.02939243063199869
2000 0.02929772683683568
