"cl-rfile"
"Iteration" "cl"
("Iteration" "cl")
1 -0.02625406551391249
2 -0.08030025151271486
3 -0.1531756604727629
4 -0.225792556184304
5 -0.3056257943388658
6 -0.3789430315808641
7 -0.4430708673424292
8 -0.4967566006021529
9 -0.540772568053397
10 -0.578464987053449
11 -0.6073072102711767
12 -0.6322464822378022
13 -0.6531476341444011
14 -0.6730093829542785
15 -0.6916967379209413
16 -0.7121193067436323
17 -0.7320061976814382
18 -0.754269473358637
19 -0.7768640811802552
20 -0.8016131847874644
21 -0.82556013344603
22 -0.8513199957235694
23 -0.8761246048354098
24 -0.9014962811220011
25 -0.9263950292194183
26 -0.9510533688973029
27 -0.9749520145834506
28 -0.9986317856903419
29 -1.020840717478906
30 -1.043236356936178
31 -1.064271508148527
32 -1.084475658519392
33 -1.103911603420796
34 -1.122072129319558
35 -1.139831408250752
36 -1.155532525036262
37 -1.171185521457998
38 -1.184712223457721
39 -1.198106372832296
40 -1.209523093866945
41 -1.220870705307548
42 -1.230329108135414
43 -1.239949953782499
44 -1.247844719086701
45 -1.256257752258864
46 -1.262685883941331
47 -1.270176004496048
48 -1.275843345286158
49 -1.282378642152238
50 -1.287379169063502
51 -1.293394465170755
52 -1.297958056301897
53 -1.30298349004622
54 -1.306998506538113
55 -1.311295887775222
56 -1.314364125882427
57 -1.317749634716605
58 -1.319848704992252
59 -1.322194007899424
60 -1.322975443939524
61 -1.324404640353896
62 -1.324084214357732
63 -1.324207446577635
64 -1.32311772152925
65 -1.322422857973261
66 -1.320289044814946
67 -1.318964825720836
68 -1.316307496037355
69 -1.314505970605983
70 -1.311414026266559
71 -1.309318685091214
72 -1.306129980043338
73 -1.303963915161158
74 -1.300745725788855
75 -1.298642556507771
76 -1.295626441891906
77 -1.293684541437889
78 -1.290933280724136
79 -1.28926957076757
80 -1.286706004235663
81 -1.285366373133262
82 -1.282929147673855
83 -1.281891400856292
84 -1.279594406338448
85 -1.278690151268496
86 -1.276642644999121
87 -1.275891218434692
88 -1.273868565074276
89 -1.273317923414484
90 -1.27134331241823
91 -1.270779336599199
92 -1.269130425581592
93 -1.268509775728089
94 -1.266952032273125
95 -1.266458752976309
96 -1.264825249937058
97 -1.264615405500626
98 -1.262936489082484
99 -1.262769639890869
100 -1.261510872351644
101 -1.26129602643986
102 -1.260234896591707
103 -1.260208628274412
104 -1.259369536944261
105 -1.259563450766917
106 -1.258921738996088
107 -1.259350608754323
108 -1.258967468944852
109 -1.259638259658342
110 -1.259365370197945
111 -1.260443283206051
112 -1.260460244636817
113 -1.261658774141744
114 -1.261977108410031
115 -1.263329450777797
116 -1.263883109798866
117 -1.265360549623686
118 -1.266054181399524
119 -1.267856190311788
120 -1.268761445025382
121 -1.270570099735747
122 -1.271570168092126
123 -1.273593248198317
124 -1.274644165453553
125 -1.276780504732471
126 -1.277815549140974
127 -1.280014530311291
128 -1.281357788592752
129 -1.283419109792738
130 -1.284715230942604
131 -1.286945521372377
132 -1.288117075085497
133 -1.290521474087367
134 -1.291507804668824
135 -1.293871593226919
136 -1.295073685575626
137 -1.297180770156513
138 -1.298317913806857
139 -1.300428683834506
140 -1.301358183299782
141 -1.303567119766004
142 -1.304225688935937
143 -1.306234073016911
144 -1.307152288210321
145 -1.308767501439276
146 -1.309575458570177
147 -1.311108317551521
148 -1.31170789096778
149 -1.313259978205294
150 -1.31351780668523
151 -1.315167844283099
152 -1.315138041768596
153 -1.316486739929349
154 -1.316732432414457
155 -1.317720509432141
156 -1.317794881795632
157 -1.318769136349928
158 -1.318539172911546
159 -1.319638583902148
160 -1.319100359693431
161 -1.319946891335619
162 -1.319606038416267
163 -1.320196986123362
164 -1.319617657704932
165 -1.320306961925009
166 -1.319421284350348
167 -1.320039282900718
168 -1.31904085242236
169 -1.319441270224541
170 -1.318631073976968
171 -1.318766053542644
172 -1.317765896493223
173 -1.318026431161004
174 -1.316742725859848
175 -1.31696235276773
176 -1.31560112914531
177 -1.315752832000336
178 -1.314312662901959
179 -1.314428481953742
180 -1.312904743040589
181 -1.312842144377208
182 -1.31157619410333
183 -1.311303176364234
184 -1.309932284734869
185 -1.309834346432003
186 -1.308296592519443
187 -1.308273401442559
188 -1.306695792011427
189 -1.306676045098885
190 -1.30514565059068
191 -1.305179092551141
192 -1.303587855419786
193 -1.303488296583112
194 -1.302278734766267
195 -1.301982004374561
196 -1.300686984695219
197 -1.300617409618723
198 -1.299133685543821
199 -1.299169732410618
200 -1.297654940427267
201 -1.297559972843647
202 -1.296372540996433
203 -1.296125169934594
204 -1.29480841860085
205 -1.294827519735946
206 -1.293286767463823
207 -1.293302460006939
208 -1.291772085672081
209 -1.291785617678947
210 -1.290230859086104
211 -1.290236151904818
212 -1.288655845078404
213 -1.288510978542479
214 -1.287212919467797
215 -1.286895628377814
216 -1.285492023006704
217 -1.285386431351405
218 -1.28380649637253
219 -1.283978760700005
220 -1.282169751050778
221 -1.282108964002401
222 -1.280540718385227
223 -1.28053972631661
224 -1.278968541394184
225 -1.278878607230348
226 -1.27765453469494
227 -1.277455482172007
228 -1.276176138204358
229 -1.276289209718453
230 -1.274883129874156
231 -1.275079471469407
232 -1.27375983793676
233 -1.274053773360881
234 -1.272788065145866
235 -1.273179948441838
236 -1.271963098699718
237 -1.272453232729529
238 -1.271322278741785
239 -1.271773712563791
240 -1.271059702952755
241 -1.271426822145047
242 -1.270727704021612
243 -1.271439459987265
244 -1.270686355744943
245 -1.271621179995465
246 -1.270769598011701
247 -1.271835952209801
248 -1.271218027504914
249 -1.272298221887384
250 -1.271776304157165
251 -1.272932305198367
252 -1.272472440081067
253 -1.273740246853326
254 -1.273351259674038
255 -1.274543909079644
256 -1.274561985876083
257 -1.275631108537963
258 -1.275618946147357
259 -1.277001878211031
260 -1.276841399492653
261 -1.278331419397748
262 -1.278229834089761
263 -1.279764543933681
264 -1.279697492095554
265 -1.28131874218883
266 -1.281261134289103
267 -1.282774264980314
268 -1.282729872912191
269 -1.284525033889198
270 -1.284710517600471
271 -1.286313795695506
272 -1.286355443091403
273 -1.288031632215683
274 -1.288093513081908
275 -1.289750843054699
276 -1.289778595823404
277 -1.291462481308433
278 -1.291425975129883
279 -1.292930390078786
280 -1.293216288462741
281 -1.294479992350669
282 -1.294642650629762
283 -1.296118815046118
284 -1.296033649120229
285 -1.29754270931439
286 -1.297421742817983
287 -1.298737537634661
288 -1.298872900105803
289 -1.300005198440682
290 -1.299952749622849
291 -1.301247935400172
292 -1.300950762532947
293 -1.302175347601018
294 -1.301808458276678
295 -1.302991002433776
296 -1.302518952782452
297 -1.303499503902391
298 -1.303273257299953
299 -1.303998946559404
300 -1.303587716489833
301 -1.304519047933542
302 -1.30383347801673
303 -1.304578318963801
304 -1.304152599812311
305 -1.304716049463001
306 -1.304054427356765
307 -1.304839285566772
308 -1.303933366551312
309 -1.304471009701194
310 -1.30388861313832
311 -1.304254655394189
312 -1.303448065328086
313 -1.304055993368337
314 -1.303018119569495
315 -1.303414325081985
316 -1.302700100030192
317 -1.302957070731608
318 -1.302043739619391
319 -1.302566967810305
320 -1.301438260860912
321 -1.301773750553367
322 -1.300996635060729
323 -1.30121521936955
324 -1.300269057028632
325 -1.30078113511456
326 -1.299667041281981
327 -1.300025325403536
328 -1.299268442788593
329 -1.299586514236809
330 -1.298714261362442
331 -1.299297518620891
332 -1.298306971917754
333 -1.29876956640312
334 -1.298153783794138
335 -1.298570510429036
336 -1.297832860332677
337 -1.298557413921715
338 -1.297705947575776
339 -1.298323535743878
340 -1.298108237364658
341 -1.298499099198747
342 -1.297947648677141
343 -1.29890289018368
344 -1.298283976168279
345 -1.299162960336207
346 -1.298965841416302
347 -1.299856586972798
348 -1.299583631034916
349 -1.300819847221972
350 -1.30046679705713
351 -1.301625025210551
352 -1.301692745851289
353 -1.302848734825735
354 -1.302841463562321
355 -1.304346078168475
356 -1.304251237253621
357 -1.305685493695389
358 -1.306023532812359
359 -1.307453161986115
360 -1.30772622407545
361 -1.309507125920473
362 -1.30968864564885
363 -1.311396765027053
364 -1.311995244192138
365 -1.313679350086931
366 -1.314190027902172
367 -1.316198555888973
368 -1.316591215768106
369 -1.318497996389846
370 -1.319290847122844
371 -1.321146084611591
372 -1.32184068022219
373 -1.324003042952693
374 -1.324570015613311
375 -1.326262760246236
376 -1.327655267539133
377 -1.329580128447726
378 -1.330387870642253
379 -1.332628952795778
380 -1.333304852471103
381 -1.335397637756413
382 -1.336413324420452
383 -1.338373167572906
384 -1.33920371523239
385 -1.341417157064446
386 -1.342020235226485
387 -1.34405082147017
388 -1.344961115033601
389 -1.346834402197093
390 -1.347550986507883
391 -1.349630242632015
392 -1.350092921822808
393 -1.352011559802055
394 -1.352748142246684
395 -1.354488231918224
396 -1.355034404239139
397 -1.356922970437524
398 -1.357211741930176
399 -1.358864982907951
400 -1.359369505133518
401 -1.360830012004959
402 -1.361068296874027
403 -1.362663296636688
404 -1.362589803121466
405 -1.363937588613615
406 -1.36407350132382
407 -1.365183852427093
408 -1.365086884961892
409 -1.366323672075392
410 -1.365919547396635
411 -1.366937780873793
412 -1.366756213966248
413 -1.367526817389711
414 -1.367097930966519
415 -1.367998524150677
416 -1.367257395263605
417 -1.367915438663735
418 -1.367366555546236
419 -1.367776771538911
420 -1.36698429195019
421 -1.367535046704981
422 -1.366399277239913
423 -1.366718394838542
424 -1.365845492136436
425 -1.365951598475032
426 -1.364849586669346
427 -1.365082167902454
428 -1.363739163128223
429 -1.363747936096417
430 -1.362618387121739
431 -1.362464102884191
432 -1.361090684583021
433 -1.361117153629959
434 -1.359533247293591
435 -1.359302646696647
436 -1.35801203048455
437 -1.357667635370507
438 -1.356125172772446
439 -1.356031337119636
440 -1.354329464153504
441 -1.354008811067262
442 -1.352642228523459
443 -1.352248684747898
444 -1.350686210076391
445 -1.35079496399764
446 -1.34886246269399
447 -1.348549647947719
448 -1.347177647517865
449 -1.346843277035256
450 -1.345295926669097
451 -1.345247878015156
452 -1.34362004633745
453 -1.343398057641926
454 -1.342162578110989
455 -1.341971300928681
456 -1.34059031604102
457 -1.340740751031896
458 -1.339324806174315
459 -1.339354479115014
460 -1.338358678438958
461 -1.338450273485712
462 -1.337357244869158
463 -1.337788647795931
464 -1.336666429210866
465 -1.337158623013297
466 -1.336210737080002
467 -1.33687633273197
468 -1.335987062888577
469 -1.336814490755476
470 -1.33605632086601
471 -1.336965564599142
472 -1.33633488469804
473 -1.337424270889825
474 -1.336899302058323
475 -1.338003136299127
476 -1.33795014779479
477 -1.338982398366259
478 -1.339015643378801
479 -1.340396533185919
480 -1.340370164491807
481 -1.342024476206899
482 -1.342078998043593
483 -1.343866572506268
484 -1.344076948112521
485 -1.346044053275592
486 -1.346348980954607
487 -1.34846828475951
488 -1.348889998747403
489 -1.351008135231913
490 -1.351897900914842
491 -1.353929281091148
492 -1.354869377850513
493 -1.357231935064109
494 -1.358067652355668
495 -1.360697801522677
496 -1.361538450246434
497 -1.364163504514674
498 -1.365378503467839
499 -1.368025805411027
500 -1.369126339942381
501 -1.372133138849873
502 -1.373148273426561
503 -1.376169792845419
504 -1.377342031843261
505 -1.380445525274532
506 -1.381581245992531
507 -1.384850368354926
508 -1.385958241580619
509 -1.389084849249531
510 -1.390640402366484
511 -1.393510951750208
512 -1.395010178103878
513 -1.398138170529205
514 -1.399361199380846
515 -1.402635506361253
516 -1.403806857493584
517 -1.406827925643253
518 -1.408034140736368
519 -1.411252376983305
520 -1.412593411956811
521 -1.415576089972183
522 -1.416637407070934
523 -1.419692339977118
524 -1.420640924428337
525 -1.423430880765252
526 -1.424680083051886
527 -1.427086411046074
528 -1.428203845875333
529 -1.430628119366581
530 -1.431373852892918
531 -1.433861167788153
532 -1.434422186592517
533 -1.436505257133936
534 -1.437342081994085
535 -1.439037317916735
536 -1.439703618676316
537 -1.441336605231578
538 -1.441674319165698
539 -1.443341903628535
540 -1.443319267818625
541 -1.444687067924936
542 -1.444892045873254
543 -1.445824258900566
544 -1.445774070793151
545 -1.446714695358994
546 -1.446236634148283
547 -1.447206998094063
548 -1.446395997555892
549 -1.446955940029756
550 -1.446355308070762
551 -1.446470841730695
552 -1.44557879703117
553 -1.445748572575684
554 -1.444441430665087
555 -1.444622478751609
556 -1.442990225174595
557 -1.442818258924684
558 -1.4413807310922
559 -1.440820224957667
560 -1.43920330440517
561 -1.438569885566478
562 -1.436615442242806
563 -1.436017066660646
564 -1.433735691915758
565 -1.432881235817942
566 -1.430808265571156
567 -1.429604426769825
568 -1.427362408100695
569 -1.426178680974903
570 -1.423636973716811
571 -1.422540922031914
572 -1.419808445244966
573 -1.418429544106838
574 -1.415995366294244
575 -1.414361255889313
576 -1.412042482708789
577 -1.410290081708339
578 -1.40744682758767
579 -1.406031098119639
580 -1.403068457048944
581 -1.401472842177963
582 -1.398836285918875
583 -1.397052131924331
584 -1.394306409249274
585 -1.392759688046622
586 -1.389820523275458
587 -1.388374579723628
588 -1.385453419775884
589 -1.384046204766173
590 -1.381179487712339
591 -1.379869311219635
592 -1.377030857497195
593 -1.375674305991518
594 -1.37322185369025
595 -1.371784973299537
596 -1.369328513791238
597 -1.368224878055269
598 -1.365673919256023
599 -1.364728952280074
600 -1.362294300998128
601 -1.361482986550422
602 -1.359165865086637
603 -1.358532088700514
604 -1.356316024397266
605 -1.355837265360301
606 -1.353765147446061
607 -1.353455328477494
608 -1.351534430588839
609 -1.351413426616933
610 -1.349651770299376
611 -1.349730776068161
612 -1.348142403696278
613 -1.348423944031383
614 -1.347013620000358
615 -1.347504616800499
616 -1.346274252375707
617 -1.34682546254484
618 -1.346141321067116
619 -1.346650534693146
620 -1.346119990941436
621 -1.347013227546611
622 -1.346459888644178
623 -1.347723763250421
624 -1.347269228922652
625 -1.348593454782208
626 -1.348677277753339
627 -1.350082738728098
628 -1.350200792333069
629 -1.352102194657375
630 -1.352150076977921
631 -1.354336866520366
632 -1.354548749726243
633 -1.356943137838922
634 -1.357363628547973
635 -1.35990451079292
636 -1.360493900283832
637 -1.363098892531548
638 -1.364126514348518
639 -1.366761515137842
640 -1.367846981226352
641 -1.3708163389741
642 -1.371915492552312
643 -1.375085393653417
644 -1.376259187908972
645 -1.379645183790851
646 -1.380910026896978
647 -1.384419190811811
648 -1.385844242001325
649 -1.389419944882086
650 -1.390919804348409
651 -1.394657853779778
652 -1.396193859739066
653 -1.399829545634778
654 -1.40186020708873
655 -1.405271507410589
656 -1.407263846644039
657 -1.410988256495635
658 -1.412748562598146
659 -1.416604180926799
660 -1.418375693854705
661 -1.42203475470824
662 -1.424151420300327
663 -1.427678411175678
664 -1.429630116227189
665 -1.433359542027123
666 -1.435107836368493
667 -1.438837698339889
668 -1.440141635936479
669 -1.444151239109141
670 -1.446041944058851
671 -1.449283245760504
672 -1.451069626041367
673 -1.454424862249931
674 -1.455871648639529
675 -1.459322400391533
676 -1.460540104201715
677 -1.463673862248398
678 -1.465234064608287
679 -1.467949680371664
680 -1.469283702263769
681 -1.472064598898641
682 -1.472949225935225
683 -1.475888302735783
684 -1.476354747049235
685 -1.478987030955651
686 -1.479655389474325
687 -1.481837526762576
688 -1.482266145679454
689 -1.484398842603366
690 -1.484412604844647
691 -1.486557327412674
692 -1.486223215725505
693 -1.487966082088106
694 -1.487817776017489
695 -1.489126366706982
696 -1.488730742108715
697 -1.489965809357195
698 -1.489129703561145
699 -1.490419242313278
700 -1.489165619069408
701 -1.490090331602083
702 -1.489022604774175
703 -1.489431958429286
704 -1.488120407486529
705 -1.488488826234047
706 -1.486743996965635
707 -1.487143624090507
708 -1.485045091537575
709 -1.485029569231723
710 -1.483112647487399
711 -1.482683036582101
712 -1.480545579439993
713 -1.480077294827841
714 -1.477563256329401
715 -1.47713552426747
716 -1.47430330360005
717 -1.473540583835858
718 -1.47092374156294
719 -1.469788513118558
720 -1.466990181640889
721 -1.465870675130583
722 -1.462753717515344
723 -1.461677690033994
724 -1.458291402447874
725 -1.456938528626806
726 -1.453827429261071
727 -1.452121738542477
728 -1.448879558774639
729 -1.447509862609635
730 -1.443721366781358
731 -1.442267174013194
732 -1.438500892533911
733 -1.436840287771851
734 -1.433419034658313
735 -1.431504735972752
736 -1.428020160855685
737 -1.426270240744174
738 -1.422578747525222
739 -1.421003569394537
740 -1.417211907256063
741 -1.415474955623284
742 -1.412058203732147
743 -1.410165015634404
744 -1.406671241430255
745 -1.405038903514294
746 -1.401374120742205
747 -1.399890735337918
748 -1.396252393149394
749 -1.394814612116589
750 -1.391264458358079
751 -1.389967031707677
752 -1.386454700595272
753 -1.38528982853741
754 -1.381874566431814
755 -1.380827427294266
756 -1.377541752664757
757 -1.376643935582769
758 -1.37347270552057
759 -1.37274576119123
760 -1.369702287149852
761 -1.36914138415719
762 -1.366246515547786
763 -1.365843241190861
764 -1.363100109610937
765 -1.36272607503904
766 -1.360490469517838
767 -1.360054123803182
768 -1.357944141239761
769 -1.357859680372988
770 -1.355715047047118
771 -1.356002634295181
772 -1.353923885191685
773 -1.354251225792932
774 -1.352707224292163
775 -1.353106029728209
776 -1.351633714291604
777 -1.352496386344133
778 -1.351038073769069
779 -1.352117244365614
780 -1.350896359730274
781 -1.352200160046669
782 -1.351150327525905
783 -1.352674773817254
784 -1.351782554730827
785 -1.353339304445774
786 -1.352969917241282
787 -1.354529643495434
788 -1.354249213675803
789 -1.356242297192584
790 -1.355934639366849
791 -1.358158950464317
792 -1.358033623648035
793 -1.360450856214621
794 -1.360492342707242
795 -1.363120303386625
796 -1.363293126942328
797 -1.365948095936
798 -1.366612106921621
799 -1.36922741769294
800 -1.369933490066956
801 -1.372946722104976
802 -1.373576931651063
803 -1.376771363848066
804 -1.377540822822288
805 -1.380869236684196
806 -1.381751893658398
807 -1.385224326959335
808 -1.386190271690484
809 -1.389770373549904
810 -1.39083435593017
811 -1.394510717498897
812 -1.395655436420044
813 -1.399415809178691
814 -1.400628322151807
815 -1.404302205605281
816 -1.405938369204529
817 -1.40943729561777
818 -1.411047829191169
819 -1.414809334722427
820 -1.416230598667893
821 -1.420118879171206
822 -1.421510763082194
823 -1.425244166696105
824 -1.42698051894102
825 -1.430526841760279
826 -1.432125188011562
827 -1.435899502188813
828 -1.437245508525822
829 -1.441039065034904
830 -1.442337016185176
831 -1.44558091867356
832 -1.447604474999201
833 -1.450934818987747
834 -1.452318469768046
835 -1.455824021415477
836 -1.456957890904524
837 -1.460526124998895
838 -1.461512203379334
839 -1.464833002948614
840 -1.466137507408896
841 -1.46907203350762
842 -1.470235417442403
843 -1.473185349826083
844 -1.474004823986399
845 -1.477089807514361
846 -1.477573704218423
847 -1.480361630767349
848 -1.481096562107271
849 -1.483497973946172
850 -1.484027118338507
851 -1.48644862128108
852 -1.486602275530609
853 -1.489066031291285
854 -1.488920831703711
855 -1.491038894614606
856 -1.4911177843306
857 -1.492821967871758
858 -1.492694316567011
859 -1.494371895468643
860 -1.493859718183785
861 -1.495610336564361
862 -1.494748200805738
863 -1.496159626135092
864 -1.495508428560666
865 -1.496492082127924
866 -1.495629350758026
867 -1.496582067422399
868 -1.495327545565746
869 -1.496334087800455
870 -1.494739324274191
871 -1.495404778375582
872 -1.494023455466535
873 -1.494260420127934
874 -1.492691548430563
875 -1.492900932586106
876 -1.490965603025855
877 -1.491254612630526
878 -1.488993955640151
879 -1.488980683348041
880 -1.486958197995225
881 -1.486558640170602
882 -1.484383675920612
883 -1.483997625923914
884 -1.481491940812456
885 -1.48121157326467
886 -1.478420620844836
887 -1.477858697119493
888 -1.475335239984249
889 -1.474417140078041
890 -1.471770177408118
891 -1.470896361951457
892 -1.467953937373041
893 -1.467473084885066
894 -1.464047648438139
895 -1.463053567385116
896 -1.460174618395565
897 -1.458889852103525
898 -1.455927147622281
899 -1.454732842781459
900 -1.45153562615009
901 -1.450519381477193
902 -1.447147852583197
903 -1.445937015263882
904 -1.442932470017332
905 -1.441497188734089
906 -1.438423518392984
907 -1.437171330898604
908 -1.433895382991877
909 -1.432792279500392
910 -1.429435802205735
911 -1.428191975806326
912 -1.42517605642804
913 -1.423812548869751
914 -1.420706036052943
915 -1.419608631762457
916 -1.416339060654719
917 -1.41533989304399
918 -1.412122380859449
919 -1.411199460858935
920 -1.408033136526768
921 -1.407231765651906
922 -1.40410690915464
923 -1.403406057932527
924 -1.400365763641704
925 -1.399776981943765
926 -1.396825378406259
927 -1.396362123901656
928 -1.393503587386695
929 -1.393162667382094
930 -1.390402462059926
931 -1.390186921572866
932 -1.387532115194422
933 -1.387295093410632
934 -1.385114703280301
935 -1.384755518337678
936 -1.382655771750062
937 -1.382589003911654
938 -1.380404674900874
939 -1.380682521017468
940 -1.378502272771128
941 -1.37875803432628
942 -1.377080916443158
943 -1.37734878368264
944 -1.375699015289296
945 -1.376375399889377
946 -1.374685083402953
947 -1.375540171551213
948 -1.374025646931734
949 -1.375052863493972
950 -1.373660522324464
951 -1.374861334616048
952 -1.373584944911096
953 -1.374781561371992
954 -1.373986745113698
955 -1.375124428677413
956 -1.374377260724167
957 -1.37589220932406
958 -1.375082904345856
959 -1.376787780539219
960 -1.37612051502222
961 -1.377970776815271
962 -1.377428333955582
963 -1.379444266070239
964 -1.378996097164944
965 -1.381148011064969
966 -1.380824512105887
967 -1.383108562544326
968 -1.382896875969588
969 -1.385310599444235
970 -1.385201862330213
971 -1.387735350520976
972 -1.387728341578962
973 -1.390215545238163
974 -1.390678094199738
975 -1.39302705489999
976 -1.393510909082743
977 -1.396180846016309
978 -1.396530855269017
979 -1.399385699542178
980 -1.399779578089499
981 -1.402698743242909
982 -1.403182236378644
983 -1.406201981115707
984 -1.406718827293948
985 -1.409806937324871
986 -1.41037313229007
987 -1.413364722320562
988 -1.414317811168352
989 -1.417144542268673
990 -1.418033306364965
991 -1.421135322345684
992 -1.421823343994916
993 -1.425015949696615
994 -1.425699922820066
995 -1.428754442680953
996 -1.429774447064175
997 -1.432650852548667
998 -1.433542381534153
999 -1.436657339198989
1000 -1.437313410607758
1001 -1.440469260865295
1002 -1.441109597347535
1003 -1.444109240263983
1004 -1.445064492093561
1005 -1.447850007910162
1006 -1.448675592149099
1007 -1.451652437389046
1008 -1.451851064030115
1009 -1.455307942375752
1010 -1.455747743472259
1011 -1.458511955242904
1012 -1.459270545681991
1013 -1.461774060565621
1014 -1.462395013735546
1015 -1.464984086379287
1016 -1.465287871554816
1017 -1.467987388739688
1018 -1.46806206015732
1019 -1.470484620695054
1020 -1.470872342293117
1021 -1.472939850994032
1022 -1.473183082545735
1023 -1.47530652851665
1024 -1.475225451328431
1025 -1.477478900324573
1026 -1.477137525325798
1027 -1.479104494717827
1028 -1.479059237576642
1029 -1.480682425231822
1030 -1.480473875404294
1031 -1.482150660435637
1032 -1.481610123167277
1033 -1.483378076035107
1034 -1.482570234783228
1035 -1.484035217302362
1036 -1.483488619284898
1037 -1.484586462314553
1038 -1.483865988326839
1039 -1.484984069448388
1040 -1.483927605271003
1041 -1.485152639673952
1042 -1.48381402834773
1043 -1.484749118875065
1044 -1.483682285458287
1045 -1.484269538298698
1046 -1.483058905030529
1047 -1.483685808412408
1048 -1.482167204400647
1049 -1.482925708498467
1050 -1.481133014420976
1051 -1.481624599708626
1052 -1.480111978880946
1053 -1.480259686441768
1054 -1.478612993097501
1055 -1.478810117480444
1056 -1.47685856079919
1057 -1.477187029057645
1058 -1.474981534883126
1059 -1.475056187760903
1060 -1.473403020043555
1061 -1.472917385362405
1062 -1.470890790996907
1063 -1.470711145858419
1064 -1.468433360275087
1065 -1.468408528746332
1066 -1.465918492472169
1067 -1.465665095506394
1068 -1.463505412211967
1069 -1.462980942036752
1070 -1.4607312505567
1071 -1.460325941430396
1072 -1.457831615414451
1073 -1.457578098253338
1074 -1.454920624149491
1075 -1.454463778093108
1076 -1.452165372989251
1077 -1.451454712024073
1078 -1.449081403650023
1079 -1.448518302607737
1080 -1.445917795421172
1081 -1.445538109265859
1082 -1.442802854393102
1083 -1.44225834869256
1084 -1.43987384701465
1085 -1.439178925604184
1086 -1.43669982251297
1087 -1.436247485231525
1088 -1.433584153552263
1089 -1.433236745840542
1090 -1.430579062865079
1091 -1.430272799713799
1092 -1.42764676696604
1093 -1.427423666757297
1094 -1.42479397991585
1095 -1.424479082854492
1096 -1.42222624506371
1097 -1.421751569530216
1098 -1.419473029070851
1099 -1.419256273123447
1100 -1.416822942842979
1101 -1.416789666484326
1102 -1.414356668116769
1103 -1.414371364536217
1104 -1.412015505473236
1105 -1.412137702259609
1106 -1.40981273183559
1107 -1.41002146350554
1108 -1.40776434093185
1109 -1.408059161792818
1110 -1.405883991236699
1111 -1.406281468063781
1112 -1.404185887613306
1113 -1.404534801414803
1114 -1.402893601227494
1115 -1.403097685333299
1116 -1.401502932234587
1117 -1.401991286350837
1118 -1.400280689856808
1119 -1.401020804943196
1120 -1.399317333348958
1121 -1.400129470663872
1122 -1.398551464755494
1123 -1.399496254314685
1124 -1.397974646808596
1125 -1.399030572625384
1126 -1.397596374572005
1127 -1.398750339479396
1128 -1.39741612760519
1129 -1.398677252117961
1130 -1.397435189419082
1131 -1.398800838252459
1132 -1.397655491671191
1133 -1.398966864597423
1134 -1.398288407853359
1135 -1.399454362688466
1136 -1.398815540428499
1137 -1.400279854527448
1138 -1.399515976474991
1139 -1.401209521151173
1140 -1.400466838204532
1141 -1.402225402173465
1142 -1.401592023624497
1143 -1.403472747983321
1144 -1.402882823004175
1145 -1.404859355016284
1146 -1.404344169164635
1147 -1.406397159057398
1148 -1.405964282379122
1149 -1.40809750460734
1150 -1.407735044019745
1151 -1.40978958172828
1152 -1.409861583585273
1153 -1.411738175599283
1154 -1.411816305006772
1155 -1.413965753738786
1156 -1.413901132653489
1157 -1.416174217162073
1158 -1.416156693457725
1159 -1.418422362046866
1160 -1.418522992144635
1161 -1.420811709052222
1162 -1.42092864470901
1163 -1.423144006891943
1164 -1.423586506158741
1165 -1.42567606375582
1166 -1.426055115533981
1167 -1.428372500116161
1168 -1.428623154976537
1169 -1.431020435155434
1170 -1.431235724684891
1171 -1.433580085679034
1172 -1.434116859582203
1173 -1.436252164960846
1174 -1.436752004306642
1175 -1.439097818298208
1176 -1.439339550630669
1177 -1.441807289937316
1178 -1.441992835359753
1179 -1.444255485417516
1180 -1.444812675140342
1181 -1.44685195675544
1182 -1.447233864276452
1183 -1.449528680255954
1184 -1.449632440446138
1185 -1.451960123305929
1186 -1.451985810115404
1187 -1.454177927511628
1188 -1.454457528990929
1189 -1.456428127918057
1190 -1.456554815239817
1191 -1.458717912845416
1192 -1.458561132585924
1193 -1.46082798501373
1194 -1.460175021003556
1195 -1.462643937311039
1196 -1.462691846374129
1197 -1.464375739806288
1198 -1.464312757371973
1199 -1.466139233787843
1200 -1.465788050498876
1201 -1.467769324864709
1202 -1.467177758237282
1203 -1.468903918830605
1204 -1.468635644022653
1205 -1.470054581032299
1206 -1.469639029017642
1207 -1.471163644197784
1208 -1.470448120263819
1209 -1.472078962028249
1210 -1.47116505364293
1211 -1.472552983378894
1212 -1.471951037862281
1213 -1.473035546458712
1214 -1.472305522355654
1215 -1.473490123676159
1216 -1.472470407840172
1217 -1.473779710347734
1218 -1.472548461282329
1219 -1.473603178256446
1220 -1.472672214480178
1221 -1.473416497999567
1222 -1.472352168325744
1223 -1.473429439468585
1224 -1.471839566126917
1225 -1.472782832258813
1226 -1.471214093997322
1227 -1.471925411393446
1228 -1.470673159576632
1229 -1.47109694491255
1230 -1.469729776192694
1231 -1.470262714907355
1232 -1.468627831328526
1233 -1.469300426988829
1234 -1.467478574684937
1235 -1.46792337506465
1236 -1.466427378982206
1237 -1.466597559895105
1238 -1.464991670436513
1239 -1.465277672674344
1240 -1.46340890257141
1241 -1.463836317736983
1242 -1.461787599898601
1243 -1.461995029378709
1244 -1.460288150414022
1245 -1.460234617519376
1246 -1.458425206462314
1247 -1.458524036646502
1248 -1.456473110131804
1249 -1.456718914126865
1250 -1.454542603420968
1251 -1.454613744239158
1252 -1.452781698911186
1253 -1.452654447798037
1254 -1.450719074821551
1255 -1.450793009051912
1256 -1.44863366481369
1257 -1.448794513523322
1258 -1.446580554446416
1259 -1.446592459316721
1260 -1.444689331038555
1261 -1.44454029554647
1262 -1.442526406202815
1263 -1.442610845851778
1264 -1.440397245222569
1265 -1.440547125198701
1266 -1.438338850848993
1267 -1.438508061947168
1268 -1.436310459151767
1269 -1.436539668810944
1270 -1.434325571743565
1271 -1.434438065915745
1272 -1.432596715266468
1273 -1.432521811435726
1274 -1.430646583835719
1275 -1.430800678620755
1276 -1.428748018996602
1277 -1.429084450808758
1278 -1.426990221562853
1279 -1.427343736717763
1280 -1.42531957306049
1281 -1.425755715810577
1282 -1.423735590192317
1283 -1.424233427169752
1284 -1.422254231149858
1285 -1.422656522203297
1286 -1.421093117126395
1287 -1.421326261028029
1288 -1.419764337486834
1289 -1.420246267432358
1290 -1.418533375179631
1291 -1.419231346672804
1292 -1.417491744074798
1293 -1.41822889289056
1294 -1.416578880161302
1295 -1.417417172685922
1296 -1.415786894548996
1297 -1.416704283323334
1298 -1.415124920749572
1299 -1.416109788302289
1300 -1.414594868027882
1301 -1.415659501418759
1302 -1.414200458267548
1303 -1.415188518553584
1304 -1.414164866484347
1305 -1.414976493089774
1306 -1.413977586174436
1307 -1.41504462080086
1308 -1.413899473332995
1309 -1.415210439305306
1310 -1.414036100523316
1311 -1.415392230839407
1312 -1.414322388488185
1313 -1.415785664997222
1314 -1.414742866340663
1315 -1.416292214064192
1316 -1.415300536294152
1317 -1.416767441541863
1318 -1.416191768523656
1319 -1.417510849873338
1320 -1.416908483020146
1321 -1.418520405205264
1322 -1.417759024617732
1323 -1.419514529159771
1324 -1.418782175937985
1325 -1.420591323813041
1326 -1.419916212421844
1327 -1.421812827529902
1328 -1.421155341344747
1329 -1.423112982557638
1330 -1.422499183283813
1331 -1.42436228630194
1332 -1.42414354410409
1333 -1.425844629498108
1334 -1.425586955392052
1335 -1.427561746212197
1336 -1.427126530033129
1337 -1.429236476029958
1338 -1.428801220237207
1339 -1.430794445300204
1340 -1.430723170344063
1341 -1.432578204032094
1342 -1.432405090661112
1343 -1.434532328238731
1344 -1.434160952224758
1345 -1.436333377116108
1346 -1.435987637048536
1347 -1.438177650254757
1348 -1.437824434180552
1349 -1.439904605316934
1350 -1.43987518775585
1351 -1.441751617011521
1352 -1.441640403657913
1353 -1.443744086811018
1354 -1.443413930079549
1355 -1.445610884432537
1356 -1.445236936566087
1357 -1.44727171781683
1358 -1.447242627643675
1359 -1.449064192686043
1360 -1.44892816736618
1361 -1.450942043799488
1362 -1.450563691012795
1363 -1.452670245105975
1364 -1.452204186439485
1365 -1.454121315296653
1366 -1.453984627817763
1367 -1.455658596067358
1368 -1.455401498814071
1369 -1.457240208614579
1370 -1.456724737185102
1371 -1.458658009555255
1372 -1.458026470879479
1373 -1.459757749881844
1374 -1.459471984689994
1375 -1.460925833460401
1376 -1.460535090657558
1377 -1.462127909392969
1378 -1.461470418913529
1379 -1.463203019732838
1380 -1.46237537275863
1381 -1.463886086247985
1382 -1.463408661915409
1383 -1.464629821829487
1384 -1.46402812993171
1385 -1.46538188227997
1386 -1.464497811672317
1387 -1.465976370022289
1388 -1.464918361656144
1389 -1.466171856933434
1390 -1.465445361892501
1391 -1.466420341923279
1392 -1.46556441557202
1393 -1.466683774470082
1394 -1.465557734448169
1395 -1.466792052535348
1396 -1.46551108172408
1397 -1.466530443215653
1398 -1.465583734889603
1399 -1.46632773327298
1400 -1.465253944683593
1401 -1.466137847019786
1402 -1.464792022603809
1403 -1.465785464973723
1404 -1.464283261569127
1405 -1.465061687891532
1406 -1.463891346115536
1407 -1.464405617756402
1408 -1.463115547129464
1409 -1.463785517948654
1410 -1.462238924464289
1411 -1.463021340818687
1412 -1.461345858420857
1413 -1.461934336403432
1414 -1.460580917521092
1415 -1.460937560150472
1416 -1.459462243620939
1417 -1.45999290243656
1418 -1.458268868977223
1419 -1.458887325620746
1420 -1.457068906749976
1421 -1.457508978636899
1422 -1.456000060658929
1423 -1.456232128836164
1424 -1.454609336155483
1425 -1.455032928204987
1426 -1.453179401556685
1427 -1.453684938213067
1428 -1.451772810944353
1429 -1.452119862763685
1430 -1.450529827144683
1431 -1.450690050160112
1432 -1.448996586955317
1433 -1.449365349428458
1434 -1.447456399976647
1435 -1.447912337817882
1436 -1.445963251811002
1437 -1.44627472484033
1438 -1.44465238981293
1439 -1.444799306635348
1440 -1.443073566836345
1441 -1.443451397367896
1442 -1.441525684344575
1443 -1.441982030338993
1444 -1.440051491428028
1445 -1.44052367848656
1446 -1.438609590242909
1447 -1.439139674462476
1448 -1.43720399348928
1449 -1.437618138365631
1450 -1.436051724944179
1451 -1.43627436271046
1452 -1.434667625232821
1453 -1.435116304075508
1454 -1.433327080902783
1455 -1.433948472183452
1456 -1.432112994477076
1457 -1.432744711185504
1458 -1.430968471297477
1459 -1.431672863722959
1460 -1.429888935550684
1461 -1.430492346812183
1462 -1.429090223916729
1463 -1.429517698556076
1464 -1.428088945048714
1465 -1.428766601264731
1466 -1.427170607720728
1467 -1.428026605261143
1468 -1.426410973232358
1469 -1.42729997957114
1470 -1.425752882580078
1471 -1.426728848213
1472 -1.425190798296253
1473 -1.426228770722961
1474 -1.424731154660869
1475 -1.425670534874548
1476 -1.42458569006185
1477 -1.425348817495845
1478 -1.424258522754493
1479 -1.425268935736471
1480 -1.424016770809122
1481 -1.425237863799974
1482 -1.423953085817596
1483 -1.425205165751481
1484 -1.424000221092147
1485 -1.425338291220009
1486 -1.424143407836384
1487 -1.425543852035743
1488 -1.424387141166468
1489 -1.425686508820698
1490 -1.424935965856816
1491 -1.426069089272782
1492 -1.425295439649809
1493 -1.426697455102441
1494 -1.425758629411778
1495 -1.427328255582619
1496 -1.426390048132919
1497 -1.427997366435132
1498 -1.427122373459242
1499 -1.428808963897989
1500 -1.427941932178684
1501 -1.429679641428398
1502 -1.428843694498987
1503 -1.430470396089958
1504 -1.430023196165541
1505 -1.431466967494032
1506 -1.43097765583737
1507 -1.432672488424618
1508 -1.431997599124063
1509 -1.433843812854312
1510 -1.433146292208794
1511 -1.434867883844404
1512 -1.434543710224042
1513 -1.436129135447236
1514 -1.435708691739955
1515 -1.43756867016155
1516 -1.436958298577597
1517 -1.438871367150872
1518 -1.438292146583239
1519 -1.440227626313887
1520 -1.439645930784813
1521 -1.441624387884974
1522 -1.441016199756352
1523 -1.442852332848467
1524 -1.442606566868404
1525 -1.444215876643847
1526 -1.443904466866718
1527 -1.445714559431983
1528 -1.445182299258296
1529 -1.447140213553246
1530 -1.446520362333644
1531 -1.448304082486141
1532 -1.448050746172316
1533 -1.44962782951776
1534 -1.449267559383291
1535 -1.451046125862603
1536 -1.450451922229115
1537 -1.452326116412727
1538 -1.451661818047571
1539 -1.453361976569763
1540 -1.453027240414835
1541 -1.454513491650942
1542 -1.454059413732893
1543 -1.455737106910056
1544 -1.455037421381733
1545 -1.45678961526007
1546 -1.45601092717902
1547 -1.45757821591293
1548 -1.457118440046004
1549 -1.458444811527424
1550 -1.457868119810843
1551 -1.459364004367806
1552 -1.458532280380719
1553 -1.46012617566356
1554 -1.459184212284184
1555 -1.460584249582399
1556 -1.459983892151415
1557 -1.461122978165186
1558 -1.460416548023645
1559 -1.461709085260369
1560 -1.460742518513364
1561 -1.462161623856046
1562 -1.461048477646458
1563 -1.462257111057362
1564 -1.461491023599264
1565 -1.462434338938744
1566 -1.461546216073028
1567 -1.46264443752088
1568 -1.46149412682879
1569 -1.462709363024129
1570 -1.461423383140094
1571 -1.462438558128453
1572 -1.461482479788429
1573 -1.462258124051167
1574 -1.461178024521193
1575 -1.462123020264637
1576 -1.460787021004512
1577 -1.461821497381119
1578 -1.460377867752322
1579 -1.461221481104597
1580 -1.460090644866875
1581 -1.460704628522732
1582 -1.459454289587804
1583 -1.460242716595167
1584 -1.458745780202761
1585 -1.459624684237042
1586 -1.458035586299459
1587 -1.458733735278183
1588 -1.457467685575945
1589 -1.457943886896961
1590 -1.456569318653924
1591 -1.457223776936754
1592 -1.455610232242397
1593 -1.456367387568296
1594 -1.454665002864116
1595 -1.455248120787845
1596 -1.453874490658119
1597 -1.454254310864653
1598 -1.452775331434098
1599 -1.453350309134357
1600 -1.451646724723362
1601 -1.452321399794733
1602 -1.450556537662967
1603 -1.451073962242789
1604 -1.449639729661565
1605 -1.449978625864038
1606 -1.448437113698204
1607 -1.448994173098995
1608 -1.447241019228368
1609 -1.447877354572538
1610 -1.446098433850435
1611 -1.446731157810231
1612 -1.444960701458822
1613 -1.445633795290534
1614 -1.443825637270459
1615 -1.444364156217152
1616 -1.442912921058736
1617 -1.4432403436356
1618 -1.441731067400971
1619 -1.442267822737941
1620 -1.44056031388489
1621 -1.441264377116992
1622 -1.439491899857075
1623 -1.440055915226122
1624 -1.438658736333149
1625 -1.439080985782237
1626 -1.43759233163446
1627 -1.438275259473126
1628 -1.436605263539399
1629 -1.43736777649891
1630 -1.435723375372908
1631 -1.436525862308902
1632 -1.434898394181424
1633 -1.435772013720465
1634 -1.434136995084182
1635 -1.434901221933012
1636 -1.433641634850913
1637 -1.434231317389366
1638 -1.432927327347816
1639 -1.433764788881694
1640 -1.432283402974875
1641 -1.433273325219807
1642 -1.43177494230714
1643 -1.432790735823626
1644 -1.431346361520785
1645 -1.432437454381433
1646 -1.430993665895537
1647 -1.431983689042627
1648 -1.430925753325467
1649 -1.431742448196971
1650 -1.43065131581314
1651 -1.43172488695131
1652 -1.430463713933399
1653 -1.431694899963656
1654 -1.430425987029601
1655 -1.431687357327318
1656 -1.430478553323954
1657 -1.431816443390398
1658 -1.430613481530704
1659 -1.431851979208881
1660 -1.431031978967563
1661 -1.432101082761712
1662 -1.431238332774594
1663 -1.432570696915323
1664 -1.431530483838323
1665 -1.432991931497093
1666 -1.431956591022745
1667 -1.433448627647384
1668 -1.432456659249548
1669 -1.434016480728282
1670 -1.433027087068181
1671 -1.434479211844139
1672 -1.43387046657763
1673 -1.435147567204632
1674 -1.434487541672491
1675 -1.436025199693211
1676 -1.435179900639096
1677 -1.436841287965491
1678 -1.435990578057557
1679 -1.437667452802181
1680 -1.436852467711368
1681 -1.438583823070623
1682 -1.437755074988094
1683 -1.439363711763613
1684 -1.438902072809921
1685 -1.440308333255711
1686 -1.43978759609921
1687 -1.441424225105432
1688 -1.440699350092369
1689 -1.4424713633695
1690 -1.441700895882051
1691 -1.443325706899579
1692 -1.442918458859328
1693 -1.444372905514402
1694 -1.443863684189561
1695 -1.44555704839445
1696 -1.444835801178987
1697 -1.446603265959322
1698 -1.445864516812032
1699 -1.447488485702832
1700 -1.447077446117624
1701 -1.448521533668004
1702 -1.447997012845862
1703 -1.449665576119022
1704 -1.448918656704021
1705 -1.450654071043543
1706 -1.449871602117251
1707 -1.451446353681865
1708 -1.450989048022058
1709 -1.452361527335555
1710 -1.451790241128882
1711 -1.453367042817392
1712 -1.452561478855523
1713 -1.454216209943558
1714 -1.453352420754904
1715 -1.454837830533357
1716 -1.454298160510424
1717 -1.455567166380479
1718 -1.454916232041122
1719 -1.456369194874207
1720 -1.455475856814533
1721 -1.457022172373025
1722 -1.456038977884538
1723 -1.457399583912668
1724 -1.456747668236041
1725 -1.457876272450218
1726 -1.457114672207022
1727 -1.458414935172911
1728 -1.457407148412631
1729 -1.458817313522006
1730 -1.457701113567216
1731 -1.458920129290987
1732 -1.458141162953153
1733 -1.459122689558767
1734 -1.458232180675305
1735 -1.459381341292898
1736 -1.458241646410482
1737 -1.459502266778722
1738 -1.458248001283174
1739 -1.459319315075621
1740 -1.458402629291086
1741 -1.459240638423755
1742 -1.458205578211261
1743 -1.459221068834398
1744 -1.457942304721334
1745 -1.459057673672834
1746 -1.457679306083916
1747 -1.458610012177382
1748 -1.457557025572597
1749 -1.458267405828658
1750 -1.457099289387806
1751 -1.457991545011908
1752 -1.456582735092591
1753 -1.457568145561469
1754 -1.456075653844241
1755 -1.456885380043871
1756 -1.455717619926761
1757 -1.45631788755241
1758 -1.455039932768661
1759 -1.455831205093383
1760 -1.45432092904725
1761 -1.455206557838375
1762 -1.453626095225692
1763 -1.454345719127341
1764 -1.453092982230835
1765 -1.45361573956762
1766 -1.452256432316168
1767 -1.452979567222502
1768 -1.451395894400699
1769 -1.452213029544116
1770 -1.450572384897271
1771 -1.451235038032122
1772 -1.449923703608018
1773 -1.450399111784729
1774 -1.448987780317662
1775 -1.449679093508444
1776 -1.448054766585326
1777 -1.448837844957157
1778 -1.447174439673235
1779 -1.447817022263344
1780 -1.446488680564986
1781 -1.446967115902564
1782 -1.445536533175755
1783 -1.446249210771924
1784 -1.444617097722698
1785 -1.445408428576091
1786 -1.44376921577432
1787 -1.444569978784785
1788 -1.442942141213783
1789 -1.443794105194395
1790 -1.442140161821324
1791 -1.44286527888081
1792 -1.441571931369282
1793 -1.442096838277545
1794 -1.440749739783861
1795 -1.441496310547561
1796 -1.439954818543287
1797 -1.440854886202011
1798 -1.439265186686057
1799 -1.440031042768699
1800 -1.438809799279413
1801 -1.439437286196857
1802 -1.438120846358291
1803 -1.43901448938358
1804 -1.437516549608931
1805 -1.438477744155471
1806 -1.437013409889476
1807 -1.438015604396409
1808 -1.436563689747154
1809 -1.437632929274649
1810 -1.436174754684846
1811 -1.437131406385917
1812 -1.436046917635464
1813 -1.436827996769881
1814 -1.435693212145934
1815 -1.436723329170622
1816 -1.435407350091819
1817 -1.436574150317059
1818 -1.435245164098162
1819 -1.436432275662931
1820 -1.435148564725488
1821 -1.436401718703741
1822 -1.435112752890469
1823 -1.436255832932642
1824 -1.435343766521375
1825 -1.436304129928413
1826 -1.435348751983149
1827 -1.436556699346264
1828 -1.43541838271735
1829 -1.436768321557972
1830 -1.435614497588883
1831 -1.436984113050541
1832 -1.435875460368035
1833 -1.437307678696263
1834 -1.436193491197082
1835 -1.437512227775583
1836 -1.436772388830454
1837 -1.437903268622929
1838 -1.437114792312414
1839 -1.438488299505149
1840 -1.437509055306953
1841 -1.439019541520155
1842 -1.438015998538656
1843 -1.439534742321961
1844 -1.438571326767749
1845 -1.440143766189059
1846 -1.439165239127933
1847 -1.440616234363726
1848 -1.440003869615694
1849 -1.441253376871294
1850 -1.440586702664204
1851 -1.442063955826321
1852 -1.441194946290806
1853 -1.442811362011828
1854 -1.441895993535705
1855 -1.44336743999678
1856 -1.44281371199968
1857 -1.444121876344414
1858 -1.443463892151469
1859 -1.445016780878727
1860 -1.444153237173384
1861 -1.445777458793617
1862 -1.444905731725356
1863 -1.44639158217312
1864 -1.445850193932511
1865 -1.44716769313194
1866 -1.446513995353046
1867 -1.448067432862455
1868 -1.447199482660677
1869 -1.448815247091112
1870 -1.447929126547812
1871 -1.44939649484803
1872 -1.448834569458167
1873 -1.450116654780253
1874 -1.449441250259667
1875 -1.450942716931001
1876 -1.450044213969437
1877 -1.451618270720449
1878 -1.45068022206917
1879 -1.452094219162998
1880 -1.451483259749016
1881 -1.452698263153972
1882 -1.451977886279743
1883 -1.453394190858047
1884 -1.452443007736537
1885 -1.453946623398156
1886 -1.452931736680803
1887 -1.454264368335475
1888 -1.453578638782673
1889 -1.454702767891767
1890 -1.453905770293496
1891 -1.455221928842441
1892 -1.454189128329083
1893 -1.455597036571134
1894 -1.454488852657374
1895 -1.455720674034878
1896 -1.454941483348258
1897 -1.455959577413048
1898 -1.455069006339366
1899 -1.456274436951508
1900 -1.455146232266835
1901 -1.456447035150941
1902 -1.455237857649836
1903 -1.456361312148113
1904 -1.45548172122631
1905 -1.456390811068335
1906 -1.455400455082148
1907 -1.456496270009464
1908 -1.455268842038195
1909 -1.456461653311701
1910 -1.455153278685323
1911 -1.456170480616091
1912 -1.455191601054911
1913 -1.455998449929034
1914 -1.454909252808946
1915 -1.45590612276146
1916 -1.454582631388702
1917 -1.45567499591194
1918 -1.454274824906389
1919 -1.455197677678582
1920 -1.454130369906355
1921 -1.454847369032806
1922 -1.453668631580694
1923 -1.454584045342243
1924 -1.453174624171732
1925 -1.45418490412268
1926 -1.452716121001935
1927 -1.453560135401508
1928 -1.452418912127549
1929 -1.453071822310813
1930 -1.451822289964544
1931 -1.452682646077305
1932 -1.451215137413641
1933 -1.452164020681251
1934 -1.450643690565704
1935 -1.451439857075593
1936 -1.450251102054922
1937 -1.450864706337314
1938 -1.449572487492087
1939 -1.450400916734376
1940 -1.448893848404783
1941 -1.449812994791577
1942 -1.448267973076985
1943 -1.449041979052094
1944 -1.447830855610739
1945 -1.448432818709328
1946 -1.447120618998509
1947 -1.44794762974724
1948 -1.446427761956535
1949 -1.447342005434166
1950 -1.445798548042465
1951 -1.446577297404073
1952 -1.445368116830807
1953 -1.445986578341708
1954 -1.444676331957823
1955 -1.445533532598775
1956 -1.444023611566719
1957 -1.444957751165401
1958 -1.443445000466493
1959 -1.444390689296824
1960 -1.442889251798219
1961 -1.443886612456226
1962 -1.4423610084596
1963 -1.443231267590057
1964 -1.44206958131854
1965 -1.442738423727587
1966 -1.441525286281523
1967 -1.442415020940137
1968 -1.441007520953314
1969 -1.442055052618705
1970 -1.440595309447432
1971 -1.441504092692989
1972 -1.440416038717754
1973 -1.441180259277192
1974 -1.439996976808727
1975 -1.441019769540119
1976 -1.439649062787173
1977 -1.440744109011758
1978 -1.439394007714333
1979 -1.440518782027808
1980 -1.439180355976311
1981 -1.440365486499662
1982 -1.43901319449168
1983 -1.440077791056803
1984 -1.439095444364799
1985 -1.439971466457682
1986 -1.438936894425967
1987 -1.440048170108183
1988 -1.438824008293931
1989 -1.440079316556523
1990 -1.438822252270118
1991 -1.440083419887082
1992 -1.43887133465838
1993 -1.440190527555375
1994 -1.438962988502781
1995 -1.440163605385603
1996 -1.439305627142458
1997 -1.440309687902284
1998 -1.439403158474553
1999 -1.440639260701642
2000 -1.439538463688142
