"cl-rfile"
"Iteration" "cl"
("Iteration" "cl")
1 -0.02625406551391249
2 -0.08030028242881682
3 -0.1531617925205158
4 -0.2256988679181177
5 -0.3053641735908209
6 -0.3784934240867881
7 -0.4423881981432233
8 -0.4957673594057985
9 -0.5390986266358869
10 -0.5760887635648845
11 -0.6044416263258726
12 -0.6283401714688571
13 -0.6487010783971857
14 -0.668379105877013
15 -0.6865188566925097
16 -0.7065880516178402
17 -0.7263171044924359
18 -0.7487593282097685
19 -0.7711309663514858
20 -0.7959282226964604
21 -0.8204494674126009
22 -0.8457443787068378
23 -0.8710814750809254
24 -0.8963505533138467
25 -0.9215583023721204
26 -0.9462252883803032
27 -0.9706312327865209
28 -0.9941317452921088
29 -1.017219749279439
30 -1.039362221984302
31 -1.06060401543092
32 -1.081108749841527
33 -1.100846448550483
34 -1.119583163625248
35 -1.137162671590487
36 -1.153714685735119
37 -1.16881368770343
38 -1.183681652452949
39 -1.196089416998515
40 -1.208914738180295
41 -1.219144929507932
42 -1.230156361754961
43 -1.238499681605236
44 -1.247960754825654
45 -1.25486601889203
46 -1.26303242009254
47 -1.268870804195046
48 -1.27607984156901
49 -1.281518697344318
50 -1.287586948545985
51 -1.292688390161417
52 -1.297997925764189
53 -1.302411427905277
54 -1.307386983956924
55 -1.31088906393915
56 -1.314678471234073
57 -1.317529109024438
58 -1.320314284795816
59 -1.322321498168799
60 -1.323622315693734
61 -1.324682070543984
62 -1.324673447695144
63 -1.324804573525981
64 -1.324201577242928
65 -1.322910184699204
66 -1.321637031125558
67 -1.319611805878123
68 -1.317748154721478
69 -1.315567242318322
70 -1.312865371096941
71 -1.310473239040514
72 -1.307502987328077
73 -1.304965425382251
74 -1.302111351189402
75 -1.299218915076663
76 -1.29646031988688
77 -1.293433096187093
78 -1.290742789068564
79 -1.288089066624243
80 -1.285200289212693
81 -1.282505390331386
82 -1.279793902880703
83 -1.277030659697753
84 -1.274603013578092
85 -1.271462865549708
86 -1.269156057977885
87 -1.265662160309105
88 -1.26327779959939
89 -1.259974033720435
90 -1.257052350463253
91 -1.253514330673233
92 -1.250442669915677
93 -1.246945244184725
94 -1.243929172544779
95 -1.239890753734401
96 -1.236857881751795
97 -1.232884792225552
98 -1.230117614844682
99 -1.226417053604906
100 -1.223504797643017
101 -1.220288630597458
102 -1.217627307706282
103 -1.2147008912605
104 -1.212646369148944
105 -1.209854182452511
106 -1.208451695123327
107 -1.205878270319649
108 -1.205083883628987
109 -1.203174165026913
110 -1.202429467235377
111 -1.201355764095426
112 -1.201101840139303
113 -1.200329389917631
114 -1.200565822396793
115 -1.200335731324048
116 -1.201110094435298
117 -1.201117491679654
118 -1.202499519750121
119 -1.202684697475526
120 -1.204491817464212
121 -1.205002620946978
122 -1.207207477021911
123 -1.207957978122427
124 -1.21012616224953
125 -1.211167218277183
126 -1.213608075000252
127 -1.214760440478658
128 -1.217279705089526
129 -1.218733821200941
130 -1.221421611515192
131 -1.222859979116963
132 -1.225711271014804
133 -1.227206643263017
134 -1.230113456140805
135 -1.231840113763176
136 -1.234778028222469
137 -1.236375248750673
138 -1.239511680600871
139 -1.241077311777029
140 -1.244118223865541
141 -1.245712864764527
142 -1.248825232281493
143 -1.250305051231235
144 -1.253295239342191
145 -1.254732030091323
146 -1.257636906087829
147 -1.258941696956962
148 -1.261803033360117
149 -1.262937021244455
150 -1.265618428514235
151 -1.266691496278266
152 -1.269166335556797
153 -1.270080492490323
154 -1.272427205276982
155 -1.273146805669269
156 -1.275320755645082
157 -1.275829532757984
158 -1.277819951527319
159 -1.278194761189325
160 -1.280052705711292
161 -1.279833377960949
162 -1.281842131369981
163 -1.28179866964668
164 -1.28314530274064
165 -1.282968953659832
166 -1.284069827558814
167 -1.283714657956114
168 -1.284627854330945
169 -1.284048828149077
170 -1.284773552050423
171 -1.284021958192828
172 -1.284556264873715
173 -1.283666251833092
174 -1.284030983172843
175 -1.283016524410378
176 -1.283226961927841
177 -1.282149402266926
178 -1.2822396679936
179 -1.281096133477098
180 -1.281124849466601
181 -1.279910991415343
182 -1.279904683022761
183 -1.278686483334778
184 -1.278646794441655
185 -1.277434029303081
186 -1.277397288158658
187 -1.276203981746882
188 -1.276195917860026
189 -1.275041148447141
190 -1.275078191303518
191 -1.273975555420692
192 -1.274070264231398
193 -1.273027952574531
194 -1.273184738430603
195 -1.27220030865499
196 -1.27241637025705
197 -1.271485552108372
198 -1.271749867041813
199 -1.271109562655768
200 -1.271168089240248
201 -1.270285937073834
202 -1.270600596311122
203 -1.269732415261924
204 -1.270069430478234
205 -1.269159444346536
206 -1.269520089810819
207 -1.268609196398199
208 -1.268936301595845
209 -1.268008892794487
210 -1.268323444557591
211 -1.267370799600103
212 -1.267667096627829
213 -1.266693792985784
214 -1.266973951493284
215 -1.265980825074988
216 -1.266247464662931
217 -1.265232760958411
218 -1.265485865566471
219 -1.264450207232074
220 -1.264686653929066
221 -1.263633654019124
222 -1.263860688698997
223 -1.262796224332379
224 -1.263025856626825
225 -1.261965022683526
226 -1.262210705512323
227 -1.261176434633506
228 -1.261456078668484
229 -1.26046169672919
230 -1.260795282157656
231 -1.259853307974355
232 -1.260248963416423
233 -1.259371796217748
234 -1.259834786205539
235 -1.259025093237045
236 -1.25956225074711
237 -1.258819110445178
238 -1.259427605003108
239 -1.258753796640618
240 -1.259433121979158
241 -1.25882707664929
242 -1.259582172727506
243 -1.259044749496129
244 -1.259886388947154
245 -1.259408096496929
246 -1.260325288832894
247 -1.259946421849278
248 -1.260938131520498
249 -1.26063434476065
250 -1.261717591682722
251 -1.261467974626582
252 -1.262631727328855
253 -1.262553357824103
254 -1.263613813835335
255 -1.263583890107316
256 -1.264789560049424
257 -1.26474888373201
258 -1.266019875414032
259 -1.265994499308439
260 -1.267307110482667
261 -1.267290303630765
262 -1.268634110195409
263 -1.268620608253255
264 -1.269981801937983
265 -1.26998472844476
266 -1.271351473382546
267 -1.271347160458748
268 -1.272711737555436
269 -1.272717910913787
270 -1.274081329693306
271 -1.27406860228127
272 -1.275430129017719
273 -1.275404427142955
274 -1.276740320579577
275 -1.276738468169537
276 -1.278057634693283
277 -1.27803134757432
278 -1.279341648933031
279 -1.279308903118703
280 -1.280611415454725
281 -1.280551252268205
282 -1.281843011209286
283 -1.281761236079692
284 -1.283020634029784
285 -1.282924238489984
286 -1.28414661497587
287 -1.28400555286634
288 -1.285202567325754
289 -1.285016562290642
290 -1.286156787851122
291 -1.285944372684847
292 -1.28703690268843
293 -1.286770550698073
294 -1.287833922973546
295 -1.28753185704842
296 -1.288545157547317
297 -1.288221743365213
298 -1.289203227330964
299 -1.288833596004206
300 -1.289786327779473
301 -1.289384615959063
302 -1.290281083714319
303 -1.289838778090573
304 -1.290688900965489
305 -1.290178820346645
306 -1.290970776508912
307 -1.290407015202034
308 -1.291126141476976
309 -1.290507796644164
310 -1.291181634409971
311 -1.290502614241775
312 -1.291128708608018
313 -1.290420430043291
314 -1.290995918715556
315 -1.290244424335593
316 -1.290792295188938
317 -1.289986986786943
318 -1.290480275998378
319 -1.289645135386381
320 -1.290078501648375
321 -1.289185952858087
322 -1.289588292125288
323 -1.288634805884532
324 -1.28899555606651
325 -1.288032432500507
326 -1.288345816019334
327 -1.287360856575307
328 -1.287679071377258
329 -1.286662499828249
330 -1.286978540897917
331 -1.28599012709282
332 -1.286277590671758
333 -1.285298085330289
334 -1.285612575062209
335 -1.284597826141282
336 -1.284952749530714
337 -1.283979368673103
338 -1.2843093110719
339 -1.283346671858386
340 -1.28373762128607
341 -1.282810034284335
342 -1.283230482275895
343 -1.282365674794246
344 -1.282848744195714
345 -1.282048673717137
346 -1.282556207140882
347 -1.281824271829946
348 -1.282425940364374
349 -1.281734069249082
350 -1.282388641455909
351 -1.281766068609381
352 -1.28249572957989
353 -1.28192467062524
354 -1.282723747188423
355 -1.282228136496125
356 -1.283130930050412
357 -1.282723695113489
358 -1.283727854476024
359 -1.28340095178058
360 -1.284521730855653
361 -1.284286097551098
362 -1.285535890920708
363 -1.285347383702048
364 -1.286741843219242
365 -1.286575231778135
366 -1.288099365778944
367 -1.288031693879249
368 -1.289576520603953
369 -1.289637365284285
370 -1.291243797988462
371 -1.291333956004749
372 -1.293113014787293
373 -1.293247738924991
374 -1.295064915150359
375 -1.295350247036047
376 -1.297204269847401
377 -1.297575553441413
378 -1.299573787512446
379 -1.299968016611664
380 -1.302027225502547
381 -1.302535818762828
382 -1.304601098885414
383 -1.305200794236787
384 -1.307340184539676
385 -1.307902089066657
386 -1.3101369558017
387 -1.310729466990287
388 -1.312951606822291
389 -1.313666831838706
390 -1.315871973429238
391 -1.316559876773051
392 -1.318890217712942
393 -1.319560584942203
394 -1.321898030941698
395 -1.322640363830308
396 -1.324977128681938
397 -1.3257080111583
398 -1.328083477524717
399 -1.328779430034957
400 -1.33116798890947
401 -1.331870695370847
402 -1.334147108559276
403 -1.334877659930074
404 -1.337109900969268
405 -1.3377169523964
406 -1.340008982318223
407 -1.340526698455007
408 -1.342727615330542
409 -1.343229420021975
410 -1.345404579843523
411 -1.345844562243219
412 -1.347973328043729
413 -1.348347958504161
414 -1.350442591615574
415 -1.350735388796474
416 -1.352804302255278
417 -1.352997310341651
418 -1.354999442332031
419 -1.355128914786412
420 -1.357048081478244
421 -1.357104317487782
422 -1.358927826460119
423 -1.358476656703795
424 -1.360694868183004
425 -1.360490915298358
426 -1.362050614035011
427 -1.361793423530617
428 -1.363281262876137
429 -1.362906795420343
430 -1.364559658508137
431 -1.363827325717718
432 -1.365082303678726
433 -1.36450513946459
434 -1.365658740675879
435 -1.364976756349433
436 -1.366028821246968
437 -1.365228575520385
438 -1.366147433525432
439 -1.365247267363897
440 -1.366039773529717
441 -1.365016596692539
442 -1.365700820822851
443 -1.364544289139344
444 -1.365107184953118
445 -1.363863866755298
446 -1.364304516116002
447 -1.362948882812435
448 -1.363321967960443
449 -1.361871207308726
450 -1.362152206320127
451 -1.360650907817355
452 -1.360839003331983
453 -1.359253266970393
454 -1.359399115750546
455 -1.357729341047202
456 -1.357776927917071
457 -1.356057812133615
458 -1.356018870633668
459 -1.354208600654511
460 -1.354129696258467
461 -1.352240919687262
462 -1.352078657797219
463 -1.350185419610978
464 -1.349985619609817
465 -1.348038554679172
466 -1.347865032251666
467 -1.345906174547993
468 -1.345709518768884
469 -1.343802442631014
470 -1.343581066164841
471 -1.341665593358323
472 -1.341516815161141
473 -1.339582403309682
474 -1.339424272726503
475 -1.337559528533506
476 -1.3373938174924
477 -1.335563441417343
478 -1.335478720937109
479 -1.333609776824253
480 -1.333589121242682
481 -1.331832597308105
482 -1.331786235105868
483 -1.330089814244851
484 -1.330164458733993
485 -1.328485880238362
486 -1.328623136295697
487 -1.327047084429541
488 -1.327247798880127
489 -1.325805595042693
490 -1.326086347169425
491 -1.324719919533811
492 -1.325177848576765
493 -1.323873722194629
494 -1.324469497074947
495 -1.323308234213395
496 -1.323923871065995
497 -1.322879922307991
498 -1.323654572785611
499 -1.322730640596006
500 -1.323585493402324
501 -1.322787436679471
502 -1.323791270776011
503 -1.323136823239533
504 -1.324262116069152
505 -1.32375093484261
506 -1.325002788096712
507 -1.324664826642253
508 -1.326010771588886
509 -1.325849952018979
510 -1.327293065864106
511 -1.327251898179205
512 -1.328887685388569
513 -1.328934738022066
514 -1.330700943287835
515 -1.330926824246722
516 -1.332810602803521
517 -1.333188684622271
518 -1.335221669060534
519 -1.335696466638061
520 -1.337909003101811
521 -1.338507557012148
522 -1.340812283946858
523 -1.341562727162736
524 -1.343976073949414
525 -1.344824054102913
526 -1.347396156975913
527 -1.348315668757224
528 -1.350984606233852
529 -1.352041494707444
530 -1.354791908636649
531 -1.355940068919216
532 -1.3587965731796
533 -1.360005597446127
534 -1.362976446810757
535 -1.364276232996411
536 -1.367297667938429
537 -1.368690999081324
538 -1.371767757741921
539 -1.373201233297623
540 -1.376371081327409
541 -1.377823979231666
542 -1.381011892613971
543 -1.382535311807788
544 -1.385743640779624
545 -1.387288136763781
546 -1.39055491993667
547 -1.392099236920128
548 -1.395362126131487
549 -1.396978161351807
550 -1.400235177305528
551 -1.401822518709842
552 -1.405125035996197
553 -1.406669355872904
554 -1.40990670720414
555 -1.411481396082873
556 -1.414660674005497
557 -1.416123876183249
558 -1.419306391478334
559 -1.420644508601488
560 -1.423767301892778
561 -1.424994982895239
562 -1.428032333709225
563 -1.429142712295534
564 -1.432055219940139
565 -1.433066441065774
566 -1.435889650824181
567 -1.43680455950506
568 -1.439101370446571
569 -1.440368247774675
570 -1.442965094445934
571 -1.443555212128288
572 -1.446034135876811
573 -1.44651915120208
574 -1.448860101159677
575 -1.449169534769785
576 -1.451346700863435
577 -1.45146112473858
578 -1.453456339044028
579 -1.453363255222463
580 -1.455143837010336
581 -1.454891361293454
582 -1.45648278928116
583 -1.456014864175117
584 -1.457398252359487
585 -1.456769918597546
586 -1.457942872303208
587 -1.457102791990538
588 -1.458114284340425
589 -1.457065605098054
590 -1.45787495172773
591 -1.456683765041795
592 -1.457263842779748
593 -1.455886942215973
594 -1.456607532779751
595 -1.454749059436921
596 -1.454985928100487
597 -1.453272381842245
598 -1.453300193391794
599 -1.451407146031497
600 -1.451315346687815
601 -1.449216822801332
602 -1.448954389944082
603 -1.446744885821599
604 -1.446256043575621
605 -1.443907625353487
606 -1.443332631078902
607 -1.440752368125238
608 -1.440070136640605
609 -1.437443232653886
610 -1.436542435515947
611 -1.433848704538171
612 -1.43290501521319
613 -1.430025547622715
614 -1.429028916427465
615 -1.426137965593193
616 -1.424968604612517
617 -1.422035910931021
618 -1.420852380005683
619 -1.417797733831227
620 -1.416569082934218
621 -1.413462058604864
622 -1.412191409569672
623 -1.409048166615362
624 -1.407685896644779
625 -1.404546383862792
626 -1.403127062103897
627 -1.399952802884943
628 -1.39856075674945
629 -1.395327439760988
630 -1.393906114668273
631 -1.390770468943015
632 -1.389315713625461
633 -1.386191543150374
634 -1.384830776366101
635 -1.381730466752537
636 -1.380435020495893
637 -1.377387412230878
638 -1.376170163867238
639 -1.373207228508743
640 -1.372033168283827
641 -1.369158505271383
642 -1.36804873496714
643 -1.365243714438939
644 -1.36425037775539
645 -1.361484202628579
646 -1.36059143446615
647 -1.357915761501172
648 -1.357101013706182
649 -1.354517976641721
650 -1.353818927935934
651 -1.351364058134289
652 -1.350797110564395
653 -1.348474511809342
654 -1.348060354878835
655 -1.345908575481904
656 -1.345651408598954
657 -1.343658676850381
658 -1.343565103421434
659 -1.341750973782711
660 -1.341816801360226
661 -1.340159527619069
662 -1.340379572934119
663 -1.338890078533252
664 -1.339269026967572
665 -1.337930117263858
666 -1.338457356924504
667 -1.337280854959346
668 -1.337964440047311
669 -1.336992804875565
670 -1.337816401577381
671 -1.337086772536825
672 -1.33806467854033
673 -1.337479298640556
674 -1.338701553273601
675 -1.338267129465554
676 -1.33965375996974
677 -1.339442286714152
678 -1.340958876241199
679 -1.340882978259405
680 -1.342634877347609
681 -1.34268253030684
682 -1.344565539882423
683 -1.344841426416031
684 -1.346863699008167
685 -1.347264957978326
686 -1.349529312831451
687 -1.350051143443768
688 -1.352432874144343
689 -1.353177434011929
690 -1.355683534162994
691 -1.356527691121818
692 -1.359228977935661
693 -1.360197057654168
694 -1.362963451247236
695 -1.364138739395964
696 -1.366991154643236
697 -1.368219002635046
698 -1.371274136453644
699 -1.372573310335808
700 -1.37567030875819
701 -1.377131272712943
702 -1.380309567559533
703 -1.381825394042536
704 -1.385134174770527
705 -1.386709808909856
706 -1.390047521495215
707 -1.391744738258654
708 -1.3951167744377
709 -1.396811507195385
710 -1.400305582190683
711 -1.401994325688371
712 -1.405495620667963
713 -1.407278900004039
714 -1.410771565927308
715 -1.412553118432782
716 -1.416122810276398
717 -1.417879740401692
718 -1.421438747124935
719 -1.423248488785468
720 -1.426761692006712
721 -1.428537849736816
722 -1.43207007502085
723 -1.433787774646647
724 -1.437251907257269
725 -1.438979767529843
726 -1.442376973081823
727 -1.443998314291858
728 -1.447404011715566
729 -1.44889000207897
730 -1.452227498434333
731 -1.453610048484778
732 -1.456893673204162
733 -1.458145250926735
734 -1.461311293293471
735 -1.462050118463413
736 -1.465581343038044
737 -1.466574705584791
738 -1.469438160785068
739 -1.470342106346207
740 -1.473134404444965
741 -1.473917263029887
742 -1.476568140752832
743 -1.477217644857804
744 -1.479715896004207
745 -1.48022026297689
746 -1.482550507801515
747 -1.482906439392905
748 -1.485045230061714
749 -1.485234738934627
750 -1.487225637579721
751 -1.487229034685715
752 -1.48905218074648
753 -1.488887923895617
754 -1.490490012355373
755 -1.490148538433274
756 -1.491553037232659
757 -1.491019037330564
758 -1.492224025457121
759 -1.491495622565766
760 -1.492505877437338
761 -1.491595852482797
762 -1.492420846942937
763 -1.49134910315466
764 -1.49198998096315
765 -1.49103556915256
766 -1.491265787526145
767 -1.489858997376991
768 -1.490173863906563
769 -1.488614469962342
770 -1.488801756285895
771 -1.487045556090044
772 -1.487147574617192
773 -1.485227335221951
774 -1.485158451713221
775 -1.483132723763464
776 -1.482870840050084
777 -1.480698639960486
778 -1.480342098755931
779 -1.477993068062732
780 -1.477540446255048
781 -1.475082915797919
782 -1.474442664432367
783 -1.471798128226566
784 -1.471120075739694
785 -1.468368916547917
786 -1.467525551136444
787 -1.4646668017193
788 -1.46373059929651
789 -1.460781950550401
790 -1.459747460662687
791 -1.456736737293579
792 -1.455590669538816
793 -1.452533854509549
794 -1.451335324371377
795 -1.448192803452318
796 -1.446976532669854
797 -1.443799335552646
798 -1.442520676083605
799 -1.439322069058995
800 -1.437991609259985
801 -1.434770675887379
802 -1.433410134324319
803 -1.430147910484634
804 -1.428768966888344
805 -1.425489741214365
806 -1.424083685547323
807 -1.420785567563761
808 -1.419389066847347
809 -1.416107702026662
810 -1.414728943523022
811 -1.411474531164087
812 -1.410141413178724
813 -1.406939041743281
814 -1.405655277121825
815 -1.402501430086504
816 -1.401277143720208
817 -1.398186542155722
818 -1.397019942502064
819 -1.393986921792588
820 -1.392882105494747
821 -1.389915145391404
822 -1.388869778957264
823 -1.385963808067716
824 -1.384985037042229
825 -1.382153268651901
826 -1.381245168041421
827 -1.378493565248855
828 -1.377680478042198
829 -1.375031946753988
830 -1.374330019255802
831 -1.371806501726148
832 -1.371233149146314
833 -1.368851258685742
834 -1.368419669988646
835 -1.366176090409321
836 -1.365885149896102
837 -1.36378522967924
838 -1.36362871747439
839 -1.361661215615297
840 -1.361637526547284
841 -1.359807606138701
842 -1.359916702394024
843 -1.35821475207075
844 -1.358452137348418
845 -1.35688292160042
846 -1.357252298053299
847 -1.35581255791289
848 -1.356316335714465
849 -1.355021254462867
850 -1.355677534591192
851 -1.354530731228082
852 -1.355334986052839
853 -1.35433729530699
854 -1.355293831391776
855 -1.354450948124426
856 -1.355566931392141
857 -1.354869272690831
858 -1.356136921629049
859 -1.355569612477441
860 -1.356976456714405
861 -1.35653219772516
862 -1.358075199908836
863 -1.357750984630702
864 -1.359428081605437
865 -1.359225557863466
866 -1.36103901308784
867 -1.360960059748967
868 -1.362903229287761
869 -1.362946627166605
870 -1.365018546054033
871 -1.365182540120762
872 -1.367376184129775
873 -1.367652956495002
874 -1.369961024721127
875 -1.370345125051293
876 -1.372760426498519
877 -1.373245655455132
878 -1.375761187182324
879 -1.376345028373107
880 -1.378954886183108
881 -1.379629313516531
882 -1.382325860690092
883 -1.383080766682198
884 -1.385857658536206
885 -1.386683826693469
886 -1.389531185970532
887 -1.39042727482774
888 -1.393335823043392
889 -1.394297630774544
890 -1.397261194779127
891 -1.398279590241053
892 -1.401293357358279
893 -1.402367942669612
894 -1.405417421707781
895 -1.406550235787442
896 -1.409615557345095
897 -1.410814122003935
898 -1.413864823686463
899 -1.415129397755921
900 -1.418171465042134
901 -1.419433797149037
902 -1.422521385630914
903 -1.423759691671071
904 -1.426843538596195
905 -1.428106672632385
906 -1.43114441946631
907 -1.43240892686378
908 -1.435426017908554
909 -1.436610077337546
910 -1.439643708437786
911 -1.44077642094721
912 -1.443734114062598
913 -1.444823125994928
914 -1.447797824839003
915 -1.448745914453515
916 -1.45168792638798
917 -1.45256613159379
918 -1.455438242388561
919 -1.456260794027781
920 -1.459068753223989
921 -1.459820328849568
922 -1.462553676252242
923 -1.463235361778195
924 -1.465883573286474
925 -1.466481866851714
926 -1.469039999635153
927 -1.469545480589925
928 -1.472003171795691
929 -1.472406145081657
930 -1.474752587969889
931 -1.475044431856514
932 -1.477273302738136
933 -1.477444736517863
934 -1.479555255939959
935 -1.479603679448258
936 -1.481589074494024
937 -1.481511782747524
938 -1.483370655906588
939 -1.483169360518385
940 -1.48490751271452
941 -1.484587058859054
942 -1.486208353656868
943 -1.485778236702753
944 -1.487288179583904
945 -1.486745968552447
946 -1.488144409728234
947 -1.487489522223973
948 -1.488768843798774
949 -1.487993035198341
950 -1.489147924952237
951 -1.48824414580395
952 -1.489270959809648
953 -1.488238536497996
954 -1.489139010823457
955 -1.48798607839156
956 -1.488759259112152
957 -1.487491146582266
958 -1.48814593027654
959 -1.486758512965267
960 -1.487305189906077
961 -1.485798195476256
962 -1.486230233749601
963 -1.484604003092336
964 -1.484914885369612
965 -1.483170077476676
966 -1.483358373622859
967 -1.48149377727992
968 -1.481567474055457
969 -1.479586581658964
970 -1.479561755155311
971 -1.477480922915957
972 -1.47736701353754
973 -1.475202590638154
974 -1.475013992840167
975 -1.472780347714867
976 -1.472519754154273
977 -1.470217545038226
978 -1.469890987659002
979 -1.467524443185416
980 -1.467125341392431
981 -1.464689797630231
982 -1.464218296805404
983 -1.461722429975859
984 -1.4611682926441
985 -1.458615049970496
986 -1.457994752064603
987 -1.45538531270758
988 -1.454716839826983
989 -1.452067083022549
990 -1.451362123172425
991 -1.448692862985065
992 -1.447959070003871
993 -1.445270741373706
994 -1.444521167662914
995 -1.44183033962561
996 -1.441068943355455
997 -1.438371161651208
998 -1.437602794844365
999 -1.434909612855851
1000 -1.434137697224493
1001 -1.431440871303988
1002 -1.430668405480102
1003 -1.427978098991531
1004 -1.427207931116226
1005 -1.424519043642086
1006 -1.423757698964144
1007 -1.421086000828065
1008 -1.420342260093274
1009 -1.417691493326164
1010 -1.416980651579444
1011 -1.414376361841986
1012 -1.413716500676464
1013 -1.411167940653581
1014 -1.410573850470295
1015 -1.408100691700131
1016 -1.407580254326886
1017 -1.405176171677476
1018 -1.404730250110145
1019 -1.402403695745065
1020 -1.402023806991908
1021 -1.399762174460997
1022 -1.39944981042713
1023 -1.397259706401557
1024 -1.397016447512966
1025 -1.394891300024818
1026 -1.394723103441714
1027 -1.392672385219928
1028 -1.392584710252139
1029 -1.390608449516105
1030 -1.390603299660082
1031 -1.388715255326707
1032 -1.388807436131428
1033 -1.387013002158938
1034 -1.387208346753674
1035 -1.385520181293196
1036 -1.385830941799187
1037 -1.384247264781093
1038 -1.384667135360431
1039 -1.383189950055556
1040 -1.383718501762991
1041 -1.382338460217263
1042 -1.38296382518895
1043 -1.381679698396548
1044 -1.382401648393574
1045 -1.381213237479473
1046 -1.382025248095627
1047 -1.38093244127955
1048 -1.381846511994828
1049 -1.380853218523293
1050 -1.381862971900977
1051 -1.380975202166181
1052 -1.382085852443692
1053 -1.381306906054762
1054 -1.382513116002295
1055 -1.381846032201191
1056 -1.383145685487536
1057 -1.382595211538215
1058 -1.383972157613624
1059 -1.383554185711769
1060 -1.38499107570251
1061 -1.38469858742263
1062 -1.386212303517039
1063 -1.38599496926529
1064 -1.387622820607062
1065 -1.387466601917356
1066 -1.389187022780553
1067 -1.389120458065648
1068 -1.390908007434419
1069 -1.390935453996568
1070 -1.392799314907108
1071 -1.392900695606285
1072 -1.394852666985769
1073 -1.395022532675859
1074 -1.397050960243266
1075 -1.397294528285058
1076 -1.399387252362012
1077 -1.399700123656559
1078 -1.401854952338468
1079 -1.402225740723432
1080 -1.404441354349679
1081 -1.404863686032875
1082 -1.40713178152233
1083 -1.407601327890066
1084 -1.409912640243729
1085 -1.410422007639428
1086 -1.41276880263329
1087 -1.413308102225985
1088 -1.415683617101805
1089 -1.416245655561189
1090 -1.418642551744654
1091 -1.419222897304276
1092 -1.42163480843555
1093 -1.422227208055052
1094 -1.424648594586589
1095 -1.42524773842059
1096 -1.427673687900365
1097 -1.428275125357356
1098 -1.430700108655653
1099 -1.4313014150062
1100 -1.433721658469325
1101 -1.434318756685837
1102 -1.436729582148735
1103 -1.437318280497897
1104 -1.439712254810292
1105 -1.440294184323931
1106 -1.442662386388784
1107 -1.443228406562433
1108 -1.445571038382983
1109 -1.446106448575449
1110 -1.448414580576299
1111 -1.448921979661997
1112 -1.451190569007159
1113 -1.451633286382494
1114 -1.453889291750991
1115 -1.454239425884501
1116 -1.456450168676068
1117 -1.456706145899901
1118 -1.45891413364897
1119 -1.459062908784078
1120 -1.46120949189805
1121 -1.461307958271374
1122 -1.463391463659067
1123 -1.463432512736291
1124 -1.465456369208597
1125 -1.46543334149647
1126 -1.467398939132575
1127 -1.467314545467698
1128 -1.469213327583919
1129 -1.469060855581787
1130 -1.470882594828093
1131 -1.470656150276719
1132 -1.47239596085313
1133 -1.472088178945881
1134 -1.473743595763347
1135 -1.473347689384081
1136 -1.474915415916199
1137 -1.474428035571163
1138 -1.475902769120826
1139 -1.475319583741757
1140 -1.476698897826056
1141 -1.47602001755329
1142 -1.477304200463578
1143 -1.476532341142834
1144 -1.47772407185022
1145 -1.47686931716124
1146 -1.477978573925081
1147 -1.477046547887849
1148 -1.478076452667766
1149 -1.477071158363646
1150 -1.47802127926428
1151 -1.476937192957361
1152 -1.47780058104685
1153 -1.476635872876168
1154 -1.477410763051232
1155 -1.476160636759031
1156 -1.476844061948708
1157 -1.475513512973272
1158 -1.476113006914869
1159 -1.474703055003346
1160 -1.475219569477017
1161 -1.47373798041557
1162 -1.474181472833606
1163 -1.472626515827689
1164 -1.472994775311007
1165 -1.471371257745738
1166 -1.471671524436646
1167 -1.469976081746254
1168 -1.470202437829689
1169 -1.468441920928162
1170 -1.468602967262812
1171 -1.466778183954032
1172 -1.466872367708192
1173 -1.464993197973675
1174 -1.465034468169168
1175 -1.463104295310681
1176 -1.463093446721481
1177 -1.461123287517847
1178 -1.46107312809417
1179 -1.459062274658995
1180 -1.458968076997691
1181 -1.456920237119936
1182 -1.456788197091637
1183 -1.454698007391411
1184 -1.454521007187451
1185 -1.452393358225131
1186 -1.452182649492267
1187 -1.450020157153388
1188 -1.449776727609419
1189 -1.447592083934624
1190 -1.447334228248085
1191 -1.44513623309712
1192 -1.444867966770219
1193 -1.442668561465155
1194 -1.442407470995981
1195 -1.440205740315335
1196 -1.439952162467038
1197 -1.437757923562237
1198 -1.437514887110344
1199 -1.435327945168491
1200 -1.435090668071858
1201 -1.432911055500052
1202 -1.432688803168434
1203 -1.430518989472945
1204 -1.430308568082942
1205 -1.428154781516967
1206 -1.427969748138956
1207 -1.425837667374081
1208 -1.42567700579018
1209 -1.42357329256303
1210 -1.42345030228588
1211 -1.421380380950927
1212 -1.421292203612158
1213 -1.419261290618336
1214 -1.419220528928026
1215 -1.417233792540583
1216 -1.417239224108669
1217 -1.415300720975608
1218 -1.415367257972753
1219 -1.413480405926848
1220 -1.413601026226831
1221 -1.411770156292945
1222 -1.411955991506301
1223 -1.410181124950132
1224 -1.410426040456254
1225 -1.408707835809436
1226 -1.409020344661666
1227 -1.407361954731237
1228 -1.407738594118989
1229 -1.406143224480863
1230 -1.406593688971565
1231 -1.405064997175487
1232 -1.40558578917811
1233 -1.404126985951696
1234 -1.40472667651916
1235 -1.4033412769276
1236 -1.404015793961356
1237 -1.402704654099798
1238 -1.403459784459956
1239 -1.402223547331787
1240 -1.403052658614688
1241 -1.401889192551584
1242 -1.402795057244253
1243 -1.401703313964014
1244 -1.402679522262175
1245 -1.401657685895526
1246 -1.402708070563438
1247 -1.401756679954328
1248 -1.402876738104541
1249 -1.401994946493861
1250 -1.403189259579072
1251 -1.402378055184671
1252 -1.4036423030339
1253 -1.4028996077332
1254 -1.40423757519042
1255 -1.403563344379672
1256 -1.404970096942389
1257 -1.404361495712615
1258 -1.405839147358887
1259 -1.405295118530462
1260 -1.40683691647603
1261 -1.406353549615106
1262 -1.407960290118408
1263 -1.407536448677164
1264 -1.409200938776098
1265 -1.408832053420975
1266 -1.41055451383325
1267 -1.410238678966667
1268 -1.41201135027104
1269 -1.411743297336312
1270 -1.413566373816683
1271 -1.413343982303616
1272 -1.415209199326565
1273 -1.415026034924834
1274 -1.416932429352774
1275 -1.41678540379511
1276 -1.418724426576935
1277 -1.418608336570034
1278 -1.42058158508279
1279 -1.420497095176586
1280 -1.422496085271695
1281 -1.422447877891693
1282 -1.424471164132355
1283 -1.424451498036208
1284 -1.426500165818875
1285 -1.426501355021824
1286 -1.428572255111715
1287 -1.428591164917905
1288 -1.430672690238898
1289 -1.430700024849813
1290 -1.432789225559532
1291 -1.432819176687925
1292 -1.434904561174657
1293 -1.434929570554188
1294 -1.437010663807186
1295 -1.437028175567884
1296 -1.439095930009562
1297 -1.439101212406766
1298 -1.441157858131337
1299 -1.44115125096258
1300 -1.443189053634791
1301 -1.44316696696485
1302 -1.445188396127363
1303 -1.445150379587796
1304 -1.447148267132716
1305 -1.447089851181422
1306 -1.449066383987751
1307 -1.448985658104785
1308 -1.450931450887942
1309 -1.450821971813393
1310 -1.452736722275495
1311 -1.452593932007634
1312 -1.454465850882685
1313 -1.454282051842017
1314 -1.456111215942694
1315 -1.455882672547957
1316 -1.457659566261116
1317 -1.457381698030787
1318 -1.459110482198447
1319 -1.458781225856327
1320 -1.460459163973924
1321 -1.460073403795347
1322 -1.46170762586248
1323 -1.461269818144312
1324 -1.462848118767256
1325 -1.462360398495746
1326 -1.463889497255596
1327 -1.463352183727091
1328 -1.464824733105032
1329 -1.464235391848626
1330 -1.465656526169159
1331 -1.465013243647203
1332 -1.46637294391414
1333 -1.465672190971746
1334 -1.466975210200386
1335 -1.466214847922579
1336 -1.467451922468395
1337 -1.466630228672067
1338 -1.467808463000002
1339 -1.46692545436754
1340 -1.468037190604182
1341 -1.467092969234178
1342 -1.468146273995385
1343 -1.467141435100205
1344 -1.468129279700458
1345 -1.467064812967978
1346 -1.467996681989097
1347 -1.46687380436484
1348 -1.467743515734688
1349 -1.466565230327596
1350 -1.467384280667592
1351 -1.466153634510109
1352 -1.466915864346361
1353 -1.465635121785341
1354 -1.466350028104412
1355 -1.465019705395536
1356 -1.465678990170215
1357 -1.464298305570791
1358 -1.464909555950968
1359 -1.463477573648739
1360 -1.464032189182898
1361 -1.462549280647918
1362 -1.463056555920332
1363 -1.46152521609554
1364 -1.461980420881208
1365 -1.460405142412723
1366 -1.460821329168208
1367 -1.459207231279777
1368 -1.459581982184843
1369 -1.457933917838415
1370 -1.45828099422164
1371 -1.456603445734855
1372 -1.456919503779422
1373 -1.455214898403414
1374 -1.455510747153711
1375 -1.453780927652291
1376 -1.454050414867932
1377 -1.452295978021013
1378 -1.45254887263486
1379 -1.450771984959277
1380 -1.451002803102044
1381 -1.449204581086664
1382 -1.449424193460285
1383 -1.447607833062625
1384 -1.447812431356193
1385 -1.44598083181477
1386 -1.446182760007508
1387 -1.444340989028784
1388 -1.444538259872394
1389 -1.442691112987598
1390 -1.442896967466325
1391 -1.441049400561686
1392 -1.441260536136778
1393 -1.439414647559598
1394 -1.439641551603509
1395 -1.437800495592471
1396 -1.438038485973523
1397 -1.436202809364394
1398 -1.436460932322148
1399 -1.434632926299995
1400 -1.434906815010738
1401 -1.433087543355051
1402 -1.433388302804456
1403 -1.431581974837833
1404 -1.431908031829485
1405 -1.430116963875986
1406 -1.430480991233078
1407 -1.428708082462449
1408 -1.429110634012042
1409 -1.427355568070388
1410 -1.427806674476993
1411 -1.426076612762534
1412 -1.426563338616933
1413 -1.424877558904549
1414 -1.425408225523733
1415 -1.423754450620501
1416 -1.424326582938751
1417 -1.42271723602074
1418 -1.423338184421362
1419 -1.421768149305884
1420 -1.422431617091717
1421 -1.420905334141003
1422 -1.421618244957299
1423 -1.420134589085321
1424 -1.420891189473579
1425 -1.419451555142615
1426 -1.420258435109357
1427 -1.418864906119074
1428 -1.419717245624417
1429 -1.418368836265336
1430 -1.419272390695231
1431 -1.417971913023061
1432 -1.418921796083171
1433 -1.417667419181096
1434 -1.418669556080417
1435 -1.417464514916589
1436 -1.418513962006595
1437 -1.417356310370537
1438 -1.418458552511124
1439 -1.417350590306014
1440 -1.418500107965265
1441 -1.417439414649023
1442 -1.418641101892429
1443 -1.417629257759859
1444 -1.418877051744733
1445 -1.417911479899676
1446 -1.419209962805385
1447 -1.41829175501678
1448 -1.419634304160768
1449 -1.4187608256666
1450 -1.42015182893508
1451 -1.419323069863873
1452 -1.420755238540806
1453 -1.419968143333649
1454 -1.421445284013353
1455 -1.420699340597765
1456 -1.422213387564924
1457 -1.42150510925683
1458 -1.423059411159996
1459 -1.422387648448796
1460 -1.423972880363139
1461 -1.423333367424004
1462 -1.42495259444567
1463 -1.424343397528524
1464 -1.425987282946148
1465 -1.425403689071484
1466 -1.427076315611703
1467 -1.426517648768906
1468 -1.42821037386222
1469 -1.427671947771702
1470 -1.429389951964923
1471 -1.428873991604641
1472 -1.430607745957494
1473 -1.430109874086726
1474 -1.431865994216395
1475 -1.431386264853096
1476 -1.433152867557125
1477 -1.432687554781563
1478 -1.434470649598121
1479 -1.434014920271642
1480 -1.435800962491244
1481 -1.435352383417969
1482 -1.437146598103351
1483 -1.436700013971211
1484 -1.438489559311799
1485 -1.438044055650983
1486 -1.439835260712629
1487 -1.43938638381613
1488 -1.441166694079896
1489 -1.440714701785508
1490 -1.442489760886776
1491 -1.442030172626537
1492 -1.443786994057495
1493 -1.443319509230872
1494 -1.445063795127392
1495 -1.444585289441921
1496 -1.446304364346809
1497 -1.445816071027111
1498 -1.447515626362668
1499 -1.447016093836381
1500 -1.448683273727166
1501 -1.448175808902276
1502 -1.449818227519011
1503 -1.449297720803494
1504 -1.45090522409077
1505 -1.450373011640543
1506 -1.451951796633604
1507 -1.451401387989333
1508 -1.452943132486542
1509 -1.452372390532056
1510 -1.453883434761991
1511 -1.453282494508133
1512 -1.454757141575012
1513 -1.454126818084534
1514 -1.4555685595199
1515 -1.454901876958178
1516 -1.45630362497671
1517 -1.455601401984546
1518 -1.456969769079419
1519 -1.456229673550017
1520 -1.457557253348619
1521 -1.45678154450447
1522 -1.458075900367098
1523 -1.457262937687217
1524 -1.458517256844779
1525 -1.457669592002312
1526 -1.45889133355453
1527 -1.458006937962792
1528 -1.459189004111438
1529 -1.458269730124428
1530 -1.459418543933276
1531 -1.458461288086341
1532 -1.459569121090862
1533 -1.458575192415051
1534 -1.459648178835453
1535 -1.458614771988946
1536 -1.45964598021689
1537 -1.458575357204963
1538 -1.459571929813927
1539 -1.45846222628664
1540 -1.459418281655986
1541 -1.458272417312771
1542 -1.459195318138139
1543 -1.458011764854999
1544 -1.458896488620842
1545 -1.457678727760518
1546 -1.458533337967581
1547 -1.457280409197717
1548 -1.458100976086621
1549 -1.456816786125727
1550 -1.457611757568365
1551 -1.456295435481278
1552 -1.457060791190557
1553 -1.455715986931073
1554 -1.456459265543981
1555 -1.455084627090007
1556 -1.455801646511617
1557 -1.454399529606671
1558 -1.455098605776528
1559 -1.453665927454361
1560 -1.454344929756377
1561 -1.452882557102632
1562 -1.453552360920076
1563 -1.452056169873305
1564 -1.452715711038177
1565 -1.451189396229635
1566 -1.451833451311443
1567 -1.450301805851228
1568 -1.450932627981472
1569 -1.449376332864727
1570 -1.449995907346391
1571 -1.448439033019311
1572 -1.449049758693718
1573 -1.447472996535499
1574 -1.44807670298256
1575 -1.446500267573624
1576 -1.447097691194972
1577 -1.445505667372512
1578 -1.446097832970865
1579 -1.444510570330449
1580 -1.4451005430563
1581 -1.443501464549129
1582 -1.444091284065153
1583 -1.442504234715476
1584 -1.44309832714991
1585 -1.441503956310637
1586 -1.442103929860721
1587 -1.44052736691395
1588 -1.441136562709046
1589 -1.439555940459319
1590 -1.440173410784324
1591 -1.438617212736376
1592 -1.439247633503955
1593 -1.437688229570517
1594 -1.43832957908957
1595 -1.436803971925805
1596 -1.437463468094181
1597 -1.435934330734344
1598 -1.436608846040256
1599 -1.435120512687755
1600 -1.43581656006454
1601 -1.434323632561119
1602 -1.435036281813759
1603 -1.433589264139372
1604 -1.434325046250139
1605 -1.432872284821819
1606 -1.433628327191218
1607 -1.432224446527647
1608 -1.433003922984545
1609 -1.431595422490765
1610 -1.432396322044028
1611 -1.43104201431495
1612 -1.431871470164062
1613 -1.430512674550303
1614 -1.431366762500017
1615 -1.430066122500908
1616 -1.430952031095222
1617 -1.429648632828152
1618 -1.430562395349875
1619 -1.42931893877003
1620 -1.430266262156661
1621 -1.429020916202223
1622 -1.429996427285277
1623 -1.428812883328064
1624 -1.429821917678033
1625 -1.428636110468379
1626 -1.429675095553743
1627 -1.428548678841523
1628 -1.429621728421064
1629 -1.428494372617579
1630 -1.429594739522404
1631 -1.428529945128359
1632 -1.429662616640129
1633 -1.428594713627635
1634 -1.429758912142062
1635 -1.428741472290622
1636 -1.429937288174109
1637 -1.428919825713069
1638 -1.430136306030309
1639 -1.429178577558886
1640 -1.430421766655952
1641 -1.429458443195701
1642 -1.430735147692707
1643 -1.42980702918655
1644 -1.431111819944775
1645 -1.430191315261218
1646 -1.431515560675206
1647 -1.43064193938889
1648 -1.431990312893106
1649 -1.431115085700422
1650 -1.432488943113233
1651 -1.431647352187518
1652 -1.433043895844259
1653 -1.432205630183617
1654 -1.433621037628197
1655 -1.432815472983223
1656 -1.434249481540245
1657 -1.433445365786445
1658 -1.434897768934629
1659 -1.43411715434765
1660 -1.435584281868827
1661 -1.434806911115602
1662 -1.436285437396381
1663 -1.435528724948059
1664 -1.437017265289927
1665 -1.436259973748532
1666 -1.437756708276893
1667 -1.437014781764598
1668 -1.438518237057836
1669 -1.437774216465866
1670 -1.439283048371123
1671 -1.438549865596269
1672 -1.440062129124747
1673 -1.439325795855436
1674 -1.440840418661873
1675 -1.440110102315097
1676 -1.44162443238686
1677 -1.440889395280665
1678 -1.442402561603762
1679 -1.441668850491513
1680 -1.443178040885435
1681 -1.442438071542452
1682 -1.443942470381256
1683 -1.443199359989757
1684 -1.444696241084896
1685 -1.443944460745016
1686 -1.445432916805606
1687 -1.444674112013817
1688 -1.446151893203242
1689 -1.445382133920149
1690 -1.44684863850079
1691 -1.446068947990685
1692 -1.447522494920349
1693 -1.44673003299201
1694 -1.448169962394909
1695 -1.447365091968112
1696 -1.448789822988832
1697 -1.447969764009043
1698 -1.449378002578898
1699 -1.448540851088563
1700 -1.449932410939803
1701 -1.44908133881644
1702 -1.450450477778763
1703 -1.449578205549707
1704 -1.450930161271637
1705 -1.450041016749344
1706 -1.451370982532052
1707 -1.450463841716474
1708 -1.451773314741731
1709 -1.450846656667573
1710 -1.452135015638528
1711 -1.451189816703448
1712 -1.452456971610896
1713 -1.451490959480412
1714 -1.452735853210187
1715 -1.451749997237878
1716 -1.452972604898689
1717 -1.451964456965665
1718 -1.453163666406497
1719 -1.452134804551069
1720 -1.453311217706743
1721 -1.452259468447569
1722 -1.453412393914302
1723 -1.452340466499728
1724 -1.4534711960278
1725 -1.452377145378775
1726 -1.453485447448026
1727 -1.452371865878302
1728 -1.453458907193136
1729 -1.452324169151913
1730 -1.453389710161629
1731 -1.452235729421666
1732 -1.453280684553046
1733 -1.45210623951064
1734 -1.453130340883244
1735 -1.451937178337336
1736 -1.452941428909136
1737 -1.451728465791519
1738 -1.452712825009384
1739 -1.451482589591616
1740 -1.452448465264105
1741 -1.45119999341382
1742 -1.452147585724932
1743 -1.450884595452119
1744 -1.451815773244997
1745 -1.450536307893731
1746 -1.451450894603281
1747 -1.450160096148906
1748 -1.451060792228149
1749 -1.449753615085278
1750 -1.450639432815137
1751 -1.449324278592218
1752 -1.450198741363258
1753 -1.448867175222683
1754 -1.449728791253159
1755 -1.44839296572812
1756 -1.449246014175931
1757 -1.447894445169318
1758 -1.448737414897555
1759 -1.447384883235183
1760 -1.448222293843616
1761 -1.44685576438665
1762 -1.447685502295496
1763 -1.446322044756943
1764 -1.447149332753775
1765 -1.445773134919584
1766 -1.446595394955361
1767 -1.445226226025428
1768 -1.446048894973663
1769 -1.444668019628934
1770 -1.445487932275121
1771 -1.444117626428012
1772 -1.444940395575373
1773 -1.44355923265932
1774 -1.444381210727174
1775 -1.443014481882558
1776 -1.443841544043068
1777 -1.442464650376486
1778 -1.443291214279678
1779 -1.441935293034286
1780 -1.44276922586554
1781 -1.441401027070858
1782 -1.442236331401406
1783 -1.440893549014962
1784 -1.441738697560248
1785 -1.440382783755807
1786 -1.441230968653419
1787 -1.439905641571572
1788 -1.440766081743832
1789 -1.439426977991379
1790 -1.440293157589946
1791 -1.43898841923625
1792 -1.439869462192287
1793 -1.438551191994642
1794 -1.439439671942639
1795 -1.438160442013836
1796 -1.439065860891622
1797 -1.437774735886604
1798 -1.438689275538174
1799 -1.437434488845889
1800 -1.438371075610239
1801 -1.437107406188757
1802 -1.438050984633212
1803 -1.436830696093985
1804 -1.437794998061869
1805 -1.43656032686512
1806 -1.437539518215613
1807 -1.436344857058267
1808 -1.437345299870793
1809 -1.436138865664847
1810 -1.437146667074948
1811 -1.435994042239017
1812 -1.437020225427786
1813 -1.435851032097932
1814 -1.436901709539238
1815 -1.43575880865136
1816 -1.436831763032873
1817 -1.435686935839282
1818 -1.436760586315226
1819 -1.435674348665691
1820 -1.436763479495471
1821 -1.435659218907761
1822 -1.436779170256959
1823 -1.435687836817302
1824 -1.436824408283814
1825 -1.435748580536243
1826 -1.436901986861061
1827 -1.435839932006209
1828 -1.437008945199175
1829 -1.435959617374831
1830 -1.437143286364051
1831 -1.436111992946863
1832 -1.437312730890176
1833 -1.436286451209967
1834 -1.437495878032969
1835 -1.436500178503995
1836 -1.437726506760762
1837 -1.436723638023309
1838 -1.437958106659291
1839 -1.436990234367886
1840 -1.438239176420456
1841 -1.437261250913998
1842 -1.438523855152393
1843 -1.43756708488685
1844 -1.438843735256728
1845 -1.437882767968732
1846 -1.439165499067344
1847 -1.438230090146609
1848 -1.439523464039869
1849 -1.438580612378741
1850 -1.439883364593101
1851 -1.4389558552243
1852 -1.440267934367709
1853 -1.439337367704558
1854 -1.440650699792414
1855 -1.43974022596253
1856 -1.441060268532446
1857 -1.440141085912888
1858 -1.441466094385676
1859 -1.440556509205382
1860 -1.441886248831144
1861 -1.440972172666044
1862 -1.442299235508678
1863 -1.441399050111997
1864 -1.442728697892123
1865 -1.441818184775591
1866 -1.443147940577864
1867 -1.442243275643596
1868 -1.443573956819393
1869 -1.442661656050245
1870 -1.443987009785823
1871 -1.443082411270042
1872 -1.444406745567868
1873 -1.443490635500244
1874 -1.444810730801901
1875 -1.443896856518648
1876 -1.445214256273248
1877 -1.444290086490713
1878 -1.445600030024819
1879 -1.444677633583334
1880 -1.445983159401311
1881 -1.445048342995934
1882 -1.446346093218201
1883 -1.445409501062153
1884 -1.446699474560286
1885 -1.445752386717455
1886 -1.447036537193588
1887 -1.44608349159522
1888 -1.447358164114167
1889 -1.446392095596531
1890 -1.447657920548109
1891 -1.446689161774523
1892 -1.447945275294241
1893 -1.446965417212401
1894 -1.448208428948342
1895 -1.447218704544576
1896 -1.448455426994066
1897 -1.447454534531238
1898 -1.448677357077514
1899 -1.447669192451041
1900 -1.448881909299004
1901 -1.447859873876961
1902 -1.449059382617979
1903 -1.448029347812622
1904 -1.449218225297268
1905 -1.448174027006899
1906 -1.449349362827576
1907 -1.448296773823645
1908 -1.44946139202513
1909 -1.448394671452434
1910 -1.449545755136988
1911 -1.448470588487378
1912 -1.449611004640458
1913 -1.448521662616003
1914 -1.449648460827166
1915 -1.448550701862068
1916 -1.449666882845012
1917 -1.448554792530381
1918 -1.449657349852136
1919 -1.448537422553843
1920 -1.44962977998717
1921 -1.44849560267496
1922 -1.44957471692742
1923 -1.448434029528984
1924 -1.449503664641224
1925 -1.44834915472767
1926 -1.449406174591519
1927 -1.448246606664151
1928 -1.449295117328715
1929 -1.448121799327322
1930 -1.44915848131126
1931 -1.447981354386413
1932 -1.449010534909659
1933 -1.447819601431986
1934 -1.448837945427474
1935 -1.447644219116784
1936 -1.448656099329396
1937 -1.447448993582288
1938 -1.448450863562868
1939 -1.447242742342055
1940 -1.448239455467008
1941 -1.447018234990985
1942 -1.448006082910966
1943 -1.446785927125564
1944 -1.44777006099597
1945 -1.446537126740336
1946 -1.447513674149484
1947 -1.446283762544959
1948 -1.447258023821677
1949 -1.446015775320239
1950 -1.446983635547795
1951 -1.44574651790854
1952 -1.446713501114219
1953 -1.445464342085182
1954 -1.446426104937245
1955 -1.445184102805346
1956 -1.446146321290613
1957 -1.444892570824666
1958 -1.445850727125396
1959 -1.444606257760642
1960 -1.445566374452023
1961 -1.444310490649009
1962 -1.445267864249648
1963 -1.444023526707308
1964 -1.444984479300191
1965 -1.443729313412828
1966 -1.444688860615877
1967 -1.443447335150922
1968 -1.444411924145866
1969 -1.443160077733046
1970 -1.444124504062914
1971 -1.44288821671426
1972 -1.443858873346984
1973 -1.442612792843604
1974 -1.443584267441822
1975 -1.442356254051362
1976 -1.443335194558189
1977 -1.442097446539112
1978 -1.443077971239001
1979 -1.441861162865004
1980 -1.442850390341395
1981 -1.441623196166338
1982 -1.442615051894304
1983 -1.441410655298424
1984 -1.442412156286082
1985 -1.441196854564787
1986 -1.442201489551377
1987 -1.441012744267226
1988 -1.442024368342008
1989 -1.440823593370935
1990 -1.441842738392035
1991 -1.440668349551947
1992 -1.441696923191824
1993 -1.440507088147054
1994 -1.441543085755376
1995 -1.440382518005943
1996 -1.441430536667286
1997 -1.440256500462513
1998 -1.441307661438556
1999 -1.440160520174638
2000 -1.44122527781747
