"cd-rfile"
"Iteration" "cd"
("Iteration" "cd")
1 0.1733177928222682
2 0.1386670781317835
3 0.1422420337303481
4 0.1531409536729221
5 0.1626384609865627
6 0.1705180967767966
7 0.1787851462551588
8 0.1862750802758926
9 0.1924716962400531
10 0.1974465563950215
11 0.2015441518912446
12 0.2049788068513158
13 0.2079067184459209
14 0.2105134961462206
15 0.2128627904600437
16 0.2150221311786287
17 0.2171008719052841
18 0.2191596797774142
19 0.2212793394362988
20 0.2235228288206372
21 0.2259532869784733
22 0.2286065510880474
23 0.2315042307481562
24 0.2346241026833385
25 0.2379055479769948
26 0.2412914269186544
27 0.244716762643208
28 0.2481067425787634
29 0.2513777474463627
30 0.2544674609369217
31 0.257317233609741
32 0.2598986715086363
33 0.262155799986957
34 0.264072135356498
35 0.2656390941744159
36 0.2668610310423749
37 0.2677505148185945
38 0.2683300382266233
39 0.2686268512994149
40 0.2686711123883692
41 0.2684979940731216
42 0.2681379164292503
43 0.2676287161874087
44 0.2670073742517965
45 0.2663039440878108
46 0.2655498079650211
47 0.2647734082137765
48 0.2640041287438153
49 0.2632686255757085
50 0.2625787453924856
51 0.261948522783408
52 0.2613844154323314
53 0.2608917534690987
54 0.2604714567409921
55 0.2601218101999873
56 0.2598360806269873
57 0.2596044125942385
58 0.2594191296568652
59 0.2592689835409899
60 0.2591392197271942
61 0.2590141701437628
62 0.2588763798207912
63 0.2587119930650124
64 0.2585062454406129
65 0.2582451161558083
66 0.2579190446349112
67 0.2575211211206187
68 0.2570440296790154
69 0.256486942147689
70 0.2558485188673159
71 0.2551284306091461
72 0.2543302156298187
73 0.2534609713065101
74 0.2525308535734656
75 0.2515521721853085
76 0.2505345720683488
77 0.2494845597130612
78 0.2484085884107482
79 0.2473128469234295
80 0.2462041390044619
81 0.2450902105659563
82 0.2439769033912525
83 0.2428692438965746
84 0.2417731537674506
85 0.2406940378363933
86 0.2396375047780042
87 0.238606904496128
88 0.2376046889483052
89 0.2366340515523905
90 0.2356946312062771
91 0.2347878539436149
92 0.2339201646184161
93 0.2330832987941931
94 0.232278612946821
95 0.231505327772476
96 0.23076251494627
97 0.2300489882083224
98 0.2293634116384364
99 0.2287040987038092
100 0.2280688489379038
101 0.2274554298024529
102 0.2268617052312425
103 0.2262857987601662
104 0.2257271713788533
105 0.2251867046274077
106 0.2246588378986263
107 0.2241436692742719
108 0.2236417843753328
109 0.2231525327441466
110 0.2226748463835061
111 0.222208197636473
112 0.221752021676086
113 0.2213060098248016
114 0.2208699350626157
115 0.2204439491483237
116 0.220028363120105
117 0.2196236218563999
118 0.2192303952073588
119 0.2188498372647381
120 0.218482955992603
121 0.2181290192888762
122 0.2177888166395011
123 0.217463234940753
124 0.2171530261280546
125 0.2168589474933861
126 0.2165817443015449
127 0.2163219119185624
128 0.2160799995649492
129 0.2158563945955237
130 0.215651405533293
131 0.2154652708142072
132 0.2152981426153166
133 0.2151500580306356
134 0.2150208994947073
135 0.214910348200729
136 0.2148180968608593
137 0.2147435054034423
138 0.2146860984622494
139 0.2146449631784649
140 0.2146193190354668
141 0.2146085085774192
142 0.2146115902615347
143 0.2146276004074074
144 0.2146555737376094
145 0.214694435593355
146 0.214743206957949
147 0.2148009804060231
148 0.2148666298335149
149 0.2149391327425978
150 0.2150175300293103
151 0.2151008797550327
152 0.2151882886349466
153 0.2152788554836403
154 0.2153717893187954
155 0.2154663495933694
156 0.2155618750061384
157 0.2156577733986428
158 0.2157534859395553
159 0.2158486635458805
160 0.2159428497884341
161 0.2160355761319285
162 0.2161265802682348
163 0.2162155789075577
164 0.2163023755603581
165 0.216386847261142
166 0.2164689644355499
167 0.2165486737824477
168 0.2166259762965609
169 0.2167009207359962
170 0.2167736186202942
171 0.2168441804392736
172 0.2169127822140055
173 0.2169795595776157
174 0.2170446779437723
175 0.2171083582517282
176 0.2171712838432916
177 0.2172334090492493
178 0.2172948972999519
179 0.2173559268782098
180 0.2174166705059148
181 0.2174772433045157
182 0.2175377053100769
183 0.2175981889688429
184 0.2176589195956698
185 0.217720040675994
186 0.2177816687334426
187 0.2178438900958131
188 0.2179067899582233
189 0.217970464403612
190 0.2180349750906923
191 0.2181003780527307
192 0.2181666877399325
193 0.218233912742385
194 0.2183020368686474
195 0.218371009904671
196 0.2184408107028622
197 0.2185113193811725
198 0.2185824954726875
199 0.2186543008275252
200 0.2187266501222477
201 0.2187994116355446
202 0.2188723460577159
203 0.2189452275493233
204 0.2190180165986486
205 0.2190905844581571
206 0.219162751140812
207 0.2192343256915659
208 0.2193050675473149
209 0.2193748864387405
210 0.2194436382978369
211 0.2195111631803487
212 0.2195772939325048
213 0.2196418665078283
214 0.2197047065193644
215 0.2197656491797874
216 0.2198245403720021
217 0.2198812409867179
218 0.2199356115238397
219 0.2199874717478124
220 0.2200366894791164
221 0.2200831793886698
222 0.2201268670660565
223 0.2201676799239684
224 0.2202055368507292
225 0.2202403891255808
226 0.2202721833291073
227 0.2203008478008219
228 0.2203263320093374
229 0.2203486098897434
230 0.2203676857860716
231 0.2203835462321868
232 0.2203961982825735
233 0.2204056680065325
234 0.2204120055533292
235 0.220415262094264
236 0.2204154994251826
237 0.2204127947063019
238 0.2204072396610642
239 0.2203989127643461
240 0.2203879179727132
241 0.2203743559313203
242 0.2203583461289131
243 0.2203400183965512
244 0.2203195078715905
245 0.2202969589334394
246 0.2202724985971705
247 0.2202462682819999
248 0.2202184163948982
249 0.2201891020617786
250 0.2201584794667359
251 0.2201266743098963
252 0.2200937998205803
253 0.2200599699143901
254 0.2200252940611632
255 0.2199898853140096
256 0.2199538631652994
257 0.2199173419631071
258 0.2198804200233456
259 0.2198431840811213
260 0.2198057297488129
261 0.2197681702862196
262 0.2197306193680931
263 0.2196931657544254
264 0.2196558760451414
265 0.2196188047345025
266 0.2195819988076292
267 0.2195455007727351
268 0.2195093455587683
269 0.2194735622813824
270 0.219438174676487
271 0.2194032009846577
272 0.2193686600003142
273 0.2193345506430189
274 0.2193008732325302
275 0.2192676210673681
276 0.2192348617408719
277 0.219202587892906
278 0.2191707861451489
279 0.2191394345520397
280 0.2191085030358312
281 0.2190779540282788
282 0.2190477630722739
283 0.2190178878550097
284 0.2189882664200496
285 0.2189588776015063
286 0.2189296778985153
287 0.2189006239176391
288 0.2188716719706796
289 0.2188427771020435
290 0.2188138939560422
291 0.218784978437552
292 0.2187559833688374
293 0.218726862251122
294 0.2186975669115095
295 0.2186680523752077
296 0.2186382853683047
297 0.2186082281859459
298 0.2185778353548337
299 0.2185470627732589
300 0.2185158716937868
301 0.2184842352835478
302 0.2184521388204087
303 0.2184195771208248
304 0.218386532849413
305 0.2183529925828748
306 0.2183189381499275
307 0.2182843531967569
308 0.2182492219270789
309 0.2182135268352657
310 0.2181772499778497
311 0.2181403747979891
312 0.218102885706486
313 0.2180647741543736
314 0.2180260313278141
315 0.2179866561364402
316 0.217946658832142
317 0.2179060503885094
318 0.2178648415553301
319 0.2178230493422198
320 0.2177806964262317
321 0.2177378046234498
322 0.2176943992261332
323 0.217650505898198
324 0.2176061525847241
325 0.2175613709791822
326 0.2175161958382935
327 0.2174706661709406
328 0.2174248260995998
329 0.2173787230890692
330 0.217332410192128
331 0.2172859422461859
332 0.2172393777121015
333 0.2171927735841682
334 0.2171461836081961
335 0.2170996618520989
336 0.2170532600724188
337 0.2170070304489516
338 0.2169610297191559
339 0.2169153155707027
340 0.216869944911567
341 0.2168249760685913
342 0.2167804667011853
343 0.2167364743839731
344 0.2166930604761833
345 0.2166502832573004
346 0.2166081484812795
347 0.2165667611990602
348 0.2165261991131597
349 0.2164865247561637
350 0.2164477997973121
351 0.2164100853386662
352 0.216373440562125
353 0.2163379221081096
354 0.2163035874416365
355 0.2162704907821327
356 0.2162386844203523
357 0.2162082209388891
358 0.216179151719849
359 0.2161515241723269
360 0.2161253881858589
361 0.2161007873676305
362 0.2160777637555751
363 0.2160563592097862
364 0.216036610970422
365 0.2160185595972522
366 0.2160022115791733
367 0.2159875817206998
368 0.2159746986472423
369 0.2159635823755338
370 0.2159542499119453
371 0.2159467317568105
372 0.2159410345106195
373 0.2159371687904384
374 0.2159351373120702
375 0.2159349434735517
376 0.2159365882841473
377 0.2159400681694776
378 0.2159453759405379
379 0.2159525045408534
380 0.2159614414484147
381 0.2159721708833319
382 0.21598467469855
383 0.2159989317592549
384 0.2160149167742538
385 0.2160326011491585
386 0.2160519508597065
387 0.2160729680043335
388 0.2160955792388994
389 0.2161197557682751
390 0.2161454416388268
391 0.2161725881219093
392 0.2162011446753673
393 0.2162310615907834
394 0.2162622876907884
395 0.216294766198338
396 0.2163284399760819
397 0.2163632504907857
398 0.2163991352245389
399 0.2164360303621491
400 0.2164738707748641
401 0.2165125910355947
402 0.2165521225912134
403 0.2165923944721596
404 0.2166333374262278
405 0.2166748784309157
406 0.2167169463433971
407 0.2167594668815498
408 0.2168023699810435
409 0.2168455863059451
410 0.2168890376227817
411 0.216932648978128
412 0.2169763496838276
413 0.217020052413181
414 0.2170636668153667
415 0.2171071317037734
416 0.217150393956092
417 0.2171933857470832
418 0.217236045488215
419 0.2172783067011
420 0.2173201026415278
421 0.2173613714513265
422 0.2174020493573076
423 0.2174420751652911
424 0.2174813919025904
425 0.2175199406900578
426 0.21755766801416
427 0.2175945244499777
428 0.2176304566920656
429 0.2176654168153051
430 0.2176993600802436
431 0.2177322451289108
432 0.2177640297684175
433 0.2177946769235273
434 0.2178241517485356
435 0.217852423040049
436 0.2178794600486074
437 0.2179052386859567
438 0.2179297359596144
439 0.2179529300295971
440 0.2179748094288496
441 0.217995349470971
442 0.218014539436705
443 0.2180324133967708
444 0.2180489296294794
445 0.2180641117824552
446 0.2180779177986015
447 0.2180903452869917
448 0.2181013992836061
449 0.2181110903023705
450 0.218119432206563
451 0.2181264399152074
452 0.2181321337777822
453 0.2181365492347874
454 0.2181397097057829
455 0.2181416357605525
456 0.2181423500248783
457 0.2181418770362322
458 0.2181402433343653
459 0.2181374636486614
460 0.218133563320582
461 0.2181285824853007
462 0.2181226273806245
463 0.2181156642785017
464 0.218107735287984
465 0.2180988823934883
466 0.2180891473836755
467 0.2180785715099216
468 0.2180671966014745
469 0.218055064731612
470 0.2180422195539987
471 0.2180287050942265
472 0.2180145671087478
473 0.2179998511488492
474 0.2179846044877568
475 0.2179688723444792
476 0.2179527012754329
477 0.2179361394422098
478 0.2179192332779395
479 0.217902030325369
480 0.2178845780964498
481 0.2178669245353803
482 0.2178491175508594
483 0.2178312002300123
484 0.2178132233206076
485 0.2177952322925791
486 0.2177772732029127
487 0.217759389936985
488 0.2177416269143064
489 0.2177240278129636
490 0.2177066372696141
491 0.2176894966515402
492 0.21767264721003
493 0.2176561294520451
494 0.2176399829712969
495 0.217624246283793
496 0.2176089571760012
497 0.2175941542808092
498 0.2175798720663666
499 0.2175661434524387
500 0.217553000200791
501 0.2175404728343757
502 0.2175285908825386
503 0.2175173827638644
504 0.2175068752480014
505 0.2174970938184152
506 0.2174880626837093
507 0.217479804206182
508 0.2174723386628237
509 0.2174656873777037
510 0.2174598686521505
511 0.217454899985748
512 0.2174507958554819
513 0.217447570674307
514 0.2174452374419957
515 0.2174438091659321
516 0.2174432965944316
517 0.217443708122665
518 0.2174450505495693
519 0.2174473292227359
520 0.2174505486731451
521 0.2174547103952183
522 0.2174598164573712
523 0.2174658672750084
524 0.2174728623209
525 0.2174807992043878
526 0.2174896741765699
527 0.2174994820679902
528 0.2175102163674302
529 0.2175218690545861
530 0.2175344312346125
531 0.2175478928831837
532 0.2175622427461847
533 0.2175774686624121
534 0.217593557325738
535 0.2176104962732644
536 0.2176282666130624
537 0.217646851889341
538 0.2176662355590702
539 0.217686398956338
540 0.2177073232418841
541 0.217728988178421
542 0.2177513731776733
543 0.2177744624756766
544 0.2177982254765204
545 0.217822640052548
546 0.2178476830321955
547 0.2178733315918433
548 0.2178995612336377
549 0.2179263470242642
550 0.2179536645931336
551 0.2179814876775517
552 0.2180097893535595
553 0.2180385431641578
554 0.21806772199621
555 0.2180972984517942
556 0.2181272452521337
557 0.2181575352532033
558 0.218188141028084
559 0.2182190350145464
560 0.2182501897183287
561 0.2182815772077417
562 0.2183131697548571
563 0.2183449397645829
564 0.2183768606661377
565 0.2184089043091658
566 0.2184410439986034
567 0.2184732527540807
568 0.2185055047225804
569 0.218537773092777
570 0.2185700317093956
571 0.2186022549440753
572 0.218634417891704
573 0.2186665025653519
574 0.2186984655978939
575 0.218730288393784
576 0.2187619564520891
577 0.2187934501058038
578 0.2188247477069018
579 0.2188558278981315
580 0.218886668665765
581 0.2189172492840553
582 0.2189475495285259
583 0.218977550245582
584 0.2190072332674489
585 0.2190365808512275
586 0.2190655767255085
587 0.2190942047641171
588 0.2191224497305623
589 0.2191502975396827
590 0.2191777346181452
591 0.2192047483883029
592 0.2192313272531974
593 0.2192574605598867
594 0.2192831381690727
595 0.219308351076895
596 0.2193330902545859
597 0.2193573471039365
598 0.2193811147382576
599 0.2194043862418742
600 0.2194271559116151
601 0.2194494200621877
602 0.2194711740217308
603 0.2194924148298628
604 0.2195131407842289
605 0.2195333501975692
606 0.2195530419230187
607 0.2195722167516838
608 0.2195908750503863
609 0.2196090184061852
610 0.2196266498593524
611 0.2196437731272367
612 0.2196603909626848
613 0.21967651570413
614 0.2196921237911236
615 0.219707227035992
616 0.2197218509819345
617 0.2197360067601039
618 0.2197497016423858
619 0.2197629428402928
620 0.2197757378173563
621 0.219788094545887
622 0.2198000223333922
623 0.2198115308147516
624 0.2198226301314926
625 0.2198333307528154
626 0.2198436440592019
627 0.2198535822111727
628 0.2198631580242331
629 0.2198723845000635
630 0.219881275079707
631 0.2198898433248474
632 0.2198981033783919
633 0.2199060696681152
634 0.2199137570280464
635 0.21992118105225
636 0.2199283568209006
637 0.2199352995999394
638 0.2199420246218277
639 0.2199485477621166
640 0.2199548851632251
641 0.2199610523659263
642 0.2199670655847775
643 0.2199729410009517
644 0.2199786947382832
645 0.2199843430027216
646 0.2199899017846108
647 0.2199953869831391
648 0.2200008142654595
649 0.220006199323027
650 0.2200115577806592
651 0.2200169050740115
652 0.2200222563416369
653 0.2200276268107261
654 0.2200330313148467
655 0.2200384846972035
656 0.2200440019168409
657 0.2200495966148491
658 0.2200552829227293
659 0.2200610746902544
660 0.2200669853718502
661 0.2200730276425981
662 0.2200792142827789
663 0.2200855574147918
664 0.2200920679991419
665 0.2200987575618485
666 0.2201056374585121
667 0.2201127188979194
668 0.2201200120246613
669 0.2201275272405131
670 0.2201352733416014
671 0.2201432588342785
672 0.220151491992651
673 0.2201599807934229
674 0.2201687323495591
675 0.2201777537681306
676 0.2201870511079827
677 0.2201966303089362
678 0.2202064966273377
679 0.2202166570260854
680 0.2202271133492776
681 0.2202378695949335
682 0.2202489288580982
683 0.2202602941060566
684 0.220271967901121
685 0.2202839519226053
686 0.2202962473787741
687 0.2203088549329294
688 0.2203217748517654
689 0.2203350070974048
690 0.2203485509041166
691 0.2203624051267281
692 0.220376568047903
693 0.2203910373813786
694 0.2204058103452997
695 0.2204208838933123
696 0.2204362544387506
697 0.2204519177674189
698 0.2204678695900075
699 0.2204841051435564
700 0.2205006193057224
701 0.2205174064935356
702 0.220534460633997
703 0.2205517753167112
704 0.220569343782485
705 0.2205871587135615
706 0.2206052126974332
707 0.2206234979104887
708 0.2206420062495828
709 0.2206607293651357
710 0.2206796583959606
711 0.2206987842174308
712 0.2207180974998113
713 0.2207375888290379
714 0.2207572486132262
715 0.2207770671514374
716 0.2207970347081931
717 0.2208171415066311
718 0.2208373776696346
719 0.2208577331029005
720 0.2208781975457345
721 0.2208987604726689
722 0.2209194114537636
723 0.2209401400911969
724 0.2209609358993006
725 0.2209817884440667
726 0.2210026873601984
727 0.221023622377825
728 0.2210445830427838
729 0.2210655594743375
730 0.2210865415533282
731 0.2211075192253078
732 0.2211284825826707
733 0.2211494218948367
734 0.2211703273005619
735 0.2211911891171705
736 0.2212119978814822
737 0.2212327442417701
738 0.2212534191172302
739 0.2212740137350691
740 0.2212945193802111
741 0.2213149275486734
742 0.2213352300277723
743 0.2213554188151931
744 0.2213754862015623
745 0.2213954247170443
746 0.221415227256186
747 0.2214348869409239
748 0.221454397278369
749 0.2214737518029569
750 0.2214929446881315
751 0.2215119703885186
752 0.2215308233602423
753 0.2215494985585691
754 0.2215679910146101
755 0.2215862961638881
756 0.2216044098262522
757 0.2216223279197624
758 0.2216400468718612
759 0.2216575636166336
760 0.2216748751340581
761 0.2216919790130582
762 0.2217088729539176
763 0.2217255549798297
764 0.2217420233540701
765 0.2217582766940831
766 0.2217743138744273
767 0.2217901341988733
768 0.2218057373810099
769 0.2218211233248739
770 0.2218362923197371
771 0.2218512449761701
772 0.2218659821033487
773 0.2218805048637042
774 0.2218948152799846
775 0.2219089161373806
776 0.2219228098803904
777 0.2219364978955503
778 0.2219499818951747
779 0.2219632643509953
780 0.2219763480639557
781 0.2219892359541963
782 0.2220019309218863
783 0.2220144363243616
784 0.2220267557360828
785 0.2220388930092157
786 0.2220508524691644
787 0.2220626384969913
788 0.2220742557759095
789 0.2220857092182899
790 0.2220970039235179
791 0.2221081450870852
792 0.222119138039956
793 0.22212998821245
794 0.2221407006249388
795 0.2221512802486482
796 0.2221617266090409
797 0.2221720560507167
798 0.2221822647996071
799 0.2221923692098706
800 0.222202365349488
801 0.2222122692054177
802 0.2222220767814387
803 0.2222317982372718
804 0.2222414457027717
805 0.2222510156065179
806 0.2222605173693943
807 0.2222699567438909
808 0.2222793396958782
809 0.2222886722518022
810 0.2222979611388217
811 0.2223072122559838
812 0.2223164318231855
813 0.222325625973394
814 0.2223348006346936
815 0.2223439616315216
816 0.2223531144865051
817 0.2223622649135289
818 0.2223714181779131
819 0.2223805794842753
820 0.2223897539869797
821 0.2223989468336285
822 0.2224081629019055
823 0.2224174070215586
824 0.2224266837708194
825 0.2224359982642866
826 0.2224453544646856
827 0.2224547563326971
828 0.2224642078216627
829 0.2224737131138065
830 0.2224832893911248
831 0.2224929273582842
832 0.2225026285457583
833 0.2225123971560011
834 0.2225222367433153
835 0.2225321503281806
836 0.2225421405649447
837 0.2225522100182054
838 0.2225623611419103
839 0.2225725961460276
840 0.2225829169732471
841 0.2225933254374883
842 0.2226038231281934
843 0.2226144114941576
844 0.2226250916649195
845 0.2226358648151054
846 0.2226467317414774
847 0.2226576932420267
848 0.2226687499659142
849 0.2226799021819604
850 0.2226911500784704
851 0.2227024936737134
852 0.2227139327991631
853 0.2227254880587898
854 0.2227370946672626
855 0.2227487484761428
856 0.2227605087307699
857 0.2227723789558634
858 0.222784355191088
859 0.2227964328353708
860 0.2228086074599206
861 0.2228208750749687
862 0.2228332326595134
863 0.2228456767958817
864 0.2228582043106548
865 0.2228708121623444
866 0.222883497433561
867 0.2228962573890107
868 0.2229090893264818
869 0.2229219905605484
870 0.2229349584699734
871 0.222947996204972
872 0.2229611008648557
873 0.2229742683752398
874 0.2229874943494977
875 0.2230007745415637
876 0.2230141048944915
877 0.2230274815078709
878 0.22304090031693
879 0.2230543581090476
880 0.2230678519765557
881 0.2230813790788482
882 0.2230949362104643
883 0.2231085199582493
884 0.2231221267064565
885 0.2231357527703354
886 0.2231493944554929
887 0.2231630480315627
888 0.223176709824814
889 0.223190376275587
890 0.223204044002413
891 0.2232177095993918
892 0.22323136964423
893 0.2232450207372065
894 0.2232586594003528
895 0.223272282426355
896 0.2232858864850017
897 0.2232994683057973
898 0.2233130246264088
899 0.2233265522298489
900 0.2233400479595591
901 0.2233535086163171
902 0.2233669301385111
903 0.223380309508689
904 0.2233936440577191
905 0.2234069311078724
906 0.2234201680183797
907 0.2234333521798026
908 0.2234464810478639
909 0.223459552171454
910 0.2234725631628308
911 0.2234855116936435
912 0.223498395497818
913 0.2235112128867659
914 0.2235239613108097
915 0.2235366388218021
916 0.2235492436090958
917 0.2235617738803035
918 0.2235742279853838
919 0.2235866042121892
920 0.2235989009567937
921 0.2236111167530959
922 0.2236232503856934
923 0.2236353008702468
924 0.2236472674022157
925 0.2236591492564664
926 0.2236709457826729
927 0.2236826563576198
928 0.2236942804112839
929 0.2237058174530902
930 0.2237172670672142
931 0.2237286289424552
932 0.2237399028800097
933 0.223751088784121
934 0.2237621867060127
935 0.2237731967546533
936 0.2237841191306039
937 0.2237949541742706
938 0.2238057023428334
939 0.2238163642101898
940 0.2238269404882841
941 0.2238374319160782
942 0.2238478393629237
943 0.223858163873575
944 0.2238684064059369
945 0.2238785681647719
946 0.223888650225217
947 0.2238986537470099
948 0.2239085799760958
949 0.2239184302424113
950 0.2239282059664009
951 0.2239379086528114
952 0.2239475399054425
953 0.2239571022348733
954 0.2239665973440087
955 0.2239760266097237
956 0.2239853916382013
957 0.2239946941865092
958 0.2240039360815934
959 0.2240131191621075
960 0.2240222453247493
961 0.2240313165035099
962 0.2240403346723211
963 0.2240493020022692
964 0.2240582205084224
965 0.2240670922233068
966 0.2240759192445036
967 0.2240847036854977
968 0.2240934476835567
969 0.2241021534897149
970 0.2241108231741467
971 0.2241194588110355
972 0.2241280624329021
973 0.2241366360858034
974 0.2241451818447281
975 0.2241537017301484
976 0.224162197758464
977 0.2241706719471939
978 0.2241791263165428
979 0.2241875628929436
980 0.2241959836959073
981 0.2242043907264939
982 0.224212785960347
983 0.2242211720791133
984 0.2242295502972698
985 0.2242379227662049
986 0.22424629118108
987 0.2242546572233599
988 0.224263022672767
989 0.2242713892093331
990 0.2242797584693162
991 0.2242881320067187
992 0.2242965113181066
993 0.224304897839347
994 0.224313292974177
995 0.2243216980734099
996 0.2243301144344852
997 0.2243385433003755
998 0.2243469858591062
999 0.2243554432234111
1000 0.2243639164884729
1001 0.2243724066708905
1002 0.2243809147338574
1003 0.2243894416002876
1004 0.2243979881498937
1005 0.2244065551731973
1006 0.2244151433857114
1007 0.2244237534368451
1008 0.2244323859011736
1009 0.2244410413057049
1010 0.2244497201415306
1011 0.224458422852225
1012 0.2244671498080277
1013 0.2244759012996149
1014 0.2244846775371193
1015 0.2244934786264861
1016 0.2245023046642682
1017 0.2245111559819982
1018 0.2245200320963974
1019 0.2245289327189694
1020 0.2245378577323775
1021 0.2245468070149007
1022 0.2245557803880299
1023 0.224564777589925
1024 0.2245737982918843
1025 0.2245828421222211
1026 0.2245919085945847
1027 0.2246009971469782
1028 0.2246101071338983
1029 0.2246192379381712
1030 0.2246283888144557
1031 0.2246375590339023
1032 0.224646721865529
1033 0.2246559515446918
1034 0.224665244928463
1035 0.2246745403363546
1036 0.2246838332108801
1037 0.2246931260876519
1038 0.2247024215246381
1039 0.224711722637069
1040 0.2247210297851982
1041 0.2247303439271589
1042 0.2247396654957273
1043 0.2247489945442455
1044 0.2247583307579877
1045 0.224767674196741
1046 0.2247770238487383
1047 0.2247863785453261
1048 0.2247957371491766
1049 0.2248050984747632
1050 0.2248144612730631
1051 0.2248238242188015
1052 0.2248331859610652
1053 0.224842545143049
1054 0.2248519004094722
1055 0.2248612504141917
1056 0.2248705938283948
1057 0.2248799293561697
1058 0.2248892557382868
1059 0.2248985717259943
1060 0.2249078760860272
1061 0.2249171675998655
1062 0.2249264450893139
1063 0.2249357074044403
1064 0.2249449534192735
1065 0.2249541820313631
1066 0.2249633921621589
1067 0.2249725827582744
1068 0.2249817527894781
1069 0.2249909012517177
1070 0.2250000271671734
1071 0.225009129586595
1072 0.2250182076159248
1073 0.2250272603545289
1074 0.2250362868869923
1075 0.2250452863173255
1076 0.2250542577894743
1077 0.2250632005271551
1078 0.2250721136907246
1079 0.2250809965781818
1080 0.2250898485065201
1081 0.2250986688210092
1082 0.2251074568935726
1083 0.2251162122558046
1084 0.2251249339902815
1085 0.2251336085595335
1086 0.2251422447647438
1087 0.2251508454859608
1088 0.2251594100622171
1089 0.2251679385724351
1090 0.2251764304849202
1091 0.2251848857288338
1092 0.2251933039521134
1093 0.2252016850501515
1094 0.2252100287899977
1095 0.2252183350740862
1096 0.2252266037503451
1097 0.2252348347562546
1098 0.2252430288623003
1099 0.2252511853068095
1100 0.2252593040048929
1101 0.2252673849778105
1102 0.2252754283003136
1103 0.2252834340998062
1104 0.2252914025417345
1105 0.2252993338432135
1106 0.2253072281972314
1107 0.2253150858252418
1108 0.2253229070059007
1109 0.2253306920368393
1110 0.2253384412326797
1111 0.2253461549395613
1112 0.2253538335355662
1113 0.2253614774397221
1114 0.2253690870690377
1115 0.2253766628727147
1116 0.225384205330675
1117 0.2253917149555335
1118 0.2253991922834251
1119 0.2254066378666249
1120 0.2254140522793913
1121 0.225421436116371
1122 0.2254287901570504
1123 0.2254361151449588
1124 0.2254434116742809
1125 0.2254506798799939
1126 0.2254579201068584
1127 0.225465133069592
1128 0.2254723195993109
1129 0.2254794805328344
1130 0.2254866167300305
1131 0.2254937290081949
1132 0.2255008181305594
1133 0.2255078848277489
1134 0.2255149298094949
1135 0.2255219537760674
1136 0.2255289574366053
1137 0.2255359415197203
1138 0.2255429067349721
1139 0.2255498538016439
1140 0.2255567834445517
1141 0.2255636963963055
1142 0.2255705933975746
1143 0.2255774752429759
1144 0.22558434263854
1145 0.2255911962919653
1146 0.2255980369808417
1147 0.2256048652377344
1148 0.2256116817400121
1149 0.2256184871205199
1150 0.2256252819888293
1151 0.2256320669408125
1152 0.2256388425623911
1153 0.2256456094310151
1154 0.2256523681159364
1155 0.2256591191710957
1156 0.2256658631521164
1157 0.2256726006016496
1158 0.2256793320506974
1159 0.2256860580134143
1160 0.2256927789837255
1161 0.2256994955129135
1162 0.2257062082503913
1163 0.2257129174597533
1164 0.2257196234253656
1165 0.2257263264994319
1166 0.2257330270595679
1167 0.2257397254975395
1168 0.2257464221851854
1169 0.2257531174739511
1170 0.2257598125283573
1171 0.2257665068989301
1172 0.2257732007451879
1173 0.2257798942551161
1174 0.2257865876209959
1175 0.2257932810378783
1176 0.2257999746793219
1177 0.2258066687024818
1178 0.2258133632455357
1179 0.2258200584796676
1180 0.2258267544786517
1181 0.2258334513474814
1182 0.2258401491361086
1183 0.2258468479046563
1184 0.2258535476762144
1185 0.2258602484529301
1186 0.2258669502111992
1187 0.2258736529031817
1188 0.2258803564685513
1189 0.2258870608241145
1190 0.2258937658610129
1191 0.2259004714588287
1192 0.2259071774499753
1193 0.2259138835909553
1194 0.2259205898271865
1195 0.2259272958887811
1196 0.2259340015899751
1197 0.2259407067279429
1198 0.2259474110862918
1199 0.2259541144337796
1200 0.2259608165243304
1201 0.225967517097355
1202 0.2259742158783105
1203 0.2259809125788869
1204 0.2259876068980637
1205 0.225994298521007
1206 0.2260009871709489
1207 0.2260076724070868
1208 0.2260143539896941
1209 0.2260210315612424
1210 0.2260277047502488
1211 0.2260343731451046
1212 0.2260410363453214
1213 0.2260476939508177
1214 0.2260543455727893
1215 0.2260609908252957
1216 0.2260676293253722
1217 0.2260742606931314
1218 0.2260808845487571
1219 0.2260875004745301
1220 0.226094108209429
1221 0.226100707314744
1222 0.2261072973820534
1223 0.2261138781279312
1224 0.2261204490997522
1225 0.2261270099350483
1226 0.2261335602709704
1227 0.2261400997483002
1228 0.2261466280099468
1229 0.2261531447202808
1230 0.2261596494979287
1231 0.2261661420037945
1232 0.2261726218685237
1233 0.2261790884822187
1234 0.2261855415343535
1235 0.2261919805913651
1236 0.2261984055119561
1237 0.2262048161136283
1238 0.2262112122189719
1239 0.2262175936239246
1240 0.2262239600946923
1241 0.226230311374699
1242 0.2262366471936666
1243 0.2262429672769785
1244 0.2262492713560321
1245 0.2262555591274608
1246 0.2262618304188707
1247 0.2262680850341998
1248 0.2262743227129136
1249 0.2262805432656837
1250 0.2262867465172169
1251 0.2262929323086023
1252 0.2262991004903324
1253 0.2263052509227012
1254 0.2263113834832443
1255 0.2263174980903436
1256 0.2263235946972696
1257 0.2263296732646946
1258 0.2263357337977792
1259 0.2263417761831074
1260 0.2263478003226977
1261 0.2263538062237222
1262 0.2263597938195445
1263 0.2263657630623503
1264 0.2263717139222171
1265 0.2263776463898742
1266 0.2263835604750468
1267 0.2263894562430596
1268 0.2263953336892861
1269 0.2264011928767012
1270 0.2264070346312468
1271 0.2264128584080892
1272 0.2264186641190024
1273 0.2264244517908053
1274 0.2264302215671963
1275 0.2264359735268977
1276 0.2264417078249789
1277 0.2264474246329084
1278 0.2264531241280244
1279 0.2264588064810331
1280 0.2264644718524597
1281 0.2264701203940689
1282 0.2264757522540507
1283 0.2264813676267081
1284 0.2264869665601905
1285 0.2264925505642366
1286 0.22649811790101
1287 0.2265036688727017
1288 0.226509203966264
1289 0.2265147234297716
1290 0.2265202276729208
1291 0.2265257169632633
1292 0.2265311915477946
1293 0.2265366516606518
1294 0.2265420975528237
1295 0.226547529518982
1296 0.2265529477692967
1297 0.226558352650113
1298 0.2265637443050022
1299 0.2265691229548654
1300 0.2265744888053484
1301 0.2265798420794471
1302 0.2265851830022768
1303 0.2265905117451754
1304 0.2265958286285637
1305 0.226601133774066
1306 0.2266064273930292
1307 0.2266117096971326
1308 0.2266169809073987
1309 0.2266222412976661
1310 0.2266274910126741
1311 0.2266327303828017
1312 0.2266379596439139
1313 0.2266431790370504
1314 0.2266483888032707
1315 0.226653589182475
1316 0.2266587804227301
1317 0.2266639627616952
1318 0.2266691364292684
1319 0.2266743016455129
1320 0.226679458621779
1321 0.2266846075706544
1322 0.2266897487720604
1323 0.2266948823183574
1324 0.2267000084632282
1325 0.2267051272841253
1326 0.2267102389455611
1327 0.2267153436037407
1328 0.226720441411924
1329 0.2267255325185666
1330 0.2267306170731578
1331 0.2267356952149815
1332 0.2267407670787527
1333 0.2267458327945253
1334 0.2267508924927285
1335 0.2267559462819477
1336 0.2267609942759392
1337 0.2267660365763819
1338 0.2267710732720279
1339 0.2267761044398781
1340 0.226781130150943
1341 0.2267861504674432
1342 0.2267911654415001
1343 0.2267961751163578
1344 0.2268011795278614
1345 0.2268061786609308
1346 0.2268111726466979
1347 0.226816161429433
1348 0.2268211450292086
1349 0.2268261234503835
1350 0.2268310966898613
1351 0.2268360647342771
1352 0.2268410275602386
1353 0.2268459851333101
1354 0.2268509374074365
1355 0.226855884326584
1356 0.2268608258269146
1357 0.2268657618387193
1358 0.2268706922884647
1359 0.2268756172081569
1360 0.2268805366183002
1361 0.2268854503830069
1362 0.2268903585282443
1363 0.2268952609675494
1364 0.2269001575989233
1365 0.2269050483084625
1366 0.2269099329784225
1367 0.2269148114872238
1368 0.2269196837113485
1369 0.2269245495250239
1370 0.2269294088026857
1371 0.2269342614159516
1372 0.2269391072290494
1373 0.2269439461041449
1374 0.2269487779022508
1375 0.2269536024865063
1376 0.2269584196773918
1377 0.2269632294459285
1378 0.2269680315753137
1379 0.2269728259310625
1380 0.2269776123663343
1381 0.2269823907482518
1382 0.2269871609386665
1383 0.2269919228008319
1384 0.2269966761807602
1385 0.2270014209165526
1386 0.2270061568522835
1387 0.2270108837927067
1388 0.227015601704266
1389 0.2270203103772941
1390 0.2270250096921486
1391 0.227029699519911
1392 0.2270343797694644
1393 0.2270390501861611
1394 0.2270437106919921
1395 0.2270483611125624
1396 0.2270530012805639
1397 0.2270576310290463
1398 0.2270622502044678
1399 0.2270668586464291
1400 0.2270714562090926
1401 0.2270760427558346
1402 0.2270806181588397
1403 0.2270851823318601
1404 0.2270897352152191
1405 0.227094276586234
1406 0.2270988064100275
1407 0.2271033233580389
1408 0.2271078263015159
1409 0.2271123157005284
1410 0.2271167924650939
1411 0.2271212568639683
1412 0.2271257090026567
1413 0.2271301488812832
1414 0.227134576470203
1415 0.2271389917316619
1416 0.2271433951681431
1417 0.2271477863625321
1418 0.2271521651744773
1419 0.2271565315197782
1420 0.2271608853481017
1421 0.227165226627482
1422 0.2271695552903557
1423 0.2271738714315214
1424 0.2271781749610972
1425 0.2271824658751649
1426 0.2271867442119857
1427 0.2271910098569726
1428 0.2271952628852587
1429 0.2271995033081027
1430 0.2272037311171656
1431 0.2272079463159715
1432 0.227212148917576
1433 0.227216338940846
1434 0.2272205163979466
1435 0.2272246813186894
1436 0.2272288337404829
1437 0.2272329736996414
1438 0.2272371012347917
1439 0.2272412163855219
1440 0.2272453192408621
1441 0.2272494097367777
1442 0.2272534880012839
1443 0.2272575540818031
1444 0.2272616079926268
1445 0.2272656499144847
1446 0.2272696798447943
1447 0.2272736978627618
1448 0.2272777040388816
1449 0.227281698441747
1450 0.2272856811466137
1451 0.2272896522295655
1452 0.2272936117652519
1453 0.2272975598222058
1454 0.2273014964720549
1455 0.2273054217859771
1456 0.2273093358372326
1457 0.2273132387026768
1458 0.2273171304634541
1459 0.2273210111589299
1460 0.227324880990918
1461 0.2273287405088945
1462 0.2273325892967203
1463 0.2273364274380018
1464 0.227340254951053
1465 0.2273440720304827
1466 0.2273478787841563
1467 0.2273516753232016
1468 0.227355461759857
1469 0.2273592382159465
1470 0.2273630050462961
1471 0.2273667627217693
1472 0.2273705114653796
1473 0.2273742512172627
1474 0.2273779818348666
1475 0.2273817032100175
1476 0.2273854153066517
1477 0.2273891181546594
1478 0.2273928118309976
1479 0.2273964964870056
1480 0.2274001721353065
1481 0.2274038389768728
1482 0.2274074970800087
1483 0.2274111466673294
1484 0.2274147877680181
1485 0.2274184204882087
1486 0.2274220449388732
1487 0.2274256612077935
1488 0.2274292693757174
1489 0.2274328695221785
1490 0.22743646173168
1491 0.2274400460882186
1492 0.2274436226741911
1493 0.227447191571065
1494 0.2274507528588119
1495 0.2274543066161671
1496 0.2274578529184761
1497 0.2274613918343301
1498 0.2274649234394554
1499 0.2274684478007276
1500 0.2274719648832901
1501 0.227475474920364
1502 0.2274789778962549
1503 0.2274824738736498
1504 0.2274859629038997
1505 0.2274894450348376
1506 0.2274929203121241
1507 0.2274963887789614
1508 0.2274998504673956
1509 0.2275033054304677
1510 0.2275067537159648
1511 0.2275101953427349
1512 0.2275136303336168
1513 0.2275170587095655
1514 0.2275204804915923
1515 0.227523895701505
1516 0.2275273043620703
1517 0.2275307064964279
1518 0.2275341021171931
1519 0.2275374910419359
1520 0.2275408733220529
1521 0.227544249073445
1522 0.2275476182490937
1523 0.2275509809701947
1524 0.2275543372612368
1525 0.2275576872832028
1526 0.2275610308954813
1527 0.2275643680399346
1528 0.2275676987313979
1529 0.2275710230079764
1530 0.2275743409143834
1531 0.2275776524583659
1532 0.2275809576373916
1533 0.2275842564399007
1534 0.2275875488493881
1535 0.2275908348468973
1536 0.2275941144405043
1537 0.2275973876213497
1538 0.2276006543303991
1539 0.2276039145431441
1540 0.22760716823834
1541 0.2276104153934227
1542 0.2276136559499362
1543 0.2276168899366336
1544 0.2276201172744096
1545 0.2276233380466331
1546 0.2276265521470939
1547 0.227629759561716
1548 0.2276329602823397
1549 0.2276361542984758
1550 0.2276393415927973
1551 0.2276425221404137
1552 0.2276456959089241
1553 0.2276488628606456
1554 0.2276520229551473
1555 0.22765517615412
1556 0.2276583224170665
1557 0.2276614617059777
1558 0.227664593985294
1559 0.2276677192220776
1560 0.2276708373870272
1561 0.2276739484556063
1562 0.2276770524036874
1563 0.2276801492074927
1564 0.2276832388438386
1565 0.227686321290468
1566 0.2276893965262405
1567 0.2276924645309922
1568 0.2276955252859827
1569 0.2276985787712199
1570 0.2277016249659428
1571 0.2277046638487702
1572 0.2277076953981329
1573 0.2277107195923367
1574 0.2277137364097866
1575 0.2277167458291868
1576 0.2277197478331302
1577 0.2277227423981838
1578 0.2277257295055387
1579 0.2277287091369483
1580 0.2277316812781743
1581 0.2277346459151683
1582 0.2277376030349166
1583 0.2277405526254742
1584 0.2277434946760962
1585 0.2277464291773309
1586 0.2277493561211306
1587 0.2277522755004977
1588 0.2277551873097867
1589 0.227758091544678
1590 0.2277609882021358
1591 0.2277638772804249
1592 0.2277667587791908
1593 0.2277696326994072
1594 0.2277724990432912
1595 0.2277753578142448
1596 0.2277782090168098
1597 0.2277810526590819
1598 0.2277838887587634
1599 0.2277867173208225
1600 0.2277895383544264
1601 0.2277923518732806
1602 0.2277951578963874
1603 0.2277979564565983
1604 0.2278007475632262
1605 0.2278035312394978
1606 0.2278063074861398
1607 0.2278090763074771
1608 0.2278118377055896
1609 0.2278145916813218
1610 0.2278173382348264
1611 0.2278200773676096
1612 0.2278228090901662
1613 0.2278255334136987
1614 0.2278282503534692
1615 0.2278309599302766
1616 0.2278336621666245
1617 0.227836357084871
1618 0.227839044738767
1619 0.2278417251644324
1620 0.2278443983801707
1621 0.2278470643982206
1622 0.2278497232320795
1623 0.2278523749015371
1624 0.2278550194324407
1625 0.2278576568807964
1626 0.2278602872646959
1627 0.2278629106191213
1628 0.2278655269733708
1629 0.22786813635763
1630 0.2278707388046498
1631 0.2278733343495476
1632 0.2278759230290338
1633 0.2278785027675184
1634 0.2278810755466247
1635 0.2278836418722407
1636 0.2278862018873099
1637 0.2278887556638116
1638 0.2278913032172059
1639 0.2278938445277456
1640 0.2278963795595129
1641 0.2278989082746302
1642 0.2279014285779791
1643 0.2279039423280307
1644 0.2279064499806652
1645 0.2279089516216598
1646 0.2279114472903004
1647 0.2279139369759644
1648 0.2279164206437898
1649 0.2279188962283693
1650 0.2279213655370852
1651 0.2279238290042366
1652 0.2279262867104593
1653 0.2279287386949096
1654 0.2279311849513004
1655 0.2279336234607779
1656 0.2279360559728116
1657 0.2279384829309873
1658 0.2279409044002615
1659 0.2279433204016041
1660 0.2279457309130493
1661 0.2279481339364398
1662 0.2279505311712293
1663 0.2279529230581269
1664 0.2279553096567077
1665 0.2279576909886735
1666 0.2279600651060398
1667 0.2279624336835611
1668 0.2279647976358111
1669 0.2279671565897246
1670 0.2279695104866942
1671 0.227971857370449
1672 0.2279741988622265
1673 0.2279765353915213
1674 0.2279788670001496
1675 0.2279811918130176
1676 0.2279835114454463
1677 0.2279858263273861
1678 0.2279881364839202
1679 0.2279904400489227
1680 0.2279927385902324
1681 0.2279950325163455
1682 0.2279973218336332
1683 0.2279996046760542
1684 0.2280018825776041
1685 0.2280041559424943
1686 0.2280064247746481
1687 0.2280086872260967
1688 0.2280109447984977
1689 0.2280131978945617
1690 0.2280154465133603
1691 0.228017688824558
1692 0.228019926301322
1693 0.2280221593470385
1694 0.2280243879612257
1695 0.228026610336574
1696 0.2280288279237478
1697 0.2280310412095356
1698 0.2280332485170065
1699 0.2280354512624814
1700 0.2280376498414982
1701 0.2280398425164424
1702 0.2280420307291078
1703 0.2280442148818703
1704 0.2280463932439852
1705 0.2280485672245206
1706 0.2280507372100524
1707 0.2280529014725733
1708 0.2280550613824679
1709 0.228057217316243
1710 0.2280593675593604
1711 0.2280615134547996
1712 0.228063655372962
1713 0.2280657916093577
1714 0.2280679234913325
1715 0.2280700513983573
1716 0.2280721736501041
1717 0.2280742915657056
1718 0.2280764055395726
1719 0.2280785139198165
1720 0.2280806180051012
1721 0.2280827181821102
1722 0.2280848128064709
1723 0.2280869031496717
1724 0.2280889895955714
1725 0.228091070517534
1726 0.2280931471704205
1727 0.2280952199422276
1728 0.2280972872273343
1729 0.2280993502628572
1730 0.228101409437711
1731 0.2281034631627558
1732 0.2281055126570374
1733 0.2281075567586831
1734 0.2281095967103093
1735 0.2281116329299478
1736 0.2281136638651873
1737 0.2281156906915251
1738 0.2281177122599604
1739 0.2281197297618882
1740 0.2281217435942038
1741 0.2281237522123676
1742 0.2281257567432211
1743 0.2281277560527854
1744 0.2281297512923289
1745 0.2281317428516941
1746 0.2281337292099419
1747 0.2281357114591999
1748 0.2281376884905143
1749 0.2281396614240148
1750 0.2281416292003032
1751 0.2281435929446875
1752 0.2281455530552006
1753 0.2281475080537256
1754 0.2281494589874609
1755 0.2281514047833656
1756 0.2281533465100269
1757 0.2281552831375259
1758 0.2281572157408877
1759 0.2281591433081567
1760 0.228161066900477
1761 0.2281629855113656
1762 0.2281649001823001
1763 0.2281668099100305
1764 0.2281687157170186
1765 0.2281706166049907
1766 0.2281725135801184
1767 0.2281744056518062
1768 0.2281762938127113
1769 0.2281781770819931
1770 0.2281800564417746
1771 0.2281819309244549
1772 0.2281838015036563
1773 0.2281856672258417
1774 0.228187529055281
1775 0.228189386050615
1776 0.2281912391684812
1777 0.2281930874810743
1778 0.2281949319365243
1779 0.2281967716193272
1780 0.2281986074691327
1781 0.2282004385821893
1782 0.2282022658873331
1783 0.2282040884918385
1784 0.2282059073147368
1785 0.22820772147416
1786 0.2282095318810072
1787 0.2282113376661719
1788 0.2282131397319139
1789 0.2282149372193278
1790 0.228216731019514
1791 0.2282185202816331
1792 0.2282203058846027
1793 0.2282220869855772
1794 0.2282238644524833
1795 0.2282256374523559
1796 0.2282274068441925
1797 0.2282291718058942
1798 0.2282309331878404
1799 0.2282326901784601
1800 0.2282344436190699
1801 0.2282361927078837
1802 0.2282379382769755
1803 0.2282396795341022
1804 0.2282414173018461
1805 0.2282431507982234
1806 0.2282448808388604
1807 0.2282466066533549
1808 0.2282483290491283
1809 0.228250047263869
1810 0.2282517620934874
1811 0.2282534727803678
1812 0.2282551801068748
1813 0.2282568833226172
1814 0.228258583199156
1815 0.2282602789928195
1816 0.2282619714662339
1817 0.2282636598856977
1818 0.228265345006944
1819 0.2282670261071194
1820 0.2282687028595183
1821 0.2282703763960613
1822 0.2282720460615391
1823 0.2282737126237122
1824 0.2282753753900457
1825 0.228277035079762
1826 0.2282786909842789
1827 0.2282803427606686
1828 0.2282819914827323
1829 0.2282836365050112
1830 0.2282852785472204
1831 0.2282869169328119
1832 0.2282885513223673
1833 0.2282901827593221
1834 0.2282918106114702
1835 0.228293435564883
1836 0.2282950569500097
1837 0.2282966744151423
1838 0.2282982889640214
1839 0.2282998999721014
1840 0.2283015080969354
1841 0.2283031126849591
1842 0.2283047133872645
1843 0.2283063111870198
1844 0.2283079054854356
1845 0.228309495968257
1846 0.2283110836203873
1847 0.2283126678594378
1848 0.2283142493139739
1849 0.2283158273589538
1850 0.2283173852969806
1851 0.2283189699319077
1852 0.228320569436831
1853 0.2283221603110598
1854 0.2283237402285768
1855 0.2283253095927116
1856 0.2283268696774192
1857 0.2283284229066219
1858 0.2283299700088796
1859 0.22833151172222
1860 0.228333049787246
1861 0.2283345842885219
1862 0.2283361153560185
1863 0.2283376441717223
1864 0.2283391703631392
1865 0.2283406936694014
1866 0.2283422149467199
1867 0.2283437336006939
1868 0.2283452492132606
1869 0.2283467625352895
1870 0.2283482729454962
1871 0.228349780029862
1872 0.2283512845564742
1873 0.2283527859599291
1874 0.2283542838802458
1875 0.2283557791239578
1876 0.2283572711797829
1877 0.2283587597254962
1878 0.2283602455819104
1879 0.2283617282643204
1880 0.2283632074623906
1881 0.2283646839875846
1882 0.2283661573614433
1883 0.2283676272693616
1884 0.2283690937057737
1885 0.228370557496049
1886 0.2283720181925782
1887 0.228373475489264
1888 0.2283749301592292
1889 0.2283763817303246
1890 0.2283778298783296
1891 0.2283792745840185
1892 0.2283807166380491
1893 0.2283821555750132
1894 0.2283835910239488
1895 0.2283850229150942
1896 0.2283864520094602
1897 0.2283878779113467
1898 0.2283893003679754
1899 0.2283907194245023
1900 0.2283921359004809
1901 0.2283935494341925
1902 0.2283949597571707
1903 0.228396366872668
1904 0.2283977715375014
1905 0.2283991733579193
1906 0.2284005720320516
1907 0.2284019675364692
1908 0.2284033605955838
1909 0.2284047508165823
1910 0.2284061378947934
1911 0.2284075218052383
1912 0.228408903262041
1913 0.228410281890475
1914 0.2284116573921346
1915 0.2284130297431807
1916 0.2284143989543561
1917 0.2284157657469395
1918 0.2284171297709689
1919 0.2284184907363093
1920 0.2284198486176583
1921 0.2284212034202072
1922 0.2284225558406254
1923 0.2284239055338751
1924 0.228425252204564
1925 0.2284265958266055
1926 0.2284279363977849
1927 0.2284292745897827
1928 0.2284306100629195
1929 0.228431942520042
1930 0.2284332719236149
1931 0.2284345982683096
1932 0.2284359215746418
1933 0.2284372425112396
1934 0.228438560762119
1935 0.2284398760369277
1936 0.2284411882962047
1937 0.2284424975293911
1938 0.2284438037497719
1939 0.228445107599956
1940 0.2284464087705385
1941 0.2284477069684667
1942 0.2284490021477533
1943 0.2284502942924299
1944 0.2284515834111158
1945 0.2284528695265106
1946 0.2284541532627831
1947 0.2284554343240627
1948 0.228456712418556
1949 0.2284579874980376
1950 0.2284592595453337
1951 0.2284605285686898
1952 0.2284617945913933
1953 0.2284630576426371
1954 0.2284643177516296
1955 0.2284655755155841
1956 0.2284668306518333
1957 0.228468082903525
1958 0.2284693321605112
1959 0.2284705784019971
1960 0.2284718216269642
1961 0.2284730618491634
1962 0.2284742990910247
1963 0.2284755333822537
1964 0.22847676474555
1965 0.2284779932068118
1966 0.2284792187890922
1967 0.2284804415122835
1968 0.2284816613932322
1969 0.2284828784460207
1970 0.2284840926841537
1971 0.2284853041163598
1972 0.2284865127504337
1973 0.2284877185929605
1974 0.2284889216496621
1975 0.2284901219256755
1976 0.2284913194258085
1977 0.2284925141547283
1978 0.228493706117113
1979 0.2284948953177378
1980 0.2284960817634571
1981 0.2284972654584215
1982 0.2284984464075778
1983 0.2284996246160406
1984 0.2285008000890946
1985 0.2285019728321535
1986 0.2285031428507351
1987 0.2285043101504675
1988 0.2285054747370651
1989 0.228506636616385
1990 0.2285077957937383
1991 0.2285089522746748
1992 0.2285101060646363
1993 0.2285112571688017
1994 0.2285124055921092
1995 0.2285135513388495
1996 0.2285146944128123
1997 0.2285158348172187
1998 0.2285169725547339
1999 0.2285181076275579
2000 0.2285192400376245
2001 0.2285203697863732
2002 0.2285214968749052
2003 0.228522621304202
2004 0.2285237430752401
2005 0.2285248621890252
2006 0.2285259786465062
2007 0.228527092448412
2008 0.2285282035949812
2009 0.228529312085589
2010 0.2285304179184566
2011 0.2285315210904798
2012 0.2285326215971752
2013 0.2285337194328103
2014 0.2285348145910554
2015 0.2285359070660022
2016 0.2285369968514868
2017 0.2285380839415181
2018 0.2285391683306735
2019 0.2285402500142185
2020 0.2285413289856642
2021 0.2285424052345949
2022 0.2285434787459172
2023 0.2285445495008638
2024 0.2285456174791655
2025 0.228546682661197
2026 0.2285477450299524
2027 0.2285488045699553
2028 0.2285498612683033
2029 0.2285509151139737
2030 0.2285519660974423
2031 0.2285530142104687
2032 0.2285540594460526
2033 0.2285551017984436
2034 0.2285561412631457
2035 0.2285571778368904
2036 0.2285582115174763
2037 0.2285592423035743
2038 0.2285602701944702
2039 0.228561295189837
2040 0.228562317289501
2041 0.2285633364932591
2042 0.2285643528007412
2043 0.2285653662113375
2044 0.2285663767241878
2045 0.228567384338235
2046 0.228568389052324
2047 0.2285693908654994
2048 0.2285703897768502
2049 0.228571385785766
2050 0.2285723788921287
2051 0.2285733690964214
2052 0.2285743563997066
2053 0.228575340803624
2054 0.2285763223108486
2055 0.2285773009254892
2056 0.2285782766529117
2057 0.2285792494991129
2058 0.2285802194698546
2059 0.2285811865698748
2060 0.2285821508024293
2061 0.2285831121690886
2062 0.2285840706699228
2063 0.2285850263038567
2064 0.2285859790704406
2065 0.2285869289667076
2066 0.2285878759906962
2067 0.2285888201413117
2068 0.2285897614182892
2069 0.2285906998224619
2070 0.228591635355506
2071 0.2285925680198011
2072 0.2285934978185123
2073 0.2285944247554179
2074 0.2285953488347371
2075 0.2285962700610513
2076 0.2285971884390723
2077 0.2285981039722099
2078 0.228599016666952
2079 0.2285999265291067
2080 0.2286008335643284
2081 0.2286017377781581
2082 0.228602639177601
2083 0.2286035377697812
2084 0.2286044335623398
2085 0.2286053265634102
2086 0.228606216781653
2087 0.22860710422626
2088 0.2286079889069091
2089 0.2286088708335894
2090 0.2286097500165322
2091 0.2286106264661294
2092 0.2286115001928715
2093 0.2286123712073007
2094 0.2286132395202191
2095 0.22861410514206
2096 0.2286149680878268
2097 0.2286158283623326
2098 0.2286166859756771
2099 0.2286175409389148
2100 0.2286183932629251
2101 0.2286192429583947
2102 0.2286200900361301
2103 0.2286209345073286
2104 0.2286217763836138
2105 0.2286226156774402
2106 0.2286234524014801
2107 0.2286242865686507
2108 0.2286251181918985
2109 0.2286259472839883
2110 0.2286267738573294
2111 0.2286275979238654
2112 0.2286284194950532
2113 0.2286292386325505
2114 0.2286300553655851
2115 0.2286308696618239
2116 0.2286316815067045
2117 0.2286324909067535
2118 0.2286332978737876
2119 0.2286341024204508
2120 0.2286349045591715
2121 0.2286357043021492
2122 0.2286365016613076
2123 0.2286372966487309
2124 0.2286380892764135
2125 0.2286388795562686
2126 0.2286396675001457
2127 0.2286404531197042
2128 0.2286412364263494
2129 0.2286420174312127
2130 0.2286427961450209
2131 0.2286435725780553
2132 0.2286443467400302
2133 0.2286451186400546
2134 0.228645888286673
2135 0.2286466556880459
2136 0.2286474208520762
2137 0.2286481837867347
2138 0.2286489445003301
2139 0.2286497030016186
2140 0.2286504593001069
2141 0.2286512134060267
2142 0.2286519653321244
2143 0.2286527150961484
2144 0.2286534627102651
2145 0.2286542081848978
2146 0.228654951529678
2147 0.228655692754027
2148 0.2286564318675101
2149 0.2286571688796003
2150 0.2286579037995108
2151 0.2286586366361564
2152 0.2286593673982094
2153 0.2286600960942016
2154 0.228660822732619
2155 0.2286615473219867
2156 0.2286622698708644
2157 0.2286629903878236
2158 0.2286637088814426
2159 0.22866442536027
2160 0.2286651398327207
2161 0.2286658523069359
2162 0.2286665627912152
2163 0.2286672712937801
2164 0.2286679778227521
2165 0.228668682386102
2166 0.2286693849915256
2167 0.2286700856463256
2168 0.2286707843572781
2169 0.2286714811305345
2170 0.2286721759715421
2171 0.2286728688850642
2172 0.2286735598752114
2173 0.22867424894556
2174 0.2286749360993093
2175 0.2286756213394669
2176 0.2286763046870312
2177 0.2286769861555709
2178 0.2286776657424837
2179 0.2286783434409531
2180 0.228679019246579
2181 0.2286796931588285
2182 0.228680365180267
2183 0.2286810353154378
2184 0.2286817035698873
2185 0.2286823699495244
2186 0.2286830344602484
2187 0.2286836971077502
2188 0.2286843578974198
2189 0.2286850168126111
2190 0.2286856739112702
2191 0.2286863291605298
2192 0.2286869825684191
2193 0.2286876341396907
2194 0.2286882838790202
2195 0.2286889317904684
2196 0.2286895778781801
2197 0.2286902221463439
2198 0.2286908646007706
2199 0.2286915052454287
2200 0.2286921440850623
2201 0.2286927811247466
2202 0.2286934163698996
2203 0.2286940498262723
2204 0.2286946814999364
2205 0.2286953113972683
2206 0.2286959395249207
2207 0.2286965658897711
2208 0.2286971904988584
2209 0.2286978133593309
2210 0.2286984344783579
2211 0.2286990538630662
2212 0.2286996715210627
2213 0.2287002874606103
2214 0.2287009016868227
2215 0.2287015142053386
2216 0.2287021250212813
2217 0.2287027341397438
2218 0.2287033415656894
2219 0.2287039473041095
2220 0.2287045513601718
2221 0.2287051537393432
2222 0.2287057544473603
2223 0.2287063534901133
2224 0.2287069508734576
2225 0.2287075466031344
2226 0.2287081406847154
2227 0.2287087331235845
2228 0.2287093239249676
2229 0.2287099130939742
2230 0.2287105006356073
2231 0.2287110865547722
2232 0.2287116708562412
2233 0.2287122535446166
2234 0.2287128346243033
2235 0.2287134140995072
2236 0.2287139919742853
2237 0.228714568252579
2238 0.2287151429382773
2239 0.228715716035321
2240 0.2287162875477148
2241 0.2287168574796185
2242 0.2287174258352884
2243 0.228717992619079
2244 0.2287185578352945
2245 0.2287191214879101
2246 0.2287196835804048
2247 0.228720244115646
2248 0.228720803095858
2249 0.2287213605229327
2250 0.2287219163978577
2251 0.2287224707212568
2252 0.2287230234933855
2253 0.2287235747138572
2254 0.2287241243811779
2255 0.2287246724923528
2256 0.2287252190428309
2257 0.2287257640268714
2258 0.2287263074382659
2259 0.2287268492712018
2260 0.2287273895210241
2261 0.2287279281847301
2262 0.2287284652611284
2263 0.2287290007507068
2264 0.2287295346552794
2265 0.2287300669775534
2266 0.2287305977206912
2267 0.2287311268879382
2268 0.2287316544823713
2269 0.2287321805067456
2270 0.2287327049634611
2271 0.228733227854564
2272 0.2287337491816804
2273 0.2287342689459292
2274 0.2287347871478473
2275 0.2287353037875931
2276 0.2287358188653439
2277 0.22873633238174
2278 0.2287368443382392
2279 0.2287373547372545
2280 0.2287378635822538
2281 0.2287383708776061
2282 0.2287388766283878
2283 0.2287393808401777
2284 0.2287398835188563
2285 0.2287403846704148
2286 0.2287408843008042
2287 0.2287413824158126
2288 0.2287418790209944
2289 0.2287423741216297
2290 0.2287428677227446
2291 0.2287433598291661
2292 0.2287438504456208
2293 0.228744339576822
2294 0.2287448272275577
2295 0.2287453134027436
2296 0.2287457981074564
2297 0.2287462813469264
2298 0.2287467631265165
2299 0.2287472434516935
2300 0.2287477223279913
2301 0.2287481997609843
2302 0.2287486757562663
2303 0.2287491503194319
2304 0.2287496234560697
2305 0.2287500951717601
2306 0.2287505654720799
2307 0.2287510343626168
2308 0.2287515018489834
2309 0.2287519679368373
2310 0.2287524326318998
2311 0.2287528959399872
2312 0.228753357867026
2313 0.2287538184190611
2314 0.2287542776022538
2315 0.2287547354228602
2316 0.2287551918871983
2317 0.2287556470016131
2318 0.2287561007740317
2319 0.2287565532101678
2320 0.2287570043153441
2321 0.228757454095416
2322 0.2287579025564656
2323 0.2287583497046857
2324 0.2287587955457535
2325 0.2287592400851567
2326 0.22875968332813
2327 0.2287601252796916
2328 0.2287605659446903
2329 0.228761005327845
2330 0.2287614434337656
2331 0.2287618802669459
2332 0.228762315831742
2333 0.2287627501322899
2334 0.2287631831734418
2335 0.2287636149619781
2336 0.2287640455040328
2337 0.2287644748039395
2338 0.2287649028639838
2339 0.228765329684936
2340 0.2287657552668288
2341 0.2287661796096233
2342 0.2287666027136314
2343 0.2287670245797269
2344 0.228767445209403
2345 0.2287678646047486
2346 0.2287682827683698
2347 0.2287686997033313
2348 0.228769115412969
2349 0.228769529900813
2350 0.22876994317051
2351 0.2287703552256707
2352 0.2287707660697694
2353 0.2287711757060828
2354 0.2287715841376688
2355 0.2287719913673203
2356 0.2287723973974616
2357 0.2287728022302331
2358 0.2287732058675085
2359 0.2287736083109587
2360 0.228774009562095
2361 0.2287744096223163
2362 0.2287748084929523
2363 0.2287752061753056
2364 0.2287756026706782
2365 0.2287759979803911
2366 0.2287763921057948
2367 0.2287767850482336
2368 0.2287771768090919
2369 0.2287775673897762
2370 0.2287779567917133
2371 0.2287783450163596
2372 0.2287787320652028
2373 0.2287791179397706
2374 0.2287795026424979
2375 0.228779886175354
2376 0.2287802685400147
2377 0.2287806497377059
2378 0.2287810297699042
2379 0.2287814086383385
2380 0.2287817863449599
2381 0.2287821628919027
2382 0.228782538281439
2383 0.2287829125159261
2384 0.2287832855977529
2385 0.2287836575317661
2386 0.2287840283211284
2387 0.2287843979674514
2388 0.2287847664717703
2389 0.2287851338350923
2390 0.2287855000586299
2391 0.228785865143746
2392 0.2287862290918377
2393 0.2287865919042544
2394 0.2287869535822572
2395 0.2287873141270116
2396 0.2287876735395938
2397 0.2287880318210201
2398 0.2287883889721994
2399 0.2287887449941792
2400 0.2287890998880265
2401 0.2287894536549012
2402 0.228789806296106
2403 0.2287901578131278
2404 0.2287905082076571
2405 0.2287908574815926
2406 0.2287912056370275
2407 0.2287915526762287
2408 0.2287918986021833
2409 0.2287922434170651
2410 0.2287925871233368
2411 0.2287929297235337
2412 0.2287932712202419
2413 0.2287936116160188
2414 0.2287939509134326
2415 0.2287942891150873
2416 0.2287946262236106
2417 0.2287949622417077
2418 0.2287952971722042
2419 0.2287956310180791
2420 0.2287959637825081
2421 0.2287962954685633
2422 0.2287966260794412
2423 0.2287969556182952
2424 0.2287972840883675
2425 0.2287976114929567
2426 0.2287979378354439
2427 0.2287982631193088
2428 0.228798587348137
2429 0.2287989105256196
2430 0.2287992326555257
2431 0.2287995537416764
2432 0.2287998737878968
2433 0.228800192797968
2434 0.2288005107755748
2435 0.2288008277242611
2436 0.2288011436474091
2437 0.2288014585481902
2438 0.2288017724295795
2439 0.2288020852943863
2440 0.2288023971452839
2441 0.2288027079848395
2442 0.2288030178155739
2443 0.2288033266399883
2444 0.2288036344605826
2445 0.2288039412798586
2446 0.2288042471003193
2447 0.2288045519244618
2448 0.2288048557547719
2449 0.2288051585937406
2450 0.2288054604438203
2451 0.2288057613074754
2452 0.2288060611871902
2453 0.2288063600854793
2454 0.2288066580048964
2455 0.2288069549480403
2456 0.2288072509175531
2457 0.2288075459161158
2458 0.2288078399464282
2459 0.2288081330111745
2460 0.2288084251129881
2461 0.228808716254418
2462 0.2288090064379004
2463 0.2288092956657325
2464 0.2288095839400557
2465 0.2288098712628475
2466 0.2288101576359338
2467 0.2288104430609993
2468 0.2288107275396115
2469 0.2288110110732409
2470 0.2288112936632686
2471 0.228811575311035
2472 0.2288118560178332
2473 0.2288121357849442
2474 0.228812414613686
2475 0.2288126925054671
2476 0.2288129694618483
2477 0.2288132454846049
2478 0.2288135205757826
2479 0.228813794737726
2480 0.2288140679731397
2481 0.2288143402855226
2482 0.2288146116782637
2483 0.2288148821552646
2484 0.2288151517207984
2485 0.2288154203794842
2486 0.2288156881362597
2487 0.2288159549963535
2488 0.2288162209655873
2489 0.2288164860558438
2490 0.2288167502685275
2491 0.2288170136076288
2492 0.2288172760786649
2493 0.2288175376877502
2494 0.2288177984413124
2495 0.2288180583458905
2496 0.2288183174080272
2497 0.2288185756342992
2498 0.2288188330310505
2499 0.2288190896045634
2500 0.2288193453610049
2501 0.2288196003063882
2502 0.2288198544465119
2503 0.228820107786873
2504 0.2288203603325873
2505 0.2288206120883339
2506 0.2288208630583535
2507 0.2288211132465085
2508 0.2288213626564061
2509 0.2288216112915575
2510 0.2288218591555515
2511 0.228822106252209
2512 0.228822352585642
2513 0.2288225981604105
2514 0.228822842981467
2515 0.2288230870541358
2516 0.2288233303840256
2517 0.2288235729769471
2518 0.2288238148388277
2519 0.2288240559756374
2520 0.2288242963933144
2521 0.2288245360977077
2522 0.2288247750945293
2523 0.2288250133893228
2524 0.2288252509874425
2525 0.2288254878940344
2526 0.2288257241140335
2527 0.2288259596522334
2528 0.2288261945130525
2529 0.2288264287006032
2530 0.2288266622187256
2531 0.2288268950709847
2532 0.2288271272606714
2533 0.2288273587908282
2534 0.2288275896642699
2535 0.2288278198835907
2536 0.2288280494511538
2537 0.2288282783690722
2538 0.2288285066392025
2539 0.2288287342631375
2540 0.2288289612422234
2541 0.2288291875775768
2542 0.2288294132701243
2543 0.2288296383206323
2544 0.2288298628080767
2545 0.2288300866559003
2546 0.2288303098570067
2547 0.2288305324102448
2548 0.2288307543162674
2549 0.2288309755764082
2550 0.2288311961921936
2551 0.2288314161650184
2552 0.2288316354959554
2553 0.2288318541856547
2554 0.2288320722343331
2555 0.2288322896418128
2556 0.2288325064075839
2557 0.2288327225308954
2558 0.2288329380107368
2559 0.2288331528459554
2560 0.2288333670352808
2561 0.2288335805773429
2562 0.2288337934706789
2563 0.2288340057137231
2564 0.2288342173047976
2565 0.22883442824324
2566 0.2288346385260163
2567 0.2288348481507149
2568 0.2288350571151883
2569 0.2288352654172485
2570 0.2288354730545617
2571 0.2288356800246343
2572 0.2288358863248257
2573 0.2288360919523763
2574 0.2288362969044209
2575 0.2288365011779962
2576 0.2288367047700399
2577 0.228836907677394
2578 0.2288371098968344
2579 0.2288373114249712
2580 0.2288375122585974
2581 0.2288377123944683
2582 0.2288379118313462
2583 0.2288381105662282
2584 0.228838308596168
2585 0.2288385059181199
2586 0.2288387025291893
2587 0.2288388984267495
2588 0.2288390936084913
2589 0.228839288072421
2590 0.2288394818168396
2591 0.2288396748402969
2592 0.2288398671415465
2593 0.2288400587195124
2594 0.2288402495732547
2595 0.2288404397019515
2596 0.2288406291048927
2597 0.2288408177815446
2598 0.2288410057314183
2599 0.2288411929541906
2600 0.2288413794497174
2601 0.2288415652180645
2602 0.2288417502595381
2603 0.2288419345747096
2604 0.2288421181644333
2605 0.2288423010298553
2606 0.2288424831724142
2607 0.2288426645938382
2608 0.2288428452961301
2609 0.2288430252815557
2610 0.2288432045526255
2611 0.2288433831120767
2612 0.2288435609628542
2613 0.2288437381080907
2614 0.2288439145510881
2615 0.2288440902952976
2616 0.2288442653443028
2617 0.228844439701799
2618 0.2288446133715771
2619 0.2288447863575027
2620 0.2288449586635033
2621 0.2288451302935556
2622 0.2288453012516869
2623 0.2288454715419735
2624 0.2288456411685497
2625 0.2288458101356204
2626 0.2288459784474689
2627 0.2288461461084668
2628 0.2288463131230744
2629 0.2288464794958377
2630 0.2288466452313782
2631 0.2288468103343792
2632 0.2288469748095744
2633 0.2288471386617314
2634 0.2288473018956461
2635 0.2288474645161412
2636 0.2288476265280678
2637 0.2288477879363182
2638 0.2288479487458428
2639 0.2288481089616703
2640 0.2288482685889306
2641 0.2288484276328718
2642 0.228848586098879
2643 0.2288487439924862
2644 0.2288489013193756
2645 0.2288490580853696
2646 0.2288492142964148
2647 0.228849369958554
2648 0.2288495250778982
2649 0.2288496796606
2650 0.228849833712832
2651 0.2288499872407765
2652 0.2288501402506542
2653 0.2288502927485929
2654 0.2288504447408205
2655 0.2288505962345551
2656 0.2288507472361171
2657 0.2288508977512591
2658 0.2288510477856137
2659 0.2288511973448596
2660 0.2288513464347315
2661 0.2288514950609633
2662 0.2288516432292221
2663 0.2288517909450459
2664 0.2288519382138038
2665 0.2288520850406615
2666 0.2288522314305569
2667 0.2288523773881387
2668 0.2288525229174778
2669 0.2288526680218105
2670 0.2288528127033047
2671 0.2288529569631316
2672 0.2288531008017723
2673 0.2288532442194688
2674 0.2288533872166519
2675 0.2288535297950563
2676 0.2288536719559593
2677 0.2288538137010196
2678 0.2288539550322004
2679 0.228854095951549
2680 0.2288542364609543
2681 0.2288543765619834
2682 0.2288545162557582
2683 0.2288546555429209
2684 0.2288547944236271
2685 0.2288549328975696
2686 0.2288550709640264
2687 0.2288552086219122
2688 0.2288553458698469
2689 0.2288554827062314
2690 0.2288556191293277
2691 0.2288557551373366
2692 0.2288558907284752
2693 0.2288560259010367
2694 0.2288561606534371
2695 0.2288562949842385
2696 0.2288564288921498
2697 0.2288565623760052
2698 0.2288566954347252
2699 0.2288568280672686
2700 0.2288569602725807
2701 0.2288570920495456
2702 0.2288572233969547
2703 0.2288573543134804
2704 0.2288574847976736
2705 0.228857614847967
2706 0.228857744462693
2707 0.2288578736401198
2708 0.2288580023784425
2709 0.2288581306758181
2710 0.2288582585303859
2711 0.2288583859402762
2712 0.2288585129035823
2713 0.2288586394184179
2714 0.2288587654828571
2715 0.2288588910949183
2716 0.2288590162525259
2717 0.2288591409534911
2718 0.2288592651954821
2719 0.2288593889760097
2720 0.2288595122924667
2721 0.2288596351420142
2722 0.2288597575216028
2723 0.2288598794280024
2724 0.2288600008578533
2725 0.2288601218077269
2726 0.2288602422741773
2727 0.2288603622537898
2728 0.2288604817432146
2729 0.2288606007391895
2730 0.2288607192385605
2731 0.2288608372382881
2732 0.2288609547354521
2733 0.2288610717272536
2734 0.2288611882110151
2735 0.2288613041840933
2736 0.2288614196441105
2737 0.2288615345888239
2738 0.2288616490161647
2739 0.2288617629242681
2740 0.2288618763115096
2741 0.2288619891765495
2742 0.2288621015183451
2743 0.2288622133361919
2744 0.2288623246297476
2745 0.2288624353989421
2746 0.2288625456437618
2747 0.2288626553639272
2748 0.2288627645586397
2749 0.2288628732264611
2750 0.2288629813654042
2751 0.2288630889732007
2752 0.2288631960476661
2753 0.2288633025871081
2754 0.2288634085905051
2755 0.228863514057739
2756 0.2288636189896346
2757 0.2288637233878847
2758 0.2288638272549131
2759 0.2288639305937017
2760 0.2288640334076469
2761 0.2288641357003555
2762 0.2288642374756142
2763 0.2288643387372635
2764 0.2288644394891689
2765 0.2288645397352058
2766 0.2288646394792617
2767 0.2288647387252447
2768 0.2288648374770905
2769 0.2288649357387859
2770 0.2288650335143203
2771 0.2288651308076637
2772 0.2288652276227509
2773 0.2288653239634491
2774 0.2288654198335287
2775 0.2288655152366301
2776 0.2288656101762443
2777 0.2288657046556963
2778 0.2288657986781474
2779 0.2288658922466144
2780 0.2288659853639936
2781 0.2288660780330948
2782 0.2288661702566776
2783 0.2288662620374869
2784 0.2288663533782846
2785 0.2288664442818734
2786 0.2288665347511167
2787 0.2288666247889454
2788 0.2288667143983638
2789 0.2288668035824457
2790 0.2288668923443279
2791 0.2288669806871939
2792 0.2288670686142606
2793 0.2288671561287615
2794 0.2288672432339217
2795 0.2288673299329483
2796 0.2288674162290082
2797 0.2288675021252256
2798 0.2288675876246739
2799 0.2288676727303876
2800 0.2288677574453763
2801 0.2288678417726234
2802 0.2288679257151103
2803 0.2288680092758358
2804 0.2288680924578362
2805 0.2288681752642041
2806 0.228868257698115
2807 0.2288683397628437
2808 0.2288684214617844
2809 0.2288685027984557
2810 0.2288685837765039
2811 0.2288686643568911
2812 0.2288687446476192
2813 0.228868824580951
2814 0.2288689041675191
2815 0.228868983412831
2816 0.2288690623223894
2817 0.2288691409005924
2818 0.2288692191517685
2819 0.2288692970799854
2820 0.2288693746892103
2821 0.2288694519832837
2822 0.2288695289659549
2823 0.2288696056408575
2824 0.2288696820115108
2825 0.2288697580813192
2826 0.2288698338535737
2827 0.2288699093314556
2828 0.2288699845180436
2829 0.2288700594162925
2830 0.2288701340290417
2831 0.2288702083589808
2832 0.2288702824086415
2833 0.2288703561803942
2834 0.2288704296764598
2835 0.2288705028989252
2836 0.228870575849774
2837 0.2288706485309194
2838 0.2288707209442361
2839 0.2288707930916
2840 0.2288708649749184
2841 0.228870936596175
2842 0.2288710079574607
2843 0.2288710790609997
2844 0.2288711499091592
2845 0.2288712205044441
2846 0.2288712908494779
2847 0.2288713609469737
2848 0.2288714307997052
2849 0.2288715004104773
2850 0.2288715697821024
2851 0.2288716389173927
2852 0.2288717078191527
2853 0.2288717764901831
2854 0.228871844933285
2855 0.2288719131512597
2856 0.2288719811469112
2857 0.2288720489230306
2858 0.2288721164823822
2859 0.2288721838276784
2860 0.2288722509615492
2861 0.2288723178865017
2862 0.2288723846049016
2863 0.2288724511189437
2864 0.2288725174306324
2865 0.2288725835417666
2866 0.2288726494539405
2867 0.2288727151685502
2868 0.2288727806868038
2869 0.2288728460097477
2870 0.2288729111382947
2871 0.2288729760732597
2872 0.2288730408153837
2873 0.2288731053653642
2874 0.2288731697238686
2875 0.2288732338915423
2876 0.2288732978688338
2877 0.2288733616563568
2878 0.2288734252546298
2879 0.2288734886641144
2880 0.2288735518852102
2881 0.2288736149182639
2882 0.2288736777635701
2883 0.228873740421375
2884 0.2288738028918712
2885 0.2288738651751934
2886 0.228873927271406
2887 0.2288739891804819
2888 0.2288740509022784
2889 0.2288741124364984
