"cl-rfile"
"Iteration" "cl"
("Iteration" "cl")
1 -0.1312668433202521
2 -0.07718183033700715
3 -0.09762834841693231
4 -0.1385151012552753
5 -0.1838808972983166
6 -0.2283440094774676
7 -0.27014772754301
8 -0.3094025343056321
9 -0.3466703197390799
10 -0.3824330421710856
11 -0.4171298804343905
12 -0.4509473703871377
13 -0.4840376732974731
14 -0.51662312305054
15 -0.5487091380466398
16 -0.5802845737110599
17 -0.6114944543853692
18 -0.6422359585853964
19 -0.6725284496250166
20 -0.7023707365755033
21 -0.731807465784294
22 -0.7609276607662979
23 -0.7897112546184214
24 -0.8181248065994672
25 -0.8460693466119713
26 -0.8734834697613707
27 -0.9003065312787736
28 -0.9264382706355041
29 -0.9517301771274534
30 -0.9761171103832995
31 -0.9995223811328999
32 -1.021958545618745
33 -1.043267653022993
34 -1.063430077753492
35 -1.082433356929828
36 -1.100289082498061
37 -1.117029313876226
38 -1.132706738572248
39 -1.147389558932462
40 -1.16115541544338
41 -1.174094726582295
42 -1.186295732954515
43 -1.19787279101709
44 -1.208939775595996
45 -1.219596774916396
46 -1.22994842715088
47 -1.24009851272006
48 -1.250134367905137
49 -1.260139285283638
50 -1.270180511248025
51 -1.280312067080003
52 -1.290571224743574
53 -1.300984434114362
54 -1.31155910438819
55 -1.322283846280347
56 -1.33313403716202
57 -1.344072745495635
58 -1.355062428797774
59 -1.366052387323685
60 -1.37698233900234
61 -1.387779871830219
62 -1.398366704763061
63 -1.408672350195968
64 -1.418630365477243
65 -1.428177105196076
66 -1.437259474098049
67 -1.445841071124729
68 -1.453880615594535
69 -1.461361374033379
70 -1.468259513995908
71 -1.474560758344518
72 -1.480266283931777
73 -1.485392903450826
74 -1.489969849282708
75 -1.494043817500112
76 -1.497659669929093
77 -1.500847775808606
78 -1.503643496258546
79 -1.506077003323329
80 -1.508186015185929
81 -1.510017854481333
82 -1.511611665243152
83 -1.513000725389728
84 -1.514220309674233
85 -1.515304076862697
86 -1.516289355067675
87 -1.517200523694892
88 -1.51805550122457
89 -1.518871396498245
90 -1.519661429927359
91 -1.520437051712987
92 -1.521204324853922
93 -1.52196880931024
94 -1.52273730044425
95 -1.523507708523046
96 -1.52427680927492
97 -1.525039844951067
98 -1.525789106838518
99 -1.52651541549363
100 -1.527209438783505
101 -1.527861353730127
102 -1.528461722024308
103 -1.529000330571962
104 -1.529468140409201
105 -1.529857559781139
106 -1.530163277568112
107 -1.530380257349446
108 -1.530504967853484
109 -1.530534414733667
110 -1.530465743615517
111 -1.530296541044176
112 -1.530025546561097
113 -1.52965268126718
114 -1.529178452646108
115 -1.528604401470879
116 -1.527933006515395
117 -1.527167828976458
118 -1.526313120094791
119 -1.525373449658239
120 -1.524354351523418
121 -1.523261762456676
122 -1.522101681160518
123 -1.520880709005878
124 -1.519605671488967
125 -1.518283442863345
126 -1.516920964626034
127 -1.515525031087807
128 -1.514102314377066
129 -1.51265936260466
130 -1.511202370098067
131 -1.509737329779986
132 -1.508269870058097
133 -1.506805177297351
134 -1.505348117318091
135 -1.503903097868573
136 -1.502474348231813
137 -1.501065056027451
138 -1.499678394622236
139 -1.498317146099775
140 -1.496983758505231
141 -1.495680308353359
142 -1.494408528699398
143 -1.493169882928272
144 -1.491965518722257
145 -1.490796414952151
146 -1.489663342302661
147 -1.488566865536307
148 -1.48750749962074
149 -1.486485625845815
150 -1.485501562347235
151 -1.484555570703846
152 -1.483647786310405
153 -1.482778305162057
154 -1.481947152165849
155 -1.481154351184382
156 -1.48039983680836
157 -1.479683518276182
158 -1.479005301450967
159 -1.478365056958969
160 -1.477762605685129
161 -1.47719768986146
162 -1.476670025576742
163 -1.47617928759478
164 -1.475725046592129
165 -1.475306739152935
166 -1.474923793432974
167 -1.474575496978639
168 -1.474261056090475
169 -1.47397958197379
170 -1.473730052876431
171 -1.473511342329306
172 -1.473322243496149
173 -1.473161426517065
174 -1.473027472101491
175 -1.472918861777813
176 -1.472833959028862
177 -1.472771209896867
178 -1.47272901837002
179 -1.47270569476649
180 -1.472699510671652
181 -1.472708738852879
182 -1.472731602217272
183 -1.472766242337368
184 -1.472810899911187
185 -1.472863838621686
186 -1.472923307006998
187 -1.472987653534537
188 -1.473055353187719
189 -1.47312493375537
190 -1.47319503358639
191 -1.473264385949961
192 -1.47333183449744
193 -1.473396333733473
194 -1.473456923777426
195 -1.473512737209887
196 -1.473562994676057
197 -1.473607081143591
198 -1.473644517092203
199 -1.473674895828374
200 -1.473697947679944
201 -1.473713476524436
202 -1.473721400713134
203 -1.473721728501671
204 -1.473714516910476
205 -1.473699912430815
206 -1.473678121218088
207 -1.473649403702794
208 -1.473614025276654
209 -1.473572318673877
210 -1.473524655498502
211 -1.473471407366008
212 -1.473412947165253
213 -1.473349650204718
214 -1.473281871048487
215 -1.473209967168378
216 -1.473134282555969
217 -1.473055135018983
218 -1.472972822062068
219 -1.472887604569949
220 -1.472799714593065
221 -1.472709333245842
222 -1.472616612698674
223 -1.472521660045492
224 -1.472424550804392
225 -1.472325331764656
226 -1.472224010567918
227 -1.472120560845822
228 -1.47201492279575
229 -1.47190701543431
230 -1.471796746114185
231 -1.471683985999012
232 -1.471568576020334
233 -1.471450331396757
234 -1.471329065544436
235 -1.47120457434152
236 -1.471076644695808
237 -1.470945065075918
238 -1.470809608711284
239 -1.470670052619751
240 -1.470526183567977
241 -1.470377820301284
242 -1.470224754504054
243 -1.470066775797396
244 -1.469903698774322
245 -1.469735353248608
246 -1.469561581442952
247 -1.469382243951077
248 -1.469197211522509
249 -1.469006385992949
250 -1.468809697320534
251 -1.468607092561838
252 -1.468398537455413
253 -1.468184030182335
254 -1.467963559635798
255 -1.467737140678608
256 -1.467504799482559
257 -1.467266583775907
258 -1.4670225484511
259 -1.466772765226148
260 -1.466517319990159
261 -1.466256310389956
262 -1.465989846239518
263 -1.465718036809411
264 -1.465441010170896
265 -1.465158903660676
266 -1.464871872010655
267 -1.464580074993676
268 -1.464283673880256
269 -1.463982842743834
270 -1.463677762739979
271 -1.463368615434111
272 -1.463055588223754
273 -1.462738883388666
274 -1.462418713059196
275 -1.462095287733997
276 -1.461768813777703
277 -1.461439511812449
278 -1.461107607168307
279 -1.46077333414567
280 -1.4604369213058
281 -1.460098596864702
282 -1.459758595130261
283 -1.459417135995392
284 -1.459074438161082
285 -1.458730723165186
286 -1.458386216176369
287 -1.458041140876755
288 -1.457695714523955
289 -1.457350145415368
290 -1.45700463932363
291 -1.456659404114673
292 -1.456314631595381
293 -1.455970501586298
294 -1.455627186599989
295 -1.455284847184381
296 -1.454943647287958
297 -1.454603739579052
298 -1.45426526816816
299 -1.453928366516617
300 -1.45359316168637
301 -1.45325976580998
302 -1.452928280593778
303 -1.452598796980393
304 -1.452271391722832
305 -1.4519461508111
306 -1.451623142153653
307 -1.451302423022711
308 -1.450984044441362
309 -1.45066804841924
310 -1.450354472249388
311 -1.450043346412033
312 -1.449734688768558
313 -1.449428516621971
314 -1.449124837835845
315 -1.448823651624993
316 -1.448524962309375
317 -1.448228765136483
318 -1.447935053457841
319 -1.447643818173997
320 -1.447355045267066
321 -1.447068715641341
322 -1.446784808442206
323 -1.446503302311995
324 -1.446224173341399
325 -1.445947402405399
326 -1.445672972120616
327 -1.445400867796439
328 -1.445131075256924
329 -1.44486357892347
330 -1.444598367464964
331 -1.444335427954123
332 -1.444074755825266
333 -1.443816350937436
334 -1.443560213215472
335 -1.443306346918278
336 -1.443054756355561
337 -1.44280544972917
338 -1.442558446890299
339 -1.442313770952742
340 -1.442071442853854
341 -1.441831493724305
342 -1.441593955582698
343 -1.441358868180553
344 -1.441126269412861
345 -1.440896206075248
346 -1.440668732101207
347 -1.440443896192231
348 -1.44022175171753
349 -1.440002357558239
350 -1.43978577733196
351 -1.439572077678576
352 -1.439361329684721
353 -1.439153605845614
354 -1.438948978754342
355 -1.438747525351278
356 -1.438549322948306
357 -1.438354454751868
358 -1.438163000802902
359 -1.437975043943673
360 -1.437790667854542
361 -1.437609959277391
362 -1.437433007996723
363 -1.437259903234825
364 -1.437090732207972
365 -1.436925585620524
366 -1.436764559007153
367 -1.436607746417721
368 -1.436455239347766
369 -1.436307129549548
370 -1.436163508481094
371 -1.436024465310565
372 -1.435890091021265
373 -1.43576047171541
374 -1.435635694042396
375 -1.435515844143475
376 -1.435401005690275
377 -1.435291259842007
378 -1.435186685186477
379 -1.435087357800991
380 -1.434993350032836
381 -1.434904732639186
382 -1.434821570302041
383 -1.434743926274662
384 -1.434671860866272
385 -1.434605431347623
386 -1.434544688204863
387 -1.434489678246209
388 -1.434440455378302
389 -1.434397054788617
390 -1.434359512541276
391 -1.434327858885736
392 -1.434302119141938
393 -1.434282311898317
394 -1.434268452612939
395 -1.434260551295162
396 -1.434258612975565
397 -1.434262636062514
398 -1.434272613884755
399 -1.434288532970613
400 -1.434310373657546
401 -1.434338111632889
402 -1.434371716551952
403 -1.434411152616559
404 -1.434456376370296
405 -1.434507338459125
406 -1.434563982608935
407 -1.434626247725269
408 -1.434694066437967
409 -1.434767367009498
410 -1.434846071893953
411 -1.434930098387263
412 -1.435019356436516
413 -1.435113751543241
414 -1.435213184837081
415 -1.435317550049122
416 -1.435426733799946
417 -1.435540620413495
418 -1.435659087666261
419 -1.435782009452186
420 -1.435909255340437
421 -1.436040691126993
422 -1.436176179033331
423 -1.436315577273963
424 -1.436458741080577
425 -1.43660552288458
426 -1.43675577264951
427 -1.436909336484784
428 -1.437066059047564
429 -1.437225781359712
430 -1.437388342190678
431 -1.437553580110515
432 -1.437721333027354
433 -1.437891437077608
434 -1.438063728451496
435 -1.438238043205617
436 -1.438414215303146
437 -1.438592082275227
438 -1.438771480349049
439 -1.438952246759915
440 -1.439134217836176
441 -1.439317233390679
442 -1.439501133747594
443 -1.43968575829744
444 -1.439870966129859
445 -1.440056601562798
446 -1.440242515154937
447 -1.440428555427431
448 -1.440614573725036
449 -1.44080042622521
450 -1.440985975193458
451 -1.44117108652361
452 -1.441355626350015
453 -1.441539469367449
454 -1.441722498190772
455 -1.441904600940578
456 -1.442085670450771
457 -1.442265604465411
458 -1.442444305189685
459 -1.442621679253741
460 -1.442797636517048
461 -1.442972091007705
462 -1.443144955493737
463 -1.443316163356131
464 -1.443485644410754
465 -1.443653335826173
466 -1.44381918083607
467 -1.443983127998271
468 -1.444145130764849
469 -1.444305148353615
470 -1.444463145913751
471 -1.444619094986291
472 -1.444772972840081
473 -1.444924762461573
474 -1.445074452086734
475 -1.445222035109028
476 -1.445367510388261
477 -1.44551088271453
478 -1.445652162590602
479 -1.445791365528548
480 -1.445928511779317
481 -1.446063627062354
482 -1.446196741887613
483 -1.446327891864549
484 -1.446457116068106
485 -1.446584458841934
486 -1.446709968935086
487 -1.446833697097756
488 -1.446955698801665
489 -1.44707603644788
490 -1.447194775138979
491 -1.447311984268223
492 -1.447427735807522
493 -1.447542105064819
494 -1.44765517120759
495 -1.447767016344485
496 -1.447877725681516
497 -1.447987389127299
498 -1.448096092730103
499 -1.448203924276098
500 -1.448310974553151
501 -1.448417335704521
502 -1.448523102932796
503 -1.448628373315217
504 -1.448733244158804
505 -1.448837813986919
506 -1.448942182214409
507 -1.449046449208102
508 -1.449150716625367
509 -1.449255087957311
510 -1.449359663774565
511 -1.449464544942201
512 -1.449569830040937
513 -1.449675617826429
514 -1.449782007650215
515 -1.449889097149289
516 -1.44999698186752
517 -1.45010575763518
518 -1.450215521600398
519 -1.450326368030344
520 -1.45043838856679
521 -1.450551673158392
522 -1.450666307934283
523 -1.450782378232896
524 -1.450899967504486
525 -1.451019157379148
526 -1.451140026242409
527 -1.451262650303505
528 -1.451387103089527
529 -1.451513455335887
530 -1.451641775635607
531 -1.451772130369545
532 -1.451904582446445
533 -1.452039192147962
534 -1.452176016319596
535 -1.452315107881132
536 -1.452456516639987
537 -1.452600289011922
538 -1.452746467977441
539 -1.452895093447668
540 -1.45304620230422
541 -1.453199827500083
542 -1.45335599850396
543 -1.453514742526852
544 -1.453676081877207
545 -1.453840035555389
546 -1.454006619930654
547 -1.454175847709655
548 -1.454347727712304
549 -1.454522265878861
550 -1.454699464804416
551 -1.45487932392393
552 -1.455061839392581
553 -1.455247003878615
554 -1.455434806840024
555 -1.455625234094959
556 -1.45581826874567
557 -1.456013891816727
558 -1.456212080920888
559 -1.456412809932343
560 -1.45661605068614
561 -1.456821771921492
562 -1.457029939279907
563 -1.457240516099495
564 -1.457453462935837
565 -1.457668737825309
566 -1.457886296626625
567 -1.458106093307213
568 -1.458328079815402
569 -1.458552205207487
570 -1.458778416837445
571 -1.459006659888024
572 -1.459236878307136
573 -1.459469010858235
574 -1.459703003243311
575 -1.459938795104961
576 -1.4601763229057
577 -1.460415523972301
578 -1.460656334782588
579 -1.46089868997085
580 -1.461142523279645
581 -1.461387767172086
582 -1.461634353075724
583 -1.461882211775243
584 -1.462131274258364
585 -1.4623814711598
586 -1.462632731636362
587 -1.462884985000185
588 -1.463138160648622
589 -1.463392188043477
590 -1.463646997094769
591 -1.463902517738533
592 -1.46415868047392
593 -1.464415416640084
594 -1.464672657546472
595 -1.464930334494003
596 -1.465188378412698
597 -1.465446721010717
598 -1.46570529452
599 -1.465964032610673
600 -1.466222870051853
601 -1.46648174290087
602 -1.466740588662157
603 -1.466999345183402
604 -1.467257951838598
605 -1.467516349721144
606 -1.467774481408524
607 -1.468032289952334
608 -1.468289720371273
609 -1.468546718911144
610 -1.468803233409458
611 -1.469059213191556
612 -1.469314608878331
613 -1.46956936916841
614 -1.469823453380498
615 -1.470076816626802
616 -1.470329415226587
617 -1.470581209927302
618 -1.470832163110239
619 -1.471082239488031
620 -1.471331404437897
621 -1.471579624836388
622 -1.471826869322679
623 -1.472073108737006
624 -1.472318315570302
625 -1.472562464370213
626 -1.47280553164001
627 -1.473047495983807
628 -1.473288338323167
629 -1.473528041793909
630 -1.473766592145357
631 -1.474003976878133
632 -1.474240185426047
633 -1.4744752089475
634 -1.474709040568562
635 -1.47494167493112
636 -1.475173108370405
637 -1.475403339986749
638 -1.475632370546293
639 -1.475860202164767
640 -1.476086838538636
641 -1.476312285376416
642 -1.476536549958474
643 -1.476759641295784
644 -1.476981570392322
645 -1.477202349908221
646 -1.477421994030568
647 -1.477640518348315
648 -1.477857939845277
649 -1.478074277255472
650 -1.478289551032961
651 -1.478503782902212
652 -1.478716995685601
653 -1.478929213493372
654 -1.479140461760781
655 -1.479350767043997
656 -1.479560156998782
657 -1.479768660888607
658 -1.479976308433531
659 -1.480183130645824
660 -1.480389159068836
661 -1.480594425894406
662 -1.480798964268752
663 -1.481002808682892
664 -1.481205994529997
665 -1.481408557516396
666 -1.481610533843507
667 -1.481811958781906
668 -1.4820128671557
669 -1.482213294438838
670 -1.482413276324425
671 -1.482612849416815
672 -1.482812050612653
673 -1.483010916821359
674 -1.483209485221544
675 -1.483407792801504
676 -1.483605876294702
677 -1.483803772449435
678 -1.484001517903652
679 -1.484199148576133
680 -1.484396700555143
681 -1.484594208982704
682 -1.484791708968585
683 -1.484989235675909
684 -1.485186823266731
685 -1.485384505225228
686 -1.485582314372453
687 -1.485780282819724
688 -1.485978442034663
689 -1.486176822792495
690 -1.486375455116594
691 -1.48657436799427
692 -1.486773589335914
693 -1.486973146205094
694 -1.487173064639844
695 -1.487373369802422
696 -1.4875740857049
697 -1.487775235185987
698 -1.487976840390053
699 -1.488178922273186
700 -1.488381500592854
701 -1.488584593749566
702 -1.48878821911678
703 -1.488992392824394
704 -1.489197129599329
705 -1.489402442507709
706 -1.489608343990942
707 -1.48981484492487
708 -1.490021954976724
709 -1.490229682264392
710 -1.490438033488312
711 -1.490647013589911
712 -1.490856626447426
713 -1.491066874801172
714 -1.491277760303674
715 -1.491489283548248
716 -1.491701444236166
717 -1.491914241104896
718 -1.492127671638469
719 -1.492341731931982
720 -1.492556416738213
721 -1.492771718669862
722 -1.49298762993427
723 -1.493204141449769
724 -1.493421243276894
725 -1.493638924556129
726 -1.493857173498091
727 -1.494075977417346
728 -1.494295322102887
729 -1.494515193640688
730 -1.494735576462147
731 -1.4949564538155
732 -1.495177808511224
733 -1.495399622184346
734 -1.495621875739625
735 -1.495844549248343
736 -1.496067621981277
737 -1.496291072592274
738 -1.496514879067034
739 -1.496739018996817
740 -1.496963469441766
741 -1.497188206966575
742 -1.497413207236227
743 -1.497638445597839
744 -1.497863897153434
745 -1.498089536863464
746 -1.498315339109217
747 -1.498541278163408
748 -1.498767328127625
749 -1.498993463021145
750 -1.499219656667317
751 -1.499445882882698
752 -1.499672115373536
753 -1.499898327502115
754 -1.500124492435097
755 -1.500350583858617
756 -1.500576575833696
757 -1.500802441636784
758 -1.501028155436681
759 -1.501253691580047
760 -1.501479024580154
761 -1.501704128940287
762 -1.501928979614376
763 -1.502153551842295
764 -1.50237782109389
765 -1.502601763227917
766 -1.502825354596204
767 -1.503048572031824
768 -1.503271392882366
769 -1.50349379509532
770 -1.503715757158793
771 -1.503937258113127
772 -1.504158277693678
773 -1.504378796194643
774 -1.504598795840412
775 -1.504818260436332
776 -1.505037171337624
777 -1.505255510612886
778 -1.505473261436582
779 -1.505690407904551
780 -1.505906935287726
781 -1.5061228292196
782 -1.506338076104881
783 -1.506552663100504
784 -1.506766578209812
785 -1.506979810213444
786 -1.507192348636604
787 -1.507404183854917
788 -1.507615307062929
789 -1.507825710287453
790 -1.508035386424674
791 -1.50824432929568
792 -1.50845253352003
793 -1.508659994423641
794 -1.508866708187313
795 -1.509072671622629
796 -1.50927788230399
797 -1.509482337964494
798 -1.509686038189925
799 -1.509888982452258
800 -1.510091171859932
801 -1.510292607280134
802 -1.51049329085588
803 -1.510693225041214
804 -1.510892413347577
805 -1.511090860619025
806 -1.511288571228708
807 -1.511485550565926
808 -1.511681804725945
809 -1.511877340560928
810 -1.512072165604653
811 -1.512266288004011
812 -1.512459716542675
813 -1.512652460513879
814 -1.512844529659611
815 -1.513035934074718
816 -1.513226684254958
817 -1.513416790987993
818 -1.513606265468577
819 -1.513795119241828
820 -1.5139833641802
821 -1.514171012560731
822 -1.514358077077975
823 -1.514544570711949
824 -1.51473050672175
825 -1.514915898527589
826 -1.51510075962281
827 -1.515285103652742
828 -1.515468944836127
829 -1.515652297326272
830 -1.515835174094586
831 -1.516017591104506
832 -1.516199563135803
833 -1.516381104532111
834 -1.516562229541182
835 -1.516742952369281
836 -1.516923287184791
837 -1.517103248259158
838 -1.517282850243612
839 -1.517462107538693
840 -1.517641034294415
841 -1.51781964442432
842 -1.517997951667607
843 -1.518175969654483
844 -1.518353711950669
845 -1.518531191948828
846 -1.518708422951741
847 -1.518885417958689
848 -1.519062189725795
849 -1.519238750773767
850 -1.519415113384686
851 -1.519591289591399
852 -1.519767291135412
853 -1.519943126181683
854 -1.520118805033987
855 -1.520294341762495
856 -1.520469743569853
857 -1.520645023452735
858 -1.520820194416788
859 -1.520995267868216
860 -1.521170253642806
861 -1.521345160315192
862 -1.521519995857084
863 -1.521694767169461
864 -1.521869480595868
865 -1.522044141876002
866 -1.52221875633568
867 -1.522393329273579
868 -1.522567865666428
869 -1.522742370384723
870 -1.522916847926987
871 -1.523091304354386
872 -1.523265744283187
873 -1.523440170954716
874 -1.523614586817265
875 -1.52378899367218
876 -1.523963392783775
877 -1.524137785074301
878 -1.52431217194855
879 -1.524486553332508
880 -1.524660930346587
881 -1.524835303347571
882 -1.525009671520845
883 -1.525184033809599
884 -1.525358388423051
885 -1.525532733055441
886 -1.525707064970463
887 -1.525881381027928
888 -1.526055677726779
889 -1.526229951238983
890 -1.526404197524143
891 -1.52657841232192
892 -1.526752590937223
893 -1.526926728244032
894 -1.527100818561775
895 -1.527274856179273
896 -1.527448835018128
897 -1.527622748702493
898 -1.527796590583736
899 -1.527970353816674
900 -1.528144031353349
901 -1.528317615984863
902 -1.528491098579773
903 -1.528664471764885
904 -1.528837728239879
905 -1.52901086044919
906 -1.529183860589617
907 -1.529356720666476
908 -1.529529432507193
909 -1.529701987873369
910 -1.529874378358135
911 -1.530046595387972
912 -1.530218630227667
913 -1.530390474247901
914 -1.530562118523353
915 -1.530733554377445
916 -1.530904773102767
917 -1.531075765720447
918 -1.531246523391291
919 -1.531417037373634
920 -1.531587299461373
921 -1.531757301535789
922 -1.531927035247862
923 -1.532096492039466
924 -1.5322656632701
925 -1.532434540338886
926 -1.532603114741938
927 -1.532771378125595
928 -1.532939322310857
929 -1.533106939338513
930 -1.533274221547502
931 -1.533441161359745
932 -1.533607751370741
933 -1.533773984349747
934 -1.533939853313213
935 -1.534105351371486
936 -1.534270471893594
937 -1.534435208493196
938 -1.534599555034195
939 -1.53476350572598
940 -1.534927055031005
941 -1.535090197657449
942 -1.535252928589699
943 -1.535415243234581
944 -1.53557713706366
945 -1.535738605658761
946 -1.535899644794229
947 -1.53606025047334
948 -1.536220418950454
949 -1.536380146783386
950 -1.536539430857025
951 -1.536698268384755
952 -1.536856656853436
953 -1.537014593938555
954 -1.537172077656546
955 -1.537329106367247
956 -1.537485678673216
957 -1.537641793459587
958 -1.537797449872099
959 -1.537952647263101
960 -1.538107385319373
961 -1.538261664000717
962 -1.538415483541323
963 -1.53856884446655
964 -1.538721747580341
965 -1.538874193933599
966 -1.53902618485877
967 -1.539177721893216
968 -1.539328806798514
969 -1.539479441497045
970 -1.539629628157212
971 -1.539779369137741
972 -1.539928666869336
973 -1.540077523817394
974 -1.540225942783764
975 -1.540373926967563
976 -1.540521479863425
977 -1.540668605177018
978 -1.540815306778216
979 -1.540961588711831
980 -1.541107455159956
981 -1.541252910419181
982 -1.541397958943876
983 -1.541542605531907
984 -1.541686854763784
985 -1.54183071190438
986 -1.54197418189844
987 -1.542117269719991
988 -1.542259980622659
989 -1.542402319914451
990 -1.542544292889768
991 -1.542685904891215
992 -1.54282716132662
993 -1.542968067672521
994 -1.543108629487925
995 -1.543248852395042
996 -1.54338874206588
997 -1.543528304202076
998 -1.543667544523736
999 -1.543806468754405
1000 -1.543945082593427
1001 -1.544083391742417
1002 -1.544221401905523
1003 -1.544359118817587
1004 -1.544496548204179
1005 -1.544633695716338
1006 -1.544770566952339
1007 -1.544907167465954
1008 -1.54504350273056
1009 -1.545179578193564
1010 -1.545315399287685
1011 -1.545450971401273
1012 -1.54558629980652
1013 -1.545721389676651
1014 -1.545856246015307
1015 -1.545990873666436
1016 -1.546125277274787
1017 -1.546259461744797
1018 -1.546393431536822
1019 -1.54652719100751
1020 -1.546660744489435
1021 -1.546794096218532
1022 -1.546927250321874
1023 -1.547060210805871
1024 -1.547192981447819
1025 -1.547325566009953
1026 -1.547457967971717
1027 -1.547590190630221
1028 -1.547722237145098
1029 -1.547854110545262
1030 -1.547985813738268
1031 -1.548117349510929
1032 -1.548248724291476
1033 -1.54837993994758
1034 -1.548510996370399
1035 -1.548641899101286
1036 -1.548772647330243
1037 -1.548903239972959
1038 -1.549033676841426
1039 -1.549163958982189
1040 -1.549294087678914
1041 -1.549424064899621
1042 -1.549553892733102
1043 -1.549683573122086
1044 -1.549813107714369
1045 -1.549942497693704
1046 -1.550071743950166
1047 -1.55020084705715
1048 -1.550329807315343
1049 -1.550458624769069
1050 -1.550587299215394
1051 -1.55071583023152
1052 -1.550844217201895
1053 -1.550972459361649
1054 -1.551100555801657
1055 -1.551228505480134
1056 -1.551356307252425
1057 -1.551483959899338
1058 -1.551611462138965
1059 -1.551738812558674
1060 -1.551866009634013
1061 -1.5519930517108
1062 -1.552119937119555
1063 -1.552246664154035
1064 -1.552373230915467
1065 -1.552499635472042
1066 -1.552625875817377
1067 -1.552751949871281
1068 -1.552877855481067
1069 -1.553003590437176
1070 -1.553129152468792
1071 -1.553254539253705
1072 -1.553379748492807
1073 -1.553504777785222
1074 -1.553629624497739
1075 -1.553754285964412
1076 -1.553878759501508
1077 -1.554003042408141
1078 -1.55412713198208
1079 -1.554251025571724
1080 -1.554374720560119
1081 -1.554498214299513
1082 -1.554621504101011
1083 -1.554744587511824
1084 -1.554867461847364
1085 -1.554990125831846
1086 -1.555112575472935
1087 -1.555234807476948
1088 -1.555356818973009
1089 -1.555478607077739
1090 -1.555600169062276
1091 -1.555721502233562
1092 -1.555842604006639
1093 -1.555963471844123
1094 -1.556084103292013
1095 -1.556204495939065
1096 -1.556324647428735
1097 -1.556444555468162
1098 -1.556564218069584
1099 -1.556683632896158
1100 -1.55680279781515
1101 -1.556921710768587
1102 -1.55704036978132
1103 -1.557158772961979
1104 -1.557276918480419
1105 -1.557394804581273
1106 -1.557512429588392
1107 -1.557629791746023
1108 -1.557746889630406
1109 -1.557863721805526
1110 -1.557980286898627
1111 -1.558096583608112
1112 -1.558212610719158
1113 -1.558328367109526
1114 -1.558443851743578
1115 -1.558559063690174
1116 -1.558674002123921
1117 -1.55878866633388
1118 -1.558903055697751
1119 -1.559017169682333
1120 -1.559131007848404
1121 -1.559244569855498
1122 -1.559357855657917
1123 -1.559470865298576
1124 -1.559583598710783
1125 -1.559696055819192
1126 -1.55980823661214
1127 -1.559920141201879
1128 -1.560031769850783
1129 -1.560143122941177
1130 -1.56025420093973
1131 -1.560365004424086
1132 -1.560475534041044
1133 -1.560585790515983
1134 -1.560695774652249
1135 -1.560805487331649
1136 -1.560914929561084
1137 -1.561024102431896
1138 -1.561133007090391
1139 -1.561241644741158
1140 -1.561350016679269
1141 -1.561458124234995
1142 -1.561565968803302
1143 -1.561673551844749
1144 -1.561780874899672
1145 -1.561887939551242
1146 -1.561994747393566
1147 -1.562101300056537
1148 -1.562207599168826
1149 -1.562313646392898
1150 -1.562419443435682
1151 -1.56252499205544
1152 -1.562630294064085
1153 -1.56273535132725
1154 -1.562840165761913
1155 -1.562944739332971
1156 -1.563049074045485
1157 -1.563153171963604
1158 -1.56325703517852
1159 -1.563360665800134
1160 -1.563464065945837
1161 -1.563567237743741
1162 -1.563670183314443
1163 -1.563772904755657
1164 -1.563875404196901
1165 -1.563977683816942
1166 -1.564079745798955
1167 -1.564181592339561
1168 -1.564283225628635
1169 -1.564384647854132
1170 -1.564485861462509
1171 -1.564586868463589
1172 -1.564687670974337
1173 -1.564788271095345
1174 -1.564888670908457
1175 -1.564988872498541
1176 -1.565088877916201
1177 -1.565188689190061
1178 -1.565288308322661
1179 -1.565387737291143
1180 -1.565486978096879
1181 -1.565586032617015
1182 -1.565684902697355
1183 -1.56578359018098
1184 -1.565882096879882
1185 -1.565980424573254
1186 -1.56607857501856
1187 -1.566176549937195
1188 -1.56627435102005
1189 -1.566371979892854
1190 -1.56646943810207
1191 -1.566566727111846
1192 -1.566663848328086
1193 -1.566760803111968
1194 -1.566857592739779
1195 -1.566954218491241
1196 -1.567050681590781
1197 -1.567146983219596
1198 -1.567243124511573
1199 -1.567339106550234
1200 -1.567434930362352
1201 -1.567530596916755
1202 -1.567626107121804
1203 -1.567721461824309
1204 -1.567816661812065
1205 -1.567911707807142
1206 -1.568006600483736
1207 -1.568101340398858
1208 -1.56819592801364
1209 -1.568290363784137
1210 -1.56838464813016
1211 -1.568478781433259
1212 -1.568572764028267
1213 -1.568666596200782
1214 -1.56876027818222
1215 -1.568853810159541
1216 -1.568947192281466
1217 -1.569040424663325
1218 -1.569133507383547
1219 -1.569226440504683
1220 -1.5693192240304
1221 -1.569411858004076
1222 -1.569504342394528
1223 -1.56959667701415
1224 -1.569688861714691
1225 -1.569780896307228
1226 -1.569872780578788
1227 -1.569964514285453
1228 -1.570056097154652
1229 -1.570147528866207
1230 -1.570238809072434
1231 -1.570329937414261
1232 -1.570420913521577
1233 -1.570511737043114
1234 -1.570602407547695
1235 -1.570692924611583
1236 -1.570783287761343
1237 -1.570873496488032
1238 -1.57096355022849
1239 -1.57105344836548
1240 -1.571143190233758
1241 -1.571232775137944
1242 -1.571322202363431
1243 -1.571411471187977
1244 -1.571500580897823
1245 -1.571589530801358
1246 -1.571678320197394
1247 -1.571766948407112
1248 -1.571855414781229
1249 -1.571943718666567
1250 -1.572031859412318
1251 -1.572119836368417
1252 -1.572207648889369
1253 -1.57229529633651
1254 -1.572382778079472
1255 -1.572470093554657
1256 -1.572557242230748
1257 -1.572644223575544
1258 -1.57273103701343
1259 -1.572817681945528
1260 -1.572904157733029
1261 -1.572990463691483
1262 -1.573076599160084
1263 -1.573162563501604
1264 -1.573248356115313
1265 -1.573333976441808
1266 -1.573419423961479
1267 -1.573504698184141
1268 -1.573589798675255
1269 -1.573674725029417
1270 -1.573759477129855
1271 -1.573844054495908
1272 -1.573928456898513
1273 -1.574012684098557
1274 -1.574096735810747
1275 -1.574180611776866
1276 -1.574264311740912
1277 -1.574347835474221
1278 -1.574431182775209
1279 -1.574514353462762
1280 -1.574597347375328
1281 -1.574680164374071
1282 -1.574762804342535
1283 -1.574845267185479
1284 -1.574927552873371
1285 -1.575009661090914
1286 -1.575091592023432
1287 -1.575173345702188
1288 -1.575254922247777
1289 -1.575336321895973
1290 -1.575417544919276
1291 -1.575498591556007
1292 -1.575579462032922
1293 -1.575660156579493
1294 -1.575740675476719
1295 -1.575821019110265
1296 -1.575901187805458
1297 -1.575981181850697
1298 -1.57606100157052
1299 -1.576140647277789
1300 -1.576220119305224
1301 -1.576299418057706
1302 -1.576378543973879
1303 -1.576457497514424
1304 -1.576536279106456
1305 -1.576614889228915
1306 -1.576693328364229
1307 -1.576771597029351
1308 -1.57684969578254
1309 -1.576927625215831
1310 -1.577005386039954
1311 -1.577082978944507
1312 -1.577160404629977
1313 -1.5772376638151
1314 -1.577314757244982
1315 -1.577391685663803
1316 -1.577468449890546
1317 -1.57754505074926
1318 -1.577621489067053
1319 -1.577697765671154
1320 -1.577773881390949
1321 -1.577849837063408
1322 -1.577925633546816
1323 -1.578001271660947
1324 -1.578076752208836
1325 -1.578152076047536
1326 -1.578227244018939
1327 -1.578302256968429
1328 -1.578377115743611
1329 -1.578451821195624
1330 -1.578526374185836
1331 -1.578600775577609
1332 -1.578675026233683
1333 -1.578749127019838
1334 -1.578823078800014
1335 -1.578896882438889
1336 -1.578970538806641
1337 -1.579044048760615
1338 -1.579117413142162
1339 -1.579190632776719
1340 -1.579263708488556
1341 -1.579336641088874
1342 -1.579409431369745
1343 -1.579482080106905
1344 -1.579554588063926
1345 -1.579626956004102
1346 -1.579699184644035
1347 -1.57977127474712
1348 -1.579843227039017
1349 -1.579915042230652
1350 -1.579986721015416
1351 -1.58005826406604
1352 -1.580129672031588
1353 -1.580200945537746
1354 -1.580272085178165
1355 -1.580343091518922
1356 -1.580413965104903
1357 -1.58048470646311
1358 -1.580555316105875
1359 -1.580625794521022
1360 -1.580696142188108
1361 -1.580766359608877
1362 -1.580836447236826
1363 -1.580906405537282
1364 -1.580976234960704
1365 -1.581045935942194
1366 -1.581115508901227
1367 -1.581184954231796
1368 -1.581254272302857
1369 -1.581323463459499
1370 -1.581392528030845
1371 -1.581461466325493
1372 -1.581530278618389
1373 -1.581598965165813
1374 -1.581667526205256
1375 -1.581735961960316
1376 -1.581804272653605
1377 -1.58187245844231
1378 -1.581940519492927
1379 -1.582008455932033
1380 -1.582076267864622
1381 -1.582143955378107
1382 -1.582211518577027
1383 -1.582278957527707
1384 -1.582346272239053
1385 -1.582413462767692
1386 -1.582480529222161
1387 -1.582547471684569
1388 -1.582614290139184
1389 -1.582680984556918
1390 -1.58274755484767
1391 -1.582814000886528
1392 -1.582880322504435
1393 -1.582946519562494
1394 -1.583012591868517
1395 -1.583078539225992
1396 -1.58314436143668
1397 -1.583210058294558
1398 -1.583275629607532
1399 -1.583341075150865
1400 -1.583406394714746
1401 -1.583471588092242
1402 -1.583536655078677
1403 -1.583601595553876
1404 -1.583666409322987
1405 -1.583731096191446
1406 -1.583795655907895
1407 -1.583860088387985
1408 -1.583924393561861
1409 -1.583988571202599
1410 -1.584052621008393
1411 -1.584116542753915
1412 -1.584180336213225
1413 -1.584244001169591
1414 -1.584307537414413
1415 -1.584370944749094
1416 -1.58443422316687
1417 -1.58449737242062
1418 -1.584560392307254
1419 -1.584623282623204
1420 -1.58468604317284
1421 -1.584748673763797
1422 -1.584811174215753
1423 -1.584873544318778
1424 -1.584935783909114
1425 -1.584997892808715
1426 -1.585059870841361
1427 -1.585121717868067
1428 -1.585183433721195
1429 -1.585245018280524
1430 -1.58530647140321
1431 -1.585367792949777
1432 -1.585428982797103
1433 -1.585490040836457
1434 -1.58555096694069
1435 -1.585611761006218
1436 -1.585672422988005
1437 -1.585732952829798
1438 -1.585793350475572
1439 -1.585853615867246
1440 -1.585913748943456
1441 -1.585973749686533
1442 -1.586033618049266
1443 -1.586093354014073
1444 -1.5861529575858
1445 -1.58621242876448
1446 -1.586271767596845
1447 -1.586330974106621
1448 -1.586390048315687
1449 -1.586448990244554
1450 -1.586507799936905
1451 -1.586566477445858
1452 -1.586625022822129
1453 -1.586683436111055
1454 -1.586741717362175
1455 -1.586799866634247
1456 -1.586857883999543
1457 -1.58691576954853
1458 -1.586973523392087
1459 -1.587031145673508
1460 -1.587088636522123
1461 -1.587145996072531
1462 -1.587203224573381
1463 -1.58726032223708
1464 -1.587317289324481
1465 -1.587374126082274
1466 -1.587430832795422
1467 -1.587487409760115
1468 -1.587543857289843
1469 -1.587600175730427
1470 -1.587656365452436
1471 -1.587712426846868
1472 -1.587768360348057
1473 -1.587824166155986
1474 -1.587879844528932
1475 -1.587935395770156
1476 -1.587990820225304
1477 -1.588046118266892
1478 -1.58810129028593
1479 -1.588156336678568
1480 -1.588211257889311
1481 -1.588266054336231
1482 -1.588320726461612
1483 -1.588375274678092
1484 -1.588429699446712
1485 -1.588484001210971
1486 -1.588538180450007
1487 -1.588592237581242
1488 -1.588646173011994
1489 -1.588699987146958
1490 -1.58875368038959
1491 -1.588807253144843
1492 -1.588860705815843
1493 -1.588914038808064
1494 -1.588967252530108
1495 -1.589020347397075
1496 -1.589073323826313
1497 -1.589126182234054
1498 -1.589178923050667
1499 -1.589231546704967
1500 -1.589284053498778
1501 -1.589336443979036
1502 -1.58938871859949
1503 -1.589440877787435
1504 -1.589492921963931
1505 -1.589544851538973
1506 -1.589596666905685
1507 -1.589648368448715
1508 -1.589699956457078
1509 -1.589751431390407
1510 -1.58980279366092
1511 -1.589854043677905
1512 -1.589905181838606
1513 -1.589956208532618
1514 -1.59000712414464
1515 -1.590057929056478
1516 -1.590108623648198
1517 -1.590159208299935
1518 -1.590209683374204
1519 -1.590260048894031
1520 -1.590310305318601
1521 -1.590360453092262
1522 -1.590410492668775
1523 -1.590460424437144
1524 -1.590510248785868
1525 -1.590559966164077
1526 -1.590609576915446
1527 -1.59065908131575
1528 -1.590708479700854
1529 -1.590757772426711
1530 -1.590806959870495
1531 -1.590856042385765
1532 -1.590905020314752
1533 -1.590953893990291
1534 -1.591002663737862
1535 -1.591051329876896
1536 -1.591099892737666
1537 -1.591148352621079
1538 -1.591196709791084
1539 -1.591244964546873
1540 -1.59129311718016
1541 -1.591341167969668
1542 -1.591389117185757
1543 -1.591436965077781
1544 -1.591484711901372
1545 -1.591532357867517
1546 -1.591579903219707
1547 -1.591627348187095
1548 -1.591674693018861
1549 -1.591721937950782
1550 -1.591769083202944
1551 -1.591816128976203
1552 -1.591863075453205
1553 -1.591909922802548
1554 -1.591956671183553
1555 -1.592003320758584
1556 -1.592049871675552
1557 -1.592096324081797
1558 -1.592142678122969
1559 -1.592188933942782
1560 -1.592235091686161
1561 -1.592281151504028
1562 -1.592327113538742
1563 -1.592372977925568
1564 -1.59241874479395
1565 -1.592464414269193
1566 -1.592509986473867
1567 -1.592555461528208
1568 -1.592600839551472
1569 -1.592646120654047
1570 -1.592691304938739
1571 -1.592736392503126
1572 -1.592781383440691
1573 -1.592826277841101
1574 -1.592871075790896
1575 -1.59291577737369
1576 -1.592960382677594
1577 -1.593004891773819
1578 -1.593049304738892
1579 -1.593093621643748
1580 -1.593137842570596
1581 -1.593181967595756
1582 -1.593225996792543
1583 -1.593269930231494
1584 -1.593313767981097
1585 -1.593357510108687
1586 -1.593401156681733
1587 -1.593444707768122
1588 -1.593488163437013
1589 -1.593531523759291
1590 -1.593574788807843
1591 -1.59361795865772
1592 -1.593661033386424
1593 -1.593704013073807
1594 -1.593746897801916
1595 -1.593789687654859
1596 -1.5938323827188
1597 -1.593874983086369
1598 -1.593917488873589
1599 -1.593959900164334
1600 -1.594002217050754
1601 -1.594044439633097
1602 -1.594086568000438
1603 -1.594128602227102
1604 -1.594170542402907
1605 -1.59421238862438
1606 -1.594254140998614
1607 -1.594295799633071
1608 -1.594337364628632
1609 -1.594378836076656
1610 -1.594420214057201
1611 -1.594461498642882
1612 -1.594502689889719
1613 -1.594543787835927
1614 -1.594584792520363
1615 -1.59462570400367
1616 -1.594666522372954
1617 -1.594707247741144
1618 -1.594747880274245
1619 -1.594788420133189
1620 -1.594828867455788
1621 -1.594869222371254
1622 -1.594909485008943
1623 -1.594949655506019
1624 -1.594989734007123
1625 -1.595029720659837
1626 -1.595069615619886
1627 -1.595109419043961
1628 -1.595149131091378
1629 -1.595188751923159
1630 -1.595228281703037
1631 -1.595267720597663
1632 -1.595307068776141
1633 -1.595346326618488
1634 -1.595385494080157
1635 -1.595424571344151
1636 -1.595463558615919
1637 -1.595502456099333
1638 -1.595541263972532
1639 -1.59557998238922
1640 -1.595618611486189
1641 -1.595657151392629
1642 -1.595695602446935
1643 -1.595733964593533
1644 -1.595772237996746
1645 -1.595810422859197
1646 -1.595848519381329
1647 -1.595886527761836
1648 -1.595924448197918
1649 -1.595962281087879
1650 -1.596000026418393
1651 -1.596037684391935
1652 -1.596075255241354
1653 -1.596112739201441
1654 -1.596150136498861
1655 -1.596187447550446
1656 -1.596224672362498
1657 -1.596261811140282
1658 -1.596298864127306
1659 -1.596335831551171
1660 -1.596372713638486
1661 -1.596409510807921
1662 -1.596446223077793
1663 -1.59648285066474
1664 -1.59651939382384
1665 -1.596555852808182
1666 -1.596592228061619
1667 -1.596628519630431
1668 -1.596664727919826
1669 -1.596700853114812
1670 -1.596736895452904
1671 -1.596772855354078
1672 -1.59680873283901
1673 -1.5968445281128
1674 -1.596880241414056
1675 -1.596915873165249
1676 -1.596951423398894
1677 -1.596986892330175
1678 -1.597022280206054
1679 -1.597057587478157
1680 -1.597092814189445
1681 -1.597127960548941
1682 -1.597163026796647
1683 -1.597198013353571
1684 -1.597232920259342
1685 -1.597267747730319
1686 -1.597302496012312
1687 -1.597337165523184
1688 -1.597371756296837
1689 -1.597406268539715
1690 -1.597440702484219
1691 -1.597475058533181
1692 -1.597509336710613
1693 -1.59754353721579
1694 -1.597577660279129
1695 -1.597611706303435
1696 -1.597645675317232
1697 -1.597679567512558
1698 -1.597713383295879
1699 -1.597747122720113
1700 -1.597780786002446
1701 -1.597814373565915
1702 -1.597847885464238
1703 -1.597881321913163
1704 -1.597914683331544
1705 -1.597947969773968
1706 -1.597981181451588
1707 -1.598014318774425
1708 -1.598047381755957
1709 -1.598080370527385
1710 -1.598113285453295
1711 -1.598146126567998
1712 -1.598178894081293
1713 -1.598211588407112
1714 -1.598244209602118
1715 -1.598276757872223
1716 -1.598309233616161
1717 -1.5983416368906
1718 -1.598373967907733
1719 -1.598406227066302
1720 -1.598438414403659
1721 -1.598470530093844
1722 -1.59850257449703
1723 -1.598534547624518
1724 -1.598566449635401
1725 -1.598598280885541
1726 -1.598630041393855
1727 -1.598661731327873
1728 -1.598693351053686
1729 -1.598724900598794
1730 -1.598756380134813
1731 -1.598787790024807
1732 -1.598819130301462
1733 -1.598850401283171
1734 -1.598881602991547
1735 -1.598912735585492
1736 -1.598943799411881
1737 -1.598974794477543
1738 -1.599005721081897
1739 -1.599036579230952
1740 -1.599067369061328
1741 -1.599098090890087
1742 -1.599128744704138
1743 -1.599159330779985
1744 -1.599189849112225
1745 -1.599220299822273
1746 -1.599250683207969
1747 -1.5992809992446
1748 -1.599311248191348
1749 -1.599341430033832
1750 -1.59937154504174
1751 -1.599401593213508
1752 -1.599431574681573
1753 -1.599461489754452
1754 -1.599491338423324
1755 -1.599521120964459
1756 -1.599550837364059
1757 -1.599580487882161
1758 -1.599610072509712
1759 -1.599639591505811
1760 -1.599669044862605
1761 -1.599698432837581
1762 -1.599727755422996
1763 -1.599757012874215
1764 -1.599786205184057
1765 -1.599815332606562
1766 -1.599844395136011
1767 -1.599873393026449
1768 -1.599902326275038
1769 -1.599931195137339
1770 -1.599959999615403
1771 -1.599988739968206
1772 -1.600017416204751
1773 -1.60004602859092
1774 -1.600074577137357
1775 -1.60010306210811
1776 -1.600131483521965
1777 -1.600159841648354
1778 -1.600188136511795
1779 -1.600216368383608
1780 -1.600244537291425
1781 -1.600272643506002
1782 -1.600300687054682
1783 -1.600328668208124
1784 -1.600356586993159
1785 -1.600384443676317
1786 -1.600412238287518
1787 -1.600439971094393
1788 -1.600467642126572
1789 -1.600495251645248
1790 -1.600522799673018
1791 -1.600550286460644
1792 -1.600577712023119
1793 -1.600605076603969
1794 -1.600632380216621
1795 -1.600659623104688
1796 -1.600686805286208
1797 -1.600713927008037
1798 -1.600740988293037
1799 -1.600767989389614
1800 -1.600794930323214
1801 -1.600821811342023
1802 -1.600848632473317
1803 -1.600875393964316
1804 -1.600902095842484
1805 -1.600928738355085
1806 -1.600955321534476
1807 -1.600981845631726
1808 -1.601008310682816
1809 -1.601034716936719
1810 -1.60106106442735
1811 -1.601087353397765
1812 -1.601113583876131
1813 -1.601139756096823
1814 -1.601165870082327
1815 -1.601191926063632
1816 -1.601217924066409
1817 -1.601243864326441
1818 -1.601269746878311
1819 -1.601295571966195
1820 -1.601321339750136
1821 -1.601347050252559
1822 -1.60137270373488
1823 -1.60139830026049
1824 -1.601423840092316
1825 -1.601449323294031
1826 -1.601474750125364
1827 -1.601500120760936
1828 -1.601525435237018
1829 -1.601550693817934
1830 -1.601575896574186
1831 -1.601601043768423
1832 -1.601626135579258
1833 -1.601651172047397
1834 -1.601676153432635
1835 -1.601701079794047
1836 -1.601725951374618
1837 -1.601750768331221
1838 -1.60177553068296
1839 -1.601800238662964
1840 -1.601824892318158
1841 -1.601849491879693
1842 -1.601874037502599
1843 -1.60189852921337
1844 -1.601922967252581
1845 -1.601947351784567
1846 -1.601971682844827
1847 -1.601995960677337
1848 -1.602020185345634
1849 -1.602044357086441
1850 -1.602068482049453
1851 -1.602092551522192
1852 -1.602116567593163
1853 -1.602140532470652
1854 -1.602164445513234
1855 -1.602188305767402
1856 -1.602212112489225
1857 -1.602235865287349
1858 -1.602259564421052
1859 -1.602283210398082
1860 -1.602306803773912
1861 -1.602330345335016
1862 -1.60235383573637
1863 -1.602377275396678
1864 -1.602400664796108
1865 -1.602424004209701
1866 -1.602447293681736
1867 -1.602470533366976
1868 -1.602493723306494
1869 -1.602516863404678
1870 -1.602539953755906
1871 -1.60256299440541
1872 -1.602585985305254
1873 -1.60260892661715
1874 -1.602631818460571
1875 -1.60265466085547
1876 -1.602677454013088
1877 -1.602700198083257
1878 -1.602722893098867
1879 -1.602745539264082
1880 -1.602768136708741
1881 -1.602790685434071
1882 -1.602813185601915
1883 -1.602835637297529
1884 -1.60285804056967
1885 -1.602880395372687
1886 -1.602902701828954
1887 -1.602924959999999
1888 -1.602947169836714
1889 -1.602969331460451
1890 -1.60299144493529
1891 -1.603013510306836
1892 -1.603035527547637
1893 -1.60305749681226
1894 -1.60307941821724
1895 -1.603101291872603
1896 -1.603123117820882
1897 -1.603144896276709
1898 -1.603166627401305
1899 -1.60318831133224
1900 -1.603209948125908
1901 -1.603231537997063
1902 -1.603253081104261
1903 -1.603274577583625
1904 -1.60329602749657
1905 -1.603317431065968
1906 -1.603338788463469
1907 -1.603360099840233
1908 -1.603381365269869
1909 -1.6034025849772
1910 -1.60342375912889
1911 -1.603444887868186
1912 -1.603465971262044
1913 -1.603487009525231
1914 -1.603508002814721
1915 -1.603528951253729
1916 -1.603549854955989
1917 -1.603570713950525
1918 -1.603591528404814
1919 -1.603612298427954
1920 -1.603633024099286
1921 -1.603653705495116
1922 -1.603674342616104
1923 -1.603694935604574
1924 -1.603715484551559
1925 -1.603735989543299
1926 -1.603756450647429
1927 -1.603776867852337
1928 -1.60379724128447
1929 -1.603817571022794
1930 -1.603837857122518
1931 -1.603858099639857
1932 -1.603878298633352
1933 -1.603898454093569
1934 -1.60391856614769
1935 -1.603938634875023
1936 -1.603958660329309
1937 -1.603978642562457
1938 -1.60399858162553
1939 -1.604018477500625
1940 -1.604038330300917
1941 -1.604058140092858
1942 -1.604077906918636
1943 -1.604097630823002
1944 -1.604117311852772
1945 -1.60413695005561
1946 -1.604156545413799
1947 -1.604176098038637
1948 -1.604195607999196
1949 -1.604215075348969
1950 -1.604234500154281
1951 -1.604253882496401
1952 -1.604273222460689
1953 -1.604292520125802
1954 -1.60431177555815
1955 -1.604330988749234
1956 -1.604350159805652
1957 -1.604369288785745
1958 -1.604388375735833
1959 -1.604407420699668
1960 -1.60442642372822
1961 -1.604445384880827
1962 -1.604464304225206
1963 -1.604483181836294
1964 -1.604502017796559
1965 -1.604520812191522
1966 -1.604539565109687
1967 -1.604558276641357
1968 -1.604576946877922
1969 -1.604595575911353
1970 -1.604614163842495
1971 -1.60463271076024
1972 -1.604651216755384
1973 -1.604669681917685
1974 -1.604688106335916
1975 -1.604706490097837
1976 -1.604724833290305
1977 -1.604743135999402
1978 -1.604761398310649
1979 -1.60477962030915
1980 -1.604797802089343
1981 -1.604815943732631
1982 -1.604834045322435
1983 -1.604852106941428
1984 -1.60487012867164
1985 -1.604888110594452
1986 -1.604906052790557
1987 -1.604923955340021
1988 -1.604941818322347
1989 -1.604959641816992
1990 -1.60497742590016
1991 -1.604995170648314
1992 -1.60501287613703
1993 -1.605030542440465
1994 -1.605048169631579
1995 -1.60506575777993
1996 -1.605083306952624
1997 -1.605100817214003
1998 -1.605118288625819
1999 -1.60513572124772
2000 -1.605153115137923
2001 -1.605170470352123
2002 -1.605187786944702
2003 -1.605205064970314
2004 -1.605222304485051
2005 -1.605239505547134
2006 -1.60525666821687
2007 -1.605273792556173
2008 -1.605290878627544
2009 -1.605307926492626
2010 -1.60532493621088
2011 -1.605341907838523
2012 -1.605358841427728
2013 -1.60537573702628
2014 -1.605392594678792
2015 -1.605409414429155
2016 -1.605426196317696
2017 -1.605442940382475
2018 -1.605459646660523
2019 -1.605476315188571
2020 -1.605492945997721
2021 -1.605509539107759
2022 -1.605526094523905
2023 -1.605542612237867
2024 -1.605559092232415
2025 -1.605575534487545
2026 -1.605591938988686
2027 -1.605608305721554
2028 -1.605624634679772
2029 -1.605640925863738
2030 -1.605657179280337
2031 -1.605673394942545
2032 -1.605689572869079
2033 -1.605705713083892
2034 -1.605721815615416
2035 -1.605737880495683
2036 -1.605753907759182
2037 -1.605769897441804
2038 -1.605785849579741
2039 -1.605801764208751
2040 -1.605817641363504
2041 -1.605833481077247
2042 -1.605849283381623
2043 -1.605865048306672
2044 -1.605880775881009
2045 -1.605896466132156
2046 -1.605912119086989
2047 -1.605927734772312
2048 -1.605943313215619
2049 -1.605958854445777
2050 -1.605974358493533
2051 -1.605989825392146
2052 -1.606005255177583
2053 -1.606020647888809
2054 -1.606036003568868
2055 -1.606051322265838
2056 -1.606066604032575
2057 -1.606081848925423
2058 -1.606097057002299
2059 -1.60611222832081
2060 -1.606127362936981
2061 -1.606142460904175
2062 -1.606157522272927
2063 -1.606172547091077
2064 -1.606187535410654
2065 -1.606202487272165
2066 -1.606217402718124
2067 -1.606232281790884
2068 -1.606247124533239
2069 -1.606261930988683
2070 -1.606276701201828
2071 -1.606291435218498
2072 -1.60630613308547
2073 -1.606320794850285
2074 -1.606335420560652
2075 -1.606350010264008
2076 -1.606364564006888
2077 -1.606379081825631
2078 -1.606393563774452
2079 -1.60640800990182
2080 -1.606422420256658
2081 -1.606436794888667
2082 -1.606451133848099
2083 -1.606465437186811
2084 -1.606479704958469
2085 -1.606493937218671
2086 -1.606508134024664
2087 -1.606522295435051
2088 -1.60653642150945
2089 -1.606550512307926
2090 -1.606564567890771
2091 -1.606578588318301
2092 -1.60659257365075
2093 -1.606606523948261
2094 -1.606620439270928
2095 -1.606634319678838
2096 -1.606648165228294
2097 -1.606661975981761
2098 -1.606675752001361
2099 -1.606689493349266
2100 -1.606703200087642
2101 -1.60671687227896
2102 -1.606730509986319
2103 -1.606744113273623
2104 -1.606757682205564
2105 -1.606771216848667
2106 -1.606784717270059
2107 -1.606798183537752
2108 -1.60681161572035
2109 -1.606825013886685
2110 -1.606838378105518
2111 -1.606851708445324
2112 -1.606865004974338
2113 -1.606878267754501
2114 -1.606891496851311
2115 -1.606904692338265
2116 -1.606917854288845
2117 -1.606930982776475
2118 -1.606944077876322
2119 -1.606957139665696
2120 -1.606970168223757
2121 -1.606983163631434
2122 -1.606996125970436
2123 -1.607009055323966
2124 -1.607021951775514
2125 -1.607034815408767
2126 -1.607047646307822
2127 -1.607060444556768
2128 -1.607073210239531
2129 -1.607085943439922
2130 -1.607098644241519
2131 -1.607111312727446
2132 -1.607123948980009
2133 -1.607136553080602
2134 -1.607149125109647
2135 -1.607161665146939
2136 -1.60717417327157
2137 -1.607186649562724
2138 -1.6071990941004
2139 -1.607211506965364
2140 -1.607223888240437
2141 -1.607236238010155
2142 -1.607248556365566
2143 -1.607260843410436
2144 -1.60727309923522
2145 -1.607285323926537
2146 -1.607297517569156
2147 -1.607309680247848
2148 -1.60732181204765
2149 -1.607333913053589
2150 -1.607345983350417
2151 -1.607358023022691
2152 -1.607370032155107
2153 -1.607382010832931
2154 -1.607393959142415
2155 -1.60740587717111
2156 -1.607417765007983
2157 -1.607429622743377
2158 -1.60744145046883
2159 -1.607453248276734
2160 -1.607465016259525
2161 -1.60747675450964
2162 -1.607488463119534
2163 -1.60750014218076
2164 -1.607511791783694
2165 -1.607523412017095
2166 -1.607535002967548
2167 -1.607546564719052
2168 -1.607558097352686
2169 -1.607569600946482
2170 -1.607581075575397
2171 -1.607592521311736
2172 -1.607603938225531
2173 -1.607615326385239
2174 -1.607626685858497
2175 -1.607638016712946
2176 -1.607649319020278
2177 -1.607660592850978
2178 -1.607671838273484
2179 -1.607683055357863
2180 -1.607694244177385
2181 -1.607705404808034
2182 -1.607716537327474
2183 -1.6077276418143
2184 -1.607738718347047
2185 -1.607749767003299
2186 -1.607760787858902
2187 -1.607771780987319
2188 -1.607782746459158
2189 -1.607793684344213
2190 -1.607804594701332
2191 -1.607815477595982
2192 -1.607826333086893
2193 -1.607837161231233
2194 -1.607847962084957
2195 -1.607858735703527
2196 -1.607869482142483
2197 -1.607880201458025
2198 -1.607890893714672
2199 -1.6079015589685
2200 -1.607912197278934
2201 -1.607922808706687
2202 -1.607933393313812
2203 -1.607943951163653
2204 -1.607954482320777
2205 -1.607964986850968
2206 -1.607975464821177
2207 -1.6079859162994
2208 -1.6079963413545
2209 -1.608006740055971
2210 -1.608017112473687
2211 -1.608027458677663
2212 -1.608037778733689
2213 -1.608048072701245
2214 -1.608058340638434
2215 -1.608068582607648
2216 -1.6080787986758
2217 -1.608088988913424
2218 -1.608099153392759
2219 -1.608109292186337
2220 -1.608119405366364
2221 -1.608129493004675
2222 -1.608139555172879
2223 -1.608149591942508
2224 -1.6081596033851
2225 -1.608169589572247
2226 -1.608179550575624
2227 -1.608189486467113
2228 -1.608199397318991
2229 -1.608209283204114
2230 -1.60821914419593
2231 -1.608228980368436
2232 -1.608238791795947
2233 -1.608248578552758
2234 -1.60825834071286
2235 -1.608268078349725
2236 -1.608277791536244
2237 -1.608287480344701
2238 -1.608297144846852
2239 -1.60830678511425
2240 -1.608316401218257
2241 -1.60832599323033
2242 -1.608335561222427
2243 -1.608345105267579
2244 -1.608354625439394
2245 -1.608364121811197
2246 -1.608373594455219
2247 -1.608383043441691
2248 -1.60839246883805
2249 -1.608401870708282
2250 -1.60841124911275
2251 -1.608420604108053
2252 -1.608429935747018
2253 -1.608439244078365
2254 -1.608448529146072
2255 -1.608457790988927
2256 -1.608467029640729
2257 -1.608476245131335
2258 -1.608485437488371
2259 -1.60849460673924
2260 -1.608503752912931
2261 -1.608512876041319
2262 -1.608521976159822
2263 -1.608531053307451
2264 -1.608540107526367
2265 -1.608549138861191
2266 -1.608558147358172
2267 -1.608567133064385
2268 -1.608576096027052
2269 -1.608585036293004
2270 -1.608593953908359
2271 -1.608602848918325
2272 -1.608611721367253
2273 -1.608620571298988
2274 -1.608629398757012
2275 -1.608638203784703
2276 -1.608646986425487
2277 -1.608655746722845
2278 -1.608664484720215
2279 -1.608673200460781
2280 -1.608681893987624
2281 -1.608690565343682
2282 -1.608699214571901
2283 -1.608707841715537
2284 -1.608716446818444
2285 -1.608725029925347
2286 -1.60873359108203
2287 -1.6087421303354
2288 -1.608750647733505
2289 -1.608759143325407
2290 -1.608767617161072
2291 -1.608776069291234
2292 -1.608784499767385
2293 -1.608792908641663
2294 -1.608801295966801
2295 -1.608809661795968
2296 -1.608818006182581
2297 -1.608826329180021
2298 -1.608834630841363
2299 -1.608842911219138
2300 -1.608851170365148
2301 -1.608859408330389
2302 -1.608867625165053
2303 -1.608875820918633
2304 -1.608883995640085
2305 -1.608892149378046
2306 -1.608900282181084
2307 -1.608908394097967
2308 -1.60891648517792
2309 -1.608924555470848
2310 -1.608932605027539
2311 -1.608940633899855
2312 -1.608948642140817
2313 -1.608956629804644
2314 -1.608964596946692
2315 -1.608972543623297
2316 -1.608980469891556
2317 -1.608988375809088
2318 -1.608996261437804
2319 -1.609004126837942
2320 -1.609011972061797
2321 -1.609019797164711
2322 -1.609027602203501
2323 -1.60903538723616
2324 -1.6090431523187
2325 -1.609050897506765
2326 -1.609058622855235
2327 -1.609066328418279
2328 -1.609074014249455
2329 -1.609081680401807
2330 -1.609089326927914
2331 -1.609096953879869
2332 -1.6091045613092
2333 -1.609112149266505
2334 -1.609119717803334
2335 -1.609127266974561
2336 -1.609134796832604
2337 -1.60914230742504
2338 -1.609149798794267
2339 -1.609157270978829
2340 -1.609164724015204
2341 -1.609172157939303
2342 -1.609179572787476
2343 -1.609186968597083
2344 -1.609194345406769
2345 -1.609201703256545
2346 -1.609209042187744
2347 -1.609216362243016
2348 -1.609223663465847
2349 -1.609230945900458
2350 -1.609238209591623
2351 -1.609245454584196
2352 -1.609252680922745
2353 -1.609259888651282
2354 -1.609267077813011
2355 -1.609274248450056
2356 -1.609281400603169
2357 -1.609288534311807
2358 -1.609295649614049
2359 -1.609302746546758
2360 -1.60930982514573
2361 -1.609316885445948
2362 -1.609323927481878
2363 -1.609330951287777
2364 -1.609337956897971
2365 -1.609344944347072
2366 -1.609351913670102
2367 -1.609358864902372
2368 -1.609365798079643
2369 -1.609372713237963
2370 -1.609379610413539
2371 -1.609386489642658
2372 -1.609393350961562
2373 -1.609400194406389
2374 -1.609407020012977
2375 -1.609413827817151
2376 -1.609420617854604
2377 -1.609427390161082
2378 -1.60943414477254
2379 -1.609440881725359
2380 -1.609447601056532
2381 -1.609454302803785
2382 -1.609460987005612
2383 -1.609467653701228
2384 -1.609474302930465
2385 -1.609480934739988
2386 -1.609487549172682
2387 -1.609494146267884
2388 -1.609500726063758
2389 -1.609507288598593
2390 -1.60951383391132
2391 -1.60952036204134
2392 -1.609526873028223
2393 -1.609533366911482
2394 -1.609539843730469
2395 -1.609546303524302
2396 -1.609552746331835
2397 -1.609559172191651
2398 -1.60956558114186
2399 -1.609571973220687
2400 -1.609578348466071
2401 -1.609584706915825
2402 -1.609591048607769
2403 -1.60959737357984
2404 -1.60960368187018
2405 -1.60960997351718
2406 -1.609616248559512
2407 -1.609622507036099
2408 -1.60962874898594
2409 -1.609634974448403
2410 -1.609641183462898
2411 -1.609647376068849
2412 -1.609653552305791
2413 -1.609659712213067
2414 -1.609665855830033
2415 -1.609671983196125
2416 -1.609678094350889
2417 -1.609684189334072
2418 -1.609690268185765
2419 -1.609696330946464
2420 -1.6097023776572
2421 -1.609708408358209
2422 -1.609714423089615
2423 -1.609720421890908
2424 -1.60972640480126
2425 -1.60973237185951
2426 -1.60973832310431
2427 -1.609744258574344
2428 -1.609750178308492
2429 -1.609756082345957
2430 -1.609761970726304
2431 -1.609767843489439
2432 -1.609773700675484
2433 -1.6097795423246
2434 -1.609785368476733
2435 -1.609791179171346
2436 -1.609796974447236
2437 -1.609802754342129
2438 -1.609808518892607
2439 -1.609814268134059
2440 -1.609820002100746
2441 -1.609825720825951
2442 -1.609831424342168
2443 -1.609837112681334
2444 -1.609842785875056
2445 -1.609848443954802
2446 -1.609854086952059
2447 -1.609859714898449
2448 -1.609865327825817
2449 -1.609870925766285
2450 -1.609876508752324
2451 -1.609882076816764
2452 -1.609887629992832
2453 -1.609893168314166
2454 -1.609898691814822
2455 -1.609904200529256
2456 -1.609909694492287
2457 -1.60991517373904
2458 -1.609920638304832
2459 -1.60992608822502
2460 -1.609931523534821
2461 -1.609936944269114
2462 -1.609942350462248
2463 -1.609947742147852
2464 -1.609953119358673
2465 -1.609958482126447
2466 -1.609963830481894
2467 -1.609969164454704
2468 -1.609974484073619
2469 -1.609979789366513
2470 -1.609985080360397
2471 -1.609990357081631
2472 -1.609995619555888
2473 -1.61000086780832
2474 -1.610006101863781
2475 -1.610011321747141
2476 -1.610016527483634
2477 -1.610021719099221
2478 -1.610026896620889
2479 -1.610032060076927
2480 -1.610037209497003
2481 -1.610042344914064
2482 -1.610047466359989
2483 -1.610052573868285
2484 -1.6100576674734
2485 -1.61006274721058
2486 -1.610067813115763
2487 -1.610072865225564
2488 -1.610077903577391
2489 -1.610082928210794
2490 -1.610087939163885
2491 -1.610092936476276
2492 -1.610097920188753
2493 -1.610102890343061
2494 -1.610107846981724
2495 -1.610112790147771
2496 -1.610117719884437
2497 -1.610122636235236
2498 -1.610127539242533
2499 -1.610132428948015
2500 -1.610137305392274
2501 -1.610142168614563
2502 -1.610147018652554
2503 -1.610151855542116
2504 -1.610156679317188
2505 -1.610161490009751
2506 -1.610166287649976
2507 -1.610171072266531
2508 -1.61017584388706
2509 -1.610180602538738
2510 -1.610185348248864
2511 -1.6101900810454
2512 -1.610194800957518
2513 -1.610199508015719
2514 -1.610204202251987
2515 -1.610208883699852
2516 -1.610213552394318
2517 -1.610218208371778
2518 -1.610222851669928
2519 -1.610227482327659
2520 -1.610232100384945
2521 -1.610236705882738
2522 -1.610241298862853
2523 -1.610245879367863
2524 -1.610250447440989
2525 -1.610255003125955
2526 -1.610259546466865
2527 -1.610264077508321
2528 -1.610268596294473
2529 -1.610273102869145
2530 -1.610277597275807
2531 -1.610282079557467
2532 -1.610286549756601
2533 -1.610291007915215
2534 -1.610295454074939
2535 -1.610299888277112
2536 -1.61030431056282
2537 -1.610308720972911
2538 -1.610313119547956
2539 -1.610317506328195
2540 -1.610321881353497
2541 -1.610326244663293
2542 -1.610330596296561
2543 -1.610334936291782
2544 -1.61033926471706
2545 -1.610343581591456
2546 -1.610347886948381
2547 -1.610352180821033
2548 -1.610356463242362
2549 -1.6103607342455
2550 -1.610364993864016
2551 -1.610369242131938
2552 -1.610373479083639
2553 -1.610377704753653
2554 -1.61038191917646
2555 -1.610386122386299
2556 -1.610390314417008
2557 -1.610394495301881
2558 -1.610398665073581
2559 -1.610402823764045
2560 -1.610406971404423
2561 -1.610411108025028
2562 -1.610415233655274
2563 -1.610419348323626
2564 -1.610423452057531
2565 -1.610427544890247
2566 -1.610431626840956
2567 -1.610435697932336
2568 -1.610439758187134
2569 -1.610443807627647
2570 -1.610447846275342
2571 -1.610451874150718
2572 -1.610455891273276
2573 -1.610459897661586
2574 -1.610463893333304
2575 -1.610467878305215
2576 -1.610471852593236
2577 -1.6104758162124
2578 -1.61047976917698
2579 -1.610483711500031
2580 -1.610487643196295
2581 -1.610491564279858
2582 -1.610495474769379
2583 -1.610499374677855
2584 -1.610503264017533
2585 -1.610507142799247
2586 -1.610511011033321
2587 -1.610514868730187
2588 -1.610518715900833
2589 -1.610522552557061
2590 -1.610526378711558
2591 -1.610530194377837
2592 -1.610533999570074
2593 -1.61053779430295
2594 -1.610541578591484
2595 -1.610545352450899
2596 -1.610549115896547
2597 -1.610552868944215
2598 -1.610556611609412
2599 -1.610560343907911
2600 -1.610564065855758
2601 -1.610567777469396
2602 -1.610571478765767
2603 -1.610575169762391
2604 -1.610578850477413
2605 -1.610582520929602
2606 -1.610586181138308
2607 -1.61058983112339
2608 -1.610593470905121
2609 -1.610597100504096
2610 -1.610600719941125
2611 -1.610604329237165
2612 -1.610607928413262
2613 -1.610611517490511
2614 -1.610615096490047
2615 -1.61061866543304
2616 -1.610622224340693
2617 -1.610625773234246
2618 -1.610629312134954
2619 -1.610632841064048
2620 -1.610636360042693
2621 -1.610639869091922
2622 -1.610643368232589
2623 -1.610646857485301
2624 -1.610650336870386
2625 -1.610653806407855
2626 -1.610657266117397
2627 -1.610660716018363
2628 -1.610664156129783
2629 -1.61066758647038
2630 -1.610671007058603
2631 -1.610674417912663
2632 -1.610677819050597
2633 -1.610681210490334
2634 -1.610684592249791
2635 -1.610687964346983
2636 -1.610691326800146
2637 -1.610694679627882
2638 -1.610698022849304
2639 -1.610701356484192
2640 -1.610704680553154
2641 -1.610707995077735
2642 -1.610711300080562
2643 -1.610714595585437
2644 -1.610717881617417
2645 -1.610721158202855
2646 -1.610724425369402
2647 -1.610727683145968
2648 -1.610730931562648
2649 -1.61073417065062
2650 -1.610737400442033
2651 -1.610740620969901
2652 -1.610743832269122
2653 -1.610747034372714
2654 -1.610750227315622
2655 -1.610753411136528
2656 -1.610756585871886
2657 -1.610759751556847
2658 -1.610762908226621
2659 -1.610766055917008
2660 -1.610769194664505
2661 -1.610772324506224
2662 -1.610775445479785
2663 -1.610778557623183
2664 -1.610781660974719
2665 -1.610784755572886
2666 -1.61078784145625
2667 -1.610790918663237
2668 -1.610793987231411
2669 -1.610797047196734
2670 -1.610800098592801
2671 -1.610803141450676
2672 -1.6108061757992
2673 -1.610809201665726
2674 -1.610812219076928
2675 -1.610815228059389
2676 -1.61081822864022
2677 -1.61082122084708
2678 -1.610824204708096
2679 -1.610827180251631
2680 -1.610830147506048
2681 -1.610833106499511
2682 -1.610836057259747
2683 -1.610838999813944
2684 -1.61084193418865
2685 -1.610844860409719
2686 -1.610847778502263
2687 -1.610850688490604
2688 -1.610853590398208
2689 -1.610856484247643
2690 -1.610859370060544
2691 -1.610862247857632
2692 -1.610865117658778
2693 -1.610867979483131
2694 -1.610870833349282
2695 -1.610873679275444
2696 -1.61087651727965
2697 -1.610879347379916
2698 -1.610882169594389
2699 -1.610884983941437
2700 -1.610887790439725
2701 -1.610890589108242
2702 -1.610893379966317
2703 -1.610896163033593
2704 -1.610898938330015
2705 -1.610901705875776
2706 -1.610904465691251
2707 -1.610907217796989
2708 -1.610909962213445
2709 -1.610912698960937
2710 -1.610915428059527
2711 -1.610918149528867
2712 -1.610920863388306
2713 -1.610923569656374
2714 -1.61092626835058
2715 -1.61092895948725
2716 -1.610931643081412
2717 -1.610934319146763
2718 -1.610936987695637
2719 -1.610939648738988
2720 -1.610942302286518
2721 -1.610944948346536
2722 -1.610947586926024
2723 -1.610950218030728
2724 -1.610952841665275
2725 -1.610955457833317
2726 -1.61095806653766
2727 -1.610960667780408
2728 -1.610963261563062
2729 -1.610965847886623
2730 -1.610968426751655
2731 -1.610970998158349
2732 -1.610973562106564
2733 -1.610976118595877
2734 -1.610978667625657
2735 -1.610981209194654
2736 -1.610983743302258
2737 -1.61098626994794
2738 -1.610988789131538
2739 -1.610991300853467
2740 -1.610993805114948
2741 -1.610996301918286
2742 -1.610998791266939
2743 -1.611001273165789
2744 -1.611003747621254
2745 -1.611006214641153
2746 -1.611008674234229
2747 -1.611011126409311
2748 -1.61101357117469
2749 -1.611016008537683
2750 -1.611018438504627
2751 -1.611020861081212
2752 -1.611023276273015
2753 -1.611025684086056
2754 -1.611028084527315
2755 -1.611030477605039
2756 -1.61103286332893
2757 -1.611035241710231
2758 -1.611037612761734
2759 -1.611039976497733
2760 -1.611042332934047
2761 -1.611044682087718
2762 -1.611047023977004
2763 -1.611049358621208
2764 -1.61105168604053
2765 -1.611054006255883
2766 -1.61105631928872
2767 -1.611058625160848
2768 -1.61106092389423
2769 -1.611063215510811
2770 -1.611065500032252
2771 -1.611067777479707
2772 -1.611070047873625
2773 -1.611072311233573
2774 -1.611074567578083
2775 -1.611076816924558
2776 -1.611079059289243
2777 -1.611081294687257
2778 -1.611083523132717
2779 -1.611085744638929
2780 -1.611087959218619
2781 -1.611090166884208
2782 -1.611092367648084
2783 -1.61109456152286
2784 -1.611096748521604
2785 -1.611098928658002
2786 -1.611101101946494
2787 -1.611103268402329
2788 -1.61110542804159
2789 -1.611107580881165
2790 -1.611109726938696
2791 -1.611111866232503
2792 -1.611113998781482
2793 -1.611116124605029
2794 -1.61111824372292
2795 -1.611120356155253
2796 -1.611122461922371
2797 -1.611124561044838
2798 -1.611126653543437
2799 -1.611128739439228
2800 -1.611130818753651
2801 -1.611132891508529
2802 -1.611134957726184
2803 -1.611137017429514
2804 -1.611139070642044
2805 -1.611141117387985
2806 -1.611143157692278
2807 -1.611145191580616
2808 -1.611147219079471
2809 -1.611149240216066
2810 -1.611151255018342
2811 -1.611153263524959
2812 -1.611155265740508
2813 -1.611157261711442
2814 -1.611159251465954
2815 -1.611161235033562
2816 -1.611163212443699
2817 -1.611165183725814
2818 -1.611167148908949
2819 -1.611169108021657
2820 -1.611171061091871
2821 -1.611173008146737
2822 -1.611174949212586
2823 -1.611176884314881
2824 -1.611178813478168
2825 -1.611180736726056
2826 -1.611182654081198
2827 -1.611184565565293
2828 -1.611186471199106
2829 -1.611188371002381
2830 -1.611190264993876
2831 -1.611192153191227
2832 -1.611194035610949
2833 -1.611195912268465
2834 -1.611197783178276
2835 -1.611199648354148
2836 -1.611201507809411
2837 -1.611203361557242
2838 -1.611205209610919
2839 -1.611207051984049
2840 -1.61120888869068
2841 -1.611210719745432
2842 -1.611212545163551
2843 -1.61121436496094
2844 -1.61121617915417
2845 -1.611217987760473
2846 -1.611219790797709
2847 -1.611221588284358
2848 -1.611223380239522
2849 -1.611225166682931
2850 -1.611226947634968
2851 -1.611228723116714
2852 -1.61123049314998
2853 -1.611232257757347
2854 -1.611234016962172
2855 -1.611235770788582
2856 -1.611237519261435
2857 -1.611239262406222
2858 -1.611241000248967
2859 -1.611242732816084
2860 -1.611244460134221
2861 -1.611246182230047
2862 -1.611247899130131
2863 -1.611249610860787
2864 -1.611251317447953
2865 -1.611253018917092
2866 -1.611254715293124
2867 -1.611256406600412
2868 -1.61125809286275
2869 -1.6112597741034
2870 -1.611261450345177
2871 -1.611263121610539
2872 -1.611264787921678
2873 -1.611266449300619
2874 -1.611268105769291
2875 -1.611269757349568
2876 -1.611271404062387
2877 -1.611273045929561
2878 -1.6112746829726
2879 -1.611276315212912
2880 -1.61127794267185
2881 -1.611279565370793
2882 -1.611281183331231
2883 -1.611282796574828
2884 -1.611284405123458
2885 -1.611286008999184
2886 -1.611287608224192
2887 -1.61128920282065
2888 -1.611290792810514
2889 -1.611292378215269
