"cd-rfile"
"Iteration" "cd"
("Iteration" "cd")
1 0.06535413279065666
2 0.08280194570272452
3 0.1033846623202525
4 0.1229679381432686
5 0.1358987152768333
6 0.1447332369651959
7 0.1519256621194258
8 0.155191108812516
9 0.1531123355814115
10 0.1477906351534015
11 0.1391876353235759
12 0.1284402184050312
13 0.1160965026758245
14 0.1033899911950761
15 0.09098028290358202
16 0.08029234580249402
17 0.0717881666906492
18 0.06604869883193649
19 0.06295448720348198
20 0.06264335036264768
21 0.06451414785240002
22 0.06826188638907484
23 0.0732460948386873
24 0.0791507435668846
25 0.08537703858083566
26 0.0915409007137945
27 0.0974085494401191
28 0.1024994821379165
29 0.1070178110981439
30 0.1105586665832289
31 0.1131199948389306
32 0.1148037037527068
33 0.1155755355078751
34 0.1155454092838758
35 0.1147581911914253
36 0.1132957677565412
37 0.1112300758814402
38 0.108710300492676
39 0.1058794016246875
40 0.1027267207023429
41 0.09953413816273958
42 0.09622901099768544
43 0.09297600879441086
44 0.0897473971929935
45 0.08666976017713578
46 0.08371415596261272
47 0.08095449913762112
48 0.0783919549508853
49 0.07599051616007108
50 0.07365693176697587
51 0.07151595760427239
52 0.06945127567504145
53 0.0675507449153525
54 0.06568712611467581
55 0.06395439527982986
56 0.06223178070862652
57 0.06065809479725856
58 0.05906568505052091
59 0.05756717785624017
60 0.05613077828443253
61 0.05472816224282474
62 0.05342791192662309
63 0.05215206555696225
64 0.05098494975407779
65 0.04986503505916337
66 0.04885092869718886
67 0.04793381355857956
68 0.04706231194189079
69 0.04635589836945046
70 0.04565442872312381
71 0.04513095829429545
72 0.04460028301811741
73 0.04423777291231018
74 0.04389494680206672
75 0.04365490268511096
76 0.04346404361811496
77 0.04335226570613177
78 0.0433089545515138
79 0.04328414978637724
80 0.04333461648658791
81 0.04337162464044288
82 0.04348901139079086
83 0.04359155006988365
84 0.04372153431027504
85 0.04385112589291543
86 0.04398726186675216
87 0.04413931685601784
88 0.04426829353472993
89 0.04437865867444617
90 0.0445083749275429
91 0.04458990494769787
92 0.0446882171585412
93 0.04473464165897879
94 0.0447855602225798
95 0.044799005640552
96 0.04480037017459813
97 0.04473191746969454
98 0.04470166204229508
99 0.04456557198710506
100 0.04451267519316793
101 0.04423852753402903
102 0.04415372233840741
103 0.04392962959210055
104 0.04377420451398949
105 0.04340423983706825
106 0.04326818211890298
107 0.04289835943364433
108 0.04271254426517992
109 0.04230994831215756
110 0.04211148833261406
111 0.04173918488128781
112 0.04151973337750727
113 0.04114564796263741
114 0.04092923275634235
115 0.04059952025364151
116 0.04037621150545086
117 0.04005226964751037
118 0.03986869642535261
119 0.03958155452157038
120 0.03941142297540751
121 0.03913781530219852
122 0.03900764056932686
123 0.03877330781564294
124 0.03865187418586785
125 0.0384389418728961
126 0.03834623740070493
127 0.03816244936193655
128 0.03808434448880296
129 0.03791333929944561
130 0.03785193761081766
131 0.03771522766092474
132 0.03766117044263569
133 0.03752280361071839
134 0.03748733662658513
135 0.03737335710485125
136 0.03733675518564693
137 0.03722920665897101
138 0.03720482373020936
139 0.03711286774079884
140 0.03709014741117672
141 0.03700197302422256
142 0.03698760496156751
143 0.03691387431290329
144 0.03689760962498147
145 0.03682755299734577
146 0.03681597916514992
147 0.03675526189269127
148 0.03674265447942582
149 0.03667743236059071
150 0.03666784030847142
151 0.03659958756472879
152 0.03658513485165878
153 0.03650457338417903
154 0.03648507251919441
155 0.03638865840352561
156 0.0363620534606551
157 0.03624588682396444
158 0.03621833221122171
159 0.03610247217862263
160 0.03597906182584865
161 0.03593167443624538
162 0.03581035018701693
163 0.0356391282168405
164 0.0356057228175251
165 0.03542546883326021
166 0.03528142179124668
167 0.03520775854286511
168 0.03504865573608899
169 0.03486825032515577
170 0.03480834431311586
171 0.03460358958871418
172 0.03445843589365417
173 0.034361367119328
174 0.03420590799940573
175 0.03403176589904033
176 0.03398986046150577
177 0.0338088517532501
178 0.03369922363051059
179 0.03363104824638513
180 0.03352212013962415
181 0.03338990689150583
182 0.03339877189101306
183 0.0332704556070831
184 0.03321797313014985
185 0.03319944939217243
186 0.03314926765160245
187 0.03307187433457849
188 0.03313114562926951
189 0.03305897786842507
190 0.03305371679897899
191 0.03307922028572646
192 0.03308273873668482
193 0.03302615988653144
194 0.03311744804547934
195 0.03307430252147813
196 0.03308854765708307
197 0.03313812617683699
198 0.03313746147392055
199 0.03311108902607254
200 0.03319063905357976
201 0.03314938153660891
202 0.03315155933375124
203 0.03318900187741536
204 0.0331649782638723
205 0.03312822589711763
206 0.03316973545194622
207 0.03311744305269089
208 0.03307370315608514
209 0.0331050810253093
210 0.03302892322788266
211 0.03299462040299744
212 0.03296397336748048
213 0.03293377693332139
214 0.03283251540750265
215 0.03283798926288474
216 0.03269911770722846
217 0.0326962723705539
218 0.03263685591039865
219 0.03260730669652277
220 0.03238487562031533
221 0.03247861157419482
222 0.03237083694084521
223 0.03229201249676378
224 0.0322269543427419
225 0.03216089428582732
226 0.03202956847098826
227 0.03207539592243377
228 0.0318821657112304
229 0.03190634959968663
230 0.0318090504880127
231 0.03181514432705014
232 0.0315936943797885
233 0.03169268972112822
234 0.03158388526091205
235 0.03154750552680255
236 0.03142629660360258
237 0.03145591501529232
238 0.03131039784345518
239 0.03133571754974056
240 0.03121240826663394
241 0.03130333390681229
242 0.03105151753028166
243 0.03114871391568791
244 0.03110461994746356
245 0.03102982429487542
246 0.03097564615193412
247 0.03095940991614789
248 0.03086310340682193
249 0.03088784594369417
250 0.03071441974100452
251 0.03083660816714661
252 0.03071837771089067
253 0.03077319912406224
254 0.03057019890358862
255 0.03067925740342855
256 0.03057065678625602
257 0.03063383541873208
258 0.03042882286311803
259 0.03052212438835343
260 0.03048750292423807
261 0.03049384570034375
262 0.03035327566401287
263 0.03042751437284932
264 0.03036583362681083
265 0.03043526214173671
266 0.03027675940426775
267 0.03041599928174722
268 0.03024858988010912
269 0.03036250493767536
270 0.03032072652520439
271 0.03038062269165083
272 0.03020213865645094
273 0.03037652573993893
274 0.03035797201929919
275 0.03034764753914387
276 0.03032545000668698
277 0.03035018855744396
278 0.03036767799400053
279 0.03039760543985148
280 0.03036243672116893
281 0.03045217055286847
282 0.03033797961268742
283 0.03050950125663303
284 0.0304280396377865
285 0.03056241683578347
286 0.03038276724452874
287 0.03052724044058469
288 0.03058275802437295
289 0.0305419422725085
290 0.0305557893315852
291 0.03060089240684129
292 0.03058126397392683
293 0.0306203631418814
294 0.03057791414414777
295 0.03063452203082646
296 0.03060547002804819
297 0.03068143111804437
298 0.03057753628454499
299 0.0306717527669864
300 0.03061117609510154
301 0.03071683691781465
302 0.03052139711433775
303 0.03066967386129905
304 0.03061413297299082
305 0.03060393105385054
306 0.03057956319355444
307 0.03059449685804658
308 0.03051004217637888
309 0.03057324762569527
310 0.03041805118392898
311 0.03054807190623102
312 0.03043638436891759
313 0.03049409508125491
314 0.03032308475040462
315 0.03040925723145715
316 0.03033718305561613
317 0.0303435985591366
318 0.03017160475549844
319 0.03029190627724729
320 0.03014950601547124
321 0.03022552669973946
322 0.02998899137999449
323 0.03007870628314668
324 0.03006819014891414
325 0.02996763947800017
326 0.02991748299876931
327 0.0298836958790311
328 0.02982541533822992
329 0.02980736803046372
330 0.02969697934422896
331 0.02972740637241189
332 0.02953752975934713
333 0.02964844676917933
334 0.02952500458812799
335 0.02953334649548047
336 0.02935890886806318
337 0.02946518746908463
338 0.02927862190780855
339 0.02934599274471794
340 0.02917554561814554
341 0.02924258626906593
342 0.02909779715218255
343 0.02913404194831255
344 0.02900691163438272
345 0.02910115246544103
346 0.02883404653862277
347 0.02895131728385567
348 0.02887912428634215
349 0.02881715206546305
350 0.028786915724884
351 0.02874290351228656
352 0.02863681607810994
353 0.0287220841868498
354 0.02852464952377371
355 0.02861597083592619
356 0.02853075253489817
357 0.02857101268846501
358 0.02838104745785803
359 0.02848611697983548
360 0.02843084850559038
361 0.0283940864934176
362 0.02837803536698653
363 0.02835957063362
364 0.02826912898749506
365 0.02837564773496478
366 0.02820381833262257
367 0.02831770330640696
368 0.02821238932747236
369 0.02830483821777647
370 0.02815117372291767
371 0.02824838221847154
372 0.0282316569815747
373 0.02825264389907249
374 0.02819843110137463
375 0.02823872673931644
376 0.02817552583621387
377 0.02824477775329852
378 0.02818624772299009
379 0.02826463390643792
380 0.02817762320155885
381 0.02832238672593883
382 0.0282101024917548
383 0.02833544938373734
384 0.02823676544030353
385 0.02837157507446629
386 0.02828111548051308
387 0.02840958365030919
388 0.02828726258031516
389 0.0284109286018212
390 0.02842716698305588
391 0.02847373653879989
392 0.02834485115768114
393 0.02851696723187376
394 0.02850697699413933
395 0.02852837190093615
396 0.02852080320639957
397 0.02860868920803812
398 0.02853116054205996
399 0.02865769739452909
400 0.0285543020713668
401 0.02868039705666234
402 0.02869445190185007
403 0.02874118095214487
404 0.02861715989228606
405 0.02878535235063885
406 0.02877753231132132
407 0.0287940725800811
408 0.02876824067398391
409 0.02886152010908772
410 0.02875101997987603
411 0.02890121964455872
412 0.02880356634774163
413 0.02892087057637543
414 0.02886299293663441
415 0.02894133521914658
416 0.02884152958603936
417 0.02898416753020642
418 0.02889620109843127
419 0.02899802605546222
420 0.02884857137362614
421 0.02897576299550314
422 0.02896471571076786
423 0.02896420087003477
424 0.02892562881332861
425 0.02898271377719285
426 0.0288916572579425
427 0.02896287254785065
428 0.02887992734048528
429 0.02893166233287754
430 0.0289360222372989
431 0.02891904724980181
432 0.02884309646345357
433 0.02889684738729585
434 0.02881178866279107
435 0.0289066231213362
436 0.02873959649075089
437 0.02883405039683849
438 0.02877584318525295
439 0.02881612668251809
440 0.02862016932801916
441 0.02872011774097846
442 0.02871140528537643
443 0.02863404988911502
444 0.02861091652764429
445 0.02858188875564804
446 0.02852664927186634
447 0.02854084646699409
448 0.0283812132644132
449 0.02848666062149073
450 0.02838084808442567
451 0.02841868285152102
452 0.02821715132509709
453 0.02832173656969849
454 0.0282290949369479
455 0.028212554766368
456 0.02811190609678659
457 0.02814057549754042
458 0.0280239493149056
459 0.0280471772281978
460 0.02794623591577857
461 0.02797081872718409
462 0.02781578610635663
463 0.0279078372077514
464 0.02774787248451744
465 0.0278183627100664
466 0.02762418585208438
467 0.0277140269287314
468 0.02761415955464504
469 0.02761195655815015
470 0.02748035182986202
471 0.02750605456041544
472 0.02747739505250266
473 0.02743206522231745
474 0.02734317438201157
475 0.02737872476980941
476 0.02721352379278334
477 0.0273218680018844
478 0.02721241906632364
479 0.02726181609690781
480 0.02705549063575708
481 0.02717423882883871
482 0.02711586700217422
483 0.02706724004441307
484 0.02704173099892324
485 0.02705325850039901
486 0.02692056321195733
487 0.02697199342205392
488 0.02698865651352283
489 0.02693568999917753
490 0.02686504661154066
491 0.02696622699816226
492 0.02678405359444548
493 0.02686743312524564
494 0.02690075235930111
495 0.02684192661577518
496 0.02681670308711617
497 0.0268561072033381
498 0.0267566076319619
499 0.02682724367513831
500 0.02681694575318955
501 0.02685555172370457
502 0.02677705426625876
503 0.02687073183182471
504 0.02675478015121162
505 0.02684609642770891
506 0.02685578274791263
507 0.02686070349002848
508 0.0268234412666886
509 0.02690798321764092
510 0.02679976774058077
511 0.02695415575061394
512 0.02689565396272264
513 0.02697022613895102
514 0.0268782529454152
515 0.02697243492267527
516 0.02702872075450383
517 0.0269954282953644
518 0.02704344663486287
519 0.02707503693736312
520 0.02699921560018162
521 0.02717147222663521
522 0.02705872888902372
523 0.02716413732815874
524 0.02719762579020715
525 0.02725210629552962
526 0.02714307208609433
527 0.02729940565066211
528 0.02730715154234925
529 0.02731314215493465
530 0.02736196745925345
531 0.02738426727587026
532 0.02736656115840564
533 0.02745351736015229
534 0.02741115422533274
535 0.02750366172128193
536 0.02749617326551317
537 0.02761447433569946
538 0.0274776710410018
539 0.02764027499616941
540 0.02758891101292869
541 0.02772056418095908
542 0.02756877543382538
543 0.02769911784116252
544 0.02776048939733481
545 0.02775134648131796
546 0.02770655497593405
547 0.02785669122513343
548 0.02769400755941863
549 0.02783255081215743
550 0.02787475411428854
551 0.02784655548744836
552 0.02782795409046725
553 0.0279410858900016
554 0.02779181372871682
555 0.02793471272799267
556 0.02788036720878901
557 0.02797684675606058
558 0.02784463731225587
559 0.02793527526554786
560 0.02792903163303766
561 0.02798440549886897
562 0.02781907581872719
563 0.0279816580607028
564 0.02794088017785076
565 0.02792585626010192
566 0.02792703832467227
567 0.02793640536488239
568 0.027826675601122
569 0.02794561292001239
570 0.02784570887824094
571 0.02794754616070079
572 0.02772995487095474
573 0.02789004159929892
574 0.02784615315164978
575 0.02779111755860358
576 0.02780057101615677
577 0.02779574105862527
578 0.02766215808336063
579 0.02778571740374491
580 0.02764104317986091
581 0.02771131259528828
582 0.02761307630248854
583 0.02764202677490077
584 0.02756027779713262
585 0.02764253157362616
586 0.02742040079944447
587 0.02754031815801538
588 0.02746569718751257
589 0.02747136391352477
590 0.02737222929564463
591 0.0273868640628194
592 0.02728447799409558
593 0.02731774507846744
594 0.02723652317674583
595 0.02730436620126753
596 0.02708911603319245
597 0.02717078413742865
598 0.02715134755860826
599 0.02709381194450275
600 0.02699206486937258
601 0.02706895004205787
602 0.02687402147816192
603 0.02697512646762029
604 0.0268648436925802
605 0.02692171383601422
606 0.02673925014451745
607 0.02679511764941206
608 0.02674514497734322
609 0.02676263564294108
610 0.02656888169785228
611 0.02669557596192021
612 0.02660753974125869
613 0.02659502764121754
614 0.02652406945907299
615 0.02655373033315315
616 0.02638723327633499
617 0.0264826870751313
618 0.02643287131223717
619 0.02642071596591419
620 0.02632024502315484
621 0.02641124287606606
622 0.02622100067619562
623 0.0262986675041784
624 0.02630905066706466
625 0.02627348378484011
626 0.02616394720776326
627 0.02629956621213139
628 0.02608815108802391
629 0.02620058836879498
630 0.02621421415451266
631 0.02615205002441034
632 0.02612527312996638
633 0.02619154198953152
634 0.02602305314163255
635 0.02615039042389282
636 0.02611049854039372
637 0.0261466426654139
638 0.026059664410588
639 0.02615325573979198
640 0.02602347302566225
641 0.02612634749535652
642 0.02610884366592887
643 0.02615390155147988
644 0.02608235891987658
645 0.02616710785133907
646 0.02607120290793277
647 0.02614795114617945
648 0.02616555195482751
649 0.02618950490496608
650 0.02614490295975648
651 0.02623996335384938
652 0.02610195665970166
653 0.02628150946867316
654 0.02625001384255181
655 0.02627220821441836
656 0.02625070967963774
657 0.02633178269673548
658 0.02627383591842869
659 0.02641760587238252
660 0.02630422860702985
661 0.026439067285353
662 0.02639319352287151
663 0.02647452005125177
664 0.0264216749941627
665 0.02652962673980971
666 0.02653844472260228
667 0.02658771263676903
668 0.02650671936093443
669 0.02666410119250888
670 0.02662652728058893
671 0.02669768308574665
672 0.02662913756698512
673 0.02673816179708604
674 0.02680685192732664
675 0.02676307892751167
676 0.02681902493359351
677 0.02687469142929763
678 0.02680797755955376
679 0.02692813452456717
680 0.02692263585585671
681 0.02697504909761141
682 0.02693408911121905
683 0.02702622319728268
684 0.02701643145839348
685 0.02713506931529217
686 0.02700383613468735
687 0.02713272207885013
688 0.02714288807903056
689 0.02720602369109785
690 0.0271014096648593
691 0.02719099003362005
692 0.02727984859518026
693 0.02724540259775831
694 0.02722564144124415
695 0.0273530400005627
696 0.02722581498289751
697 0.02731926737987388
698 0.02735371112964745
699 0.027391999390208
700 0.02725182615960592
701 0.02742718824487935
702 0.02740281703290884
703 0.02741761527916623
704 0.02739620645696072
705 0.02744245230834389
706 0.02737014517106007
707 0.02742105270049687
708 0.02745231896616495
709 0.02748134182194246
710 0.02734190072060877
711 0.02749079003413634
712 0.02745670293401342
713 0.02747707443508964
714 0.02738099247993424
715 0.02751951693793246
716 0.02732715063427893
717 0.02745680599051002
718 0.02746542615524042
719 0.02742410245180225
720 0.02736114430062002
721 0.02747001146885542
722 0.02730503704070337
723 0.02736916385718158
724 0.02738573777889262
725 0.02738620507866667
726 0.02723700834858118
727 0.0273637057174882
728 0.02730054638824899
729 0.02732849769588019
730 0.02718860179127221
731 0.02732938975553495
732 0.02711738605013691
733 0.02721443566704072
734 0.02723707808232911
735 0.02717186834105622
736 0.02709137722508959
737 0.02719373232134541
738 0.02699544779847137
739 0.02709594326724105
740 0.02706302375592162
741 0.02704379317534758
742 0.02694491100630851
743 0.02698882657539422
744 0.02691261791260183
745 0.02694699081108513
746 0.0268328370593895
747 0.02692502958879647
748 0.02678264448032292
749 0.02682143045457996
750 0.02675817405781208
751 0.0267892014978302
752 0.02664332103341118
753 0.02677226266960848
754 0.02659851801641737
755 0.02667384229924885
756 0.02659562915550662
757 0.0266261248570048
758 0.02650912002107443
759 0.02653162321442459
760 0.02652389393114512
761 0.02653009762789351
762 0.02637483909557194
763 0.02647020952795846
764 0.02643208623097252
765 0.02637742758959416
766 0.02637122179846328
767 0.02640190411296979
768 0.02619151546145906
769 0.02636193938218444
770 0.02629885721416556
771 0.02627715545636082
772 0.02624938162097337
773 0.02627762752062281
774 0.02614083506906946
775 0.02619121052980647
776 0.02623678566392041
777 0.02617888939223504
778 0.02615594065152397
779 0.02621306970349677
780 0.02605378750876946
781 0.02612119711976967
782 0.02617978433136836
783 0.02613769405812572
784 0.02605351979840027
785 0.02620099246816256
786 0.02599014132154647
787 0.02615144524073138
788 0.02608883219822001
789 0.0261405694835824
790 0.02607000760890335
791 0.02617417905847825
792 0.02597279796672603
793 0.02615498221779131
794 0.02611695428514324
795 0.0261511322537505
796 0.02609886036547698
797 0.02619941411974808
798 0.02601174672792582
799 0.02619586459690177
800 0.02616815205799919
801 0.02620336136741655
802 0.02615825307775082
803 0.02626499671937595
804 0.02608486462604285
805 0.02627220826666684
806 0.02623588286454128
807 0.02629893560159188
808 0.02622964501789446
809 0.02635578433350702
810 0.02619022748954547
811 0.02637192675657439
812 0.02635079608509845
813 0.0263998386288184
814 0.02635024591742506
815 0.02646233274343763
816 0.02634769280178672
817 0.02646417883420642
818 0.02645642249013628
819 0.0265347673605895
820 0.02648792292410799
821 0.02655564221906208
822 0.02649703385737984
823 0.02658342883309575
824 0.02660909307606522
825 0.02666486158804102
826 0.0266153701978528
827 0.02673662585723977
828 0.02657142445932482
829 0.02675928189635153
830 0.02675152394663538
831 0.02678526478365011
832 0.02675398830643693
833 0.02687987395764231
834 0.02672604323732276
835 0.02689461509425755
836 0.0268925713808069
837 0.02692338950092971
838 0.02691298408697957
839 0.02695943236876229
840 0.02690862104544415
841 0.02700261337717969
842 0.02704235415253442
843 0.02702270079873081
844 0.02703702895530034
845 0.02712661514460264
846 0.02699552784323954
847 0.02710316639512447
848 0.02717198028405347
849 0.02714126320212287
850 0.02712228247463559
851 0.0272424669454588
852 0.02710936229951061
853 0.02719185155953368
854 0.02724510401513616
855 0.02727206557852915
856 0.02712695982239203
857 0.02731304298540723
858 0.02724952152441502
859 0.02734714748223856
860 0.02716233696229033
861 0.02734598017810546
862 0.02730049760422715
863 0.02736491287212463
864 0.02720391481877232
865 0.02738289635751093
866 0.02728251269718911
867 0.02740765740236773
868 0.02723708976902769
869 0.02737222848901886
870 0.02733082022956682
871 0.02737734575055983
872 0.0272960938016926
873 0.02740741213294191
874 0.02724970274437184
875 0.02736600919925376
876 0.02730853228645494
877 0.02737850397604193
878 0.02726245922916887
879 0.02739573428110135
880 0.02721391013216359
881 0.02733704818207245
882 0.02728996863128013
883 0.02732499756582028
884 0.02723645128408853
885 0.02733555811845589
886 0.02717142050607535
887 0.02727838312548568
888 0.02720737911351071
889 0.02727477003518493
890 0.02713961171839764
891 0.02726772352784498
892 0.02709267063135031
893 0.02719757143873868
894 0.0271349337518414
895 0.02717648388034388
896 0.02706161782339165
897 0.02717851086805528
898 0.02697930440363983
899 0.02709752431140258
900 0.02703467363952359
901 0.02706822394501588
902 0.02696624317602259
903 0.02705909569666821
904 0.02687934200505195
905 0.02698282426616849
906 0.02691593202974625
907 0.02695432441232259
908 0.02684005415890273
909 0.02695051138643684
910 0.02675158249737878
911 0.02686227418416899
912 0.02680316608644665
913 0.02683184467331176
914 0.02672876789636268
915 0.02682268041262006
916 0.02663516322210869
917 0.02675089098755773
918 0.02667455492988539
919 0.02671574837055432
920 0.02660558932671838
921 0.02671201220982969
922 0.02651943364430345
923 0.026626030015154
924 0.0265762836717326
925 0.02660058594285149
926 0.02650459132763053
927 0.02659868071532112
928 0.02641165594648419
929 0.02653673837322084
930 0.02646235408475895
931 0.02651099646598082
932 0.02640084261385178
933 0.02651741015412735
934 0.02632335975667245
935 0.026442688883601
936 0.02639326824383343
937 0.02643158739178411
938 0.02633134901447146
939 0.0264444116164297
940 0.02625297306313814
941 0.02638972156142608
942 0.02632720703904171
943 0.02637444783804173
944 0.02628217332136614
945 0.02639417751384121
946 0.02622308872781211
947 0.02633786235089633
948 0.02629995182386939
949 0.02634389540237735
950 0.02625762764103663
951 0.02637460858815001
952 0.02619246420427092
953 0.02633617359352875
954 0.02629176617029633
955 0.0263404502681935
956 0.02626408863640983
957 0.02637626122939042
958 0.0262219425856254
959 0.02634046039975654
960 0.02630838823308876
961 0.02636733108317345
962 0.02628200674060107
963 0.02641612988374898
964 0.02623885883891407
965 0.02639526047316487
966 0.02634825015002153
967 0.02641288902719855
968 0.02633697924838296
969 0.02646581218065745
970 0.02631139915663397
971 0.02644197388465747
972 0.02642148611623763
973 0.026480329213929
974 0.02641022628581621
975 0.02654352336429797
976 0.02637480151641713
977 0.02652431299703901
978 0.02654922178578211
979 0.02650374647516733
980 0.02655205776475765
981 0.02661114322765799
982 0.02650330129128118
983 0.02659283074449036
984 0.02665052287544649
985 0.02664944544626965
986 0.02662336801061125
987 0.02670852860962461
988 0.02660899983350842
989 0.02671932655103169
990 0.02674214744320827
991 0.02678369672908196
992 0.02674226594391601
993 0.02680168845145401
994 0.02674301987992072
995 0.02684089182211999
996 0.02682654778380985
997 0.026907954619986
998 0.02684782559412762
999 0.02697315901633448
1000 0.02679205243729769
1001 0.02698341996448885
1002 0.02698551980176573
1003 0.02699832461636013
1004 0.02694289253432074
1005 0.02709165213656254
1006 0.02692840529211804
1007 0.02709328410681456
1008 0.02708576012788569
1009 0.02712899750392602
1010 0.02702913653286749
1011 0.02721193050860363
1012 0.02702647113651815
1013 0.02720168277106526
1014 0.02720508347760594
1015 0.02721117660179638
1016 0.02715442497620019
1017 0.02729700082713217
1018 0.02712848160427627
1019 0.02728904530095177
1020 0.02727623907620151
1021 0.02731654841094357
1022 0.02721178998144739
1023 0.02738856616977421
1024 0.02718782855569166
1025 0.02736500988101518
1026 0.02735999504842674
1027 0.02736204400360827
1028 0.02729959179898747
1029 0.02743179496969567
1030 0.02725703001150818
1031 0.02741061577615693
1032 0.02738134095815507
1033 0.02741333379616156
1034 0.02732503269262179
1035 0.02747528862107399
1036 0.02727712418365696
1037 0.02743530734742249
1038 0.0274207964024841
1039 0.02742808981005381
1040 0.02733606007075056
1041 0.02747555784340006
1042 0.02728443353201544
1043 0.02743212246110485
1044 0.02740873426517908
1045 0.02741495192915568
1046 0.02732259366695182
1047 0.02746196853336817
1048 0.02724736765534313
1049 0.02740959637223697
1050 0.0273776198806441
1051 0.02738517509921821
1052 0.02727857868841879
1053 0.027413109165331
1054 0.027210468639973
1055 0.02735113921285187
1056 0.02732010343668209
1057 0.02731550188229105
1058 0.02722342787437707
1059 0.02734566256001702
1060 0.02712978165517061
1061 0.02728117285128704
1062 0.02723801321575695
1063 0.02722780449558214
1064 0.02717505747150679
1065 0.02719096446039557
1066 0.02710161015554765
1067 0.02715773227283791
1068 0.0271569999991727
1069 0.02710179887176559
1070 0.02707913218879966
1071 0.02712622349052117
1072 0.02695888205992639
1073 0.02703978180637585
1074 0.02706498008336627
1075 0.02700303359213374
1076 0.02694367481555142
1077 0.02703973385373458
1078 0.0268393674715067
1079 0.02690481168503603
1080 0.02695453220445298
1081 0.02689629254198421
1082 0.02680046672106244
1083 0.02692337226649471
1084 0.02671695081287321
1085 0.02683910985980353
1086 0.02677374414142215
1087 0.02679993169699056
1088 0.02672130702854742
1089 0.02678842567785945
1090 0.02657844377490545
1091 0.0267346217601067
1092 0.02667185358490978
1093 0.02668965677281808
1094 0.02661697547066003
1095 0.02668312399428461
1096 0.02647487666989124
1097 0.02663701141894215
1098 0.02657484076416572
1099 0.02659324135276383
1100 0.02652281230895443
1101 0.02659274516982573
1102 0.02638971052620653
1103 0.0265501975668408
1104 0.02649369429158333
1105 0.02651667824821975
1106 0.02644844484315406
1107 0.02652435800609754
1108 0.02631842279390807
1109 0.02648961915317062
1110 0.02643382187945161
1111 0.02646052949429704
1112 0.02639625849808071
1113 0.02647612977590809
1114 0.02627990905591403
1115 0.02644784623781049
1116 0.02640106996640901
1117 0.02643164385171826
1118 0.02636997548225632
1119 0.02646088949075788
1120 0.02625703878161337
1121 0.02643935841081743
1122 0.02639074086599268
1123 0.02642875233705805
1124 0.02636817823174498
1125 0.02646426319307833
1126 0.02627499265462471
1127 0.02645030915674968
1128 0.02641478915242371
1129 0.02645282054686596
1130 0.02639167115138405
1131 0.02648936475321377
1132 0.026331546963944
1133 0.02648617104436923
1134 0.02645831091253818
1135 0.02650117999763948
1136 0.02644673530641515
1137 0.02656238899247093
1138 0.02636026823009323
1139 0.02655842245557012
1140 0.0265263963682899
1141 0.02657265348871937
1142 0.02653300761194927
1143 0.02662454435529952
1144 0.02646010043524797
1145 0.02664032847084005
1146 0.02661122211685355
1147 0.02666592433654524
1148 0.02661494543338095
1149 0.0267380719952958
1150 0.02654048022474624
1151 0.02674593435515192
1152 0.02671871918490281
1153 0.02677033917993349
1154 0.02673450359483497
1155 0.02683221675052536
1156 0.02667293268125211
1157 0.02685675434549454
1158 0.02683077593311817
1159 0.02689112892831264
1160 0.02683553345138271
1161 0.02697542377331189
1162 0.02676966302816117
1163 0.0269821977469563
1164 0.02695622289293437
1165 0.02700955722391546
1166 0.02696923805029516
1167 0.0270758280798251
1168 0.02691885005595854
1169 0.02709698986903408
1170 0.02707460677425053
1171 0.02713323495742873
1172 0.02707141070482794
1173 0.02720564237665301
1174 0.02706136378402031
1175 0.02719153814962606
1176 0.02717708668949247
1177 0.02725162635438046
1178 0.02720428075808698
1179 0.02725253044210855
1180 0.02720075134923603
1181 0.02728523884507122
1182 0.02732357817055916
1183 0.02729335110147842
1184 0.02730393119381033
1185 0.02739539686449462
1186 0.02726167033495492
1187 0.02734562106822959
1188 0.02742708230317217
1189 0.02737751152269156
1190 0.02739790409927033
1191 0.02746131023081646
1192 0.0273359543648193
1193 0.02741681561897178
1194 0.02748221569253553
1195 0.02744085999506922
1196 0.02744184694083778
1197 0.02752110693601044
1198 0.02737430521696988
1199 0.0274548568249147
1200 0.02752801534302848
1201 0.02746989131543066
1202 0.02748160039668898
1203 0.02753634697064464
1204 0.02740054406282443
1205 0.02747375513678188
1206 0.02752932723101594
1207 0.02747907232861803
1208 0.02747148871281274
1209 0.02753857033482777
1210 0.02738828564931116
1211 0.02745323370685032
1212 0.02752001309293995
1213 0.02745258833911163
1214 0.02745380489588331
1215 0.02749942594465284
1216 0.02735330898119193
1217 0.02742045538400402
1218 0.02746767169881155
1219 0.02740421675357948
1220 0.0273949890132804
1221 0.02743972184357308
1222 0.02730077404939208
1223 0.02734035022329231
1224 0.02740403981524066
1225 0.02732696263186326
1226 0.02732436061118839
1227 0.02735210577989776
1228 0.02721360083936632
1229 0.02727120236874512
1230 0.02730055352134757
1231 0.02724517890728194
1232 0.02721179463105422
1233 0.02726026268669014
1234 0.02710150862197929
1235 0.02720611382932468
1236 0.0271818585800974
1237 0.02711520000521388
1238 0.02712267066848577
1239 0.02715527908799192
1240 0.02693913025451874
1241 0.02711369125257291
1242 0.02705161305088728
1243 0.02703910085174933
1244 0.02698804288979284
1245 0.02703163097248595
1246 0.02687396870056953
1247 0.02693599200395937
1248 0.02696750581764565
1249 0.02692115604033628
1250 0.02687166225368664
1251 0.02688410666775258
1252 0.02677772379290843
1253 0.02682701015968228
1254 0.02685464358274545
1255 0.026810910423399
1256 0.02675712134106733
1257 0.02678494083184749
1258 0.02666876323773872
1259 0.02672342161188344
1260 0.0267530350571029
1261 0.0267111953111559
1262 0.0266641651326667
1263 0.02668202758190565
1264 0.02657901142185678
1265 0.02663290625558309
1266 0.02666502868054404
1267 0.02662613029496505
1268 0.02657766784974083
1269 0.02660848319360023
1270 0.02650079536569013
1271 0.02656007263170356
1272 0.02659680049399304
1273 0.02656069640733335
1274 0.026520878482482
1275 0.02654480268056756
1276 0.02644932141888789
1277 0.02651001594841209
1278 0.02655048544263199
1279 0.02651832624264177
1280 0.0264782327945456
1281 0.02651610867899985
1282 0.02641768979355691
1283 0.02648354974585817
1284 0.02652919483871881
1285 0.02650006827392367
1286 0.02647163656532137
1287 0.02649995659941159
1288 0.02641638562955118
1289 0.02648338547698441
1290 0.02653288706087622
1291 0.02650931302781648
1292 0.02647727209877516
1293 0.02652625235924357
1294 0.02643390778777038
1295 0.02650854263938779
1296 0.02656344335123394
1297 0.02653866970333698
1298 0.02652732353894479
1299 0.02655369561176186
1300 0.02648560765340798
1301 0.02655664751933452
1302 0.02661395399651254
1303 0.02659630552563396
1304 0.02657465616594238
1305 0.02663344815870603
1306 0.0265436727966235
1307 0.02662833845948045
1308 0.02669013949051123
1309 0.02666329279846509
1310 0.0266708673622984
1311 0.02669759294664897
1312 0.02663778810119226
1313 0.02671502455286486
1314 0.02677349250423015
1315 0.02676287362010323
1316 0.02674493729645076
1317 0.02681360251052075
1318 0.02672196651438495
1319 0.02681528626337384
1320 0.02688033134343821
1321 0.02685304201379831
1322 0.02685085603754825
1323 0.0269518115803856
1324 0.02680624841564855
1325 0.02695375910727575
1326 0.02694161397933198
1327 0.0269957685315891
1328 0.02693437848871189
1329 0.02706812761308788
1330 0.02690777801264869
1331 0.02706039278238776
1332 0.02705104405908319
1333 0.02710120532304408
1334 0.02705199000666177
1335 0.02714530592976015
1336 0.02705035464630581
1337 0.02715679918760425
1338 0.0271302001352258
1339 0.02722050586531197
1340 0.02714587378627632
1341 0.02722475429599998
1342 0.0271458461753087
1343 0.02724963659861217
1344 0.02728518656941431
1345 0.02724700191918996
1346 0.02727448184095406
1347 0.02734333949310367
1348 0.02721201439089111
1349 0.02730994193801179
1350 0.02737473597130352
1351 0.02733450649103166
1352 0.027348501672607
1353 0.02740219215914155
1354 0.02729952408180099
1355 0.02738233967819824
1356 0.02743737046873977
1357 0.02740864242461134
1358 0.02737937033691241
1359 0.02749742057906596
1360 0.02732963182547993
1361 0.02741540732711649
1362 0.02749529082456095
1363 0.0274552253069085
1364 0.02738993241647952
1365 0.02753086184453614
1366 0.02736920473010632
1367 0.02748799008882864
1368 0.02744326070191363
1369 0.02751196532767586
1370 0.02741836407784685
1371 0.02752234705967872
1372 0.02734923373357788
1373 0.02750888850778252
1374 0.02745644781116738
1375 0.02750112556793548
1376 0.02741891510502669
1377 0.02751989770704693
1378 0.02731613520932006
1379 0.02749005030631293
1380 0.02744029276174762
1381 0.02746826019459259
1382 0.02740295674167622
1383 0.02747982084662343
1384 0.02727686261204416
1385 0.02744692369243421
1386 0.02739379878320013
1387 0.02741480551016915
1388 0.02735281552508463
1389 0.02741945640871295
1390 0.0272284462892012
1391 0.0273825240802435
1392 0.02732342152937465
1393 0.02735457339984471
1394 0.02727374196759193
1395 0.02735960542309343
1396 0.02713422790390625
1397 0.02731273311809973
1398 0.02725117180930211
1399 0.02727008397651558
1400 0.02719633061891758
1401 0.02726812611298328
1402 0.02706025083221109
1403 0.02721925830261408
1404 0.02716073507259672
1405 0.02717902759774934
1406 0.02710415807120223
1407 0.02718023668937333
1408 0.0269608294399472
1409 0.02712845302246517
1410 0.02706175034265603
1411 0.02708457929328001
1412 0.02700157496788152
1413 0.02708432017971815
1414 0.02687152444572342
1415 0.02702969587796505
1416 0.02697296567164204
1417 0.02699096968047233
1418 0.02690312879642046
1419 0.0269838843573397
1420 0.02680395125228917
1421 0.02688798839351423
1422 0.02693076587196088
1423 0.02686486227375108
1424 0.02683342070863383
1425 0.02686313017742919
1426 0.0267530005227425
1427 0.02681743806706058
1428 0.0268381799892004
1429 0.02676027626490509
1430 0.02677547489917257
1431 0.02680201423690794
1432 0.02665116967711822
1433 0.02677570411024056
1434 0.02675468315897515
1435 0.02669192841995116
1436 0.02671598181867774
1437 0.02675411916623991
1438 0.02655776728514304
1439 0.02673363782634752
1440 0.0266953355582496
1441 0.02669487758713549
1442 0.02660974759589794
1443 0.02673175800995165
1444 0.02655457984399439
1445 0.02667083858335596
1446 0.02663488164115375
1447 0.02667437721046615
1448 0.02658789077105577
1449 0.02670556948209156
1450 0.02653519033127209
1451 0.02665650932690642
1452 0.0266112279189542
1453 0.02666715241100474
1454 0.02657820145160259
1455 0.02669979881596743
1456 0.02652955258509368
1457 0.02665442353593205
1458 0.02662296951328157
1459 0.02666923453117298
1460 0.02658909348461115
1461 0.0267131883112766
1462 0.02654346812380939
1463 0.02668430048719166
1464 0.02662927346116176
1465 0.02669999694403346
1466 0.02661408223624815
1467 0.02674428347423871
1468 0.02657147357295359
1469 0.02671326966220041
1470 0.02668840132772219
1471 0.02673367175636434
1472 0.0266642362686287
1473 0.02679087208378993
1474 0.02662090239697416
1475 0.02676594186072917
1476 0.02677373187662125
1477 0.02677348079620765
1478 0.02669961088408381
1479 0.02686485975686937
1480 0.02668734652647928
1481 0.02678264329726425
1482 0.02686736964892411
1483 0.02683227844128752
1484 0.02682587030934118
1485 0.02687142704895985
1486 0.02679326448208999
1487 0.02689500488075541
1488 0.02691297711779853
1489 0.02688608388738191
1490 0.02691250986222186
1491 0.02696431253626209
1492 0.02686162677553484
1493 0.02697996263730158
1494 0.027006177587545
1495 0.02696257327470654
1496 0.02700264787452703
1497 0.02704319176791182
1498 0.02695610706905386
1499 0.02706170221572318
1500 0.02708182330773938
1501 0.02705342919139143
1502 0.02708233509970296
1503 0.02712987154872749
1504 0.02703261098728531
1505 0.02714208901147036
1506 0.02717826397535834
1507 0.02712118165442395
1508 0.02716997332292912
1509 0.02720270230950235
1510 0.02712252179253192
1511 0.02721814857289252
1512 0.02723671870531503
1513 0.02721841978314878
1514 0.02722455787559258
1515 0.02728843359511756
1516 0.02717789569325968
1517 0.02728192932418734
1518 0.02731446288285103
1519 0.02729527578756716
1520 0.0272908671404269
1521 0.02734515187190415
1522 0.02724280241122802
1523 0.02734701962280672
1524 0.0273698369457067
1525 0.02731916519120998
1526 0.02735698966607313
1527 0.02738359981399344
1528 0.02729556010929453
1529 0.02739218669082968
1530 0.02739971669058344
1531 0.02736746815762766
1532 0.02737392835560248
1533 0.02742876231339341
1534 0.02731061061552777
1535 0.02742013875862902
1536 0.02743238754786519
1537 0.02738255010596227
1538 0.0274038304458261
1539 0.027436238674258
1540 0.02732617191701931
1541 0.02742801303403353
1542 0.02743713168256117
1543 0.02738229673352573
1544 0.0274061391496154
1545 0.02742903972410403
1546 0.02733072072739353
1547 0.02741585612382075
1548 0.0274187779904994
1549 0.02737387595181118
1550 0.0273781450800912
1551 0.02741814440055754
1552 0.02729126783457681
1553 0.02739757246030557
1554 0.02739733592861618
1555 0.02734298237748577
1556 0.02734964794870063
1557 0.02738047057803434
1558 0.02725849463188067
1559 0.0273491056388487
1560 0.02735917435535494
1561 0.02728747681239535
1562 0.02730960524561448
1563 0.02732212661022575
1564 0.02721203621801066
1565 0.02729561179972066
1566 0.02729330820297588
1567 0.02723941959262912
1568 0.02723988288198725
1569 0.02726963652574194
1570 0.02714214283125471
1571 0.02722484444592727
1572 0.0272450645547964
1573 0.02715787435277544
1574 0.02718095790711013
1575 0.02719146811641079
1576 0.02707627220589539
1577 0.02715317365756163
1578 0.02716012747077751
1579 0.02710120485386827
1580 0.0270988596583524
1581 0.02712508999704956
1582 0.02700125681939498
1583 0.02707137260348136
1584 0.02708573638061738
1585 0.02706329676979667
1586 0.02700611084952661
1587 0.02702499948381922
1588 0.02693852571233591
1589 0.02700953294629988
1590 0.02696205877455274
1591 0.027010341171695
1592 0.0269238363694235
1593 0.02701096931123925
1594 0.02680223253370921
1595 0.02696219113604349
1596 0.02693519827576086
1597 0.02691850055597978
1598 0.02683219877010605
1599 0.02695525121435076
1600 0.02674926831370707
1601 0.02689929134721216
1602 0.02687455078883111
1603 0.02686170769128263
1604 0.02677185400542738
1605 0.02690499136114496
1606 0.02669419695023875
1607 0.0268473965855048
1608 0.02682583684526511
1609 0.02681406367995371
1610 0.02673037321356011
1611 0.02685756967208604
1612 0.02665482035278898
1613 0.02680936918232721
1614 0.02678780740414841
1615 0.02678110190496709
1616 0.02669265439354439
1617 0.02683217608784175
1618 0.02662550345444167
1619 0.02678347867853051
1620 0.026766841890102
1621 0.02675923979235956
1622 0.02668235004062059
1623 0.02681258378852215
1624 0.02661600264423409
1625 0.02677488056404522
1626 0.02675608867082696
1627 0.0267609569561006
1628 0.02666997013661034
1629 0.02681919202649766
1630 0.02661648256595878
1631 0.02677924969661589
1632 0.02676590987109947
1633 0.02676632607354571
1634 0.0266956012574074
1635 0.02682829829177918
1636 0.02663928167649002
1637 0.026801248334325
1638 0.02678117710863722
1639 0.02680640162016571
1640 0.02670562086957637
1641 0.02686657863039033
1642 0.02666601097013176
1643 0.02683458741820019
1644 0.02681909761596991
1645 0.02683394011626403
1646 0.02676874301814203
1647 0.0268983959501223
1648 0.02672224331334195
1649 0.02688164662788307
1650 0.02685998284731975
1651 0.02688046857537783
1652 0.02685433107284671
1653 0.0269385328636869
1654 0.0267501589293926
1655 0.02694809427417626
1656 0.02693271361089677
1657 0.02689396035878597
1658 0.02693654074932942
1659 0.02698547815853483
1660 0.02686950138478472
1661 0.02694843388018726
1662 0.02701602601133693
1663 0.02699981097533964
1664 0.02697325034859391
1665 0.02702980081552274
1666 0.02694330596385416
1667 0.0270250454209967
1668 0.027085206066913
1669 0.02706790660341579
1670 0.02705072782006052
1671 0.02709090326126891
1672 0.02702109537325648
1673 0.02709400099680822
1674 0.02714892758721643
1675 0.02714003913141031
1676 0.02710659839048692
1677 0.02716971212201828
1678 0.02707548627776908
1679 0.02716184230606828
1680 0.02721991123207811
1681 0.02720192852955221
1682 0.02718076058506852
1683 0.02722255031355393
1684 0.02714322554031636
1685 0.02721988147179571
1686 0.02727855092722255
1687 0.02725660408894062
1688 0.02723495200565572
1689 0.02727951009275495
1690 0.02720227717572223
1691 0.0272708879992663
1692 0.02732213726002758
1693 0.02730689584729294
1694 0.02728351064791903
1695 0.0273221468568093
1696 0.02723412085822428
1697 0.02731499444097365
1698 0.0273695165520053
1699 0.02733890128171006
1700 0.0273171804447544
1701 0.02736370644828153
1702 0.02726958938007358
1703 0.02734256478021554
1704 0.02739297125746719
1705 0.02735240196786426
1706 0.02733966079435083
1707 0.02740342979571415
1708 0.02723405920190484
1709 0.02740784952451203
1710 0.02736868504889698
1711 0.02738392889801649
1712 0.02733905514367058
1713 0.02741414328992697
1714 0.0272691435651613
1715 0.02735801686904409
1716 0.02740371166420387
1717 0.02736071990097757
1718 0.02734537525826424
1719 0.02738350638058766
1720 0.02727659509611687
1721 0.02735513150179285
1722 0.02736724526588294
1723 0.02737169088219919
1724 0.02731031852836193
1725 0.02734953742935867
1726 0.02725831193795824
1727 0.02733556855991159
1728 0.02734744045990266
1729 0.0272924626406153
1730 0.02730188502403121
1731 0.02734555335740017
1732 0.02720330864462889
1733 0.02726349221890336
1734 0.02731842206491178
1735 0.02725771581835724
1736 0.02724746547221234
1737 0.02731174279193612
1738 0.02714422727769813
1739 0.02722257348341429
1740 0.02727283427336545
1741 0.02720865165927245
1742 0.02720240303964182
1743 0.02725183594693402
1744 0.02709862168184987
1745 0.02716049386730501
1746 0.02721931374915624
1747 0.0271469545920009
1748 0.02714543003772045
1749 0.0271929346098761
1750 0.02704142827002695
1751 0.02710518467691597
1752 0.02715297892461522
1753 0.02709192374391947
1754 0.02708340275752383
1755 0.0271308563735742
1756 0.02698458339581056
1757 0.02703701406899086
1758 0.02710121201047543
1759 0.02702739019078593
1760 0.02702594094822429
1761 0.02706877962391748
1762 0.02692478458156451
1763 0.02699119129358283
1764 0.02703566557208293
1765 0.02697705028417686
1766 0.02697041009904903
1767 0.02700663409934443
1768 0.02686136249130772
1769 0.02698091001975489
1770 0.02694003070365368
1771 0.02696608975216967
1772 0.026888957738199
1773 0.02698660289345397
1774 0.02679540998173225
1775 0.02693973431513222
1776 0.02691394771081827
1777 0.02691207005924669
1778 0.02683600061851908
1779 0.02695534882722604
1780 0.02676010194835966
1781 0.02688973398603153
1782 0.02690168231458537
1783 0.0268725026579881
1784 0.02678916062151087
1785 0.02693256751526956
1786 0.02674994399724047
1787 0.02682092534581563
1788 0.02688958993657881
1789 0.02684785320013059
1790 0.02681967722708504
1791 0.02685671560021392
1792 0.0267511834549256
1793 0.02684920571515291
1794 0.0268556980590656
1795 0.02681248667498106
1796 0.02682501395251419
1797 0.02686081375334327
1798 0.02675195563668221
1799 0.02683587700008207
1800 0.0268625824514565
1801 0.02682494725730068
1802 0.02683049892329677
1803 0.0268786424337534
1804 0.02673495591498817
1805 0.02688015996162417
1806 0.02686922493592577
1807 0.0268205751097278
1808 0.02685621230348322
1809 0.02690661246590804
1810 0.02672538050181011
1811 0.02690966919693078
1812 0.02688429890677983
1813 0.02689731970472661
1814 0.02682250465486362
1815 0.02695962995190146
1816 0.02679057886935035
1817 0.02691943874212303
1818 0.02689474904768755
1819 0.02694357955822163
1820 0.02686869959382794
1821 0.02699444699455764
1822 0.02683755585078576
1823 0.02696354362339331
1824 0.02692711296164908
1825 0.02699378588009892
1826 0.0269095309882316
1827 0.02704371588273658
1828 0.02687593990673906
1829 0.02701009414679762
1830 0.02698581892124607
1831 0.02703700623540009
1832 0.0269634560019624
1833 0.02709072503021295
1834 0.02693037705490792
1835 0.027069518392115
1836 0.0270201943269724
1837 0.02709586605912088
1838 0.02700988742100221
1839 0.02714676076332135
1840 0.02697204115362908
1841 0.02711726368947872
1842 0.02709377714736036
1843 0.02713975665761677
1844 0.02707052197719199
1845 0.02719558506533526
1846 0.02702668824990477
1847 0.0271598034300292
1848 0.02718015469260915
1849 0.02717010527623042
1850 0.02714704673466923
1851 0.02720765590863153
1852 0.02710160172020505
1853 0.02718906040644647
1854 0.02724045418964421
1855 0.02720839061934956
1856 0.02719761099599157
1857 0.02724902907626566
1858 0.0271544972483199
1859 0.0272364733145831
1860 0.02725619820311698
1861 0.02727736947168902
1862 0.02722640219930709
1863 0.02727185436695975
1864 0.02719119460294704
1865 0.02728600283443144
1866 0.02725771592257848
1867 0.02731763205579219
1868 0.02725554308700886
1869 0.02734718374324602
1870 0.02717023663213546
1871 0.02733120256992401
1872 0.02730970664315227
1873 0.02732371618448198
1874 0.02724510983633484
1875 0.02738733299358851
1876 0.02718945816298475
1877 0.02733547237448331
1878 0.02735211089396151
1879 0.0273304017785254
1880 0.02724703083744918
1881 0.02740242830132292
1882 0.02721512066559013
1883 0.0272953760692142
1884 0.02736901918735069
1885 0.02732458477547114
1886 0.02730305261406206
1887 0.02733370730816034
1888 0.02723909360306479
1889 0.02732931238530648
1890 0.02733206415079819
1891 0.02729400868532171
1892 0.02729616320945455
1893 0.0273398036402358
1894 0.027215238892301
1895 0.02730407737907364
1896 0.02732827305324194
1897 0.02728100968332932
1898 0.02728369272692969
1899 0.02732029856143771
1900 0.02717774480778157
1901 0.02730921861998567
1902 0.02728917355262098
1903 0.02723548015027981
1904 0.02725832062498524
1905 0.0272987510999687
1906 0.02711018739665313
1907 0.0272849502861048
1908 0.02723879527620848
1909 0.02723857750731983
1910 0.02720660417393194
1911 0.02725574223040642
1912 0.0271183576051773
1913 0.02718935859872154
1914 0.02723090332365919
1915 0.02720039087323251
1916 0.02715412904658302
1917 0.02719355435464012
1918 0.02708526869067398
1919 0.02715153140702574
1920 0.02719119684445549
1921 0.02715737748539412
1922 0.02711487824371902
1923 0.02714709266026396
1924 0.02704408311185146
1925 0.027107337667237
1926 0.02714608463147462
1927 0.02710859330790819
1928 0.02707212805732213
1929 0.02709708971330007
1930 0.02700340224026747
1931 0.02705946371067403
1932 0.02709917118716959
1933 0.02706714181855585
1934 0.02702479880547654
1935 0.02705961357721737
1936 0.02695486983783255
1937 0.02702028926535657
1938 0.02706069238914979
1939 0.02701856293615142
1940 0.02699619368372228
1941 0.0270077359833661
1942 0.02692395933444262
1943 0.02697868252684403
1944 0.02702049595306634
1945 0.0269842644683623
1946 0.02695273753756148
1947 0.02698951560787806
1948 0.02688148998071227
1949 0.02695342532220669
1950 0.02699465987559394
1951 0.02694453772904717
1952 0.02692204863570023
1953 0.02700146656872577
1954 0.02680446325335231
1955 0.0269729706433141
1956 0.02694049798111949
1957 0.0269515593217704
1958 0.02687473912273851
1959 0.02699264402373808
1960 0.02681343558641432
1961 0.02694211038136772
1962 0.02691499573518505
1963 0.02694726521338901
1964 0.02687500415790521
1965 0.02696559110473992
1966 0.02683089460700843
1967 0.02692998085355037
1968 0.02688997116239725
1969 0.02695467433450902
1970 0.02688443045651522
1971 0.02692627999534056
1972 0.0268418291797902
1973 0.02692950175617383
1974 0.02694985721028844
1975 0.02689854260443886
1976 0.02691539600885231
1977 0.02697378074326349
1978 0.02683289413291788
1979 0.02691574193877894
1980 0.02697099629007024
1981 0.02692741010661081
1982 0.02692830320934566
1983 0.02698451521786247
1984 0.02685413434750727
1985 0.02694603202813136
1986 0.02699851889412352
1987 0.0269567887296514
1988 0.02693530274412869
1989 0.02703725698938877
1990 0.02687866231931638
1991 0.02695434356118103
1992 0.0270300365519089
1993 0.02700126974220815
1994 0.02692568386109602
1995 0.02708203185119463
1996 0.02689842472310757
1997 0.0270381219903928
1998 0.02701007093852703
1999 0.02705368626480532
2000 0.02700551947863992
