"cd-rfile"
"Iteration" "cd"
("Iteration" "cd")
1 0.06535413250697439
2 0.08280193719936114
3 0.1033844900844643
4 0.1229657860995244
5 0.135895450603655
6 0.1447320127998094
7 0.1519242507587741
8 0.1551929583578729
9 0.1531170273831949
10 0.147798841641876
11 0.1392024420521766
12 0.1284757256458691
13 0.1161360938759323
14 0.1034287326631633
15 0.09102080073528704
16 0.08034474887555436
17 0.07182111763773727
18 0.06610250389193771
19 0.06296641822859618
20 0.06268203530410867
21 0.06455602551376705
22 0.06831306686554382
23 0.07327454484880196
24 0.07918954597690411
25 0.0854041002394311
26 0.09158572036032128
27 0.09741113285199964
28 0.1025882039183195
29 0.1070498925308037
30 0.1105356108726699
31 0.1131994733795615
32 0.11481473949701
33 0.1155950183176555
34 0.1155807905859953
35 0.1147438491860993
36 0.1133168681743423
37 0.111229110089873
38 0.1087685041920115
39 0.1058473682243516
40 0.1027986395753415
41 0.09950190598321262
42 0.09629367556558321
43 0.09293614242364048
44 0.08980829073728264
45 0.0866456589514982
46 0.08377053843693387
47 0.0809296747942727
48 0.07842503153826438
49 0.07594079115027487
50 0.07371175406815936
51 0.07149595882857494
52 0.06948041220308492
53 0.06752923618182938
54 0.06571757976887938
55 0.06393946982282438
56 0.0622663012105254
57 0.06064348489305061
58 0.05909386747080368
59 0.05756326161842502
60 0.05613521013737943
61 0.05474965198717394
62 0.05341935916447059
63 0.05217558346630939
64 0.05096860232320694
65 0.04988539361342872
66 0.04884009522648032
67 0.04791813346390347
68 0.0470395420266051
69 0.04630680413102557
70 0.04559077569080929
71 0.04504265537387342
72 0.04451259344878249
73 0.04409756154092547
74 0.04374123388935629
75 0.0434806827114258
76 0.04327983595835234
77 0.04310453139153988
78 0.04306068638462428
79 0.04300005898248391
80 0.04304117315054284
81 0.04308369011522892
82 0.04318871861399964
83 0.04329266734911141
84 0.04341046976895348
85 0.04353726312134298
86 0.04370071484437083
87 0.04381925901305702
88 0.04398396000653224
89 0.04409056224361775
90 0.04422255534526661
91 0.04432964697003088
92 0.04442216366369579
93 0.04445360220991715
94 0.04452144034479882
95 0.04453413594785834
96 0.04451136280758949
97 0.04447023336145695
98 0.04440198160430438
99 0.04430566598926509
100 0.0441567486876555
101 0.04401125797931139
102 0.0438327587892383
103 0.04362586400994142
104 0.04340309856414364
105 0.04312755876764494
106 0.0428650093273614
107 0.04257245761394467
108 0.0422872196988584
109 0.04196816527147591
110 0.04167203736557668
111 0.0413362158776359
112 0.04104968274827381
113 0.04071858651352855
114 0.0404309686048754
115 0.04012593034795322
116 0.03985756170488618
117 0.03956696607990244
118 0.03933667416136665
119 0.03905962889781428
120 0.03887717735392981
121 0.03861729144551614
122 0.03845596377112049
123 0.03824098185380036
124 0.03811197503349684
125 0.03790490874630013
126 0.03781080583032093
127 0.03763924801576243
128 0.03755202272365405
129 0.03739767061231544
130 0.03733380867857621
131 0.03719574740406459
132 0.0371454797138063
133 0.03701244991343461
134 0.03697304988301362
135 0.03686079837006343
136 0.03682887274633107
137 0.03671182678532736
138 0.03669652991975141
139 0.03659231610867439
140 0.03657876304102672
141 0.03647262057749471
142 0.03647300305263154
143 0.03637209673493711
144 0.03637674869627128
145 0.03626824635002287
146 0.03628207778992477
147 0.03617139749344805
148 0.03619328900379504
149 0.03606067927620548
150 0.03607742091235513
151 0.03596494456121944
152 0.03596038092595974
153 0.03583230454376266
154 0.03582202809595338
155 0.03568422419477532
156 0.03566112137565433
157 0.03550186837949806
158 0.03548101814770003
159 0.03528275587010558
160 0.03523907791367433
161 0.03506814022461099
162 0.03500447549761618
163 0.03477710607556255
164 0.03470701341607039
165 0.0345152072872759
166 0.03442578099283545
167 0.03418269992625605
168 0.03409770504651315
169 0.03388935966317408
170 0.03379850793133748
171 0.03356269132569521
172 0.03349405974085307
173 0.0332593818830851
174 0.03320146720574677
175 0.03298163817621933
176 0.03293497541698623
177 0.03273365687549026
178 0.03270496655164986
179 0.03252190030483951
180 0.03251112983209059
181 0.03235126463063983
182 0.03235874469430065
183 0.03222181368192522
184 0.03225082314804937
185 0.03213274094972746
186 0.0321824656578847
187 0.03208565482349193
188 0.03214789949470684
189 0.03207482715628268
190 0.03214752387455558
191 0.03208799698878548
192 0.03217223671311099
193 0.03212314207339561
194 0.03221217296121532
195 0.03217611298373028
196 0.0322630580349049
197 0.03223046040836677
198 0.0323177764788711
199 0.03228346167377411
200 0.03236574715432457
201 0.0323333385998618
202 0.03240307869846699
203 0.03236880733889504
204 0.03243042599248232
205 0.0323801455694116
206 0.03243704433684517
207 0.03238648206504335
208 0.03242212839508649
209 0.0323745942753977
210 0.0323904577161931
211 0.03233391580391711
212 0.03234109639251316
213 0.03228847091843903
214 0.0322685135667389
215 0.03223008370408106
216 0.0321795596118922
217 0.032150233704291
218 0.03207754135909957
219 0.0320829669278725
220 0.03194918748817029
221 0.03198499176782679
222 0.03188976446690529
223 0.03188994974483968
224 0.03170824519574223
225 0.03174725143216167
226 0.03172453807557043
227 0.03162106607729768
228 0.03157038127836385
229 0.03149629555715663
230 0.03145726135229172
231 0.03139416473573377
232 0.03132437763600425
233 0.03130437797403181
234 0.0311813558873069
235 0.03120265355727505
236 0.03104846722416179
237 0.03106748872442422
238 0.03100380840943492
239 0.03098057019949719
240 0.03079675392771348
241 0.03082861893626647
242 0.03074537735158002
243 0.03075729255358749
244 0.03055834119729988
245 0.03061807180917034
246 0.03046178637189542
247 0.03052439810449686
248 0.03026575603280627
249 0.03037072856735438
250 0.03026621825001071
251 0.0302185636294739
252 0.03011115751793824
253 0.03009854075426531
254 0.02994555400386165
255 0.0299732049980377
256 0.02983697174604071
257 0.02985464542812012
258 0.02976879817048104
259 0.02975548265007777
260 0.0295621673650057
261 0.02965228441480866
262 0.02957798115713054
263 0.02950153983689799
264 0.02948238831076446
265 0.02944196974257591
266 0.02933554194282025
267 0.02942548495424482
268 0.02924508070906211
269 0.02931066799846328
270 0.02928704745754049
271 0.0292851259449208
272 0.02915674290556239
273 0.02922429820472978
274 0.02925807728392562
275 0.02917182627452194
276 0.02921361211130529
277 0.02918408690043583
278 0.02918257897368315
279 0.02923425147462954
280 0.02915729793622465
281 0.02924256115368407
282 0.02918023996973084
283 0.02926233763992155
284 0.02923390182968441
285 0.02935868545289528
286 0.02919564538333586
287 0.02935543953164213
288 0.02933823492075896
289 0.0294027385419156
290 0.02933198210120285
291 0.02944651844643269
292 0.02939815582042596
293 0.02949113368321115
294 0.02943617492343301
295 0.02960174357978944
296 0.02945210858435336
297 0.02958428311420129
298 0.02964263870839613
299 0.02963242453277157
300 0.02959530359216234
301 0.02973968665555181
302 0.0296147228808105
303 0.02978928371678875
304 0.02966210804049664
305 0.0297971844758725
306 0.02973626129047018
307 0.02988985554653308
308 0.02971614972909343
309 0.02984753732360624
310 0.02991213915478914
311 0.02984953344689386
312 0.02989097338641611
313 0.02987186446158421
314 0.02988244038932364
315 0.0299411079487406
316 0.02988235957223935
317 0.02992876710552201
318 0.02990038634679118
319 0.02996308605269229
320 0.02986029696078859
321 0.02996208792188173
322 0.02990529849443135
323 0.02994630115176903
324 0.02984801765777534
325 0.02990275178825723
326 0.02991235539453104
327 0.02988835806814883
328 0.02979308918788967
329 0.02991044668129833
330 0.02974675630642839
331 0.0298188826107899
332 0.02978086382387074
333 0.02982174455802683
334 0.0296236175705871
335 0.02971028174730006
336 0.02968348437579566
337 0.02966597283772721
338 0.02957436947247966
339 0.02958766538927102
340 0.02949478675650134
341 0.02949588267945408
342 0.02944475851653251
343 0.02942715394813776
344 0.02928729000198817
345 0.0293886100564422
346 0.02921460080252114
347 0.02926520666766263
348 0.02912852771238719
349 0.02917030878830564
350 0.02900542158241301
351 0.02902790129624967
352 0.02900446061228843
353 0.02891111882531441
354 0.02882216351994667
355 0.02884758299015825
356 0.02867700641850344
357 0.02872532503212573
358 0.02857565198020388
359 0.02858756044434452
360 0.02852154173918581
361 0.028486579265227
362 0.02835005199042959
363 0.02837277610070825
364 0.02827888602938511
365 0.0283079169506416
366 0.02807346292094413
367 0.02813596683978389
368 0.02813744804504004
369 0.02802735017768111
370 0.02796131204951938
371 0.02795323956415903
372 0.02783240524673642
373 0.02787719876817946
374 0.02771812858574299
375 0.02774949896906872
376 0.02769043774663932
377 0.02768977642327064
378 0.02756250875371457
379 0.02758895207872687
380 0.02752046830216164
381 0.02758400096398242
382 0.02737389048980256
383 0.02743955765862127
384 0.02747665699010938
385 0.0273656742360595
386 0.02737069724937033
387 0.02732428429522542
388 0.02731393829164534
389 0.02731590819027818
390 0.02722839968713741
391 0.02726942785952407
392 0.02722929164579247
393 0.02731173873638869
394 0.0271258354559011
395 0.02721303261963564
396 0.02727306306262639
397 0.02718623405186057
398 0.02721183635561021
399 0.02718880409487397
400 0.02715304653549577
401 0.02724411843432911
402 0.02712626926222731
403 0.02724207962289528
404 0.02714839432231633
405 0.02727745552206646
406 0.02715580504430203
407 0.02728295765658369
408 0.02720040981683294
409 0.0272986957743126
410 0.02722295816426794
411 0.02730261211520699
412 0.02731334712110326
413 0.02736778024185475
414 0.02729669918858151
415 0.02739872849118978
416 0.02734221353621295
417 0.02743413810104427
418 0.02745551281635314
419 0.02747302901565738
420 0.02742073412134438
421 0.02757972383352107
422 0.02746443621293269
423 0.0275657342489555
424 0.02762781671629608
425 0.02764833124545098
426 0.02759367338461935
427 0.02769029581920715
428 0.0276905365655979
429 0.02779465521429305
430 0.02765197235962182
431 0.02778516695043933
432 0.02787402276245711
433 0.02783179734849693
434 0.02787208134286866
435 0.02788477785382437
436 0.02786891610603382
437 0.02798626949355036
438 0.02788425004604561
439 0.02802281421718628
440 0.02796040088755569
441 0.02808387809975704
442 0.02794179337285537
443 0.02810049737487324
444 0.02806767022154697
445 0.02810719687339808
446 0.02806589541256645
447 0.0281251418921254
448 0.02809312446086727
449 0.02821348240737809
450 0.02804833335899739
451 0.02815274583673036
452 0.02821926743656892
453 0.02817826089353999
454 0.02816251153237672
455 0.02817784476671132
456 0.02811251126700193
457 0.02823247395162982
458 0.02809047194302691
459 0.02816110072699208
460 0.02819078721143628
461 0.02815930031140393
462 0.02806374123715463
463 0.02818025457183526
464 0.0280791909348818
465 0.02814128606116813
466 0.02801201820050339
467 0.02807782351968073
468 0.02807930991196101
469 0.02801836387974895
470 0.02795992091933976
471 0.02802516689146817
472 0.02788579715394363
473 0.02793262846429655
474 0.02787567952562081
475 0.02787543365208982
476 0.02777686528973659
477 0.02786551965865661
478 0.02769955294063599
479 0.02774921131226691
480 0.02768051934206581
481 0.0277082434266884
482 0.02754683171164971
483 0.0275878459489983
484 0.02750760335073928
485 0.0275662434989964
486 0.02735558713239579
487 0.02740077876320829
488 0.02741230229886815
489 0.0273059463715907
490 0.02722940517622707
491 0.02729578238399176
492 0.02708343118009278
493 0.02712357520736157
494 0.02713557521966962
495 0.02703677671576774
496 0.02694214916500169
497 0.02701474157628528
498 0.02680292118902801
499 0.02684200912020836
500 0.02685378426676155
501 0.0267571609129751
502 0.02665853840335993
503 0.0267397411824096
504 0.02651843372790025
505 0.02656666400354086
506 0.0265876095914413
507 0.02647593107914537
508 0.02640361370242427
509 0.02646327442078023
510 0.02627488986721584
511 0.02631485066587653
512 0.02630128226742272
513 0.02627602340750796
514 0.02608740148570256
515 0.0262096630147314
516 0.02614611226780536
517 0.02607410202433381
518 0.0260797007815996
519 0.02604574345640981
520 0.02591130595105876
521 0.02602765800507301
522 0.02590784884095689
523 0.02594261590131045
524 0.02584045562011933
525 0.0258772845707388
526 0.02584917368348537
527 0.02587068217214114
528 0.02577416212390676
529 0.02581415866641075
530 0.02572532052858097
531 0.02576854922062694
532 0.02575425147360364
533 0.02578415934411158
534 0.0257050349608582
535 0.02574390700341972
536 0.0256735578558061
537 0.02572514344912776
538 0.02571181286988904
539 0.02576491440025745
540 0.02567290033510561
541 0.02574531555368356
542 0.02566891141081879
543 0.0257368437145411
544 0.02574313479009129
545 0.02578204595284371
546 0.02573665115185915
547 0.02577182052250693
548 0.02574930056409387
549 0.02581326125381729
550 0.02576253977831561
551 0.02590955847056296
552 0.02575279803669233
553 0.02585700332490914
554 0.0259443348821313
555 0.02590587160955975
556 0.02588204963425376
557 0.02602237112670825
558 0.02589319031802377
559 0.02598948890768703
560 0.02606616024169524
561 0.0260782364612461
562 0.02599306180924875
563 0.02616967970782029
564 0.02609842547762854
565 0.02618401792370676
566 0.02615538167039366
567 0.02623951281795114
568 0.02623158027053215
569 0.02635354705715098
570 0.02623303970623025
571 0.02633828336069064
572 0.02640356233093563
573 0.02644179763342688
574 0.02632282708477636
575 0.02651027926502965
576 0.02650702404285505
577 0.02651073908455935
578 0.02654589665771092
579 0.02662149030361222
580 0.02649396510029223
581 0.026678442433173
582 0.02668433645529688
583 0.02666476084427051
584 0.02672810631818711
585 0.02676227884493199
586 0.02667260798916304
587 0.02683857182900672
588 0.02677959851660364
589 0.0268595849198861
590 0.0267886429597611
591 0.02687690226327691
592 0.02690119066374492
593 0.02693769251723215
594 0.02690412114011819
595 0.0269398343605885
596 0.02693397147354345
597 0.02699470919168213
598 0.02689643955442839
599 0.02703590873661681
600 0.02698993311715769
601 0.02705553181584158
602 0.02691310924749549
603 0.02706246926041566
604 0.02703851871828113
605 0.02705803424895989
606 0.02695534957825258
607 0.02708575382416325
608 0.02696642198380159
609 0.0270728165644418
610 0.02697697909187095
611 0.02708012838439254
612 0.02692469845562092
613 0.02703888356549079
614 0.02698732213797448
615 0.02703144210750656
616 0.02688822159021621
617 0.02699986022383771
618 0.02690461786836446
619 0.02699231787980793
620 0.02680144466658048
621 0.02692020853494428
622 0.02688269308311503
623 0.02686545326009052
624 0.0267942322718424
625 0.02684852247046354
626 0.0266907903912912
627 0.02678441575743234
628 0.0266946338669097
629 0.02676385233677953
630 0.02655573561240095
631 0.02666877715825585
632 0.02662255028217422
633 0.02659250804760419
634 0.02651631200281089
635 0.02655411905284852
636 0.02639865073728593
637 0.02648664286574418
638 0.02636181794418233
639 0.02643532355584043
640 0.02624842934016212
641 0.02634202800877541
642 0.02625831162899852
643 0.02628283452685356
644 0.02610869522092769
645 0.02620170844331794
646 0.02608345402640136
647 0.02615583459401053
648 0.02593290971563291
649 0.02604663036449124
650 0.02598732024833923
651 0.02595725758065424
652 0.02586556975933073
653 0.02592090744075275
654 0.02573611884408566
655 0.02582746053954967
656 0.02574767993297012
657 0.02577805677278226
658 0.02560917855049754
659 0.02570592892863094
660 0.02558702551147777
661 0.02566981507919176
662 0.02545829419740401
663 0.02556882030842854
664 0.02551466216452434
665 0.02550433528063221
666 0.02541484819422942
667 0.02548307335332724
668 0.02529511644347528
669 0.02540493153752252
670 0.02535141803625783
671 0.02536146205317948
672 0.02525316282385738
673 0.02535939738202286
674 0.0251542608150601
675 0.02528225484073051
676 0.02524399713633379
677 0.02524398234771483
678 0.02517062615686519
679 0.0252486288825048
680 0.02508161697561239
681 0.02520233044315014
682 0.02515479818410843
683 0.02519644996089897
684 0.02508024301831711
685 0.02520578364900395
686 0.02505303096625347
687 0.02517801414435197
688 0.02512014573375165
689 0.02520088351055194
690 0.02503731593862877
691 0.02518237695697091
692 0.02514307994362587
693 0.02519747730036956
694 0.0250847059420682
695 0.02522639704718729
696 0.02510735396252578
697 0.02524076069568012
698 0.02515391035639742
699 0.02528223754546681
700 0.02513151480707156
701 0.02528106182652283
702 0.02525503764878497
703 0.02531870726428273
704 0.02523850812056439
705 0.02538392964355432
706 0.02522485278483614
707 0.02539152345666353
708 0.02538750106339623
709 0.02542887127917619
710 0.0253922560228162
711 0.02550718312942843
712 0.02537570011401006
713 0.02553728844957473
714 0.02552053006870055
715 0.02560310433724902
716 0.02551548527489136
717 0.025672487863269
718 0.02556406281740016
719 0.0257197301590324
720 0.0256669776042874
721 0.02581117498476145
722 0.02564832404818492
723 0.02583010342125475
724 0.02583593406498797
725 0.02588176186710394
726 0.02585288422059134
727 0.02597285112782786
728 0.02586411889487327
729 0.0260203676056146
730 0.02597588394501673
731 0.02611721154720496
732 0.02595413089937126
733 0.02614307977927839
734 0.02614759736447484
735 0.02618330737256476
736 0.02615657139467609
737 0.02627280812144267
738 0.0261624022761331
739 0.02632381320445698
740 0.02625698599846064
741 0.02639872359539568
742 0.02625553652903581
743 0.02642299212094874
744 0.02640300249889382
745 0.02647276278992753
746 0.02639921786245651
747 0.02654790023140609
748 0.02638816223814161
749 0.0265565614050327
750 0.02654532931100518
751 0.02658764298624812
752 0.02654402258817387
753 0.02664915388831158
754 0.02652293889496758
755 0.02667108638408494
756 0.02660262777942892
757 0.02673452509774618
758 0.02655175476780044
759 0.02671701893799897
760 0.02670112785254479
761 0.02672464718059148
762 0.02667029065150253
763 0.02676749979447123
764 0.02663787238125524
765 0.02677320537085251
766 0.0266739856693911
767 0.02679932568052754
768 0.02663724405585001
769 0.02678309603667151
770 0.02671266530511518
771 0.02679611521829151
772 0.02662255743702066
773 0.02676612083433285
774 0.02670557875289465
775 0.02676058020936029
776 0.0266323610993537
777 0.02676174027250225
778 0.0265949031300558
779 0.02671929715303997
780 0.0266414040409542
781 0.02671657699937127
782 0.02654243160723237
783 0.02666688033797106
784 0.02658094201029634
785 0.02666436292683092
786 0.0264571446705415
787 0.02659785284265362
788 0.02654150553344231
789 0.02654814180672337
790 0.02645293992858985
791 0.02654644904407281
792 0.02633753929274892
793 0.02647099762427418
794 0.02641622142343878
795 0.02641243651521905
796 0.02632246556834384
797 0.02640148000780046
798 0.02620397219293494
799 0.02632572281761082
800 0.02625441708796078
801 0.02627667126936417
802 0.0261405715242311
803 0.02625099027211691
804 0.02604518534627772
805 0.02616825585690712
806 0.02609813701898562
807 0.02610639782577526
808 0.0259851166055754
809 0.02609088729780488
810 0.02586293478153434
811 0.02599945101568707
812 0.02594068625226994
813 0.02593084140777509
814 0.02583745904558276
815 0.025912700782133
816 0.0257120473440516
817 0.02583498748771677
818 0.02576618888086705
819 0.02578229418379782
820 0.02565612967915957
821 0.02576842346605588
822 0.02555035840568818
823 0.02568565585010854
824 0.02562940928455655
825 0.02562609634499324
826 0.02553566607382908
827 0.02561949318205239
828 0.02542117175464098
829 0.02555199456337076
830 0.0254942159165912
831 0.02550999662619079
832 0.02540442756519106
833 0.02551831551572155
834 0.02529938510349819
835 0.02545220727612821
836 0.02540532166956656
837 0.02541315652989283
838 0.02532935008309813
839 0.02542823963677151
840 0.02523250687179363
841 0.02537907418665816
842 0.02533747213634942
843 0.02535281172153656
844 0.02527626068094533
845 0.02538180724775694
846 0.02519344118848378
847 0.02534365338793978
848 0.02530734123820729
849 0.02533219145503663
850 0.0252588332289648
851 0.02537198067845411
852 0.02518663789181055
853 0.02534619537882253
854 0.02531675872109477
855 0.02534357044563878
856 0.02528121288177798
857 0.02539459745973091
858 0.02522512421947627
859 0.02538365655414298
860 0.0253516186006546
861 0.02540343674505378
862 0.02532104864101144
863 0.02546635820910274
864 0.02527783767973989
865 0.02545965510928404
866 0.02543978771597108
867 0.02547652097746566
868 0.02542427988078474
869 0.02554721648479077
870 0.0253895710337224
871 0.02555768340761938
872 0.02552946398817396
873 0.02560240244959915
874 0.02550882469956401
875 0.02567597106083784
876 0.02550684413379041
877 0.02568649397019721
878 0.02566821362764764
879 0.02572352884345968
880 0.02566327140134347
881 0.02580943771581018
882 0.02564557906574069
883 0.02582547226315888
884 0.02580879914963368
885 0.02586986891858771
886 0.02581406199773239
887 0.0259572808438304
888 0.02579566043633609
889 0.02597878340517613
890 0.02595890375346277
891 0.02602391969054104
892 0.02596648553171732
893 0.02611296599432237
894 0.02594855373577456
895 0.0261315888718577
896 0.02611350041655142
897 0.02617755078949005
898 0.02612158108575559
899 0.02626276712597666
900 0.02610361826511404
901 0.02628443158798164
902 0.0262572644657331
903 0.02633285803469531
904 0.02625633882925643
905 0.02641719571736481
906 0.02623716285481381
907 0.02642456730000648
908 0.02640567265207372
909 0.02645875605518458
910 0.02640836983834162
911 0.02652685954650119
912 0.02639037237136918
913 0.02655730075010359
914 0.02647762147366842
915 0.02662624365661504
916 0.02643626409648658
917 0.02662303144359583
918 0.0265954079758188
919 0.02663927837594936
920 0.02657761846177566
921 0.02670069265504839
922 0.02654827201834421
923 0.0267066502574102
924 0.02663410983979117
925 0.02676008716643209
926 0.02656539271975797
927 0.02674437563213765
928 0.02670582357386879
929 0.02674451744689384
930 0.02667617357948019
931 0.02678643878188536
932 0.0266219426101362
933 0.0267771572675141
934 0.02670241000279255
935 0.02680516167944128
936 0.02662769712106134
937 0.0267817594320967
938 0.02671529095479813
939 0.02678854744753985
940 0.02664159825233084
941 0.02679217238952636
942 0.0266460290978672
943 0.02677474750525897
944 0.02664472482606164
945 0.02677619625132046
946 0.02659555196507409
947 0.02673772681012806
948 0.02664624956140494
949 0.02673990403404245
950 0.02653733109294328
951 0.02668582831913944
952 0.02661765758916071
953 0.02666164750777413
954 0.02653469356076591
955 0.0266654382926696
956 0.02644629682227402
957 0.02659541998514402
958 0.0265350263709076
959 0.02655209358811423
960 0.02645203921986059
961 0.02654875120373784
962 0.02635112344094035
963 0.02648048026664806
964 0.02640700846752764
965 0.02644757513303837
966 0.02631081191364375
967 0.02643735179974814
968 0.02621759604222682
969 0.0263572581791644
970 0.0262915882277339
971 0.02630350312768219
972 0.02619878539789629
973 0.02629408525160682
974 0.02609072145212085
975 0.02621669045680622
976 0.02614294209101127
977 0.02617497137235614
978 0.02604280944730959
979 0.02616729910389125
980 0.02593634447128515
981 0.02608334801251648
982 0.02601894026047265
983 0.02602815465435537
984 0.02592163120513256
985 0.02602447763296863
986 0.02580807116468117
987 0.02594550392030866
988 0.02588217975073214
989 0.02589862257513606
990 0.02578899399100117
991 0.02589834218739077
992 0.02567769917358402
993 0.02582400285451548
994 0.02576535780536833
995 0.0257773420061754
996 0.02567959137737534
997 0.02578082310529129
998 0.02557954295157399
999 0.02571983884326877
1000 0.02565286608722769
1001 0.02569356520594268
1002 0.02556568048228195
1003 0.02570156665891888
1004 0.02548296665361468
1005 0.02564433208339049
1006 0.02558559271737342
1007 0.02561105968327224
1008 0.02551816172235775
1009 0.02563139299039954
1010 0.02542868555203856
1011 0.02558549928907734
1012 0.02552884942292958
1013 0.02556833825006109
1014 0.02547538121356353
1015 0.02559847694174777
1016 0.02539170695561403
1017 0.02556017104406669
1018 0.02551160076044133
1019 0.02554866386351795
1020 0.02546845002581579
1021 0.02558594736352918
1022 0.02540190593994342
1023 0.02556286447195012
1024 0.0255072929468513
1025 0.02557708632693645
1026 0.02546423401670119
1027 0.0256203174058874
1028 0.0254208452521376
1029 0.02559926487137895
1030 0.0255567710535301
1031 0.02560994441874888
1032 0.02552745955554423
1033 0.02566428642401532
1034 0.02548450621348167
1035 0.02565396844938966
1036 0.02561173748629551
1037 0.02568115404185372
1038 0.02558989910844512
1039 0.02574704772538677
1040 0.02555054797354253
1041 0.02573990258045606
1042 0.02570611264379017
1043 0.0257653125025572
1044 0.02569317159152967
1045 0.02583458172640781
1046 0.02566733722215242
1047 0.02584185501238557
1048 0.02579640673896494
1049 0.02589062667659113
1050 0.02577585423475575
1051 0.02595677997658805
1052 0.0257855664655957
1053 0.02596569494503163
1054 0.02592214276211875
1055 0.02601120456637323
1056 0.02590448993411325
1057 0.02609080351040503
1058 0.02589844899604974
1059 0.02609128396240588
1060 0.02606394046743738
1061 0.02612824776483576
1062 0.02605669551349677
1063 0.02620813184622851
1064 0.02603535353669252
1065 0.02622028495425606
1066 0.02618185697893683
1067 0.02626850851534687
1068 0.02616520059101797
1069 0.02634927933431522
1070 0.02615548136111998
1071 0.02635073493428291
1072 0.02632232871043052
1073 0.02638301883732143
1074 0.02631459925924897
1075 0.02645706624327525
1076 0.02629228063862698
1077 0.02647396812940848
1078 0.02641726893305715
1079 0.0265270157611889
1080 0.02638247947068235
1081 0.02656372218281832
1082 0.02645371828263157
1083 0.02661639724393752
1084 0.02643526643497419
1085 0.02661805825879031
1086 0.02656565770693006
1087 0.02665062634879909
1088 0.02652659892521015
1089 0.02670616569532793
1090 0.02652196046237839
1091 0.02669507161661524
1092 0.02664532759134642
1093 0.0267222711644272
1094 0.02660416983109121
1095 0.02677589810911752
1096 0.02657388238322403
1097 0.02675439747487024
1098 0.02671238972146083
1099 0.02675920858590192
1100 0.02667492100169097
1101 0.02680739675071955
1102 0.02662072034375456
1103 0.0267875442741201
1104 0.02672710760703845
1105 0.0267981210370164
1106 0.0266743597913636
1107 0.02683196517775117
1108 0.02662655816975264
1109 0.02679804421079158
1110 0.02673981755843486
1111 0.02678299471330883
1112 0.02668914470016142
1113 0.02681328169212198
1114 0.02661027147350263
1115 0.02677065740322894
1116 0.02670891407678095
1117 0.02675545613437016
1118 0.02664967084055346
1119 0.02677844144694306
1120 0.02655917230627802
1121 0.02672462905404475
1122 0.02666539787609876
1123 0.02669385939814369
1124 0.02660173493264106
1125 0.0267027431740726
1126 0.02651329601968138
1127 0.02665626961988808
1128 0.02656299421379864
1129 0.02665476118645749
1130 0.02645829635474723
1131 0.02660385513614687
1132 0.02650216265524267
1133 0.02659706786823801
1134 0.02638116323669677
1135 0.02653454716541147
1136 0.02645147948307214
1137 0.02649750724622467
1138 0.02636234190404039
1139 0.02649713461068142
1140 0.0262612288962182
1141 0.02642407333474561
1142 0.02635063369400297
1143 0.02637536317832409
1144 0.02626570085696363
1145 0.0263736602315639
1146 0.02615333167234411
1147 0.02630131878927759
1148 0.02622713467440155
1149 0.02625998577653402
1150 0.02614238275663596
1151 0.02625693727592865
1152 0.02603134302958151
1153 0.02618387026485203
1154 0.0261123860019365
1155 0.02613897209061076
1156 0.02602809896222516
1157 0.02613473247335102
1158 0.02592693127844087
1159 0.02606858653249545
1160 0.02598691118479962
1161 0.02603872284322584
1162 0.02589665321021539
1163 0.02603737329877276
1164 0.02580738157117846
1165 0.0259677646883476
1166 0.02589610220707059
1167 0.02592748571136252
1168 0.02581532998110311
1169 0.02593673333199973
1170 0.02571840196583515
1171 0.02587322076765826
1172 0.02580529845212236
1173 0.02584382257635906
1174 0.02573375741972777
1175 0.02586183947183289
1176 0.02563964443213508
1177 0.02580342289274458
1178 0.02574176571313494
1179 0.02577832279978901
1180 0.02567351183788829
1181 0.02580244965200093
1182 0.02558900602075793
1183 0.02575324472476019
1184 0.02569193442660687
1185 0.02574006545737444
1186 0.02563184269937102
1187 0.02577355226791764
1188 0.0255523556413857
1189 0.02573146206059424
1190 0.02567642852161618
1191 0.02571976656403531
1192 0.02562610486997454
1193 0.02575853237326549
1194 0.02555996612334502
1195 0.0257338392854197
1196 0.02566673206623852
1197 0.02573970304180313
1198 0.02562350963028464
1199 0.02578678167770957
1200 0.02556639479260733
1201 0.0257623781787022
1202 0.02570577727857352
1203 0.02576469809695934
1204 0.02567283394748062
1205 0.0258211762122699
1206 0.02561595388243259
1207 0.02580516371913745
1208 0.02575379783785178
1209 0.02581914338766935
1210 0.02573405123380179
1211 0.02587904928918864
1212 0.025686906719887
1213 0.02587424995586358
1214 0.02582060860176346
1215 0.02590232161156566
1216 0.0257993269256415
1217 0.02596943192073641
1218 0.02576116320071017
1219 0.02596183714571228
1220 0.02591683820242958
1221 0.02598858813357592
1222 0.02590195874080643
1223 0.02605409720684118
1224 0.02587130767558871
1225 0.02605896134425123
1226 0.02600665091025823
1227 0.02609795207752413
1228 0.0259888811437199
1229 0.0261723008981913
1230 0.02596424572750394
1231 0.02616884947286916
1232 0.02612621693902268
1233 0.02620027778516322
1234 0.02611499586488702
1235 0.0262751854010768
1236 0.0260861835433037
1237 0.02627789754923062
1238 0.02623128635493186
1239 0.02631841223930319
1240 0.02621228093053368
1241 0.02639775397206921
1242 0.02618428686006347
1243 0.02639108678721133
1244 0.02635153749183236
1245 0.02642024475868885
1246 0.02633705517094843
1247 0.02649179779874863
1248 0.02630661625113276
1249 0.02649658887348089
1250 0.02643974277353471
1251 0.02653735398477607
1252 0.02640963203253884
1253 0.02659885621143115
1254 0.02640721553548449
1255 0.02659798713563824
1256 0.02653486776916739
1257 0.02662520215250454
1258 0.02650828103410039
1259 0.02668736264782765
1260 0.02647656047387622
1261 0.02667538643476569
1262 0.02662270714649473
1263 0.02668547729978876
1264 0.02660039393678437
1265 0.02674257468358213
1266 0.02655346657737041
1267 0.02673489539043892
1268 0.02666392317566545
1269 0.02676027169535831
1270 0.026621086628017
1271 0.02679431584993295
1272 0.02661120809884013
1273 0.02678327062416434
1274 0.02669501090049506
1275 0.02681345939874474
1276 0.02662374868639827
1277 0.02679953706092577
1278 0.02670400356845722
1279 0.02682742571930779
1280 0.02661714794141405
1281 0.02680059189279818
1282 0.0267278928091821
1283 0.02679078430580208
1284 0.0266749929041012
1285 0.02682920671618213
1286 0.02659797738196233
1287 0.02678428719479601
1288 0.02671911732287136
1289 0.026766060899065
1290 0.02666535817729269
1291 0.02678932588614805
1292 0.02658310744679583
1293 0.02674810455253856
1294 0.02666991796225402
1295 0.02673793631567678
1296 0.02659814281718717
1297 0.02675282439082596
1298 0.02652407573570403
1299 0.02669527635561572
1300 0.02662435324703433
1301 0.02666589790647732
1302 0.02655351246318948
1303 0.02667410229551612
1304 0.02646388198812248
1305 0.02661949632070666
1306 0.02653827748090061
1307 0.02659613616098799
1308 0.02645674611339852
1309 0.02660557513770452
1310 0.02636632773425208
1311 0.02653701789519868
1312 0.02646171639362746
1313 0.02649993276230543
1314 0.02638045324700779
1315 0.02650723623933038
1316 0.02627799585063469
1317 0.02643789809211257
1318 0.02636510682295138
1319 0.0263996895218516
1320 0.02628215193719794
1321 0.02640769173142547
1322 0.02617894980031588
1323 0.0263372949059581
1324 0.02626340765610405
1325 0.02630062373533559
1326 0.02618042519664582
1327 0.02630800124419182
1328 0.02607550921523556
1329 0.02623973740333808
1330 0.02616664202140231
1331 0.02619971240096106
1332 0.02608629310817022
1333 0.0262078169536763
1334 0.02598677813730397
1335 0.02614786774520382
1336 0.02606484389468267
1337 0.02611600810660129
1338 0.0259875857632879
1339 0.02612954633308838
1340 0.0258852211727318
1341 0.02606831826763631
1342 0.02598945271691664
1343 0.02603193323279933
1344 0.02591645766821773
1345 0.02604928783387951
1346 0.02581689537356876
1347 0.02599272406404211
1348 0.02591868857089043
1349 0.02596381046496902
1350 0.02585698033499415
1351 0.02598214841229041
1352 0.02576749461172725
1353 0.0259375479442993
1354 0.02586016583811223
1355 0.02592474067591778
1356 0.02579687216667683
1357 0.02595076773872257
1358 0.02571746175744716
1359 0.02590441883882776
1360 0.0258344535923998
1361 0.02589249281264695
1362 0.02577686403980367
1363 0.02592311514845717
1364 0.02570150256859874
1365 0.02588587057933458
1366 0.02582027753179546
1367 0.02587895277515156
1368 0.02577378388073683
1369 0.02591670125979837
1370 0.02571152426510101
1371 0.02588858751889276
1372 0.02582011685939865
1373 0.02589799427648017
1374 0.02577583017321912
1375 0.02594947586958326
1376 0.02571420250648727
1377 0.02591778237701173
1378 0.02585897142364792
1379 0.02592438545028149
1380 0.02581735792770468
1381 0.02598052148337456
1382 0.02575973990068829
1383 0.02595610360801159
1384 0.02590101876312828
1385 0.02596911483254206
1386 0.02587194348972768
1387 0.02602717858655573
1388 0.02582465001906274
1389 0.02601731878789056
1390 0.02595263492092247
1391 0.02604340196387198
1392 0.02591948755837762
1393 0.02610864616183681
1394 0.0258826407999754
1395 0.0260972551354672
1396 0.02603544053032054
1397 0.02611193936843532
1398 0.02601744339150249
1399 0.02617867930040146
1400 0.02597272650873244
1401 0.02617525033604898
1402 0.02611383616994875
1403 0.02619756876534406
1404 0.02609853855998172
1405 0.02626982552421662
1406 0.02605567898833338
1407 0.02626418627650833
1408 0.02620794059517504
1409 0.02628793998058688
1410 0.02619670765927394
1411 0.02635052976158963
1412 0.02616384325914616
1413 0.02635871218366303
1414 0.02628191209784911
1415 0.02640386744623166
1416 0.02624661239939307
1417 0.02644151329635227
1418 0.02628576515161965
1419 0.02646479064978123
1420 0.02633187010433678
1421 0.02651424891148447
1422 0.02631478393297856
1423 0.02651144258156349
1424 0.02643251624421976
1425 0.02654978183931291
1426 0.02638710757326819
1427 0.0265839573700718
1428 0.02642847526547305
1429 0.02660981705223262
1430 0.02645283899988404
1431 0.0266314475915534
1432 0.02647923715697383
1433 0.02665750465319509
1434 0.02649737795935483
1435 0.02667903266934775
1436 0.02651784086882743
1437 0.02669652693647069
1438 0.02653722046722103
1439 0.02671374987726972
1440 0.02655632371516161
1441 0.02673641531908351
1442 0.02656079400712178
1443 0.02674040849266534
1444 0.02659969540396437
1445 0.02676938557109621
1446 0.02656313842030735
1447 0.02675314550026764
1448 0.02665987560480835
1449 0.02677347675124723
1450 0.02659841889740894
1451 0.02678138705849789
1452 0.02662109760262644
1453 0.02678555919572388
1454 0.02662433764494912
1455 0.02679469252850798
1456 0.02661533569445083
1457 0.02678632624746566
1458 0.02663583179568458
1459 0.02679784578172359
1460 0.02659222621596433
1461 0.0267728996723327
1462 0.02666044033714604
1463 0.02678597346457778
1464 0.02657397049012906
1465 0.02675385966072407
1466 0.02665208838009068
1467 0.02675958791414727
1468 0.02656459526706425
1469 0.02674404545367276
1470 0.02660142737739946
1471 0.02675120289248047
1472 0.02651557877657967
1473 0.02670282031754253
1474 0.02661921182977473
1475 0.02667620671108822
1476 0.02655197451661776
1477 0.02669360457823888
1478 0.02646687799149669
1479 0.02663918406275839
1480 0.02655776642601951
1481 0.02661773894400946
1482 0.02648957375370305
1483 0.02663539030412247
1484 0.02639677520888377
1485 0.02657381015617994
1486 0.02649715150558173
1487 0.0265434337491086
1488 0.02642462899566158
1489 0.02655706749403437
1490 0.02633337057591092
1491 0.02649839474232521
1492 0.02640957384607455
1493 0.02648031368976638
1494 0.02632359086485615
1495 0.0264875736852218
1496 0.02624689136905735
1497 0.02642327489509019
1498 0.02634151731858285
1499 0.02638799086628564
1500 0.02626333442497202
1501 0.02640252285080487
1502 0.02616624623786223
1503 0.02634191053783405
1504 0.02625728510919651
1505 0.0263069747879
1506 0.02618872911503534
1507 0.02632127184366754
1508 0.02608874046239448
1509 0.02626438160444373
1510 0.02618047370378615
1511 0.02623060512428699
1512 0.02611251154359694
1513 0.0262481558204339
1514 0.02601585966518337
1515 0.02619284745233558
1516 0.02611015538922483
1517 0.02616452987906582
1518 0.02604677593253691
1519 0.02618230515762724
1520 0.02595371074431712
1521 0.02613227596205041
1522 0.02605067472230786
1523 0.02611166954006218
1524 0.02598689445080942
1525 0.02613108932710851
1526 0.02590363458995773
1527 0.02608227885836886
1528 0.02600522391119868
1529 0.02606501452373688
1530 0.02594669727862571
1531 0.02608724739727323
1532 0.02586897219254217
1533 0.02604737091480559
1534 0.02596737842981529
1535 0.02603942042342914
1536 0.02591007960487216
1537 0.02607402384778048
1538 0.0258351024706386
1539 0.02603065131896449
1540 0.02595727382911366
1541 0.02602350127095755
1542 0.02590569722483329
1543 0.02606263078376359
1544 0.02583407962874703
1545 0.02602455105832856
1546 0.02595646764031077
1547 0.02602298739220875
1548 0.02590985774509506
1549 0.02606854947313376
1550 0.02584415321933002
1551 0.02603580799894512
1552 0.02596933076520383
1553 0.02604075485123388
1554 0.02592925260675786
1555 0.02609039946444364
1556 0.02586851739229251
1557 0.02606759876234067
1558 0.02599884723117274
1559 0.02607086493131317
1560 0.025967160058775
1561 0.02612670465232754
1562 0.02590968604158865
1563 0.02610810834577441
1564 0.02603918848823538
1565 0.02611762833525338
1566 0.02601282428328576
1567 0.0261765165580617
1568 0.02595677461031259
1569 0.02616113717727252
1570 0.02609642959590355
1571 0.02617193169559686
1572 0.02607409998639087
1573 0.02623088977556078
1574 0.02602688718721457
1575 0.02622333640766007
1576 0.02615010410216427
1577 0.0262525681543554
1578 0.02611971276991572
1579 0.02630782286322864
1580 0.02608633231837412
1581 0.02629525672515244
1582 0.02623265827440575
1583 0.02631116137278143
1584 0.02620709258739739
1585 0.02636996772303359
1586 0.02616606170305804
1587 0.02636231937373405
1588 0.02629562063027533
1589 0.02638830978578695
1590 0.02627111991637919
1591 0.02645364181459799
1592 0.02622597743950312
1593 0.0264366087167138
1594 0.02637934163818677
1595 0.02645416454663501
1596 0.02635271481150056
1597 0.02651525678291951
1598 0.02631029898610589
1599 0.02650342235689016
1600 0.02643548011254901
1601 0.02653343711387404
1602 0.02639863110416054
1603 0.0265912343235303
1604 0.02636442117683069
1605 0.02657157016422911
1606 0.02651054770686301
1607 0.0265826407711846
1608 0.02647925935635388
1609 0.02663938396202831
1610 0.02643169132519804
1611 0.02662753248422739
1612 0.02655039629279503
1613 0.02664418841656908
1614 0.0265147220687528
1615 0.02669773735543942
1616 0.02646697663050443
1617 0.02667404398862767
1618 0.02660492207791569
1619 0.02667349435222399
1620 0.02657067224134687
1621 0.02672237257921422
1622 0.0265120566406454
1623 0.02670236961132197
1624 0.02662151648482723
1625 0.02671535116330235
1626 0.02657602546077412
1627 0.02675562153828743
1628 0.02652289443044837
1629 0.02672436823238329
1630 0.0266503447628746
1631 0.02671917044476541
1632 0.02660446617681679
1633 0.02675278709458761
1634 0.02654175769822173
1635 0.02672281175987144
1636 0.0266399834944324
1637 0.02672676842393402
1638 0.02658364654275612
1639 0.02675831763187856
1640 0.02651902536927133
1641 0.02671614506725651
1642 0.02663908773635255
1643 0.02670237290936931
1644 0.02658221152737276
1645 0.02673372885203298
1646 0.02650605102970502
1647 0.02668547509990319
1648 0.02660924774857455
1649 0.02667583429320042
1650 0.02654625295354338
1651 0.02670538912724946
1652 0.02646036509442778
1653 0.02665120291590311
1654 0.02657665264067215
1655 0.02662934176073056
1656 0.02651207158600325
1657 0.02665214181083667
1658 0.02643001377461122
1659 0.02660478249192579
1660 0.02651366727862295
1661 0.02659509412604968
1662 0.02643603627299185
1663 0.0266084104297689
1664 0.02637316206270959
1665 0.02655777560814998
1666 0.02646592345084159
1667 0.02652745728477725
1668 0.02639855606228961
1669 0.02655037068675801
1670 0.02630366124065842
1671 0.02649253489709769
1672 0.02640811862528978
1673 0.02646182810382091
1674 0.02634392010852696
1675 0.02647828900258348
1676 0.0262519683016585
1677 0.02642987683300391
1678 0.02633628865365381
1679 0.02641065148686734
1680 0.02626459004755407
1681 0.02642810471222163
1682 0.02617779212705194
1683 0.02637148588849247
1684 0.02628443463688175
1685 0.0263467411937096
1686 0.02621378384162364
1687 0.02636166136715593
1688 0.02612383812609104
1689 0.02630892311471551
1690 0.02622633223073047
1691 0.02628410981233032
1692 0.02616167286882005
1693 0.02630197828155833
1694 0.02607919433829141
1695 0.02625467219993373
1696 0.02616665366993147
1697 0.02624267094603161
1698 0.02610023722514119
1699 0.02626987329213957
1700 0.02601644526187053
1701 0.02621430573636654
1702 0.02613717336145784
1703 0.0261963403303255
1704 0.02606978514062065
1705 0.02622687071714837
1706 0.02598490547937343
1707 0.02617594806325491
1708 0.0261020918372462
1709 0.02616183975908842
1710 0.02604502744617963
1711 0.02619284851716204
1712 0.02596869519990474
1713 0.02615461055253862
1714 0.0260741004184725
1715 0.02614903607819204
1716 0.02601696080286668
1717 0.02618965702356566
1718 0.0259423242576874
1719 0.02615069461593603
1720 0.0260713019852501
1721 0.02613933923724474
1722 0.0260240611903182
1723 0.02618110687489113
1724 0.02594858207807022
1725 0.02614854065204304
1726 0.02607401497053254
1727 0.02614088245449105
1728 0.02603427379060942
1729 0.0261849841723336
1730 0.02596917794109889
1731 0.02616050378896019
1732 0.02608122814732323
1733 0.02617108702859106
1734 0.02603926517104374
1735 0.02621567509602599
1736 0.02598118484326255
1737 0.02619002176987473
1738 0.02611825261849175
1739 0.02619416723686504
1740 0.0260780479598757
1741 0.02624260517855835
1742 0.02602097850717145
1743 0.02622000264906747
1744 0.02615265450369054
1745 0.02622862617989587
1746 0.02612219494594612
1747 0.02627789729224562
1748 0.02607234813000031
1749 0.02626415955423576
1750 0.02618857790626431
1751 0.02628489568198593
1752 0.02615073350833966
1753 0.0263425518142915
1754 0.02610748264725834
1755 0.02631591461041724
1756 0.02625469573024613
1757 0.02632883820314333
1758 0.02621999286096925
1759 0.02638528107648731
1760 0.0261675321013019
1761 0.02636660263056541
1762 0.02630347196792907
1763 0.02638208801880421
1764 0.02627253397580584
1765 0.02644237284231516
1766 0.02622197133676153
1767 0.0264254853075718
1768 0.02636025986849244
1769 0.02643538822462507
1770 0.02633573829303705
1771 0.02649302225235122
1772 0.02628371472780973
1773 0.02648161377694737
1774 0.02640733202663232
1775 0.02649723898836999
1776 0.02637517343577834
1777 0.02655781475448071
1778 0.02632295140650694
1779 0.02653597944702321
1780 0.02646833970331502
1781 0.02654370180840013
1782 0.02643844460631468
1783 0.02659670828736432
1784 0.02638236265835513
1785 0.02658038770520276
1786 0.02650781198181448
1787 0.02659408877993246
1788 0.02647366633933213
1789 0.0266446426476266
1790 0.02641885596795742
1791 0.0266201619398698
1792 0.02655336707974385
1793 0.02662500508588386
1794 0.02651852761842161
1795 0.02666671321959734
1796 0.02646590944531621
1797 0.02665173234259299
1798 0.02656389052742329
1799 0.02667289679388374
1800 0.02650759755138251
1801 0.026696959889692
1802 0.02650983898717953
1803 0.02668301681872861
1804 0.02656156469473598
1805 0.02672141723651634
1806 0.02647811238482167
1807 0.02668723995274039
1808 0.02660896283542777
1809 0.02667388209844038
1810 0.0265650605320513
1811 0.02671324880994779
1812 0.02649380016620424
1813 0.02668293873702706
1814 0.02659969253659976
1815 0.02668020246016896
1816 0.02654868010300707
1817 0.02671986306340145
1818 0.02647400637742645
1819 0.02667809829592112
1820 0.02659909698371755
1821 0.02666794154872753
1822 0.02654521963418477
1823 0.02669446198730902
1824 0.02647092246292929
1825 0.02665537511876086
1826 0.02657562309839419
1827 0.02664304936406786
1828 0.02651927924876285
1829 0.02667066001828722
1830 0.02644210315899433
1831 0.02662598435209428
1832 0.02654611447010197
1833 0.02661190290766268
1834 0.02648956907739014
1835 0.02663777196118599
1836 0.0264101462538726
1837 0.02659015092734419
1838 0.02650903788195931
1839 0.02657713289300276
1840 0.02644357232370281
1841 0.02660654602965527
1842 0.02635797839802619
1843 0.02654941860709325
1844 0.02647344339207421
1845 0.02652902063641008
1846 0.0264087778434294
1847 0.02655126269111565
1848 0.02632506850821886
1849 0.0265040589535474
1850 0.02641630070824358
1851 0.02649121783234136
1852 0.02634453226737163
1853 0.02651723612044014
1854 0.02626417194211791
1855 0.02646442843360599
1856 0.02637752617078556
1857 0.02643701473616864
1858 0.02631469526773578
1859 0.02646203742396087
1860 0.02622276632923623
1861 0.0264125013537528
1862 0.02632874617580896
1863 0.02638654926694953
1864 0.02627014745195635
1865 0.02641146623011182
1866 0.02618489001204946
1867 0.02636702002976529
1868 0.02627753407961961
1869 0.0263548209995443
1870 0.02621542245306055
1871 0.02637975244601781
1872 0.0261316533806361
1873 0.02633221571907418
1874 0.02624766359056841
1875 0.02631393433850442
1876 0.02618509491816666
1877 0.02633879760244213
1878 0.0261045261062479
1879 0.02629338036926857
1880 0.02621385216767119
1881 0.02627856173425111
1882 0.02615919784190591
1883 0.02630430946283602
1884 0.02608466405127324
1885 0.02626711408980097
1886 0.02618183865434183
1887 0.02626244323203572
1888 0.02612396904754067
1889 0.02630015089213984
1890 0.02605024583619068
1891 0.02625188996279348
1892 0.02617872714028506
1893 0.02624436435481151
1894 0.02612113802605514
1895 0.02628178643531289
1896 0.02604468564568721
1897 0.02624102401121384
1898 0.02616993496860514
1899 0.0262340287316742
1900 0.02612070600398552
1901 0.0262738935896643
1902 0.02605424786087818
1903 0.02624346499221379
1904 0.02616349617988649
1905 0.02624700516702062
1906 0.02611450073407809
1907 0.02629273474453825
1908 0.02604780163614133
1909 0.02626067417386949
1910 0.02618385146867168
1911 0.02625445166882019
1912 0.02614107151472782
1913 0.026303397827977
1914 0.02607222047305204
1915 0.02627409160007731
1916 0.0262022352733613
1917 0.02627302704918844
1918 0.0261679953505476
1919 0.02631959151129716
1920 0.02610660869602009
1921 0.02630038000997311
1922 0.02622105122994884
1923 0.02631467763601062
1924 0.02617938573167335
1925 0.02636137296810969
1926 0.02612911093697121
1927 0.02633621391584393
1928 0.02626540116816709
1929 0.0263423681400686
1930 0.02622751639877013
1931 0.02639012209818974
1932 0.02617086694148324
1933 0.02636960614845958
1934 0.02630062246472042
1935 0.02637732595632368
1936 0.02626896714897394
1937 0.0264283733027438
1938 0.02621772726644729
1939 0.02640962700163247
1940 0.02633614036961516
1941 0.02642632899852919
1942 0.02629996991690342
1943 0.0264828192879362
1944 0.02624466745014318
1945 0.02645431384586091
1946 0.02639136997770332
1947 0.02646254528088065
1948 0.02635235754803136
1949 0.02651586553741485
1950 0.02629667554041868
1951 0.0264919764150999
1952 0.02642501112835551
1953 0.02650431814417832
1954 0.02638878199983369
1955 0.02655823882717706
1956 0.02633073217357208
1957 0.02653573596624178
1958 0.02646740316185721
1959 0.02653569673840513
1960 0.02643647626938039
1961 0.02658631748545707
1962 0.02638013892002637
1963 0.02657027664810836
1964 0.02648438283390157
1965 0.02658844045205055
1966 0.02643599911058885
1967 0.02662139420074359
1968 0.02642077103431151
1969 0.02660711954215919
1970 0.02650620801551396
1971 0.02663164088177825
1972 0.02643943713945842
1973 0.02662809040089959
1974 0.02650515910369731
1975 0.0266626517415136
1976 0.02642564816897036
1977 0.02663600679374989
1978 0.02655794994620353
1979 0.02662457643558045
1980 0.02651718603351078
1981 0.02666944192554054
1982 0.02644957828850919
1983 0.02664012665244131
1984 0.02656005138070279
1985 0.02664035837515256
1986 0.0265150346320792
1987 0.02668415827180293
1988 0.02644169905431857
1989 0.02664812264355816
1990 0.02657189606630173
1991 0.02664047013904265
1992 0.02652392836942321
1993 0.02667330871753652
1994 0.02645598762407081
1995 0.02664040209349831
1996 0.02655913754909182
1997 0.02663838574040292
1998 0.02650665939780289
1999 0.02667162676793508
2000 0.02643293181797867
