"cl-rfile"
"Iteration" "cl"
("Iteration" "cl")
1 -0.02677909315611045
2 -0.08123506596898811
3 -0.152037842521476
4 -0.2298193079708113
5 -0.3052366976422935
6 -0.3813620280652681
7 -0.4454513118147331
8 -0.5004083296499466
9 -0.5431310945788804
10 -0.5814002323026654
11 -0.6106952070395525
12 -0.6359480080191414
13 -0.6568414054078936
14 -0.6770387095024203
15 -0.6961577878509293
16 -0.716381226382554
17 -0.7366658269621418
18 -0.7587435750735601
19 -0.7819361147926676
20 -0.805992623755155
21 -0.8306459586282696
22 -0.8558671650742041
23 -0.8811916448331665
24 -0.9065224049605811
25 -0.9314390325750405
26 -0.9558560007064348
27 -0.9799964000033692
28 -1.002585823773786
29 -1.025560175808049
30 -1.047399378761421
31 -1.068157915612484
32 -1.088205869083697
33 -1.107375442405047
34 -1.125596140667558
35 -1.142612703170995
36 -1.158812606509221
37 -1.173455315006656
38 -1.18741039644824
39 -1.200115981869422
40 -1.211772244103617
41 -1.222686306714547
42 -1.232403020863583
43 -1.241641910938616
44 -1.249795148437182
45 -1.257597165685828
46 -1.264572527272977
47 -1.271425586150589
48 -1.277634173412145
49 -1.283581608716609
50 -1.289232665012978
51 -1.294452264774782
52 -1.299685567676227
53 -1.30414340363344
54 -1.308790206963328
55 -1.312468133793424
56 -1.316233015188126
57 -1.319061991623397
58 -1.321874623924937
59 -1.323640163689183
60 -1.325567878120807
61 -1.326155989038722
62 -1.327216341633583
63 -1.326914234957117
64 -1.327149612669988
65 -1.326197731579884
66 -1.325754300901405
67 -1.324534113361449
68 -1.323514704616297
69 -1.322194880026905
70 -1.321017606181418
71 -1.319727776638283
72 -1.318652269514091
73 -1.317545066793186
74 -1.316708275051546
75 -1.315883413427406
76 -1.315435364352316
77 -1.315035643733383
78 -1.314843722599133
79 -1.315107917032739
80 -1.315036121738455
81 -1.315893252239784
82 -1.316020209918373
83 -1.317097045900895
84 -1.317729073441182
85 -1.318958562701325
86 -1.319831668485857
87 -1.321143566347114
88 -1.322096876015074
89 -1.323753335683644
90 -1.324534289495438
91 -1.326246073840118
92 -1.327067168045785
93 -1.328898759801374
94 -1.32952329365144
95 -1.331342300535246
96 -1.331970756687286
97 -1.333691636956543
98 -1.334228500798549
99 -1.335806493541583
100 -1.336287214033117
101 -1.337688721895672
102 -1.338105427257235
103 -1.339485202394636
104 -1.339918881774035
105 -1.340908999035303
106 -1.341446498801934
107 -1.342296141633315
108 -1.342777519931296
109 -1.343573352630394
110 -1.343998935152758
111 -1.344637810651932
112 -1.345105291370534
113 -1.345734676419395
114 -1.346078238036
115 -1.346639650587161
116 -1.346942881756482
117 -1.347504487547741
118 -1.347804598130762
119 -1.348179148513279
120 -1.348506805033884
121 -1.348883272960381
122 -1.34918653681802
123 -1.349409234184911
124 -1.349688203167964
125 -1.349981481413001
126 -1.350184284822519
127 -1.350323548545048
128 -1.350552578128113
129 -1.350751534883856
130 -1.350851546903795
131 -1.350999454459853
132 -1.351124266631906
133 -1.351271810674702
134 -1.351347071944774
135 -1.351457274314393
136 -1.351525636253791
137 -1.351708512630649
138 -1.351744401461774
139 -1.351897777108411
140 -1.351971408164574
141 -1.352200364756482
142 -1.352257304801225
143 -1.352497300049682
144 -1.352583070316693
145 -1.352905334198877
146 -1.352977971211055
147 -1.353315636741099
148 -1.353434244699438
149 -1.353809863449755
150 -1.353955459082675
151 -1.354302166739074
152 -1.354498947158155
153 -1.354847100960654
154 -1.355043698512683
155 -1.35534682630242
156 -1.355567013468602
157 -1.355853869721696
158 -1.356026166946791
159 -1.356311688990227
160 -1.356398180841641
161 -1.356614497421884
162 -1.356732068192959
163 -1.356826193501113
164 -1.356874959263995
165 -1.356974985019344
166 -1.356926735866794
167 -1.35693812110068
168 -1.356830766718016
169 -1.356772169351725
170 -1.356601564179588
171 -1.356463093571955
172 -1.356265503383658
173 -1.356051313961567
174 -1.355813016523553
175 -1.355558982294553
176 -1.355282039991329
177 -1.354986508168516
178 -1.354712057392687
179 -1.354373485864338
180 -1.354102693327425
181 -1.353757823385948
182 -1.353490158327824
183 -1.353150977740404
184 -1.352911311619931
185 -1.352590896063333
186 -1.352375695388666
187 -1.352083471375414
188 -1.351900012243489
189 -1.351651048378991
190 -1.351499721797583
191 -1.351301782722319
192 -1.351224362731988
193 -1.350993095087829
194 -1.350963407097793
195 -1.350824328652614
196 -1.350789157680494
197 -1.350705046633941
198 -1.350715669214609
199 -1.35064040136541
200 -1.350689932081345
201 -1.350628839147288
202 -1.350699329812677
203 -1.35065935425783
204 -1.350757081937217
205 -1.350700685619681
206 -1.350838017977369
207 -1.350769997090012
208 -1.35090831814183
209 -1.350824166595483
210 -1.351012749709193
211 -1.350865838818689
212 -1.35113353933008
213 -1.350896790797097
214 -1.351228108238979
215 -1.350838719666867
216 -1.351403433709429
217 -1.350900495150948
218 -1.351195221840126
219 -1.3508281784099
220 -1.351451131857844
221 -1.350966965209338
222 -1.351024138980875
223 -1.350975636284915
224 -1.351135305214157
225 -1.350880909754394
226 -1.351137759383678
227 -1.350795011960003
228 -1.3512116360405
229 -1.350715697632147
230 -1.351070323455022
231 -1.350617319918036
232 -1.351103925433398
233 -1.350630292460805
234 -1.350750947414083
235 -1.35049788853904
236 -1.350901337797379
237 -1.350382412726905
238 -1.350766009787103
239 -1.350292891243046
240 -1.350544705931509
241 -1.350125545155823
242 -1.350596656859175
243 -1.35012303187136
244 -1.350062121107903
245 -1.349966736017998
246 -1.350012647709729
247 -1.349729963605448
248 -1.349896043666112
249 -1.349442090225512
250 -1.349799198943028
251 -1.349310518188252
252 -1.349289128190669
253 -1.34898870380495
254 -1.349305511971967
255 -1.348770688136905
256 -1.34874116059542
257 -1.348416909194719
258 -1.348697630041227
259 -1.34817502370693
260 -1.348198021008705
261 -1.347789119250306
262 -1.348139301610126
263 -1.347559036202788
264 -1.347521929906708
265 -1.347273320251757
266 -1.347444624775767
267 -1.346915961901591
268 -1.347151202640143
269 -1.346706761703752
270 -1.346817308855435
271 -1.346321669281283
272 -1.346834238712145
273 -1.346310560453646
274 -1.346215597577802
275 -1.346132682842254
276 -1.346107815794667
277 -1.345998608209868
278 -1.346094654203657
279 -1.345871618691737
280 -1.346045268417075
281 -1.345739919123731
282 -1.346148852244185
283 -1.345796640451568
284 -1.345982046680078
285 -1.345728534629881
286 -1.346322816942584
287 -1.34593435243491
288 -1.346020470974881
289 -1.346120095629329
290 -1.346280092476151
291 -1.346312617273221
292 -1.346500575743971
293 -1.346496867202321
294 -1.346769537109791
295 -1.346714053443696
296 -1.347145700622011
297 -1.346961612453067
298 -1.347552669817834
299 -1.347320144831951
300 -1.347680447162916
301 -1.347646871478702
302 -1.348325762961358
303 -1.348123557730784
304 -1.348351990213788
305 -1.348552220089028
306 -1.348980588140952
307 -1.348910831492768
308 -1.349469886487512
309 -1.349324518459823
310 -1.350024010875282
311 -1.349881007152301
312 -1.350222301525021
313 -1.350301879493222
314 -1.350990592715289
315 -1.350835616960165
316 -1.351173803726564
317 -1.351249196391232
318 -1.351928664276793
319 -1.351785703276616
320 -1.352252789837783
321 -1.352159220925138
322 -1.352976323292394
323 -1.352773079072288
324 -1.353049464274031
325 -1.353294271448903
326 -1.353610020349282
327 -1.353741033109826
328 -1.354117747344384
329 -1.354169155273893
330 -1.354649122448328
331 -1.354493086817602
332 -1.355187202273621
333 -1.355050367035934
334 -1.355321188100707
335 -1.355366964315204
336 -1.355944041325092
337 -1.355773906206523
338 -1.356321370981798
339 -1.356100703555285
340 -1.356611970608297
341 -1.356443434863176
342 -1.357060837450477
343 -1.356795618146063
344 -1.357201889525198
345 -1.357054736792306
346 -1.357783983165528
347 -1.357445877830294
348 -1.357582874190818
349 -1.357759573847702
350 -1.357993624630801
351 -1.357933591602984
352 -1.358268344214048
353 -1.358129818543198
354 -1.358585465590179
355 -1.358327814208639
356 -1.358664239104143
357 -1.358378398725402
358 -1.359093559535367
359 -1.35867851345771
360 -1.358761091736716
361 -1.35888230682086
362 -1.359061625709327
363 -1.358946692379477
364 -1.359236488342319
365 -1.359056288232349
366 -1.359495796910224
367 -1.35915550167403
368 -1.359420543439016
369 -1.359181190935082
370 -1.359851116289096
371 -1.35940059269844
372 -1.35948487516577
373 -1.359608936751937
374 -1.35972501158017
375 -1.359635082121223
376 -1.359898256828653
377 -1.359712052851437
378 -1.360208881157486
379 -1.359793608890335
380 -1.360293521238008
381 -1.359959941151694
382 -1.360461537142099
383 -1.360076044376311
384 -1.360658448641018
385 -1.360291358007085
386 -1.360810309506076
387 -1.360426013742243
388 -1.361094742476595
389 -1.36074348261511
390 -1.361178312558275
391 -1.360869069024395
392 -1.361678984509463
393 -1.361318351679557
394 -1.361568283438123
395 -1.361601441489742
396 -1.362022638189579
397 -1.361874037875604
398 -1.362484592231866
399 -1.362138609023853
400 -1.362868138064945
401 -1.362594591359471
402 -1.363089754308908
403 -1.362871223616777
404 -1.363744479174027
405 -1.363473503539405
406 -1.363836286436967
407 -1.36388531858655
408 -1.364423479955162
409 -1.364335854993068
410 -1.36502247472111
411 -1.364817395865212
412 -1.365522267128858
413 -1.365334910127058
414 -1.366085502975261
415 -1.365840692988146
416 -1.36665850795723
417 -1.366505252397325
418 -1.367179311323006
419 -1.366973053671454
420 -1.367989282596938
421 -1.367754282390709
422 -1.36821667659073
423 -1.36842155318598
424 -1.368977104354279
425 -1.369030912683997
426 -1.369762556367242
427 -1.369616357507866
428 -1.370579789174656
429 -1.370373798103244
430 -1.371008314633526
431 -1.371008960868082
432 -1.371914039069234
433 -1.371718437252545
434 -1.372554192897919
435 -1.372430758667636
436 -1.373297799884219
437 -1.373193672105972
438 -1.373904610995749
439 -1.373815433407521
440 -1.374853853080684
441 -1.374678317708452
442 -1.375151768306985
443 -1.375407354092067
444 -1.375961505146553
445 -1.376062274574026
446 -1.37678853333791
447 -1.376670130353359
448 -1.377585063091424
449 -1.377470465877312
450 -1.378021518017265
451 -1.378036109865743
452 -1.378931974994368
453 -1.378785725115938
454 -1.37929593053298
455 -1.379343155956074
456 -1.380178945065786
457 -1.379954063975598
458 -1.380737572536215
459 -1.380519379786756
460 -1.381315310345358
461 -1.381100913559104
462 -1.381888767436619
463 -1.38169291906274
464 -1.382358603954004
465 -1.382172449879252
466 -1.382994816174496
467 -1.38274899623434
468 -1.383247007000916
469 -1.383128707046818
470 -1.384028789877662
471 -1.383663291930646
472 -1.384133273369559
473 -1.384057694679429
474 -1.384766643829564
475 -1.384403806446083
476 -1.38516230525009
477 -1.384898897292563
478 -1.385320637676668
479 -1.385128860803549
480 -1.385917091295203
481 -1.385588324992661
482 -1.385894506091962
483 -1.385844730091415
484 -1.386355099096068
485 -1.386016269357703
486 -1.386833005199502
487 -1.386377360705086
488 -1.386712114471579
489 -1.386627244229385
490 -1.387070036780844
491 -1.38676137896389
492 -1.38746627932098
493 -1.387053926431277
494 -1.387366658333228
495 -1.387202279143714
496 -1.38768168476418
497 -1.387278637923452
498 -1.388059120780658
499 -1.387559446433291
500 -1.38781001671448
501 -1.387764805740205
502 -1.388095404874092
503 -1.387785949306812
504 -1.388444147343723
505 -1.388015119801328
506 -1.388301232387482
507 -1.388064901967796
508 -1.388645546372157
509 -1.388174975094221
510 -1.388798385007475
511 -1.388397778793667
512 -1.388747597822753
513 -1.388400047712132
514 -1.389227170518082
515 -1.38866215699801
516 -1.388933109061683
517 -1.388859768389491
518 -1.389219755251599
519 -1.388941429271735
520 -1.389475165659709
521 -1.389117902829553
522 -1.389711911628895
523 -1.38929362731055
524 -1.389742314808066
525 -1.389379164369743
526 -1.390232655159789
527 -1.389739752256668
528 -1.389974321230198
529 -1.39000052837884
530 -1.390379060275692
531 -1.390128648602896
532 -1.390754687682691
533 -1.390346678914646
534 -1.391102677536345
535 -1.390687830193345
536 -1.391096323778408
537 -1.390952393568923
538 -1.391647118900628
539 -1.391326566162995
540 -1.391704686915868
541 -1.391566487085014
542 -1.392340685266289
543 -1.39198424506356
544 -1.392375067743552
545 -1.392347975514705
546 -1.392891200139539
547 -1.392639157223658
548 -1.393444332217967
549 -1.393167367819367
550 -1.393540391457267
551 -1.393540743937626
552 -1.394079114348035
553 -1.393912877278266
554 -1.394695017036057
555 -1.394464516262956
556 -1.394855089583574
557 -1.394851086673576
558 -1.395598320539315
559 -1.395297379551814
560 -1.395964650958662
561 -1.395723375246376
562 -1.396653424709166
563 -1.396373908631172
564 -1.396743043961861
565 -1.396888803815353
566 -1.397442499749019
567 -1.397278344558509
568 -1.39810013395158
569 -1.397893921166247
570 -1.398469036466015
571 -1.398311851658456
572 -1.399208071374335
573 -1.398974489902509
574 -1.399357567768766
575 -1.399479730557514
576 -1.400034086664498
577 -1.399930829117395
578 -1.400698148229588
579 -1.40048842885188
580 -1.401142011881726
581 -1.400952926294377
582 -1.401766263069815
583 -1.401469436372335
584 -1.402134775344055
585 -1.401925281898364
586 -1.402851204427648
587 -1.402570644189789
588 -1.402909301032041
589 -1.403079248870575
590 -1.403556277215942
591 -1.403395633510515
592 -1.404249167659824
593 -1.403945815386719
594 -1.404439638600568
595 -1.404309866043855
596 -1.405111186370523
597 -1.404817673666598
598 -1.405264429925027
599 -1.405153199385134
600 -1.405845837373487
601 -1.405497890474464
602 -1.406267509456261
603 -1.405987897354131
604 -1.406325283004885
605 -1.406259530692315
606 -1.40692688046607
607 -1.40655671836914
608 -1.40714206706512
609 -1.406790959478375
610 -1.407586957702814
611 -1.407201172832105
612 -1.40748969723881
613 -1.407425872503442
614 -1.407949778873212
615 -1.407498380848755
616 -1.408368659440511
617 -1.407857984118298
618 -1.408112519229276
619 -1.408070626427725
620 -1.408385131698116
621 -1.40811541693084
622 -1.408787326476447
623 -1.408310322644575
624 -1.408605363341721
625 -1.408406127958
626 -1.408860625093623
627 -1.408410977641666
628 -1.409091301688193
629 -1.40860663456769
630 -1.408815952528532
631 -1.408631581449568
632 -1.408993621868264
633 -1.408569045740067
634 -1.409225159251654
635 -1.408705268600015
636 -1.408868911633031
637 -1.408698033131009
638 -1.409041684958019
639 -1.408530486020537
640 -1.409255624878139
641 -1.408662303721137
642 -1.408788471094972
643 -1.408649045468098
644 -1.408872571175207
645 -1.408480051380067
646 -1.40908722010418
647 -1.408495766361878
648 -1.408710041992187
649 -1.408421205147504
650 -1.408843301196163
651 -1.408274191449209
652 -1.408823599817704
653 -1.408337891039408
654 -1.408520486582715
655 -1.408158209172421
656 -1.408686442269945
657 -1.408095544720378
658 -1.408552179457381
659 -1.40804773713752
660 -1.408495990522635
661 -1.408000630598724
662 -1.408408606869666
663 -1.407851992788422
664 -1.408489327399243
665 -1.407942357611907
666 -1.408156153796801
667 -1.407793503823595
668 -1.408375760901202
669 -1.407836257543118
670 -1.408163419307314
671 -1.40767660578506
672 -1.408435152715855
673 -1.407815680130737
674 -1.408036346228811
675 -1.407797581078333
676 -1.408149242445109
677 -1.407738584957773
678 -1.408384892140371
679 -1.407825743729601
680 -1.408135029075094
681 -1.4077805313004
682 -1.40846837976497
683 -1.407911189913797
684 -1.408209700245598
685 -1.407964959677474
686 -1.408529980621032
687 -1.408048469566146
688 -1.408472049653781
689 -1.408049211881348
690 -1.408887124922976
691 -1.408256216156685
692 -1.408557399401728
693 -1.408461815161
694 -1.408809575053181
695 -1.408526386577618
696 -1.409155419753607
697 -1.408736449921236
698 -1.409175898729852
699 -1.408790393810219
700 -1.409602414586142
701 -1.409169958460013
702 -1.40940772855203
703 -1.409410943939558
704 -1.409744960125977
705 -1.409482400174381
706 -1.410252343495795
707 -1.40977324117699
708 -1.410249113159364
709 -1.409970944350204
710 -1.410763964009465
711 -1.410362338291252
712 -1.410702904036308
713 -1.410620889384566
714 -1.411133277797715
715 -1.4108031955831
716 -1.411630315738002
717 -1.41126311658463
718 -1.411543280777009
719 -1.411555456784056
720 -1.411966145423873
721 -1.41179500764041
722 -1.412515478184585
723 -1.412148592793956
724 -1.412636023045859
725 -1.412377695509623
726 -1.413222138335041
727 -1.41284030724661
728 -1.413182884980922
729 -1.413198691640913
730 -1.413672820684178
731 -1.4133812718017
732 -1.414230870469687
733 -1.413840988662716
734 -1.414195831827207
735 -1.414183637367089
736 -1.414614777949351
737 -1.414429509379938
738 -1.415168083401265
739 -1.414839526171072
740 -1.415219652548106
741 -1.415085992786269
742 -1.41575841590505
743 -1.415345141515101
744 -1.416014537768491
745 -1.415663360779898
746 -1.416313032881003
747 -1.41595110268857
748 -1.416584899768415
749 -1.416207332590763
750 -1.416895937133308
751 -1.416491145810949
752 -1.417083896668913
753 -1.416765521221483
754 -1.417367408520975
755 -1.416993285491026
756 -1.417566441149891
757 -1.4171691723716
758 -1.417919802523474
759 -1.417401440254059
760 -1.417889175750728
761 -1.417539513555677
762 -1.418361414889009
763 -1.417823624058093
764 -1.418120264436429
765 -1.417980299963805
766 -1.418450830211705
767 -1.41799618584531
768 -1.418772418395125
769 -1.418294927967593
770 -1.418477867236979
771 -1.418371382831553
772 -1.418735229643362
773 -1.418318945507379
774 -1.419084242915452
775 -1.418465846103281
776 -1.418732350698519
777 -1.418563313250611
778 -1.418919238849412
779 -1.418446041061632
780 -1.419151919219606
781 -1.418574672574356
782 -1.418824380970726
783 -1.41859292194454
784 -1.418897513135521
785 -1.41846464336444
786 -1.419137216685753
787 -1.418592205327521
788 -1.418631578771397
789 -1.418534216554598
790 -1.418782191057999
791 -1.418346667268697
792 -1.418887241058558
793 -1.418405300428401
794 -1.418496385736174
795 -1.418277123323504
796 -1.418581985613337
797 -1.41804212201613
798 -1.418671257828283
799 -1.418109384434669
800 -1.418167220839705
801 -1.417993616803984
802 -1.41822154416842
803 -1.417766842368499
804 -1.418253844019473
805 -1.41776723704578
806 -1.417861473837778
807 -1.417568347649091
808 -1.417944942308101
809 -1.417322557696221
810 -1.417926793869775
811 -1.417357879185277
812 -1.417417780831336
813 -1.417220507739511
814 -1.417451369978306
815 -1.416942123114692
816 -1.417551626823693
817 -1.416965860029078
818 -1.417031202649902
819 -1.416836095768795
820 -1.417068363840095
821 -1.416541515701585
822 -1.41720478130801
823 -1.416558414374528
824 -1.416685981504733
825 -1.416483828603339
826 -1.416725140590397
827 -1.416239721418499
828 -1.416798432411595
829 -1.416288821541789
830 -1.416384482611167
831 -1.416165440944788
832 -1.416442899321197
833 -1.415967115955251
834 -1.416585037814407
835 -1.416033393651644
836 -1.416152423175698
837 -1.41597917483822
838 -1.416285494296938
839 -1.415757021300304
840 -1.41645456097136
841 -1.415911335146194
842 -1.416104357330587
843 -1.415825627111646
844 -1.416249313164026
845 -1.415759890522232
846 -1.416462435823137
847 -1.415873353792127
848 -1.416087924842747
849 -1.415944182877486
850 -1.416246190309574
851 -1.415898087835677
852 -1.416518265688553
853 -1.416017728546489
854 -1.41637690480165
855 -1.416032184524993
856 -1.416655299896197
857 -1.416226837879902
858 -1.416528663902504
859 -1.416281892324136
860 -1.416858259637422
861 -1.416475522708348
862 -1.416795565133226
863 -1.41655021219217
864 -1.417109046790712
865 -1.416761584976918
866 -1.417166593004983
867 -1.416814747320867
868 -1.417633168961145
869 -1.4171354244059
870 -1.417365394074586
871 -1.417382625333254
872 -1.417732014438602
873 -1.41746157144869
874 -1.418234708064975
875 -1.417808322551626
876 -1.418062786560184
877 -1.418050648580668
878 -1.418518734885774
879 -1.418145342842324
880 -1.419014049860063
881 -1.418555398172246
882 -1.418807013533382
883 -1.418857500764903
884 -1.419230345982855
885 -1.418996456315112
886 -1.419786377018876
887 -1.419385063641192
888 -1.419673503751984
889 -1.419661203947116
890 -1.42018182616311
891 -1.419819193780191
892 -1.420651004986806
893 -1.420234656501202
894 -1.420525432806597
895 -1.42054025189347
896 -1.420983623912854
897 -1.420679948675331
898 -1.421569469740649
899 -1.421104598500434
900 -1.421352343546072
901 -1.421427610662248
902 -1.421810818262325
903 -1.421537935502027
904 -1.4223587600708
905 -1.421938108485167
906 -1.422202514516281
907 -1.422210813878231
908 -1.422621170728606
909 -1.422309854131358
910 -1.423183052306026
911 -1.422674899979941
912 -1.422920305304973
913 -1.422960091047973
914 -1.423320963546768
915 -1.423014764253567
916 -1.423803319764719
917 -1.423374339111578
918 -1.42357221232954
919 -1.423566819324897
920 -1.423921178069186
921 -1.423589790824574
922 -1.424405483137578
923 -1.423858959063789
924 -1.424079756359529
925 -1.424061831795489
926 -1.424375973562232
927 -1.424031058245037
928 -1.424742881178881
929 -1.424298468486101
930 -1.424454349279028
931 -1.424369973515353
932 -1.424711217227522
933 -1.424289158545519
934 -1.425090874992543
935 -1.424465476748069
936 -1.424635855415969
937 -1.424560626008813
938 -1.424849076506391
939 -1.424412895957633
940 -1.425145463682025
941 -1.424585002060832
942 -1.42467552366287
943 -1.424583599363947
944 -1.424820244387046
945 -1.424407036837439
946 -1.425093555606333
947 -1.424464810712599
948 -1.424590543583101
949 -1.424457701215938
950 -1.424687645875707
951 -1.424217809491337
952 -1.424864198711866
953 -1.424294519531829
954 -1.424353151281422
955 -1.424197477391646
956 -1.424397362671376
957 -1.423939137253772
958 -1.424574592755361
959 -1.423918860515764
960 -1.424009605790352
961 -1.423826424440747
962 -1.424043353744421
963 -1.423511606531345
964 -1.4241690311118
965 -1.42353690333587
966 -1.423541826957376
967 -1.423381010499719
968 -1.423546576428797
969 -1.423067871088659
970 -1.423680489928516
971 -1.423003496679125
972 -1.423070235733623
973 -1.422875486344668
974 -1.423056436551738
975 -1.422534920224117
976 -1.423126166531637
977 -1.422509695529068
978 -1.422613320754142
979 -1.422281193812274
980 -1.42255347755067
981 -1.422046821579579
982 -1.422598952888845
983 -1.421952660547545
984 -1.422108561887048
985 -1.421807900112133
986 -1.422100656196797
987 -1.421467343720555
988 -1.422172421765901
989 -1.421499016594336
990 -1.421600253500459
991 -1.421370512247017
992 -1.421614125748305
993 -1.421070888967041
994 -1.421745051269773
995 -1.421120954973561
996 -1.421196759336804
997 -1.421020580912855
998 -1.421265786958736
999 -1.420778831455868
1000 -1.421351925812742
1001 -1.420842188295866
1002 -1.420972578610834
1003 -1.420731783729776
1004 -1.420952507605073
1005 -1.420593339634424
1006 -1.421152545608992
1007 -1.420638266948174
1008 -1.42083690810285
1009 -1.420577514345392
1010 -1.420927203301439
1011 -1.420472991787312
1012 -1.421115157671438
1013 -1.420613550402285
1014 -1.420808501231849
1015 -1.420606677880871
1016 -1.420899170463449
1017 -1.420575289650605
1018 -1.421199339627721
1019 -1.42073265434151
1020 -1.420966896665225
1021 -1.420799685078207
1022 -1.421153365642462
1023 -1.420770490532804
1024 -1.421492823752588
1025 -1.421023135805298
1026 -1.421261252813032
1027 -1.421123442789614
1028 -1.421468317884379
1029 -1.421191174047765
1030 -1.421868638007894
1031 -1.421450842411925
1032 -1.421715695404175
1033 -1.421599748840542
1034 -1.422059965375746
1035 -1.421672377702049
1036 -1.422468835505089
1037 -1.422016168547837
1038 -1.422299789301603
1039 -1.422248908035274
1040 -1.422586307068913
1041 -1.422370956745896
1042 -1.423093734931735
1043 -1.422708939181139
1044 -1.423031779800814
1045 -1.42292479887217
1046 -1.423385882407122
1047 -1.423072215951901
1048 -1.423887727348708
1049 -1.423480672971578
1050 -1.423770296150302
1051 -1.423767333409099
1052 -1.42411534728807
1053 -1.423920473198681
1054 -1.424673137308776
1055 -1.424294158241849
1056 -1.42462530728335
1057 -1.424549774273211
1058 -1.425004634646301
1059 -1.424714221066119
1060 -1.425526088921161
1061 -1.425132816311125
1062 -1.425414043622819
1063 -1.425394422697316
1064 -1.425841703730963
1065 -1.425504985235425
1066 -1.426354522290062
1067 -1.425919067815957
1068 -1.426255670847116
1069 -1.426120330567908
1070 -1.426682377685181
1071 -1.426266180208394
1072 -1.427124288362051
1073 -1.426622843359207
1074 -1.426960165664544
1075 -1.426855994822327
1076 -1.427309352225057
1077 -1.42695349719027
1078 -1.427796650655022
1079 -1.427251364293548
1080 -1.427577811057177
1081 -1.427497541702202
1082 -1.427856717110379
1083 -1.427528100893086
1084 -1.428289022657037
1085 -1.427829010989721
1086 -1.428012839021131
1087 -1.427958480062567
1088 -1.428342583081289
1089 -1.427925865210347
1090 -1.428641312785887
1091 -1.428195549221412
1092 -1.42835675418238
1093 -1.428272170185353
1094 -1.428637472126596
1095 -1.42817870980314
1096 -1.428857608979618
1097 -1.428414675063265
1098 -1.428550192234469
1099 -1.428414714813579
1100 -1.428760787258104
1101 -1.4282780413945
1102 -1.428952931340506
1103 -1.428448436666448
1104 -1.428556733042888
1105 -1.428420899109786
1106 -1.428727460634529
1107 -1.428231848056751
1108 -1.428841679526687
1109 -1.428355769615414
1110 -1.428439475452277
1111 -1.428251502586412
1112 -1.428550606620483
1113 -1.428014408109423
1114 -1.428650049734737
1115 -1.428092380193475
1116 -1.42815291401305
1117 -1.427975000336719
1118 -1.428226897324904
1119 -1.427714861179052
1120 -1.428254854096707
1121 -1.427743177300602
1122 -1.427786124403205
1123 -1.427557722035946
1124 -1.427819320732841
1125 -1.427247845833156
1126 -1.42786354721126
1127 -1.427260853963288
1128 -1.427291006101457
1129 -1.427085579905354
1130 -1.42728507741355
1131 -1.426755382404996
1132 -1.427337247669477
1133 -1.426732659243323
1134 -1.426782885409324
1135 -1.426519038689538
1136 -1.426765651930062
1137 -1.426208091877493
1138 -1.426762910018223
1139 -1.426175825065495
1140 -1.426182924745609
1141 -1.425972827416182
1142 -1.426199719276573
1143 -1.425613271791964
1144 -1.426170103189659
1145 -1.425615400667457
1146 -1.4256475791027
1147 -1.425389882836099
1148 -1.425644011993756
1149 -1.425082946210641
1150 -1.425651188941838
1151 -1.425075265563814
1152 -1.425089469862403
1153 -1.424896184287589
1154 -1.425133731231356
1155 -1.424572184702843
1156 -1.425140723626714
1157 -1.424610949903065
1158 -1.424668302667067
1159 -1.42442882051436
1160 -1.424705364662945
1161 -1.424196190224633
1162 -1.424774095885684
1163 -1.424231243680098
1164 -1.424276994816369
1165 -1.424119322165201
1166 -1.424380159820265
1167 -1.423871773069618
1168 -1.424480996877938
1169 -1.423975769171036
1170 -1.424080360589401
1171 -1.423880042112616
1172 -1.424182963157897
1173 -1.423726382028342
1174 -1.424391366294202
1175 -1.423829592171094
1176 -1.423938225085976
1177 -1.423848601885182
1178 -1.424134142580669
1179 -1.423666286090109
1180 -1.424378801758269
1181 -1.423852824694258
1182 -1.424101802065021
1183 -1.423804450957846
1184 -1.424305703999432
1185 -1.423817898159999
1186 -1.424571399599589
1187 -1.423963132322824
1188 -1.424263069019838
1189 -1.424093172810367
1190 -1.424493844065433
1191 -1.424118148497589
1192 -1.424804296714061
1193 -1.424312888427321
1194 -1.424641500046249
1195 -1.424435830307091
1196 -1.424906285523255
1197 -1.424507405331826
1198 -1.425306055351885
1199 -1.424742377719982
1200 -1.425081861135198
1201 -1.424955040153241
1202 -1.425394508803811
1203 -1.425060629910502
1204 -1.425785904643983
1205 -1.425332216234595
1206 -1.425694221125518
1207 -1.425525482029883
1208 -1.426027421148307
1209 -1.425655794267058
1210 -1.426505513186391
1211 -1.425949124160294
1212 -1.426325480703946
1213 -1.426219268092788
1214 -1.426688002092575
1215 -1.426364690228798
1216 -1.427127601026649
1217 -1.426684030357166
1218 -1.427051109846862
1219 -1.42691525692671
1220 -1.427403697887728
1221 -1.427055567281593
1222 -1.42792792999401
1223 -1.427363663002947
1224 -1.427753251923205
1225 -1.427650746124796
1226 -1.428112164464499
1227 -1.427788664228054
1228 -1.428546227910683
1229 -1.428108791630397
1230 -1.428475763444808
1231 -1.428302054682057
1232 -1.42883298724777
1233 -1.42840790128548
1234 -1.429310527672297
1235 -1.42874405779255
1236 -1.429068219480546
1237 -1.428939396866308
1238 -1.429442869116419
1239 -1.429028082922754
1240 -1.429825567697194
1241 -1.42937900877231
1242 -1.429604479612115
1243 -1.429548167993367
1244 -1.429912380914851
1245 -1.429558864648019
1246 -1.430344819965479
1247 -1.429791945933787
1248 -1.430084465639083
1249 -1.429999159050879
1250 -1.430339128834039
1251 -1.429893040666377
1252 -1.430726612324992
1253 -1.430162270275808
1254 -1.43043015103607
1255 -1.430298877343972
1256 -1.430614580157306
1257 -1.430172912356716
1258 -1.430991122517628
1259 -1.430376486345457
1260 -1.430614739629986
1261 -1.430489776179105
1262 -1.430783329720961
1263 -1.430295987770786
1264 -1.431082676274609
1265 -1.430474586617148
1266 -1.430697506842962
1267 -1.430521637929285
1268 -1.430795008649749
1269 -1.4303000144006
1270 -1.431079102735325
1271 -1.430417364037894
1272 -1.430613288859446
1273 -1.430442526811928
1274 -1.430695567430449
1275 -1.430160113003133
1276 -1.430907873421881
1277 -1.430256386470656
1278 -1.43043773052586
1279 -1.430222600634376
1280 -1.430453799430054
1281 -1.429922172192305
1282 -1.430658197906166
1283 -1.429963717061877
1284 -1.430122161058412
1285 -1.429913397034003
1286 -1.430138584971211
1287 -1.42956246558101
1288 -1.430278463698521
1289 -1.429598563450324
1290 -1.429749590197333
1291 -1.429504075106635
1292 -1.429707145979503
1293 -1.429152705374847
1294 -1.429859664414391
1295 -1.429145822390465
1296 -1.429278960361847
1297 -1.429043580351236
1298 -1.42926974073737
1299 -1.42865763137583
1300 -1.429358148936723
1301 -1.428669354020575
1302 -1.428809302111504
1303 -1.428537487823558
1304 -1.428748846903797
1305 -1.428174843289845
1306 -1.428880535565761
1307 -1.428157534649098
1308 -1.428280874540488
1309 -1.428027079789685
1310 -1.428285438978868
1311 -1.427662438916186
1312 -1.428352408383792
1313 -1.427679588659123
1314 -1.427820003912276
1315 -1.427544500412561
1316 -1.427779245567887
1317 -1.427203319125201
1318 -1.427925020080324
1319 -1.427208072353357
1320 -1.427342826780645
1321 -1.427092104203854
1322 -1.427350231769624
1323 -1.426834866545041
1324 -1.427460870922557
1325 -1.426846462434145
1326 -1.426946418425939
1327 -1.426744026278151
1328 -1.426978085595475
1329 -1.426490579264029
1330 -1.427150308767474
1331 -1.426528424785777
1332 -1.426623840826708
1333 -1.426470050654254
1334 -1.426706650587196
1335 -1.426247374159326
1336 -1.426866906735183
1337 -1.426333914202685
1338 -1.426460905440034
1339 -1.426256766361045
1340 -1.426619738099699
1341 -1.426046886648919
1342 -1.42682591095509
1343 -1.426211726909655
1344 -1.426375355594482
1345 -1.426164761978165
1346 -1.426542777342509
1347 -1.426092094739528
1348 -1.426747792688026
1349 -1.426205328080338
1350 -1.426446649561729
1351 -1.426238168798921
1352 -1.426595673900239
1353 -1.426167849392681
1354 -1.426889522869563
1355 -1.426334102993645
1356 -1.426583799754916
1357 -1.426418535340805
1358 -1.426800714145631
1359 -1.426364540152061
1360 -1.427136878770134
1361 -1.426585452052737
1362 -1.426858321756511
1363 -1.426731516383225
1364 -1.427039108885734
1365 -1.4267392862337
1366 -1.427442455824826
1367 -1.426958195787478
1368 -1.427202907519167
1369 -1.427076548411107
1370 -1.427608916026968
1371 -1.427086653963727
1372 -1.427805483839351
1373 -1.427424116482824
1374 -1.427656886246717
1375 -1.427534460682352
1376 -1.428042573863558
1377 -1.42755969132017
1378 -1.428362008761846
1379 -1.427926470427872
1380 -1.428131241709803
1381 -1.428095727339719
1382 -1.428529367637932
1383 -1.428109482061709
1384 -1.428874839170756
1385 -1.428494361376472
1386 -1.428696148657097
1387 -1.42865056554533
1388 -1.429068095345051
1389 -1.428688210148786
1390 -1.429429861677395
1391 -1.429042351857013
1392 -1.429263093184872
1393 -1.429203554749358
1394 -1.429659597455369
1395 -1.429225139295089
1396 -1.430006024674565
1397 -1.429599276821762
1398 -1.429799566241765
1399 -1.4297434009938
1400 -1.430172249223896
1401 -1.429760624374768
1402 -1.430534309452334
1403 -1.43010392896284
1404 -1.430299002549436
1405 -1.43025876512572
1406 -1.430648057367715
1407 -1.430274556776683
1408 -1.430952587241598
1409 -1.430580502433259
1410 -1.430765422188104
1411 -1.430674891976638
1412 -1.431078837049756
1413 -1.430646947903298
1414 -1.431414598947398
1415 -1.430935420122326
1416 -1.431112373677733
1417 -1.431038927305322
1418 -1.431383763047668
1419 -1.430981936943943
1420 -1.431722887980016
1421 -1.431199002776438
1422 -1.431447174299091
1423 -1.431262612936875
1424 -1.431645843108923
1425 -1.43119107426932
1426 -1.431965353121498
1427 -1.431387285047471
1428 -1.43163380655641
1429 -1.431387971926994
1430 -1.431803043441162
1431 -1.431311868771247
1432 -1.432054026777498
1433 -1.431483752016984
1434 -1.431690299537125
1435 -1.431450526184957
1436 -1.431826932624055
1437 -1.431365370018381
1438 -1.432020089239342
1439 -1.431487713952579
1440 -1.431647641584369
1441 -1.431451353512186
1442 -1.43171229092525
1443 -1.43127878353755
1444 -1.431977295730559
1445 -1.431345054362514
1446 -1.431469809427328
1447 -1.431322464076877
1448 -1.431546884925393
1449 -1.431106223551269
1450 -1.43178212922727
1451 -1.431146124707133
1452 -1.431228393157798
1453 -1.431102583912683
1454 -1.431312043803864
1455 -1.430833788830718
1456 -1.431508498449142
1457 -1.430858407438657
1458 -1.430953089983037
1459 -1.43078187511633
1460 -1.430979813570873
1461 -1.430518851071191
1462 -1.431153420591863
1463 -1.430545827959405
1464 -1.430565828894273
1465 -1.43043354126722
1466 -1.430622306942997
1467 -1.430127623035826
1468 -1.430770389391881
1469 -1.430130823361981
1470 -1.430209337297793
1471 -1.430011909285583
1472 -1.430202228254706
1473 -1.429731567778456
1474 -1.430326854284441
1475 -1.429741341855784
1476 -1.429795556745043
1477 -1.429587489198473
1478 -1.429791199431416
1479 -1.429302384270414
1480 -1.429941233206836
1481 -1.429274329904191
1482 -1.429423621782268
1483 -1.429167106376204
1484 -1.429402687642155
1485 -1.428855243009662
1486 -1.429532494692028
1487 -1.428926516758908
1488 -1.429000234835407
1489 -1.428722172472571
1490 -1.429075863964109
1491 -1.428462923313695
1492 -1.429177392185765
1493 -1.428567321753181
1494 -1.428649820478264
1495 -1.428372089109432
1496 -1.428714297825195
1497 -1.428164679579224
1498 -1.428844149870965
1499 -1.428262075195585
1500 -1.428351347950723
1501 -1.428104420235158
1502 -1.428465689531793
1503 -1.427888530678819
1504 -1.428609577311938
1505 -1.4280273787124
1506 -1.428162040081587
1507 -1.427884348443765
1508 -1.42825412010286
1509 -1.427743985366366
1510 -1.428426735567232
1511 -1.427876557521511
1512 -1.42802659118596
1513 -1.427771600198461
1514 -1.428215041441985
1515 -1.427617971474049
1516 -1.428399043021767
1517 -1.427794696846485
1518 -1.42798437006182
1519 -1.427800627033975
1520 -1.428140095850027
1521 -1.427658617033058
1522 -1.428420917684573
1523 -1.427878032929788
1524 -1.428037795610483
1525 -1.427848176605185
1526 -1.428256865780116
1527 -1.427775438371563
1528 -1.428506776387123
1529 -1.428031801492984
1530 -1.428219177168744
1531 -1.427989093620797
1532 -1.428482020231961
1533 -1.42795226840954
1534 -1.42878749590086
1535 -1.428241493859041
1536 -1.428429440294262
1537 -1.428269348238312
1538 -1.428731439067996
1539 -1.428241533612298
1540 -1.429055273583858
1541 -1.428573090199647
1542 -1.428759024429515
1543 -1.428609085495975
1544 -1.429048261262554
1545 -1.428626123255888
1546 -1.429399176194532
1547 -1.428933031341123
1548 -1.42916362573863
1549 -1.428978485905387
1550 -1.429504921034104
1551 -1.428987262881385
1552 -1.429855411178463
1553 -1.429355706132979
1554 -1.429562449013855
1555 -1.429418863930508
1556 -1.429897994838564
1557 -1.429449053540307
1558 -1.430292972662614
1559 -1.429786990352964
1560 -1.430024104051119
1561 -1.429874826817603
1562 -1.430351721734353
1563 -1.429906082109132
1564 -1.430707720052992
1565 -1.430256746362054
1566 -1.430475287748566
1567 -1.430319724976103
1568 -1.43079533243336
1569 -1.430340416659065
1570 -1.431183755812622
1571 -1.430653139366314
1572 -1.430926470652414
1573 -1.430731621505688
1574 -1.431217111955575
1575 -1.430753080003391
1576 -1.431558867493652
1577 -1.431071478333307
1578 -1.431295696581302
1579 -1.431138693954352
1580 -1.431570901228173
1581 -1.431126797031211
1582 -1.431928427732148
1583 -1.431380543518974
1584 -1.431640929811961
1585 -1.431486224794902
1586 -1.431879989977029
1587 -1.431406858910567
1588 -1.432209410605666
1589 -1.431688401251531
1590 -1.431872580790273
1591 -1.431762564175107
1592 -1.432114294922374
1593 -1.431681311926
1594 -1.432387550109237
1595 -1.431888180510948
1596 -1.43210008214011
1597 -1.431915705729508
1598 -1.432216987755478
1599 -1.43185011972605
1600 -1.432503732132191
1601 -1.432007078954041
1602 -1.432215851584551
1603 -1.431993583491957
1604 -1.432283311690941
1605 -1.431912800562247
1606 -1.43256856159458
1607 -1.432025266158884
1608 -1.432215372895368
1609 -1.43200429334478
1610 -1.432275656867526
1611 -1.431879389678329
1612 -1.432503904682068
1613 -1.431979082974451
1614 -1.432157067564293
1615 -1.43191464105029
1616 -1.432167736075543
1617 -1.431774483492527
1618 -1.432399098996494
1619 -1.431831979785474
1620 -1.431995412497237
1621 -1.431755476881229
1622 -1.432005825567217
1623 -1.431580717257811
1624 -1.432180591392159
1625 -1.431633470310105
1626 -1.431780798157798
1627 -1.431534634031305
1628 -1.431746271983737
1629 -1.43133933019545
1630 -1.431940530442558
1631 -1.431355848551843
1632 -1.431493225044465
1633 -1.431240753829998
1634 -1.431474243340922
1635 -1.431028781989806
1636 -1.431610285940482
1637 -1.4310511604234
1638 -1.431168090786263
1639 -1.430949036232936
1640 -1.431114000142411
1641 -1.430702356349898
1642 -1.431294388440186
1643 -1.430701492509894
1644 -1.430810033508993
1645 -1.430575008568923
1646 -1.430799515813712
1647 -1.430334188884343
1648 -1.430918359958751
1649 -1.430350298514228
1650 -1.430453231372141
1651 -1.430225131185241
1652 -1.430462533699089
1653 -1.429967981232698
1654 -1.430588100872214
1655 -1.430005776309133
1656 -1.430106670211863
1657 -1.429853296969234
1658 -1.430157048568771
1659 -1.429635287298548
1660 -1.430272047506744
1661 -1.429630073974005
1662 -1.429823179285018
1663 -1.42958494000738
1664 -1.42982680209773
1665 -1.429280076476053
1666 -1.430036404741485
1667 -1.429351557671551
1668 -1.429515947138458
1669 -1.429336638888553
1670 -1.429565483154944
1671 -1.429039507020835
1672 -1.429758680934588
1673 -1.429134272286437
1674 -1.429330598829831
1675 -1.429104824916377
1676 -1.429389305055542
1677 -1.428840439193653
1678 -1.429641058814701
1679 -1.428957743771439
1680 -1.429149193150449
1681 -1.428983485434135
1682 -1.429262837754053
1683 -1.42872715051655
1684 -1.429510241583471
1685 -1.428887182916523
1686 -1.429090966758931
1687 -1.42892608832345
1688 -1.429182938272825
1689 -1.428726766643063
1690 -1.429473280543497
1691 -1.428869966930604
1692 -1.429102177211638
1693 -1.428919940862507
1694 -1.42929027921381
1695 -1.428712758156865
1696 -1.429572945978517
1697 -1.428942107317395
1698 -1.429176312592269
1699 -1.429021194738544
1700 -1.42933730378729
1701 -1.428886877115918
1702 -1.429681559479426
1703 -1.429089123796202
1704 -1.429326299771579
1705 -1.429175851823092
1706 -1.429535521662001
1707 -1.429117357513955
1708 -1.429807754178203
1709 -1.429356163658632
1710 -1.429548004195206
1711 -1.429433091750581
1712 -1.429770356398868
1713 -1.429360870289215
1714 -1.430140741505054
1715 -1.42957017113016
1716 -1.429826880241618
1717 -1.429707411359134
1718 -1.430073529152634
1719 -1.429637198944038
1720 -1.430421096895609
1721 -1.429910907817817
1722 -1.430164051314172
1723 -1.430011233598606
1724 -1.430407803898476
1725 -1.429975955683144
1726 -1.430793184914109
1727 -1.430273705884969
1728 -1.430486037810107
1729 -1.430345470239194
1730 -1.430767760479759
1731 -1.430383874068257
1732 -1.431091982417665
1733 -1.430569692727417
1734 -1.43089881177991
1735 -1.430684109319146
1736 -1.431130101379462
1737 -1.430725204652779
1738 -1.431482705040617
1739 -1.430910363785943
1740 -1.431213172301795
1741 -1.431045863456656
1742 -1.431464400140871
1743 -1.431055988298053
1744 -1.431805678564176
1745 -1.431239506731545
1746 -1.431554783686771
1747 -1.431358388949496
1748 -1.431758615063734
1749 -1.431386810296569
1750 -1.43208274187301
1751 -1.431536434468215
1752 -1.431832089014669
1753 -1.431638670117334
1754 -1.432050276633148
1755 -1.431607563139037
1756 -1.432384217235179
1757 -1.431764235223533
1758 -1.432074862554103
1759 -1.431857717709044
1760 -1.432247151063013
1761 -1.431838692498306
1762 -1.432542764701739
1763 -1.43197408932799
1764 -1.432235794816336
1765 -1.43203552640374
1766 -1.432415624385336
1767 -1.43193807578921
1768 -1.43268512830458
1769 -1.43215625622005
1770 -1.432303617820009
1771 -1.43216616405575
1772 -1.432473585164581
1773 -1.432053245720901
1774 -1.432729296369314
1775 -1.432192034995185
1776 -1.432383926836253
1777 -1.432181893545123
1778 -1.432485423793024
1779 -1.432050471055069
1780 -1.43273748891042
1781 -1.432193516700373
1782 -1.432334081986222
1783 -1.432168478212149
1784 -1.432413550661945
1785 -1.432021603965165
1786 -1.432689841464718
1787 -1.432063452340078
1788 -1.432273606821013
1789 -1.43207343058121
1790 -1.4323670800053
1791 -1.431824170952189
1792 -1.432571990908086
1793 -1.431995271765123
1794 -1.432094022243863
1795 -1.431865658109166
1796 -1.432205159785682
1797 -1.431687871502491
1798 -1.432379005960572
1799 -1.431771389769791
1800 -1.43191199966105
1801 -1.431672969207056
1802 -1.432000103062298
1803 -1.431460024724138
1804 -1.432152751187914
1805 -1.431545992515505
1806 -1.431693422492973
1807 -1.431422038169934
1808 -1.4317457356828
1809 -1.431253037162382
1810 -1.431859263184786
1811 -1.431303468452862
1812 -1.431433043948479
1813 -1.431197601671904
1814 -1.431440548298538
1815 -1.430968527696703
1816 -1.43165837911313
1817 -1.43100185461787
1818 -1.431103249397642
1819 -1.430946116839548
1820 -1.431151983721479
1821 -1.430706929781525
1822 -1.431364201784228
1823 -1.430733577177836
1824 -1.430818284109505
1825 -1.43068063464159
1826 -1.430905247045583
1827 -1.430414995665546
1828 -1.431115916332989
1829 -1.43046588041888
1830 -1.430567041544839
1831 -1.430416852499751
1832 -1.430627050390752
1833 -1.43019063105556
1834 -1.430840071872761
1835 -1.430256933160219
1836 -1.430313953417388
1837 -1.430198011461518
1838 -1.430430761047351
1839 -1.429952325242554
1840 -1.430649896617984
1841 -1.430032623853978
1842 -1.430146255671902
1843 -1.42999650952496
1844 -1.430226027590067
1845 -1.429802606902726
1846 -1.430438395626709
1847 -1.429876410571814
1848 -1.430043476354925
1849 -1.42984824207461
1850 -1.430143430284923
1851 -1.429615488154311
1852 -1.430389077860631
1853 -1.4297605164114
1854 -1.429946907854746
1855 -1.429757666711322
1856 -1.430045677893979
1857 -1.429579041029617
1858 -1.430303107386803
1859 -1.429719165660145
1860 -1.429915239353932
1861 -1.429723426894482
1862 -1.430077702177653
1863 -1.429545658281113
1864 -1.430332711264283
1865 -1.429768666107097
1866 -1.429902360290808
1867 -1.429786811425195
1868 -1.430093368361291
1869 -1.429675879792667
1870 -1.430317226454766
1871 -1.429841881538205
1872 -1.430055539707206
1873 -1.429835480233224
1874 -1.430207510013875
1875 -1.429753792454687
1876 -1.430507653988359
1877 -1.429970638956644
1878 -1.430147317030767
1879 -1.430015217383945
1880 -1.430323836103693
1881 -1.42995014901296
1882 -1.43069946372745
1883 -1.430103939803811
1884 -1.430358527333701
1885 -1.430229406556351
1886 -1.430566000475539
1887 -1.430105411918731
1888 -1.430883140906208
1889 -1.430397507323933
1890 -1.430573188654707
1891 -1.430393858655485
1892 -1.430831725659241
1893 -1.43035472118497
1894 -1.431162373432048
1895 -1.430603816911437
1896 -1.430816603071221
1897 -1.43067220544566
1898 -1.431069163065027
1899 -1.430629053189342
1900 -1.431383964945613
1901 -1.430875830325583
1902 -1.431116077281736
1903 -1.430923173966437
1904 -1.431344941319632
1905 -1.430914353591231
1906 -1.431649062905531
1907 -1.431157393233111
1908 -1.431335425274868
1909 -1.431262118720875
1910 -1.431578132935311
1911 -1.431189136862105
1912 -1.431903875911152
1913 -1.431375360170897
1914 -1.431648346775088
1915 -1.431499372923685
1916 -1.431838908298908
1917 -1.43136803694124
1918 -1.43222388585205
1919 -1.431604379637301
1920 -1.431853804592348
1921 -1.431746327890985
1922 -1.432053966510777
1923 -1.431595451983811
1924 -1.432405429601167
1925 -1.431826447134167
1926 -1.432071002831246
1927 -1.431930287979036
1928 -1.432244529570379
1929 -1.431780095809363
1930 -1.432591496965286
1931 -1.431983759270312
1932 -1.432224828130842
1933 -1.432095298467102
1934 -1.432391311808068
1935 -1.431915862861804
1936 -1.432711419890446
1937 -1.43211575100892
1938 -1.432344303737992
1939 -1.432176542992205
1940 -1.432510425751024
1941 -1.431996206848955
1942 -1.432801679683108
1943 -1.432175838773878
1944 -1.432405204494581
1945 -1.432239712787556
1946 -1.432545383761603
1947 -1.432044045834642
1948 -1.432821347459813
1949 -1.432207545162311
1950 -1.432415056791956
1951 -1.432206371081631
1952 -1.432528879087674
1953 -1.432104936592081
1954 -1.432729013825172
1955 -1.432209792213608
1956 -1.432367835615783
1957 -1.432175489366652
1958 -1.432467326263784
1959 -1.432004851935564
1960 -1.432718661361146
1961 -1.432108097947921
1962 -1.432244209277465
1963 -1.432087632476681
1964 -1.432353503506358
1965 -1.43191702044762
1966 -1.432564996828827
1967 -1.432004608589572
1968 -1.432103530130492
1969 -1.431966636060599
1970 -1.432253182687754
1971 -1.431706111198418
1972 -1.432446672490271
1973 -1.431850429605069
1974 -1.431986596429367
1975 -1.43173037852862
1976 -1.432066751140302
1977 -1.431607591205339
1978 -1.432219860602569
1979 -1.431609297287429
1980 -1.431814931241697
1981 -1.431559191020599
1982 -1.431883372323661
1983 -1.431360567941196
1984 -1.432043944925915
1985 -1.431419376171637
1986 -1.431595379637642
1987 -1.431355799420101
1988 -1.43164725113345
1989 -1.431164594594017
1990 -1.431837148246807
1991 -1.431195057935821
1992 -1.431395664179938
1993 -1.431172331860458
1994 -1.431426132413536
1995 -1.430957277992394
1996 -1.431643577196024
1997 -1.431032808298979
1998 -1.431129762644658
1999 -1.43097274236632
2000 -1.431262810334531
