"cl-rfile"
"Iteration" "cl"
("Iteration" "cl")
1 -0.02677909296536782
2 -0.08123511012042049
3 -0.1520388843668362
4 -0.229816696008496
5 -0.3052379385665573
6 -0.3813559547485052
7 -0.4454486737376459
8 -0.5004050375404767
9 -0.5431346468232775
10 -0.5813593707310428
11 -0.6106887824338849
12 -0.6359342092707058
13 -0.6568341215441978
14 -0.6770342831532962
15 -0.6961336226041299
16 -0.7164095905719889
17 -0.7365747958464975
18 -0.7588139778337301
19 -0.7818778260597045
20 -0.8059872702105272
21 -0.830684376115768
22 -0.8559676747274629
23 -0.8812213126895764
24 -0.9065626274009159
25 -0.9314351613017954
26 -0.955946550928985
27 -0.97985148592423
28 -1.002927939153145
29 -1.025554147896118
30 -1.047173163641659
31 -1.068356612573066
32 -1.088171475764825
33 -1.107306765180054
34 -1.125677722387176
35 -1.142360167939469
36 -1.158914073256262
37 -1.173258576400901
38 -1.187682526335301
39 -1.199889136639943
40 -1.212106613154683
41 -1.2224605665673
42 -1.232733914960082
43 -1.24140825441217
44 -1.250109627327927
45 -1.257410272743345
46 -1.264856200737426
47 -1.271255862316554
48 -1.277863031898371
49 -1.283439497046233
50 -1.289439650198414
51 -1.294316021817882
52 -1.299897248872186
53 -1.304036306837516
54 -1.308982287902879
55 -1.312384239855337
56 -1.316447874682675
57 -1.31899380704592
58 -1.322073991828234
59 -1.323681184667233
60 -1.325644807746037
61 -1.326378935634351
62 -1.327256956968754
63 -1.327178986460957
64 -1.327181891644937
65 -1.326465766357032
66 -1.325910839916363
67 -1.324684895080894
68 -1.323752058341569
69 -1.322396195849517
70 -1.321262162623948
71 -1.320002090356449
72 -1.318867259248234
73 -1.317859654475513
74 -1.316943202063671
75 -1.316270080472884
76 -1.315611262000366
77 -1.315519122358939
78 -1.315100899635432
79 -1.315472895901307
80 -1.315400063818881
81 -1.316255121376733
82 -1.316404786302387
83 -1.317611106125303
84 -1.3180141119938
85 -1.319595061284147
86 -1.320172265981796
87 -1.321769119096235
88 -1.322572534136182
89 -1.324401978889939
90 -1.3250494016315
91 -1.326960168544461
92 -1.327695291905625
93 -1.329535520815604
94 -1.330203642246853
95 -1.332092265335812
96 -1.332555275241606
97 -1.334520228606058
98 -1.334824903985326
99 -1.336589994077849
100 -1.336765101860716
101 -1.338581993458731
102 -1.338711402307241
103 -1.340168847717974
104 -1.340387590672774
105 -1.34171200283032
106 -1.341806803937581
107 -1.34294798244625
108 -1.343081807893969
109 -1.344170426190614
110 -1.344298516883729
111 -1.345051360139466
112 -1.345306238478335
113 -1.346089732101011
114 -1.346201350252646
115 -1.346841452652065
116 -1.34700651837422
117 -1.347642574336349
118 -1.347831914673481
119 -1.348152624426701
120 -1.348523117170374
121 -1.348837970508756
122 -1.349080785416703
123 -1.349293879465549
124 -1.349609042141805
125 -1.349785151672998
126 -1.350063903242248
127 -1.350135936637151
128 -1.350365669885432
129 -1.350526903290991
130 -1.35069532058311
131 -1.350708623318471
132 -1.350923773218966
133 -1.351005709043511
134 -1.351128688564103
135 -1.351164754697618
136 -1.351337419807699
137 -1.351411916580995
138 -1.351574857565579
139 -1.351622398169312
140 -1.351818117663299
141 -1.351937348569159
142 -1.352145596611874
143 -1.352233567877756
144 -1.352514954191329
145 -1.352648621290477
146 -1.352950662216368
147 -1.353072226609491
148 -1.353437264346806
149 -1.353586597808073
150 -1.3539271359925
151 -1.354129000416056
152 -1.354453571359787
153 -1.35467638199472
154 -1.354983677589137
155 -1.355162720068291
156 -1.355477809911747
157 -1.35561288914889
158 -1.355930614863948
159 -1.355932335537341
160 -1.356201633880665
161 -1.356240884279959
162 -1.356437547526625
163 -1.356302191301688
164 -1.356442011884487
165 -1.356337284328369
166 -1.356383101067905
167 -1.356102786371059
168 -1.35609072101721
169 -1.355829061265754
170 -1.355727555209117
171 -1.355333024215734
172 -1.355211538579896
173 -1.35475591818264
174 -1.354580866575938
175 -1.35409311044431
176 -1.353872764100307
177 -1.353375163584571
178 -1.353123052622472
179 -1.352614785151875
180 -1.352347586013368
181 -1.351855674946064
182 -1.351590464017872
183 -1.351116744020988
184 -1.350876168070604
185 -1.350422916737269
186 -1.350213273499713
187 -1.349795844954969
188 -1.349613192540678
189 -1.349254480526205
190 -1.34910624590993
191 -1.348788013855199
192 -1.348685091911555
193 -1.348408202703556
194 -1.348341544279459
195 -1.348118272825354
196 -1.348085345385302
197 -1.347899960659455
198 -1.347906362061569
199 -1.34774532805681
200 -1.347783620468155
201 -1.347654465911713
202 -1.347711876994357
203 -1.347607177547404
204 -1.347698136402939
205 -1.347575537052405
206 -1.347702207979599
207 -1.347588878319457
208 -1.347721023482787
209 -1.347620888500032
210 -1.34777260702781
211 -1.34764304869137
212 -1.347835204316282
213 -1.347686848690366
214 -1.347904615034677
215 -1.347732089298339
216 -1.347999011577284
217 -1.34773712802703
218 -1.348139353774671
219 -1.347743463310244
220 -1.348292859079203
221 -1.347886728694776
222 -1.348193725748489
223 -1.347840897388353
224 -1.348563656569034
225 -1.348074696657855
226 -1.348224118817078
227 -1.348255424670369
228 -1.348407838952809
229 -1.348316439777956
230 -1.348564679032829
231 -1.348412147194912
232 -1.348715051562263
233 -1.348485780643549
234 -1.348904617324935
235 -1.348504826442682
236 -1.34909201315736
237 -1.348659871601967
238 -1.348953845276514
239 -1.34867632195339
240 -1.349249338058297
241 -1.34878325222217
242 -1.349040688348518
243 -1.34880710069366
244 -1.349292760365044
245 -1.348795597638152
246 -1.349113525984503
247 -1.348713949461998
248 -1.349267688370249
249 -1.348777323545211
250 -1.348787784455779
251 -1.348670605025678
252 -1.348786472543946
253 -1.348450503446181
254 -1.348658730255676
255 -1.34820410119995
256 -1.348628157858216
257 -1.348021478742149
258 -1.348138472787438
259 -1.347606464336121
260 -1.348142315297392
261 -1.347486030738295
262 -1.347420864183395
263 -1.347169064111212
264 -1.347217959682
265 -1.346779281148364
266 -1.346938576672523
267 -1.346384704522133
268 -1.346676740580512
269 -1.346042677161507
270 -1.346189690292888
271 -1.345537724011359
272 -1.346072241712163
273 -1.345337101151271
274 -1.345319196193271
275 -1.345022910681666
276 -1.345043394179942
277 -1.344684545252287
278 -1.344779671126096
279 -1.344362583494585
280 -1.344532448301128
281 -1.344019105226571
282 -1.344417029597379
283 -1.343798979337387
284 -1.343950428652011
285 -1.343561626206624
286 -1.344034599363619
287 -1.343464061006944
288 -1.343518594547811
289 -1.34333361170069
290 -1.343548048486041
291 -1.343182860723168
292 -1.343640940577284
293 -1.343137619571931
294 -1.343505286296623
295 -1.343081131126843
296 -1.343677601690456
297 -1.343232435532509
298 -1.343442714680095
299 -1.343315184717889
300 -1.343674778047264
301 -1.343453362146333
302 -1.343897297960772
303 -1.343587697082676
304 -1.344119840920861
305 -1.343819278149539
306 -1.344294690884167
307 -1.343998038928874
308 -1.344780203488742
309 -1.34443519293599
310 -1.344735907422282
311 -1.344822696617648
312 -1.345159466758729
313 -1.345175898414837
314 -1.34559668227474
315 -1.345627849701082
316 -1.346061125171474
317 -1.346017309611162
318 -1.346639776473039
319 -1.346421592859017
320 -1.34723730848264
321 -1.346993627280345
322 -1.347499048003613
323 -1.34746675084672
324 -1.348363818455987
325 -1.348105183038039
326 -1.348632351131201
327 -1.34865160644397
328 -1.349425238831168
329 -1.349262352160869
330 -1.35005048175845
331 -1.349909573486254
332 -1.350566893927246
333 -1.350477411431848
334 -1.351432853863064
335 -1.351217084946501
336 -1.351642588587558
337 -1.352001353219302
338 -1.352362012575867
339 -1.352603926755516
340 -1.353041150238564
341 -1.35322208812841
342 -1.353806953252115
343 -1.353766304565268
344 -1.354519071356312
345 -1.35441444094852
346 -1.35518114705978
347 -1.354982995447364
348 -1.355652511701993
349 -1.355536640681335
350 -1.356509940622074
351 -1.356233564984852
352 -1.35665804229116
353 -1.356837166072707
354 -1.357326101602532
355 -1.357356763956184
356 -1.357911288328692
357 -1.357803036641979
358 -1.358608462716192
359 -1.358322338102456
360 -1.358797750656766
361 -1.358721968968993
362 -1.359497717621718
363 -1.359185699679393
364 -1.359763041475434
365 -1.359492420693378
366 -1.360380140194217
367 -1.35999578628087
368 -1.36032169286808
369 -1.36039852990266
370 -1.360766623149955
371 -1.360702204537489
372 -1.361139560576244
373 -1.360902745609893
374 -1.361571096655652
375 -1.361128400317539
376 -1.361804871421344
377 -1.361339201872857
378 -1.362085946512037
379 -1.361588769450296
380 -1.362107093822714
381 -1.361738313739034
382 -1.362578863594608
383 -1.362024807677525
384 -1.362359435725446
385 -1.362212825667343
386 -1.362612458908116
387 -1.362317174163746
388 -1.362851053163395
389 -1.362391800322093
390 -1.36308066853066
391 -1.36253051660271
392 -1.363006734824302
393 -1.362572480881618
394 -1.363382498439958
395 -1.362784161314634
396 -1.363080567923796
397 -1.362928902864198
398 -1.363250475038213
399 -1.362974508236136
400 -1.363411750395758
401 -1.363051730790954
402 -1.363607254032712
403 -1.363123255898509
404 -1.363660749634889
405 -1.36320752884041
406 -1.363798355839994
407 -1.363306033686836
408 -1.363820422269253
409 -1.363362344318162
410 -1.364166493032998
411 -1.363585433249805
412 -1.363938112356095
413 -1.363752886862952
414 -1.364238705553547
415 -1.363807516533619
416 -1.364610710195962
417 -1.364112661684988
418 -1.364456293371423
419 -1.364229461829103
420 -1.364873327637746
421 -1.364430154036922
422 -1.365189926345798
423 -1.364732315593947
424 -1.365221475484862
425 -1.364945384872857
426 -1.365726288329999
427 -1.365252860610612
428 -1.365919574587547
429 -1.365509202560089
430 -1.366434701235472
431 -1.366005175080516
432 -1.366439810195864
433 -1.36643740512799
434 -1.366903277334459
435 -1.366775412589679
436 -1.367401540450943
437 -1.367223704831038
438 -1.367975737881986
439 -1.367653005490982
440 -1.368373508541174
441 -1.368108784972225
442 -1.36896937041423
443 -1.368703348845899
444 -1.369246159991385
445 -1.369181846193884
446 -1.370110479902989
447 -1.369733043128175
448 -1.370542282832975
449 -1.370311746206647
450 -1.37133014348209
451 -1.371029683963844
452 -1.371596063162699
453 -1.37174796332576
454 -1.372308710563559
455 -1.372289208474623
456 -1.373089686879466
457 -1.372945327407613
458 -1.373910116108546
459 -1.373666043648403
460 -1.37435984164688
461 -1.374284606761434
462 -1.375297614642281
463 -1.375068561837709
464 -1.375864475034671
465 -1.375699152826725
466 -1.376812849050675
467 -1.376553857361518
468 -1.377129022005309
469 -1.377291959845912
470 -1.377999550129847
471 -1.377968125218147
472 -1.378874254115781
473 -1.378671482752504
474 -1.379604453499947
475 -1.379340160156486
476 -1.380309203129656
477 -1.380119428059267
478 -1.381009463043789
479 -1.380812898194386
480 -1.381710443309162
481 -1.381509532766077
482 -1.382455946780119
483 -1.382219596804546
484 -1.3829231875633
485 -1.382843527846434
486 -1.383876831045206
487 -1.383579928130141
488 -1.384191094142017
489 -1.384188242805525
490 -1.384966967232647
491 -1.384748587544201
492 -1.385727454735479
493 -1.385432218163509
494 -1.385998500284392
495 -1.385971591013687
496 -1.386666407265012
497 -1.386449380756681
498 -1.387378747202959
499 -1.387040171468262
500 -1.38757675700688
501 -1.387498112719383
502 -1.388187266503277
503 -1.387882831538938
504 -1.388795057242522
505 -1.388419191287761
506 -1.388883585393821
507 -1.388796510595008
508 -1.38936631986225
509 -1.389118988998297
510 -1.389888111860382
511 -1.389482644504301
512 -1.390045491827028
513 -1.389668536781686
514 -1.390591470598891
515 -1.390113352382625
516 -1.390435434357603
517 -1.390362218277939
518 -1.390843029746808
519 -1.390469046762822
520 -1.391192240396827
521 -1.390739521048948
522 -1.391243161295318
523 -1.390785372980818
524 -1.391629461013517
525 -1.391044259705236
526 -1.391381768681335
527 -1.39119994195346
528 -1.391628807547303
529 -1.39116576139383
530 -1.391968014500526
531 -1.391354796409053
532 -1.391644776682458
533 -1.391457534784053
534 -1.391832271483259
535 -1.391354623655072
536 -1.392106344013532
537 -1.391493669335286
538 -1.391781814414516
539 -1.391511371163336
540 -1.39195070185271
541 -1.391389873924909
542 -1.39217085255316
543 -1.391509019427902
544 -1.391744904607066
545 -1.391555683893785
546 -1.391859741731763
547 -1.391416627863906
548 -1.392045163451288
549 -1.391438305488852
550 -1.391886316785225
551 -1.391354569752115
552 -1.392066037976845
553 -1.391447278741328
554 -1.391719051345787
555 -1.391438773853844
556 -1.391828780695226
557 -1.39136729593955
558 -1.392021211888153
559 -1.391445294100393
560 -1.39178614756796
561 -1.391396137274104
562 -1.392009406270943
563 -1.391452803774426
564 -1.391948343532499
565 -1.391428942466766
566 -1.392157643090132
567 -1.39156309871749
568 -1.391941922575314
569 -1.391600710434101
570 -1.392290056851584
571 -1.391725872185686
572 -1.392175971065932
573 -1.391766512411094
574 -1.39254189386104
575 -1.392023249586952
576 -1.392343265938416
577 -1.392135784441326
578 -1.39271270603112
579 -1.392193316359769
580 -1.39303025343076
581 -1.392565725066299
582 -1.39286597253639
583 -1.392744331597102
584 -1.393248212486144
585 -1.392891899951715
586 -1.393634320214028
587 -1.393225070864308
588 -1.393757220418846
589 -1.393371126556451
590 -1.394329736072953
591 -1.393793420066838
592 -1.39419335709779
593 -1.394198900453407
594 -1.394635171242819
595 -1.39443434297082
596 -1.395168562726592
597 -1.394749867824697
598 -1.395592423167057
599 -1.395224820671566
600 -1.395735769074105
601 -1.395532559455944
602 -1.396413488197971
603 -1.396048877871667
604 -1.39657703343911
605 -1.396405118519063
606 -1.39719381879889
607 -1.396854923519318
608 -1.397638974270744
609 -1.397334444110939
610 -1.398050495132872
611 -1.397744639642805
612 -1.398658961981122
613 -1.398325378528292
614 -1.39887779437619
615 -1.398750068406106
616 -1.399605614930416
617 -1.399278796533815
618 -1.399961610886036
619 -1.399687676877587
620 -1.400685395152305
621 -1.40032358767751
622 -1.400783888437223
623 -1.400837441266389
624 -1.401411056674105
625 -1.401235240731193
626 -1.402093555707657
627 -1.401784195164077
628 -1.40239288327855
629 -1.402153448896497
630 -1.403152562371363
631 -1.4027623463368
632 -1.403201010369255
633 -1.403262962843676
634 -1.403789733532569
635 -1.403617849065284
636 -1.404411954645169
637 -1.404089312371088
638 -1.40475596628666
639 -1.40444396526947
640 -1.405306149623981
641 -1.404949629372631
642 -1.405450055869232
643 -1.405274090217438
644 -1.406070640609094
645 -1.405695058039216
646 -1.406284278633914
647 -1.405947244209429
648 -1.406868599315581
649 -1.406426749710871
650 -1.406794853250835
651 -1.406746334547043
652 -1.407217724898149
653 -1.406930553001495
654 -1.407711171563531
655 -1.407278027674127
656 -1.407686587464185
657 -1.40744547659869
658 -1.408141533809286
659 -1.407681136946666
660 -1.408188500698592
661 -1.40778026492853
662 -1.408604574404736
663 -1.408061802059452
664 -1.408347115930075
665 -1.408219878815467
666 -1.408618661836835
667 -1.408202000174602
668 -1.408934357218219
669 -1.408413376871377
670 -1.408671451747747
671 -1.408442632547538
672 -1.408871668114748
673 -1.408359538841048
674 -1.40913007628467
675 -1.408503097927259
676 -1.408698939416611
677 -1.408513701254699
678 -1.408823026237115
679 -1.408357475125989
680 -1.408998161908938
681 -1.408416092407865
682 -1.408634490013797
683 -1.408290632769787
684 -1.408746704863544
685 -1.408152117031858
686 -1.408718486684462
687 -1.408122025229134
688 -1.408381629658782
689 -1.407918394889591
690 -1.408514575883816
691 -1.407883495652016
692 -1.408089827095371
693 -1.407695599959226
694 -1.408147616602159
695 -1.407512689341881
696 -1.407980162369838
697 -1.407389645223282
698 -1.407744225117916
699 -1.407139964615896
700 -1.407751019939266
701 -1.407088530426312
702 -1.407239082222796
703 -1.406892664232064
704 -1.407262580278559
705 -1.406611172169486
706 -1.407248668319589
707 -1.406585458306879
708 -1.406683459160553
709 -1.406421223652925
710 -1.406665759219845
711 -1.406129759608157
712 -1.406697879964885
713 -1.406090445191833
714 -1.406250759709228
715 -1.405869583168487
716 -1.406312458977148
717 -1.405686212937658
718 -1.406190983831048
719 -1.405609951604497
720 -1.405914076469714
721 -1.405378091649975
722 -1.406093947815644
723 -1.405411771828957
724 -1.405549831599761
725 -1.405359472324562
726 -1.405599567048548
727 -1.405167373370077
728 -1.405727639869363
729 -1.405176214118661
730 -1.405502007000196
731 -1.405014479297627
732 -1.405728833277168
733 -1.405129119356308
734 -1.405309363432294
735 -1.405147172304008
736 -1.405430434729188
737 -1.405073083886587
738 -1.405627519498529
739 -1.405135452031721
740 -1.40557725912992
741 -1.405108817677287
742 -1.405820523405366
743 -1.405296699114346
744 -1.405555649115206
745 -1.405388305814279
746 -1.405860594274948
747 -1.4053832488567
748 -1.40617017999655
749 -1.405688142978645
750 -1.405922094280086
751 -1.40585277438037
752 -1.406234611780657
753 -1.405932834083765
754 -1.406615339157421
755 -1.406200194053367
756 -1.406640959784617
757 -1.406309677718831
758 -1.407164420469137
759 -1.406679541269776
760 -1.406987243262169
761 -1.406982939127762
762 -1.407375001342676
763 -1.40715796646693
764 -1.407843067582456
765 -1.407478154369226
766 -1.408068069238482
767 -1.407724084100516
768 -1.408481863777589
769 -1.408127899695762
770 -1.408597588612271
771 -1.408366111477082
772 -1.409205143550337
773 -1.408826426332797
774 -1.409229937757283
775 -1.409143440251448
776 -1.409803119722904
777 -1.409440380890623
778 -1.410245437271757
779 -1.409904134589943
780 -1.410355619165332
781 -1.410203510269606
782 -1.41100400249418
783 -1.410636275196301
784 -1.411155276715023
785 -1.410932635317744
786 -1.411805952261098
787 -1.411431116457342
788 -1.411819754027351
789 -1.411817532367035
790 -1.412347783695383
791 -1.412063936626732
792 -1.41293369073183
793 -1.412579700075706
794 -1.412939849454217
795 -1.412932220217199
796 -1.41342645842812
797 -1.413178810303922
798 -1.413984543723568
799 -1.413625865496514
800 -1.414023018213814
801 -1.413916264798119
802 -1.414538652018186
803 -1.414150267888598
804 -1.414959239802845
805 -1.414578550281924
806 -1.414943703737333
807 -1.414839901849562
808 -1.415390809472083
809 -1.415003310578028
810 -1.415861961371522
811 -1.415400524291636
812 -1.415706150465978
813 -1.415649892249767
814 -1.416077792766432
815 -1.415747577093565
816 -1.416495257746041
817 -1.416065503530988
818 -1.416380473174561
819 -1.416200093746817
820 -1.416717799705797
821 -1.416259354370585
822 -1.417037111348277
823 -1.416526062311589
824 -1.4167770593423
825 -1.416652193526847
826 -1.417023963376061
827 -1.416621121863571
828 -1.417318399218167
829 -1.416819823493626
830 -1.417056072963881
831 -1.416839272993723
832 -1.417249261230835
833 -1.416747007762981
834 -1.41749367778119
835 -1.416895377370978
836 -1.417081137907526
837 -1.416892982058394
838 -1.417211925400472
839 -1.416732739604303
840 -1.417394662274639
841 -1.416822382777949
842 -1.416978275607356
843 -1.416746730864571
844 -1.417037046557516
845 -1.416543623408837
846 -1.417170841386225
847 -1.416569794494799
848 -1.416702648500418
849 -1.416453430666538
850 -1.416725375245543
851 -1.416192743969506
852 -1.416809083675727
853 -1.416194426862012
854 -1.416297173486456
855 -1.416034760026486
856 -1.416272546531698
857 -1.415757936399604
858 -1.416319893214362
859 -1.415704539411179
860 -1.415820320475268
861 -1.415501841419352
862 -1.415810118599236
863 -1.415190258655926
864 -1.41582272729607
865 -1.415158692719391
866 -1.415232978844509
867 -1.414967171624531
868 -1.415183204925767
869 -1.414663033654418
870 -1.415199263375704
871 -1.414586139030209
872 -1.414701709665601
873 -1.414360821064153
874 -1.414693661887511
875 -1.414070435906229
876 -1.414650976498077
877 -1.414029230423287
878 -1.41411246494726
879 -1.413847331057003
880 -1.414079052095659
881 -1.413556453168456
882 -1.414136225277228
883 -1.413528814532351
884 -1.413612867330959
885 -1.413369545354151
886 -1.413611728574429
887 -1.413094706969313
888 -1.413685555192516
889 -1.413109790779675
890 -1.413200414623144
891 -1.412968594651397
892 -1.413234489640051
893 -1.412741530164424
894 -1.413353155631474
895 -1.412788003287892
896 -1.412898368736216
897 -1.412706634792784
898 -1.412980248124305
899 -1.412520451731331
900 -1.413135805576979
901 -1.41261680975722
902 -1.412765566865391
903 -1.412556370072894
904 -1.412915555435231
905 -1.412430420986663
906 -1.413133102449303
907 -1.412595951964255
908 -1.412738605183593
909 -1.412639244286693
910 -1.41291850261417
911 -1.412582353277926
912 -1.413158835686953
913 -1.412715502194128
914 -1.413083822909221
915 -1.412680360267151
916 -1.413439057651517
917 -1.412929600692581
918 -1.413143514128369
919 -1.413078602597205
920 -1.413401800127841
921 -1.413119827027979
922 -1.413750925150168
923 -1.413341166539114
924 -1.413738857653601
925 -1.413410259968332
926 -1.414194252555822
927 -1.413734251859853
928 -1.413987177697307
929 -1.413968250994527
930 -1.414352786859018
931 -1.414076782152367
932 -1.41477507451812
933 -1.414413978695258
934 -1.414791680259377
935 -1.414555177372398
936 -1.415315945224145
937 -1.414921665949825
938 -1.415286479856823
939 -1.415151292236841
940 -1.415776671897633
941 -1.415411272849185
942 -1.416062022024426
943 -1.415726462976267
944 -1.416308566238758
945 -1.415985830883802
946 -1.416725080268787
947 -1.416365443363388
948 -1.416817701428617
949 -1.416594637864985
950 -1.41741424862963
951 -1.417024154621084
952 -1.417377402090509
953 -1.417334321659192
954 -1.41787433567003
955 -1.417513675789353
956 -1.418404290408066
957 -1.417989216174249
958 -1.418296117718609
959 -1.418307061624835
960 -1.418742881716906
961 -1.418491379946785
962 -1.419286482218918
963 -1.418907542179628
964 -1.419249071858707
965 -1.419175659718471
966 -1.419716326515462
967 -1.419338957584505
968 -1.420188288883842
969 -1.419764488068222
970 -1.420059622375287
971 -1.420037947661536
972 -1.420449639045112
973 -1.420167246204292
974 -1.42093750745155
975 -1.420525104944562
976 -1.420833891901328
977 -1.420730101021083
978 -1.421217475924838
979 -1.420809957622965
980 -1.421633764155794
981 -1.421153639528265
982 -1.421414826804798
983 -1.421338206247747
984 -1.421719137720239
985 -1.421379339199172
986 -1.422113579487104
987 -1.421644767167387
988 -1.421887287080142
989 -1.421774450274766
990 -1.422140208615797
991 -1.421743269284401
992 -1.42247945024993
993 -1.421974136899361
994 -1.422174144341524
995 -1.422048522209048
996 -1.422359540828154
997 -1.421984369246923
998 -1.422628814234714
999 -1.422122611563179
1000 -1.422332919280251
1001 -1.422115153943106
1002 -1.422513396456896
1003 -1.421994129692811
1004 -1.422688061340672
1005 -1.422121811417752
1006 -1.422262260994583
1007 -1.422084131485197
1008 -1.422364935660091
1009 -1.42190956518446
1010 -1.42253785639781
1011 -1.421975336393596
1012 -1.42208650151066
1013 -1.421883801370078
1014 -1.422150106112382
1015 -1.421646158667474
1016 -1.422278243494663
1017 -1.421686894915837
1018 -1.421763559378456
1019 -1.421555721454028
1020 -1.421770252520689
1021 -1.421302460390151
1022 -1.421854555775807
1023 -1.421271900019185
1024 -1.421371388765301
1025 -1.421079281952027
1026 -1.421395108842414
1027 -1.420800020949431
1028 -1.421404580312897
1029 -1.420780103150261
1030 -1.420831309806995
1031 -1.420603555983498
1032 -1.420787294926663
1033 -1.420287642439487
1034 -1.420845372786606
1035 -1.420235476373904
1036 -1.420291883005186
1037 -1.420034240749923
1038 -1.420250362767395
1039 -1.419690689391619
1040 -1.420303499654369
1041 -1.419662809965813
1042 -1.41969277755251
1043 -1.419472986457251
1044 -1.419631252693893
1045 -1.41915718501085
1046 -1.41967554709316
1047 -1.419089019929857
1048 -1.419179485663875
1049 -1.41886861569542
1050 -1.419184761108252
1051 -1.418597485732108
1052 -1.419131286092802
1053 -1.418561960843236
1054 -1.418654403981865
1055 -1.418368966816097
1056 -1.418670884069046
1057 -1.418115236067888
1058 -1.418702320566566
1059 -1.418112463429863
1060 -1.418185716353035
1061 -1.417996615112088
1062 -1.418196380731338
1063 -1.417751913816965
1064 -1.418299962932746
1065 -1.417770273623208
1066 -1.417893060598227
1067 -1.41764087044914
1068 -1.417969110779598
1069 -1.417451617154758
1070 -1.418082224214634
1071 -1.41752751327564
1072 -1.417631267751496
1073 -1.417494879598966
1074 -1.417727070372599
1075 -1.417340744097138
1076 -1.417900792849739
1077 -1.417428428977845
1078 -1.417631566245311
1079 -1.417347333148622
1080 -1.417862410096858
1081 -1.417383141770539
1082 -1.417766221889798
1083 -1.417354210951831
1084 -1.417974763707545
1085 -1.417501992084438
1086 -1.41773105666386
1087 -1.417537825350559
1088 -1.417991073196881
1089 -1.417543294312962
1090 -1.41819745576342
1091 -1.417758770713824
1092 -1.4179931731064
1093 -1.417848460578877
1094 -1.418296216473708
1095 -1.417866336806935
1096 -1.41859754896267
1097 -1.418159413917645
1098 -1.418373811294928
1099 -1.418320790472328
1100 -1.418673984413314
1101 -1.418377667228282
1102 -1.419070379171565
1103 -1.41867794077008
1104 -1.41894606903557
1105 -1.418835183934743
1106 -1.419338017276728
1107 -1.418937608241889
1108 -1.41969903896537
1109 -1.419304074820816
1110 -1.419546552581213
1111 -1.419519535509529
1112 -1.419928074199134
1113 -1.419635128829083
1114 -1.420390759988307
1115 -1.420011428908593
1116 -1.4202738764233
1117 -1.42024157310588
1118 -1.420682799947575
1119 -1.420355982317095
1120 -1.421169080585821
1121 -1.420769928878411
1122 -1.421017382108135
1123 -1.421023617953262
1124 -1.421409628333611
1125 -1.421174279349113
1126 -1.421882081745722
1127 -1.421522684897633
1128 -1.421880977460527
1129 -1.421695671716466
1130 -1.422385579224094
1131 -1.422003342035655
1132 -1.422412676753309
1133 -1.422171718518725
1134 -1.422928477008617
1135 -1.422527342787579
1136 -1.422823652972624
1137 -1.422749355316416
1138 -1.423247607173104
1139 -1.422857279126514
1140 -1.423672676351131
1141 -1.423238990656541
1142 -1.423479319907292
1143 -1.423446598159891
1144 -1.423838949055116
1145 -1.423529096390687
1146 -1.424279929178707
1147 -1.423855038223975
1148 -1.424087034990735
1149 -1.424033459673704
1150 -1.424409264541169
1151 -1.424055803431252
1152 -1.424819713679819
1153 -1.424363514067043
1154 -1.42456569456646
1155 -1.424507632249002
1156 -1.424827222862395
1157 -1.424506401167005
1158 -1.425190039035848
1159 -1.424735414738074
1160 -1.424956834997805
1161 -1.424809067705669
1162 -1.425217308376059
1163 -1.42476004765435
1164 -1.425495119750855
1165 -1.424979691746603
1166 -1.425148527921936
1167 -1.425034840082014
1168 -1.425327419005445
1169 -1.424936936384364
1170 -1.42560717996466
1171 -1.425093734001332
1172 -1.425238718630387
1173 -1.425104115589141
1174 -1.425369785120626
1175 -1.424953475682266
1176 -1.42558989976597
1177 -1.42506357004064
1178 -1.425187057836757
1179 -1.425023573959078
1180 -1.425263669402147
1181 -1.424844698086398
1182 -1.425441546086029
1183 -1.424898791612848
1184 -1.425006650062333
1185 -1.424819938460704
1186 -1.425059501361581
1187 -1.424584814022898
1188 -1.425199077713435
1189 -1.424625039307449
1190 -1.424696537976977
1191 -1.424513400448042
1192 -1.424706580065379
1193 -1.424268288835528
1194 -1.424801729978697
1195 -1.42425272085514
1196 -1.424327568050374
1197 -1.424075383487723
1198 -1.424359228545331
1199 -1.423797890301408
1200 -1.424407648295619
1201 -1.423799512775678
1202 -1.423833940198412
1203 -1.423627696538625
1204 -1.42382334104667
1205 -1.423335165970628
1206 -1.423893039065106
1207 -1.423308787083069
1208 -1.423328329526874
1209 -1.423130722543859
1210 -1.423299816094161
1211 -1.422823397131471
1212 -1.423349853076375
1213 -1.422789691626015
1214 -1.422822278055036
1215 -1.422587224091956
1216 -1.422795879596828
1217 -1.422270816506735
1218 -1.42287425134628
1219 -1.422256404499763
1220 -1.422274875188622
1221 -1.422098810806357
1222 -1.422249355897219
1223 -1.421791923362836
1224 -1.422321275981315
1225 -1.421772724471298
1226 -1.421827417991717
1227 -1.421589378864228
1228 -1.42182978648636
1229 -1.421305736896769
1230 -1.421921294780788
1231 -1.421324212965947
1232 -1.421363959561104
1233 -1.421207130731843
1234 -1.421378025947319
1235 -1.420953190044361
1236 -1.421487034960734
1237 -1.420969212534346
1238 -1.421060627909081
1239 -1.420845207523898
1240 -1.421116208523268
1241 -1.420631943790208
1242 -1.421259261524743
1243 -1.420701425681657
1244 -1.420778748494853
1245 -1.420655256363407
1246 -1.420859196597662
1247 -1.420479413021875
1248 -1.421027851327206
1249 -1.420558574063533
1250 -1.420704374418435
1251 -1.42048895476902
1252 -1.420870329700931
1253 -1.420400658763223
1254 -1.420983786659979
1255 -1.420528189496742
1256 -1.420671063990102
1257 -1.42051188972258
1258 -1.42089105011722
1259 -1.420430803103404
1260 -1.421107048148794
1261 -1.420640207113706
1262 -1.420763016984885
1263 -1.420693337681619
1264 -1.420974636672824
1265 -1.420655346208298
1266 -1.421270523947327
1267 -1.4208568605402
1268 -1.421056441686499
1269 -1.420900004776284
1270 -1.421369684702895
1271 -1.420944508743726
1272 -1.421557406469187
1273 -1.421174527187756
1274 -1.421443439427045
1275 -1.421221889263326
1276 -1.421835295488075
1277 -1.421430038664846
1278 -1.421772430006576
1279 -1.421499963287588
1280 -1.422201469948238
1281 -1.421788917282741
1282 -1.422012125508437
1283 -1.421947925338883
1284 -1.422358619704726
1285 -1.422000717658395
1286 -1.422778394672453
1287 -1.422345779343262
1288 -1.422542153940558
1289 -1.422540488510648
1290 -1.422892401372304
1291 -1.422612323939613
1292 -1.423316674229815
1293 -1.422948430241185
1294 -1.42319098244219
1295 -1.423115651544276
1296 -1.423565261396208
1297 -1.423197321756106
1298 -1.423990681083855
1299 -1.423556250100484
1300 -1.423777426516449
1301 -1.423781921528382
1302 -1.424128867134166
1303 -1.423849969722505
1304 -1.424571525729651
1305 -1.424192806881079
1306 -1.424438120701746
1307 -1.424364590467631
1308 -1.424794337804777
1309 -1.424429498838095
1310 -1.425227142126807
1311 -1.424773062316013
1312 -1.424993379941976
1313 -1.424975302896843
1314 -1.425323810127074
1315 -1.42501718906793
1316 -1.425742954733377
1317 -1.425329267158986
1318 -1.425546368152829
1319 -1.425494762764832
1320 -1.42583394862954
1321 -1.425526126857366
1322 -1.426227437302434
1323 -1.425796740009504
1324 -1.426003297608484
1325 -1.425940130621102
1326 -1.426271929578385
1327 -1.425928678662026
1328 -1.426628686782229
1329 -1.426182837339234
1330 -1.426361688665893
1331 -1.426289177755814
1332 -1.426589779495442
1333 -1.42626066350374
1334 -1.426906366495714
1335 -1.426461087882596
1336 -1.426632424480113
1337 -1.426508605984121
1338 -1.426860744930984
1339 -1.426425877332338
1340 -1.427142712788025
1341 -1.42662731968369
1342 -1.426757168396419
1343 -1.426646137760114
1344 -1.426939952556862
1345 -1.426536542332149
1346 -1.427199516952594
1347 -1.426685546874232
1348 -1.426789116200507
1349 -1.426680397715865
1350 -1.42692426123605
1351 -1.426529645115228
1352 -1.427129080047016
1353 -1.42663624647307
1354 -1.42673911537033
1355 -1.426570307881039
1356 -1.426840103267126
1357 -1.426370970844547
1358 -1.427041060063976
1359 -1.426459476904813
1360 -1.426537119271262
1361 -1.426394140660509
1362 -1.426609620056643
1363 -1.426157631123915
1364 -1.426776610457353
1365 -1.42622220567573
1366 -1.426273768665251
1367 -1.426122108915178
1368 -1.426293940283399
1369 -1.425876261570746
1370 -1.426424208087093
1371 -1.425887637344655
1372 -1.42595241653543
1373 -1.425750585047267
1374 -1.4259748505961
1375 -1.425475838868524
1376 -1.426078186453017
1377 -1.425488133752634
1378 -1.425530938232964
1379 -1.425350100765839
1380 -1.425528745791847
1381 -1.425076437007222
1382 -1.425630018229978
1383 -1.42506494891635
1384 -1.425092483710898
1385 -1.424930082574555
1386 -1.425073119626417
1387 -1.424647920867945
1388 -1.425140526848358
1389 -1.424620150179917
1390 -1.424671478614117
1391 -1.424436517213254
1392 -1.424683090409357
1393 -1.424168668461119
1394 -1.424741758724978
1395 -1.424171767161165
1396 -1.424178589593373
1397 -1.424024754628302
1398 -1.424196080327459
1399 -1.423754004426205
1400 -1.424282784131401
1401 -1.423767273153798
1402 -1.423786916685136
1403 -1.42361205436528
1404 -1.423806017985455
1405 -1.423359374786855
1406 -1.423923280441896
1407 -1.423390168692211
1408 -1.423402286693231
1409 -1.423281952230411
1410 -1.423433463756596
1411 -1.423047326018391
1412 -1.42355080752399
1413 -1.42307406840427
1414 -1.423168977550054
1415 -1.422921810211379
1416 -1.42328992295324
1417 -1.422807046666713
1418 -1.423221638926528
1419 -1.422775561293256
1420 -1.423083387966771
1421 -1.422658292376459
1422 -1.42318285387922
1423 -1.422701612825733
1424 -1.422860318057494
1425 -1.422629313246603
1426 -1.423053534800171
1427 -1.42258862294948
1428 -1.42298080087715
1429 -1.422591574674262
1430 -1.422987657495139
1431 -1.422560101452067
1432 -1.422996860939966
1433 -1.422580072478103
1434 -1.423011048489817
1435 -1.422600120672127
1436 -1.423027485412818
1437 -1.422625220975699
1438 -1.423086933190946
1439 -1.422676598520961
1440 -1.423107736960881
1441 -1.42272498060606
1442 -1.423203176396686
1443 -1.42280404477407
1444 -1.423203793886224
1445 -1.42283167512966
1446 -1.423440131485622
1447 -1.423022224818722
1448 -1.423229957696252
1449 -1.423075994876039
1450 -1.423555229950813
1451 -1.423146584771116
1452 -1.423632647177354
1453 -1.423287097014236
1454 -1.423740335723686
1455 -1.42338232603101
1456 -1.423887859338412
1457 -1.42352836042875
1458 -1.423972560426225
1459 -1.423616811538356
1460 -1.424227567561217
1461 -1.423854786729093
1462 -1.424129682211311
1463 -1.423911061560439
1464 -1.424545008855025
1465 -1.424156198978393
1466 -1.424428025487481
1467 -1.424254401924052
1468 -1.424813647799114
1469 -1.424452769871801
1470 -1.42482219088236
1471 -1.424506266680112
1472 -1.425239246448052
1473 -1.424814460704195
1474 -1.424998906924646
1475 -1.4249915825187
1476 -1.425302656952556
1477 -1.425018702288986
1478 -1.425717449932445
1479 -1.425325594774185
1480 -1.425505033448097
1481 -1.425486245930932
1482 -1.425804575326187
1483 -1.425500522461632
1484 -1.426207861022739
1485 -1.425802394189575
1486 -1.425978491702543
1487 -1.42596039135089
1488 -1.42625233961993
1489 -1.425990585087135
1490 -1.426627130994573
1491 -1.426238807598933
1492 -1.426456100110398
1493 -1.42635015844263
1494 -1.426765399300248
1495 -1.426373154138455
1496 -1.427059214836762
1497 -1.426634997975334
1498 -1.42680833652541
1499 -1.426757640538571
1500 -1.427061916330822
1501 -1.426743254766249
1502 -1.427406667066761
1503 -1.42698343288857
1504 -1.427124887817192
1505 -1.427067703899205
1506 -1.427365287733467
1507 -1.42701906753006
1508 -1.427676533024909
1509 -1.427242741539013
1510 -1.427370636215456
1511 -1.4272919834298
1512 -1.427576084717704
1513 -1.427224248611782
1514 -1.427866363696572
1515 -1.427409106353603
1516 -1.427519769741055
1517 -1.427440168994869
1518 -1.427701010625436
1519 -1.42733183740953
1520 -1.427958696082468
1521 -1.427497022366988
1522 -1.427592537841921
1523 -1.427495044426555
1524 -1.427729661755772
1525 -1.427348907659317
1526 -1.427979356996871
1527 -1.427481700225234
1528 -1.427563854347825
1529 -1.427468417764145
1530 -1.427672519178947
1531 -1.427291099956238
1532 -1.427877210683645
1533 -1.427394901447191
1534 -1.427474257259822
1535 -1.427328209043028
1536 -1.427559599800525
1537 -1.427125678672373
1538 -1.427757457328802
1539 -1.427211331731604
1540 -1.427267196002164
1541 -1.427149585747167
1542 -1.427331189068288
1543 -1.426928673724379
1544 -1.427486504265637
1545 -1.426977108885295
1546 -1.427031090299674
1547 -1.426882496504863
1548 -1.427061252278828
1549 -1.426654235201448
1550 -1.427199997349743
1551 -1.426678895891647
1552 -1.426721928786864
1553 -1.426575711625649
1554 -1.426746722102591
1555 -1.426323534127131
1556 -1.426862930916022
1557 -1.426352848666317
1558 -1.426374657126178
1559 -1.426217627465363
1560 -1.426394281372787
1561 -1.425973905120923
1562 -1.426504748681492
1563 -1.425989421036256
1564 -1.42600843989357
1565 -1.425852759507679
1566 -1.426038150115167
1567 -1.425593712736676
1568 -1.4261448482472
1569 -1.425626179868304
1570 -1.425634084758163
1571 -1.425491810905405
1572 -1.425650241397503
1573 -1.425253673013882
1574 -1.425758705639865
1575 -1.425260472170105
1576 -1.425306999630833
1577 -1.425116997118901
1578 -1.425367071086378
1579 -1.424864425776983
1580 -1.425470483805421
1581 -1.424926117276508
1582 -1.424952468034539
1583 -1.42482664610558
1584 -1.424991758867176
1585 -1.424597205742423
1586 -1.42514245167389
1587 -1.424645232818893
1588 -1.42469676004698
1589 -1.424549510133368
1590 -1.424765025138366
1591 -1.424322558850826
1592 -1.42493433553015
1593 -1.424410629418845
1594 -1.424460182836434
1595 -1.424354208947206
1596 -1.424528852127652
1597 -1.424177270451837
1598 -1.424707033677297
1599 -1.424241253878356
1600 -1.42434929624887
1601 -1.424179430694744
1602 -1.424483448308458
1603 -1.424027310417875
1604 -1.424641675751313
1605 -1.424156756932145
1606 -1.424234703773885
1607 -1.424151327177286
1608 -1.424361190407144
1609 -1.424029053977084
1610 -1.42458628928632
1611 -1.424156275356354
1612 -1.42426936736743
1613 -1.42413047098895
1614 -1.424471368828874
1615 -1.424032965965945
1616 -1.424689840655991
1617 -1.424228020526691
1618 -1.424318445691805
1619 -1.424262240019937
1620 -1.424509686849811
1621 -1.424196190823903
1622 -1.424787160453921
1623 -1.424377944717244
1624 -1.424514671668337
1625 -1.424409521291688
1626 -1.424761707849615
1627 -1.424351263009416
1628 -1.425040330639237
1629 -1.42459629310678
1630 -1.424709647509006
1631 -1.424685251570718
1632 -1.424937657322902
1633 -1.424645123388949
1634 -1.42527565314441
1635 -1.424874848557248
1636 -1.425035500880812
1637 -1.424955343418348
1638 -1.425307927877359
1639 -1.424921565202316
1640 -1.425640785873675
1641 -1.425199912403233
1642 -1.425339309491059
1643 -1.425320245063907
1644 -1.425594320417761
1645 -1.4253129761518
1646 -1.425956500561697
1647 -1.425556695758279
1648 -1.425729666944442
1649 -1.425679172193848
1650 -1.42599860476343
1651 -1.425662759137026
1652 -1.426364994444387
1653 -1.425939475652644
1654 -1.42609161589368
1655 -1.42607289767205
1656 -1.426344506478646
1657 -1.42608065802473
1658 -1.426694905184995
1659 -1.42631195020616
1660 -1.426508488872207
1661 -1.42640308298405
1662 -1.426815001365524
1663 -1.426425080889436
1664 -1.427076418039305
1665 -1.426683317289625
1666 -1.426833983608025
1667 -1.426777886172949
1668 -1.427106757049944
1669 -1.426762568736749
1670 -1.427459877750415
1671 -1.427023538044864
1672 -1.427149104582024
1673 -1.427125452429072
1674 -1.427399007719867
1675 -1.427094007337354
1676 -1.427717276295519
1677 -1.427320802847766
1678 -1.427465634817841
1679 -1.427371243665014
1680 -1.427709753177448
1681 -1.427316821690404
1682 -1.428026674531713
1683 -1.427542064411998
1684 -1.427662252877711
1685 -1.427616867168623
1686 -1.427880186702775
1687 -1.427521484299021
1688 -1.428193144299289
1689 -1.427732327294199
1690 -1.427836089004592
1691 -1.427778325388185
1692 -1.428004985146321
1693 -1.427680640876698
1694 -1.428282606026722
1695 -1.427837189428409
1696 -1.427956886315535
1697 -1.427843699055023
1698 -1.428127947784614
1699 -1.42771159833052
1700 -1.428375767391654
1701 -1.427862423473991
1702 -1.427966523959487
1703 -1.427863347222415
1704 -1.428103533557059
1705 -1.427721872631214
1706 -1.428342490906259
1707 -1.427839929350365
1708 -1.427922409876032
1709 -1.427831311358032
1710 -1.428027867045437
1711 -1.427664202518828
1712 -1.428218996401726
1713 -1.427753641402089
1714 -1.427838830935149
1715 -1.427687023859605
1716 -1.427939283021462
1717 -1.427502499262071
1718 -1.428126746320513
1719 -1.427592917521439
1720 -1.427640770037008
1721 -1.427524056247655
1722 -1.427739880189672
1723 -1.427318963776786
1724 -1.427907588385986
1725 -1.427401557079631
1726 -1.427434976504155
1727 -1.427314211492616
1728 -1.427494975811811
1729 -1.427112095673493
1730 -1.427641542834086
1731 -1.427153314224533
1732 -1.427205363421449
1733 -1.427042079510628
1734 -1.427279055206821
1735 -1.426798688136582
1736 -1.427426988392033
1737 -1.426873399166025
1738 -1.426906274977314
1739 -1.426775129258229
1740 -1.426957647817412
1741 -1.426536695114048
1742 -1.427121017949294
1743 -1.426592847778398
1744 -1.426618277813948
1745 -1.426504179864514
1746 -1.426655721514051
1747 -1.426265732043533
1748 -1.426791384517014
1749 -1.426307565983429
1750 -1.426367914767819
1751 -1.426178312273596
1752 -1.426431276926356
1753 -1.425961122413465
1754 -1.426557788519155
1755 -1.426009906875051
1756 -1.426060939340416
1757 -1.425939016678101
1758 -1.42611864500104
1759 -1.425718238623488
1760 -1.426269657729122
1761 -1.425779743424059
1762 -1.425832553859771
1763 -1.425697973691483
1764 -1.425888809460465
1765 -1.425495043877268
1766 -1.426058619768345
1767 -1.425567795546945
1768 -1.425610794321258
1769 -1.42550203593655
1770 -1.425695539412164
1771 -1.425318647899391
1772 -1.42585888750108
1773 -1.425404189573457
1774 -1.42547656569181
1775 -1.42531980845216
1776 -1.425600758090876
1777 -1.425158111604337
1778 -1.425791303432192
1779 -1.425280718782531
1780 -1.425337446756624
1781 -1.425257075069675
1782 -1.425471518110617
1783 -1.425107480449519
1784 -1.425685374952125
1785 -1.425241527313626
1786 -1.42531997002845
1787 -1.425216356664025
1788 -1.425463153959941
1789 -1.425071767345773
1790 -1.425725517250603
1791 -1.425239681693841
1792 -1.425316861401921
1793 -1.425267738401385
1794 -1.425471649864037
1795 -1.425153974871845
1796 -1.425721333848978
1797 -1.425308265384247
1798 -1.42545938117185
1799 -1.425282786044345
1800 -1.425691545750154
1801 -1.425280215173203
1802 -1.425772101068525
1803 -1.425378443713432
1804 -1.425678440160849
1805 -1.425329731441679
1806 -1.426009338753782
1807 -1.425530663940006
1808 -1.425646483600418
1809 -1.425611864229956
1810 -1.425871732458065
1811 -1.42555214472536
1812 -1.426164951229045
1813 -1.425767280336866
1814 -1.425898776879918
1815 -1.425809158630604
1816 -1.426138426033192
1817 -1.425761614125333
1818 -1.426462144967414
1819 -1.426001129509587
1820 -1.426116416212227
1821 -1.426095818564989
1822 -1.426357973154907
1823 -1.426035862091504
1824 -1.426695970609672
1825 -1.426282681956647
1826 -1.426412922222812
1827 -1.426369264911244
1828 -1.426639979704572
1829 -1.426325183380679
1830 -1.426987134077307
1831 -1.426565948204883
1832 -1.426693357589438
1833 -1.426666251383089
1834 -1.426923031903795
1835 -1.426620881455377
1836 -1.427252347639512
1837 -1.426850088240575
1838 -1.427000039399199
1839 -1.42693008487713
1840 -1.427229499720982
1841 -1.42688793610521
1842 -1.427569610704832
1843 -1.427116481785262
1844 -1.427250976556264
1845 -1.427220821921516
1846 -1.427472288576455
1847 -1.427173832350998
1848 -1.427779033092419
1849 -1.427379340317995
1850 -1.427535564292059
1851 -1.427428770142114
1852 -1.427769211407254
1853 -1.427379076294892
1854 -1.428062645264071
1855 -1.427594719224569
1856 -1.427708833219864
1857 -1.427656399890796
1858 -1.427936636611767
1859 -1.427581925987721
1860 -1.428232330312264
1861 -1.42779304417306
1862 -1.427892388619757
1863 -1.427833008918593
1864 -1.428080035577939
1865 -1.427757827243646
1866 -1.428353842780613
1867 -1.427924304363624
1868 -1.428036561933237
1869 -1.427937160126645
1870 -1.428230524990846
1871 -1.427816982154601
1872 -1.428499534632507
1873 -1.428003740735027
1874 -1.428090921628174
1875 -1.42801682065873
1876 -1.428252671958892
1877 -1.427883680173792
1878 -1.428523668760648
1879 -1.428038049742618
1880 -1.428116156603547
1881 -1.428047316984309
1882 -1.428247980529328
1883 -1.427896290673756
1884 -1.428475072651892
1885 -1.428023513753008
1886 -1.428116174065774
1887 -1.427979086990303
1888 -1.428242752273888
1889 -1.427819832768044
1890 -1.428461925206064
1891 -1.427928299008103
1892 -1.428013112611036
1893 -1.427907933219027
1894 -1.428125979732454
1895 -1.427727428531282
1896 -1.428329413384825
1897 -1.427831217453243
1898 -1.427895005530841
1899 -1.42778896334778
1900 -1.427971456115198
1901 -1.427611961511696
1902 -1.428149392081258
1903 -1.427676483908528
1904 -1.427753114243744
1905 -1.42759705471633
1906 -1.427856496216675
1907 -1.427397311848854
1908 -1.428018199576597
1909 -1.427491729196985
1910 -1.427534598992298
1911 -1.427410494495099
1912 -1.4276255813069
1913 -1.427215099942633
1914 -1.427800162881063
1915 -1.427291309536053
1916 -1.427325831169422
1917 -1.427219842801372
1918 -1.427399493441257
1919 -1.427018006826346
1920 -1.427548286945956
1921 -1.427079380140052
1922 -1.427140266373245
1923 -1.426969800546567
1924 -1.42722829282378
1925 -1.426758369178658
1926 -1.427390332173355
1927 -1.426844351579276
1928 -1.426888865328945
1929 -1.426781403237749
1930 -1.426970182597686
1931 -1.42656219536912
1932 -1.427149646553487
1933 -1.42665498183792
1934 -1.426693518430791
1935 -1.426583164354526
1936 -1.426756757173388
1937 -1.42638633595609
1938 -1.426935582358668
1939 -1.426458090724984
1940 -1.426526465324676
1941 -1.426385384860487
1942 -1.426621797391046
1943 -1.426184768637313
1944 -1.426807199604049
1945 -1.426286188149629
1946 -1.426350970272334
1947 -1.426244345339721
1948 -1.42644110152746
1949 -1.426074706669507
1950 -1.426639440425435
1951 -1.426165749747129
1952 -1.426242802378604
1953 -1.426133191135107
1954 -1.426351595072874
1955 -1.425960619128399
1956 -1.426560073816023
1957 -1.426090807928152
1958 -1.426147238215965
1959 -1.426059489017095
1960 -1.426266473845415
1961 -1.425932640420168
1962 -1.426470789927803
1963 -1.426036067339582
1964 -1.426157948136854
1965 -1.425976560703344
1966 -1.426361280497415
1967 -1.42591127347419
1968 -1.426432510808753
1969 -1.426021993210758
1970 -1.426193663901065
1971 -1.425943328329883
1972 -1.426456905233797
1973 -1.426021435109821
1974 -1.426284372242357
1975 -1.425943266179473
1976 -1.42658075575885
1977 -1.426106796576831
1978 -1.42620436611275
1979 -1.426140278126619
1980 -1.426386653151897
1981 -1.426055270114753
1982 -1.426653551640201
1983 -1.426228698634671
1984 -1.426339590207695
1985 -1.426249754366873
1986 -1.426546718431724
1987 -1.426156516295435
1988 -1.426831794025562
1989 -1.426370447506322
1990 -1.426463505494708
1991 -1.42642025943757
1992 -1.42666174215594
1993 -1.42634230853863
1994 -1.42696549985384
1995 -1.426540395241576
1996 -1.426663355163518
1997 -1.426591984127171
1998 -1.426878398482497
1999 -1.426501303725341
2000 -1.427195204515611
