"cd-rfile"
"Iteration" "cd"
("Iteration" "cd")
1 0.1751303952455581
2 0.1380699535231796
3 0.1401636040608283
4 0.1512176248493973
5 0.16219381923744
6 0.1712707217359288
7 0.1800058947930348
8 0.1875597407380895
9 0.1936140627101606
10 0.1983970254210366
11 0.2022981715651092
12 0.2055688056281078
13 0.2083660755027988
14 0.2108619687278174
15 0.2131320679453069
16 0.215225524305185
17 0.2172354454758393
18 0.219239569643921
19 0.2212923731906602
20 0.2234566064742645
21 0.2257918139765465
22 0.2283426872132212
23 0.2311328143628433
24 0.2341339408976943
25 0.2372970144534765
26 0.240566551542573
27 0.2438794097932616
28 0.2471500373968104
29 0.2503103974172474
30 0.2533028098268315
31 0.2560791494851835
32 0.258576767294085
33 0.2607635930574642
34 0.2626183175037206
35 0.2641354917505533
36 0.2653170122092371
37 0.2661771087250709
38 0.2667366626712835
39 0.2670216224793248
40 0.2670664564595823
41 0.2669049478839353
42 0.2665707398867408
43 0.2661000232379771
44 0.2655273242487414
45 0.2648826345266552
46 0.2641962673068204
47 0.2634950192720962
48 0.262806298285909
49 0.2621585890836175
50 0.2615612574246158
51 0.2610272968017535
52 0.2605617528538675
53 0.260166998051494
54 0.2598440795785876
55 0.2595899909283306
56 0.2594006410500817
57 0.2592631093225958
58 0.2591680437848417
59 0.2591034928753254
60 0.2590550856204777
61 0.2590080858735673
62 0.2589472835323279
63 0.2588579953986072
64 0.2587237707861789
65 0.2585290002428011
66 0.2582607610727895
67 0.2579077522989603
68 0.2574607281209529
69 0.256913318972646
70 0.2562647043378671
71 0.2555179998263863
72 0.2546775350324111
73 0.2537529298047601
74 0.2527590642223657
75 0.2517138468248469
76 0.2506301237425331
77 0.2495150833686694
78 0.2483715965484139
79 0.2472024199507935
80 0.2460134640656702
81 0.2448104490218686
82 0.2436003447695194
83 0.2423960297377375
84 0.2412114684997137
85 0.2400601874496493
86 0.2389516302175373
87 0.2378883196227018
88 0.236868270485779
89 0.2358886543449324
90 0.2349474127736229
91 0.2340426468816088
92 0.2331733927081682
93 0.2323394067189239
94 0.2315406996669524
95 0.2307773684668135
96 0.2300474895419259
97 0.2293503175560264
98 0.2286839303045909
99 0.2280462527649703
100 0.2274369395659766
101 0.2268547662236295
102 0.2262927898645949
103 0.2257484358664288
104 0.2252186877762708
105 0.2247022725718766
106 0.2241988341753461
107 0.2237097875424599
108 0.2232324545026511
109 0.2227689487114711
110 0.2223140528609591
111 0.2218660127202609
112 0.2214245600350027
113 0.2209905256274949
114 0.2205638791407954
115 0.2201453580287051
116 0.2197353407788845
117 0.2193332026994436
118 0.2189390546606311
119 0.2185527516604164
120 0.2181740547997535
121 0.2178028316823289
122 0.2174395722584745
123 0.2170850961917703
124 0.2167400798105497
125 0.2164053993437489
126 0.2160812828150777
127 0.2157688126152496
128 0.2154703370154056
129 0.2151859230053753
130 0.2149168935733388
131 0.2146658802042283
132 0.214434197854321
133 0.2142233505711163
134 0.2140351642186054
135 0.2138709052785206
136 0.2137313533351043
137 0.2136169915053101
138 0.2135293064284606
139 0.2134699553304987
140 0.2134395595297045
141 0.2134383643286108
142 0.2134666170821322
143 0.2135247849456071
144 0.213613577470455
145 0.2137331889082607
146 0.2138836571349209
147 0.2140650560681356
148 0.2142770558067519
149 0.214519130591467
150 0.2147906133059183
151 0.2150888328000046
152 0.2154130500560102
153 0.2157638164519319
154 0.216139534719865
155 0.2165383832075083
156 0.2169585748723043
157 0.2173981444803447
158 0.2178550321217441
159 0.2183269966740209
160 0.2188115957580074
161 0.2193057052816028
162 0.2198063501577001
163 0.2203107099997454
164 0.22081589103869
165 0.2213190261042277
166 0.2218171976840448
167 0.2223077370413872
168 0.2227880158057793
169 0.223255260884747
170 0.2237070220008331
171 0.2241408415917487
172 0.2245544595096456
173 0.2249456985307266
174 0.2253123604093056
175 0.2256523157458251
176 0.2259635430071378
177 0.2262443180540491
178 0.2264932040487702
179 0.2267089403979311
180 0.226890690493264
181 0.2270377063112422
182 0.2271495215415659
183 0.2272259067556789
184 0.2272660836627739
185 0.2272698682695284
186 0.2272373070824519
187 0.2271687051083017
188 0.2270645547416046
189 0.2269255635398909
190 0.2267526169538397
191 0.2265464836386048
192 0.2263082286030512
193 0.2260391898636694
194 0.2257405475160636
195 0.2254136790266309
196 0.2250600877519668
197 0.2246811510434449
198 0.2242783024540722
199 0.2238531113801742
200 0.2234070550677132
201 0.2229416080048912
202 0.2224582792407099
203 0.2219584768997529
204 0.2214437082146339
205 0.2209153510461883
206 0.2203746197439502
207 0.2198228236250825
208 0.2192614480671201
209 0.2186917689656164
210 0.2181149257161283
211 0.2175321257287956
212 0.2169444942718644
213 0.2163531131275531
214 0.215759023343942
215 0.2151632323277911
216 0.2145666944074062
217 0.2139703306733773
218 0.2133750197259383
219 0.2127817384935369
220 0.2121914631755333
221 0.211605087101875
222 0.2110235233675578
223 0.210447579596955
224 0.2098781952602717
225 0.2093162363195763
226 0.2087626230765274
227 0.2082182673493124
228 0.2076840069206087
229 0.2071606668234109
230 0.2066490980406054
231 0.206150142757337
232 0.2056646381128091
233 0.2051934427468821
234 0.2047373410998257
235 0.2042970532363075
236 0.203873335187125
237 0.2034668436037466
238 0.2030782722353303
239 0.2027082509793087
240 0.2023574232627572
241 0.202026383710302
242 0.2017156536701877
243 0.2014257260972838
244 0.2011554729405287
245 0.2009070128830888
246 0.2006806534625561
247 0.2004767045643752
248 0.2002954310005963
249 0.2001369949907064
250 0.2000014848179199
251 0.1998889263711618
252 0.1997993123502351
253 0.1997325476119406
254 0.199688521330492
255 0.1996670337825978
256 0.1996678159393098
257 0.1996905531413
258 0.1997349214868188
259 0.1998005561257781
260 0.1998869235364033
261 0.1999934637800652
262 0.2001195836719466
263 0.2002646558747861
264 0.200427995767758
265 0.2006088813729511
266 0.2008065801928417
267 0.2010202191572177
268 0.201248942275972
269 0.2014918196130562
270 0.2017479047652368
271 0.2020162243003996
272 0.2022957876107302
273 0.2025855087263547
274 0.2028843201323557
275 0.2031912226379454
276 0.2035051309160261
277 0.2038250899957483
278 0.2041501150415468
279 0.2044792631375784
280 0.2048114784581008
281 0.2051455769755863
282 0.2054803431430479
283 0.2058147824039081
284 0.2061479168668683
285 0.2064787473921801
286 0.2068064526645795
287 0.2071302066880694
288 0.2074491774968206
289 0.207762520584919
290 0.2080694167851841
291 0.2083691176605515
292 0.2086609025465856
293 0.2089440810423617
294 0.2092180209518304
295 0.2094821010502541
296 0.2097358210725028
297 0.2099786996858394
298 0.2102101533432622
299 0.2104297774847361
300 0.2106371662993752
301 0.2108319280877097
302 0.211013751340926
303 0.2111824064042136
304 0.2113376415720351
305 0.2114793096019629
306 0.2116072105571283
307 0.2117211880008239
308 0.2118211513532879
309 0.2119070144356799
310 0.2119787282457871
311 0.2120362349024357
312 0.2120795447092073
313 0.2121086898510803
314 0.2121237462528753
315 0.2121247284920755
316 0.212111690067445
317 0.2120847622389175
318 0.2120441282499884
319 0.2119899927329183
320 0.2119225474335899
321 0.2118420732732969
322 0.211748851107759
323 0.2116430796780108
324 0.211525079740202
325 0.2113951465548762
326 0.2112535862423264
327 0.2111007914740143
328 0.2109371417991485
329 0.2107630823733085
330 0.2105790467058174
331 0.2103854759025608
332 0.2101828725520272
333 0.209971754889534
334 0.2097526285258036
335 0.209525993330036
336 0.2092923726453932
337 0.209052321753194
338 0.2088063970806541
339 0.2085551201221282
340 0.2082990475834477
341 0.2080387250576597
342 0.2077747256194957
343 0.2075076268461498
344 0.2072380252286806
345 0.206966474386492
346 0.2066935205183119
347 0.2064197353098149
348 0.2061456885874284
349 0.2058719235257611
350 0.2055989933343053
351 0.2053274494351031
352 0.2050578142240985
353 0.2047905992573947
354 0.2045263180994319
355 0.2042654671486602
356 0.2040085331319098
357 0.2037559961132805
358 0.2035082959045313
359 0.2032658895501624
360 0.2030292213233903
361 0.2027987224493754
362 0.2025747864559936
363 0.2023577859713653
364 0.2021480788227006
365 0.201946009065531
366 0.2017518906812798
367 0.2015660218041929
368 0.2013886942418694
369 0.2012201374400466
370 0.2010605883028891
371 0.2009102725225643
372 0.2007693549151199
373 0.2006379956747244
374 0.2005163370274755
375 0.200404483532815
376 0.2003025291905452
377 0.2002104786206244
378 0.2001283410408349
379 0.2000561627309639
380 0.199993956845003
381 0.1999417129483761
382 0.1998993883958826
383 0.1998668936368653
384 0.1998441498953951
385 0.1998310559129866
386 0.1998275005129739
387 0.1998333304048706
388 0.1998483774586589
389 0.1998724714999879
390 0.199905415949723
391 0.1999469969761765
392 0.1999969902898492
393 0.2000551579111734
394 0.2001212510024556
395 0.2001950118720762
396 0.200276171362273
397 0.2003644541018276
398 0.2004595553807675
399 0.2005611655881983
400 0.2006689740544441
401 0.2007826491330235
402 0.2009018750570725
403 0.2010263202389708
404 0.2011556678609919
405 0.2012895728614592
406 0.2014277010187324
407 0.2015697272504596
408 0.2017153034557803
409 0.2018641070351255
410 0.2020158115236221
411 0.2021700830614019
412 0.2023265784529582
413 0.2024849636910155
414 0.2026449011094886
415 0.2028060413174664
416 0.2029680519476753
417 0.2031306345502134
418 0.2032934770324798
419 0.2034562869420554
420 0.2036187717149696
421 0.2037806352602775
422 0.2039415930079864
423 0.2041013774156153
424 0.204259701835061
425 0.2044162918094553
426 0.2045708873143336
427 0.2047232268435367
428 0.2048730648258717
429 0.2050201633289729
430 0.2051642929558994
431 0.2053052377674937
432 0.20544278194769
433 0.2055767240890577
434 0.2057068709032797
435 0.2058330382168069
436 0.2059550595507576
437 0.2060727909418755
438 0.2061860666111039
439 0.2062947587771176
440 0.2063987290868943
441 0.2064978592632221
442 0.2065920422093658
443 0.2066811936856897
444 0.2067652515644892
445 0.2068441622813634
446 0.2069178839858568
447 0.2069863960368902
448 0.2070496823307454
449 0.2071077406236614
450 0.2071605820130359
451 0.2072082218119694
452 0.2072506840624516
453 0.2072880045306113
454 0.2073202292017447
455 0.2073474077796335
456 0.2073695952491569
457 0.207386855152525
458 0.2073992665287955
459 0.2074069165754376
460 0.2074098941093389
461 0.20740829793424
462 0.207402235563564
463 0.2073918229063592
464 0.2073771817987447
465 0.2073584486580327
466 0.2073357660123684
467 0.2073092578715499
468 0.2072790823737948
469 0.2072454052831809
470 0.2072084037034
471 0.2071682594951833
472 0.2071251673438496
473 0.2070793160613068
474 0.2070309079312642
475 0.2069801424576156
476 0.2069272347607357
477 0.2068723878057563
478 0.2068158023015294
479 0.2067576757482758
480 0.2066982043098101
481 0.2066375869608454
482 0.2065760200859294
483 0.2065136928661032
484 0.2064508192188278
485 0.2063875892558248
486 0.2063241865781385
487 0.2062608066510659
488 0.2061976405068306
489 0.2061348817363499
490 0.2060727125873587
491 0.2060113126215705
492 0.2059508575624836
493 0.2058915227716532
494 0.205833478567698
495 0.205776893769965
496 0.2057219213290049
497 0.2056687108129839
498 0.2056174092540629
499 0.2055681568968621
500 0.2055210899383766
501 0.2054763372093925
502 0.205434022298861
503 0.2053942626109728
504 0.2053571681562658
505 0.2053228428861748
506 0.2052913811563124
507 0.2052628694723662
508 0.2052373881429317
509 0.2052150122997658
510 0.2051958039904566
511 0.2051798198681438
512 0.2051671155306898
513 0.2051577228537133
514 0.2051516731931619
515 0.2051489917669399
516 0.2051496889119238
517 0.205153772687292
518 0.2051612453330541
519 0.2051720992346557
520 0.2051863200521917
521 0.2052038787022954
522 0.2052247417321995
523 0.205248867644443
524 0.2052762082405122
525 0.2053067088580726
526 0.2053403025207672
527 0.2053769158237699
528 0.2054164986309342
529 0.2054589650657524
530 0.2055042229458878
531 0.2055521572454109
532 0.2056026934187318
533 0.2056557060260581
534 0.2057111071295723
535 0.2057687760272445
536 0.2058285978413009
537 0.2058904576182299
538 0.2059542329715316
539 0.2060197960454558
540 0.2060870147079991
541 0.2061557610335936
542 0.2062259012536836
543 0.206297302505195
544 0.2063698315390391
545 0.2064433589339644
546 0.2065177486629894
547 0.2065928680931555
548 0.2066685800926237
549 0.2067447508445412
550 0.206821246867353
551 0.2068979343560775
552 0.2069746812441625
553 0.2070513556336423
554 0.207127823579357
555 0.2072039547294149
556 0.2072796202837465
557 0.2073546933182838
558 0.2074290283690449
559 0.2075025307684459
560 0.2075750579887844
561 0.2076465229236452
562 0.2077167939256276
563 0.207785769926233
564 0.2078533557500141
565 0.2079194614897721
566 0.20798400351211
567 0.2080469010233887
568 0.2081080804531703
569 0.2081674712545563
570 0.2082250069629163
571 0.2082806233710879
572 0.2083342701773001
573 0.2083858994740756
574 0.2084354605168201
575 0.2084829106006822
576 0.2085282113432196
577 0.2085713285640231
578 0.2086122328211185
579 0.2086508995076304
580 0.2086873084676945
581 0.2087214441398658
582 0.2087532947066602
583 0.2087828532865416
584 0.2088101161304404
585 0.208835082277825
586 0.2088577574368036
587 0.2088781490864519
588 0.2088962684930831
589 0.2089121304857668
590 0.2089257519278487
591 0.2089371545039468
592 0.2089463627773604
593 0.2089534064407323
594 0.2089583190707369
595 0.2089611406893975
596 0.2089619123167548
597 0.2089606764488581
598 0.2089574803471853
599 0.2089523765390827
600 0.2089454224241664
601 0.2089366811008679
602 0.2089262192136969
603 0.2089141101305939
604 0.2089004516697445
605 0.2088853095269871
606 0.208868757358532
607 0.2088508740428612
608 0.2088317445070194
609 0.2088114555200131
610 0.208790090226027
611 0.2087677336759622
612 0.2087444701676435
613 0.2087203876044757
614 0.2086955700667527
615 0.2086701005777053
616 0.2086440621999786
617 0.2086175363341112
618 0.2085906042022204
619 0.2085633470166896
620 0.2085358463020549
621 0.208508182240783
622 0.2084804331064388
623 0.2084526767960396
624 0.2084249919137946
625 0.2083974566369408
626 0.2083701459517939
627 0.2083431373762232
628 0.20831650321406
629 0.2082903199368324
630 0.2082646551920234
631 0.208239578379694
632 0.2082151558996186
633 0.2081914527980828
634 0.2081685326897245
635 0.2081464545625327
636 0.2081252761357096
637 0.2081050510762835
638 0.2080858311616563
639 0.2080676651329004
640 0.2080506005106445
641 0.2080346807175732
642 0.208019946615643
643 0.2080064369388062
644 0.2079941901878688
645 0.2079832420698227
646 0.2079736248885458
647 0.2079653691170263
648 0.2079585025045334
649 0.2079530511672961
650 0.2079490380316936
651 0.2079464826597979
652 0.2079454005318449
653 0.2079458071774959
654 0.2079477078345602
655 0.2079511101502598
656 0.207956017024777
657 0.2079624240783448
658 0.2079703262396474
659 0.20797971481125
660 0.2079905771560863
661 0.2080028979963614
662 0.2080166572872206
663 0.2080318361937737
664 0.2080484133581433
665 0.2080663606019234
666 0.208085648670541
667 0.2081062477552031
668 0.2081281277958927
669 0.2081512565400629
670 0.2081755998382463
671 0.2082011236704201
672 0.2082277919812444
673 0.2082555678890665
674 0.208284412595402
675 0.2083142857572741
676 0.208345145886021
677 0.2083769491375456
678 0.2084096495644603
679 0.2084431981492962
680 0.2084775442259793
681 0.208512634100536
682 0.2085484122258175
683 0.2085848225182677
684 0.2086218081242736
685 0.2086593110977735
686 0.2086972724133845
687 0.2087356319194058
688 0.2087743291878325
689 0.20881330561203
690 0.2088525001129951
691 0.2088918509969064
692 0.2089312977929068
693 0.2089707804488246
694 0.2090102402255911
695 0.2090496205773344
696 0.2090888652821547
697 0.2091279195292885
698 0.2091667297670954
699 0.209205243706923
700 0.2092434104549397
701 0.2092811801342958
702 0.2093185045354527
703 0.2093553353206773
704 0.2093916261266178
705 0.2094273325010307
706 0.2094624099664683
707 0.2094968159702903
708 0.2095305074576986
709 0.209563444145042
710 0.2095955872639309
711 0.20962689849069
712 0.2096573402909842
713 0.2096868758377794
714 0.2097154704260904
715 0.2097430910677398
716 0.2097697042625633
717 0.209795278835099
718 0.2098197884053417
719 0.2098432069358913
720 0.2098655126260109
721 0.209886686169102
722 0.2099067114547832
723 0.2099255739995787
724 0.2099432628273069
725 0.2099597694056728
726 0.2099750887786935
727 0.2099892181403951
728 0.2100021592741701
729 0.210013916540797
730 0.2100244965197543
731 0.2100339070215619
732 0.2100421582962527
733 0.2100492629822204
734 0.2100552503032629
735 0.2100601277829551
736 0.2100639044318974
737 0.2100665949722448
738 0.2100682165824564
739 0.2100687874879345
740 0.2100683274491996
741 0.2100668569964916
742 0.2100643974041612
743 0.2100609712176471
744 0.2100566019371361
745 0.2100513139450153
746 0.2100451331001403
747 0.2100380862648485
748 0.2100302018882072
749 0.2100215102904106
750 0.2100120434808625
751 0.2100018347624759
752 0.2099909206605947
753 0.2099793392028848
754 0.2099671274860319
755 0.2099543256966687
756 0.2099409752399283
757 0.2099271177088673
758 0.2099127965883665
759 0.2098980536164593
760 0.2098829329285272
761 0.2098674778358358
762 0.2098517333710576
763 0.2098357424447465
764 0.2098195481237287
765 0.2098031927306663
766 0.2097867167667696
767 0.2097701610248167
768 0.2097535655269086
769 0.209736968924448
770 0.2097204110932809
771 0.2097039314909387
772 0.2096875691106276
773 0.2096713630312047
774 0.2096553515484524
775 0.2096395725745918
776 0.2096240636148376
777 0.209608862194875
778 0.209594005542949
779 0.2095795308518235
780 0.2095654751703588
781 0.2095518760566365
782 0.2095387682459071
783 0.2095261872972382
784 0.2095141656329799
785 0.2095027350818594
786 0.2094919257908575
787 0.2094817799417535
788 0.2094723220696162
789 0.2094635673122328
790 0.2094555416677121
791 0.2094482638626259
792 0.2094417503213513
793 0.2094360162544484
794 0.209431074724017
795 0.2094269384118347
796 0.2094236179880018
797 0.209421122885165
798 0.2094194616380985
799 0.2094186416828453
800 0.20941866901397
801 0.2094195500845194
802 0.2094212890107075
803 0.2094238886699913
804 0.2094273509027764
805 0.2094316773002522
806 0.2094368673563536
807 0.2094429198581371
808 0.2094498354896197
809 0.2094576119631826
810 0.2094662418724911
811 0.209475717151467
812 0.2094860285092133
813 0.2094971651709268
814 0.2095091152419454
815 0.2095218656003574
816 0.2095354020073374
817 0.2095497085227074
818 0.2095647680513167
819 0.2095805620892109
820 0.2095970699615635
821 0.2096142695891898
822 0.2096321378258498
823 0.2096506489316079
824 0.2096697768695906
825 0.2096894933116588
826 0.2097097697667688
827 0.2097305759907228
828 0.2097518810928929
829 0.2097736537525778
830 0.2097958623369031
831 0.209818474842021
832 0.2098414592120931
833 0.209864783324607
834 0.2098884148776635
835 0.2099123209720978
836 0.2099364688829094
837 0.2099608258325354
838 0.2099853590955996
839 0.2100100350448393
840 0.2100348210456306
841 0.2100596840902901
842 0.2100845920806174
843 0.2101095113214737
844 0.2101344087522231
845 0.2101592558693679
846 0.2101840196373285
847 0.210208666611233
848 0.2102331642357642
849 0.2102574813287019
850 0.2102815864650784
851 0.2103054496759905
852 0.2103290414114265
853 0.2103523327485223
854 0.2103752959578027
855 0.210397904259043
856 0.2104201320426074
857 0.2104419534139151
858 0.2104633460800939
859 0.2104842921634726
860 0.2105047701050982
861 0.2105247568950888
862 0.210544231180441
863 0.2105631734008957
864 0.2105815655522733
865 0.2105993914601214
866 0.2106166362790268
867 0.210633285374682
868 0.2106493263180571
869 0.2106647476332517
870 0.2106795377977725
871 0.2106936867023532
872 0.2107071854808413
873 0.2107200267823875
874 0.2107322037677566
875 0.210743711191922
876 0.2107545443678119
877 0.2107646998824878
878 0.2107741754939154
879 0.2107829703719141
880 0.2107910852591586
881 0.2107985218286631
882 0.2108052831345162
883 0.2108113711761527
884 0.2108167951818225
885 0.2108215623438244
886 0.2108256806108149
887 0.2108291579561122
888 0.2108320034513777
889 0.2108342271705253
890 0.2108358400524692
891 0.2108368546638914
892 0.2108372834194974
893 0.2108371398996737
894 0.2108364383558493
895 0.210835193824865
896 0.2108334220515239
897 0.2108311398046225
898 0.2108283646382411
899 0.2108251148339518
900 0.2108214094977343
901 0.2108172683143757
902 0.2108127121828067
903 0.2108077623463854
904 0.2108024404907706
905 0.2107967692916832
906 0.2107907720438758
907 0.2107844726373765
908 0.2107778956345722
909 0.2107710652203908
910 0.2107640065504324
911 0.2107567438363506
912 0.2107493022548388
913 0.2107417077592902
914 0.2107339845832847
915 0.210726158381686
916 0.2107182540945721
917 0.2107102973580097
918 0.2107023141081161
919 0.2106943301572839
920 0.2106863712131859
921 0.2106784630128656
922 0.2106706305890233
923 0.2106628990015565
924 0.2106552926444005
925 0.2106478358032236
926 0.210640552117848
927 0.2106334645152171
928 0.2106265951320386
929 0.2106199677998206
930 0.2106136084334006
931 0.2106075310146227
932 0.2106017519159764
933 0.2105962884732252
934 0.2105911579312233
935 0.2105863771554884
936 0.2105819623354981
937 0.2105779292412749
938 0.210574292759209
939 0.2105710663964401
940 0.2105682636453378
941 0.2105658973286424
942 0.2105639797843877
943 0.2105625223892384
944 0.210561535727861
945 0.2105610293738962
946 0.2105610121759616
947 0.2105614915533852
948 0.2105624745005049
949 0.2105639663730725
950 0.2105659718015869
951 0.2105684937810823
952 0.2105715346577852
953 0.2105750947721896
954 0.2105791746374014
955 0.2105837729695461
956 0.210588887945439
957 0.210594516975516
958 0.2106006571110705
959 0.2106073041517367
960 0.2106144534040509
961 0.2106221046374768
962 0.2106302451992427
963 0.2106388672588434
964 0.2106479638614248
965 0.2106575276818565
966 0.2106675502369338
967 0.2106780218993631
968 0.2106889320554939
969 0.2107002678983438
970 0.2107120164040442
971 0.2107241639918855
972 0.2107366960626566
973 0.2107495972211383
974 0.2107628515061926
975 0.2107764420368992
976 0.2107903514471152
977 0.2108045618372411
978 0.2108190551683745
979 0.2108338123432009
980 0.210848813854138
981 0.210864039997215
982 0.2108794708549881
983 0.210895086476736
984 0.2109108664520196
985 0.2109267902592473
986 0.210942837282268
987 0.2109589869800227
988 0.2109752189750053
989 0.21099151305827
990 0.2110078493646174
991 0.2110242080181059
992 0.2110405692297932
993 0.2110569134182416
994 0.2110732211665688
995 0.211089473064583
996 0.2111056499726502
997 0.2111217331454728
998 0.2111377033972651
999 0.2111535421149082
1000 0.2111692308220645
1001 0.2111847514291374
1002 0.2112000863281363
1003 0.2112152182878971
1004 0.211230130684003
1005 0.2112448075313078
1006 0.2112592329736902
1007 0.2112733920041377
1008 0.211287269801972
1009 0.2113008519756122
1010 0.2113141247516209
1011 0.2113270747133563
1012 0.2113396894441573
1013 0.2113519568532795
1014 0.2113638655532763
1015 0.2113754044944365
1016 0.2113865632817441
1017 0.2113973324844864
1018 0.2114077032604728
1019 0.2114176678166229
1020 0.2114272188553628
1021 0.2114363501100886
1022 0.2114450562557846
1023 0.2114533328281063
1024 0.2114611757013571
1025 0.2114685818783525
1026 0.2114755491714689
1027 0.2114820767587426
1028 0.2114881647322958
1029 0.2114938137928812
1030 0.2114990257654625
1031 0.211503803107471
1032 0.2115081485717685
1033 0.2115120662242828
1034 0.2115155597766229
1035 0.2115186340353385
1036 0.211521294577714
1037 0.2115235476126381
1038 0.2115253994785
1039 0.2115268573893704
1040 0.2115279286309647
1041 0.2115286212881237
1042 0.2115289442353174
1043 0.2115289065559996
1044 0.2115285181618329
1045 0.2115277895424359
1046 0.2115267316655384
1047 0.2115253559424674
1048 0.2115236743444328
1049 0.211521699115335
1050 0.2115194429360187
1051 0.2115169188607484
1052 0.2115141403055653
1053 0.2115111210389179
1054 0.211507875151928
1055 0.2115044169649155
1056 0.2115007611241053
1057 0.2114969229217042
1058 0.2114929172000545
1059 0.2114887594470782
1060 0.2114844653431474
1061 0.2114800508438211
1062 0.2114755322061501
1063 0.2114709259153308
1064 0.2114662489765958
1065 0.2114615180882404
1066 0.2114567491070653
1067 0.2114519584373793
1068 0.2114471625842622
1069 0.2114423780681435
1070 0.2114376214598002
1071 0.2114329093595262
1072 0.2114282582527346
1073 0.2114236845485401
1074 0.2114192053291822
1075 0.2114148368025836
1076 0.2114105936818548
1077 0.2114064912108787
1078 0.211402543724207
1079 0.2113987656361466
1080 0.2113951704722751
1081 0.2113917717463773
1082 0.2113885824552571
1083 0.2113856155511438
1084 0.2113828827358028
1085 0.2113803954560548
1086 0.2113781646435373
1087 0.2113762006537758
1088 0.2113745134111335
1089 0.2113731120450921
1090 0.2113720047727132
1091 0.2113711994929823
1092 0.2113707042623539
1093 0.2113705267809281
1094 0.2113706739024023
1095 0.2113711524202411
1096 0.2113719678015115
1097 0.2113731253684293
1098 0.2113746296983142
1099 0.2113764841177477
1100 0.2113786911986763
1101 0.2113812531554708
1102 0.211384171572348
1103 0.2113874471337966
1104 0.2113910800484851
1105 0.21139507024374
1106 0.2113994163294247
1107 0.2114041163660256
1108 0.2114091676420702
1109 0.2114145667125777
1110 0.211420309841573
1111 0.2114263926513959
1112 0.2114328102230027
1113 0.2114395572924757
1114 0.2114466279494001
1115 0.2114540157750557
1116 0.2114617138825962
1117 0.2114697148632913
1118 0.2114780108214222
1119 0.2114865931288084
1120 0.2114954527377371
1121 0.2115045801784731
1122 0.2115139655826159
1123 0.2115235986436843
1124 0.2115334686541602
1125 0.2115435648703585
1126 0.2115538756620661
1127 0.2115643894013204
1128 0.2115750940546736
1129 0.2115859773646832
1130 0.2115970270089807
1131 0.2116082300202984
1132 0.2116195736084568
1133 0.2116310441394478
1134 0.2116426281941486
1135 0.2116543123454785
1136 0.2116660829404449
1137 0.2116779257067587
1138 0.2116898266676269
1139 0.2117017719880092
1140 0.2117137473768493
1141 0.2117257387882822
1142 0.2117377322035412
1143 0.2117497136070359
1144 0.2117616690551299
1145 0.2117735847238907
1146 0.211785446928308
1147 0.2117972421769606
1148 0.2118089571470458
1149 0.2118205787314247
1150 0.2118320940553369
1151 0.2118434905805839
1152 0.2118547558891542
1153 0.2118658779319414
1154 0.2118768448587795
1155 0.2118876451503469
1156 0.21189826768388
1157 0.2119087018569795
1158 0.2119189374385526
1159 0.2119289646079212
1160 0.2119387739417871
1161 0.2119483565577945
1162 0.211957703860763
1163 0.2119668079042877
1164 0.2119756610567119
1165 0.211984256166811
1166 0.2119925864861658
1167 0.2120006456874471
1168 0.2120084278611077
1169 0.21201592757388
1170 0.2120231396029924
1171 0.2120300594016127
1172 0.2120366827374619
1173 0.2120430057896844
1174 0.2120490252033228
1175 0.2120547385873723
1176 0.2120601437979243
1177 0.2120652396682104
1178 0.2120700250044964
1179 0.2120744993712915
1180 0.2120786629988315
1181 0.2120825165452324
1182 0.2120860611526257
1183 0.2120892983501315
1184 0.2120922303220886
1185 0.2120948596306849
1186 0.2120971895422149
1187 0.2120992236293733
1188 0.2121009660107331
1189 0.2121024213716243
1190 0.2121035948499929
1191 0.2121044920436087
1192 0.2121051189392918
1193 0.2121054819482725
1194 0.2121055877638762
1195 0.2121054435253378
1196 0.2121050566698487
1197 0.2121044350120014
1198 0.212103587334369
1199 0.2121025217426061
1200 0.2121012469508739
1201 0.2120997722597028
1202 0.2120981068079972
1203 0.2120962604685446
1204 0.2120942432239963
1205 0.2120920657175118
1206 0.2120897382658999
1207 0.2120872721381435
1208 0.2120846783338521
1209 0.2120819677760468
1210 0.2120791518910366
1211 0.212076241971104
1212 0.2120732493913996
1213 0.2120701858468924
1214 0.2120670628061285
1215 0.2120638916459249
1216 0.2120606839427016
1217 0.2120574516468572
1218 0.2120542066927945
1219 0.2120509601909828
1220 0.2120477235945872
1221 0.212044508356558
1222 0.2120413259445552
1223 0.2120381877275028
1224 0.2120351049103745
1225 0.212032088563304
1226 0.2120291500886114
1227 0.2120262997182964
1228 0.212023548046293
1229 0.2120209053628005
1230 0.212018381910984
1231 0.2120159875845437
1232 0.2120137316948306
1233 0.2120116235524091
1234 0.2120096721013737
1235 0.2120078860419087
1236 0.2120062737194204
1237 0.2120048430569006
1238 0.2120036019035308
1239 0.2120025575786509
1240 0.212001717105075
1241 0.2120010870442491
1242 0.2120006735497849
1243 0.2120004823754943
1244 0.2120005189297642
1245 0.2120007881298148
1246 0.2120012943926343
1247 0.2120020419403751
1248 0.2120030344833491
1249 0.2120042755241937
1250 0.2120057678715501
1251 0.2120075140421625
1252 0.2120095160481395
1253 0.2120117755049246
1254 0.2120142935941889
1255 0.2120170710068576
1256 0.2120201078924096
1257 0.2120234038900757
1258 0.2120269584141837
1259 0.2120307703332898
1260 0.2120348381790645
1261 0.2120391600026182
1262 0.2120437336386273
1263 0.2120485566030811
1264 0.2120536257444036
1265 0.2120589375127661
1266 0.2120644879688697
1267 0.2120702727743617
1268 0.2120762872773862
1269 0.212082526325224
1270 0.2120889844157487
1271 0.2120956556597632
1272 0.2121025337682191
1273 0.2121096122033147
1274 0.2121168838785749
1275 0.2121243415179431
1276 0.2121319775370283
1277 0.2121397840497375
1278 0.2121477529190736
1279 0.2121558757206473
1280 0.2121641439376303
1281 0.2121725486627833
1282 0.212181080983837
1283 0.212189731902468
1284 0.212198492288757
1285 0.2122073527923373
1286 0.2122163039598664
1287 0.2122253362348032
1288 0.2122344400748645
1289 0.2122436058820908
1290 0.2122528235913158
1291 0.2122620833697675
1292 0.2122713753292845
1293 0.2122806895457532
1294 0.2122900160700483
1295 0.2122993449292969
1296 0.21230866613669
1297 0.2123179697307696
1298 0.2123272456774244
1299 0.2123364840568874
1300 0.2123456750912644
1301 0.2123548091475152
1302 0.2123638768400652
1303 0.2123728688772351
1304 0.2123817762139934
1305 0.212390589878949
1306 0.2123993011404074
1307 0.2124079014342992
1308 0.2124163823214812
1309 0.2124247355699494
1310 0.2124329531708011
1311 0.212441027405393
1312 0.2124489508090769
1313 0.2124567162398005
1314 0.2124643168611071
1315 0.2124717460419304
1316 0.2124789974334854
1317 0.2124860651171518
1318 0.2124929435386381
1319 0.2124996272578641
1320 0.2125061114712039
1321 0.2125123914719249
1322 0.2125184629107462
1323 0.2125243218870467
1324 0.2125299647212133
1325 0.2125353882118747
1326 0.212540589303724
1327 0.2125455654959699
1328 0.2125503143672327
1329 0.2125548341613409
1330 0.212559123329298
1331 0.2125631806827191
1332 0.2125670054152937
1333 0.2125705970628718
1334 0.2125739554941463
1335 0.2125770809013053
1336 0.212579973879347
1337 0.2125826355303718
1338 0.2125850672410276
1339 0.2125872706972479
1340 0.2125892479893749
1341 0.2125910042474037
1342 0.2125925407955728
1343 0.2125938598161165
1344 0.2125949643537672
1345 0.2125958580608639
1346 0.2125965449289213
1347 0.212597029276824
1348 0.2125973157228861
1349 0.2125974091359725
1350 0.212597314638043
1351 0.2125970376710233
1352 0.2125965839140551
1353 0.2125959593368922
1354 0.212595170141398
1355 0.21259422276126
1356 0.2125931238566148
1357 0.2125918802731148
1358 0.2125904990367262
1359 0.2125889874141732
1360 0.212587352906254
1361 0.2125856029181711
1362 0.2125837451405229
1363 0.2125817873684249
1364 0.2125797375257695
1365 0.2125776037098107
1366 0.2125753940091585
1367 0.2125731162817757
1368 0.2125707785927218
1369 0.2125683890435724
1370 0.2125659557887773
1371 0.2125634870403788
1372 0.212560991103242
1373 0.2125584765453586
1374 0.2125559514438547
1375 0.2125534239519624
1376 0.2125509022862422
1377 0.2125483945258403
1378 0.212545908834811
1379 0.2125434533361077
1380 0.2125410361050933
1381 0.2125386651903509
1382 0.2125363484070422
1383 0.2125340935391268
1384 0.2125319082161514
1385 0.21252979988079
1386 0.2125277757563461
1387 0.2125258429466418
1388 0.2125240085253965
1389 0.2125222790602085
1390 0.2125206608594747
1391 0.2125191600333004
1392 0.2125177824783411
1393 0.2125165339631948
1394 0.2125154198647264
1395 0.2125144455102134
1396 0.2125136158410327
1397 0.2125129356602511
1398 0.212512409329614
1399 0.2125120409659571
1400 0.2125118345246871
1401 0.2125117936010325
1402 0.2125119217240619
1403 0.2125122220407417
1404 0.212512697410761
1405 0.2125133503898918
1406 0.2125141831364536
1407 0.2125151975907117
1408 0.212516395475602
1409 0.2125177781004551
1410 0.212519346605541
1411 0.2125211017406546
1412 0.2125230439017754
1413 0.2125251733237998
1414 0.2125274898865636
1415 0.21252999314814
1416 0.2125326824217666
1417 0.212535556617761
1418 0.2125386144046804
1419 0.2125418542208923
1420 0.2125452741732287
1421 0.212548872116795
1422 0.2125526454700619
1423 0.2125565915264923
1424 0.2125607072550635
1425 0.2125649893735584
1426 0.2125694343380605
1427 0.2125740383339584
1428 0.2125787972844104
1429 0.2125837068435794
1430 0.2125887624153821
1431 0.2125939591616874
1432 0.2125992921542684
1433 0.2126047560678941
1434 0.2126103454543292
1435 0.2126160547326197
1436 0.2126218781839266
1437 0.2126278099356311
1438 0.2126338439481383
1439 0.2126399740608271
1440 0.2126461940046554
1441 0.2126524974365347
1442 0.2126588779123198
1443 0.2126653289259653
1444 0.2126718439106911
1445 0.2126784162460998
1446 0.2126850392604232
1447 0.2126917062473689
1448 0.2126984104637069
1449 0.2127051451341595
1450 0.2127119034615381
1451 0.2127186786367729
1452 0.2127254638497459
1453 0.2127322522991844
1454 0.2127390372007144
1455 0.2127458117642573
1456 0.2127525692285247
1457 0.2127593028637869
1458 0.2127660060689074
1459 0.2127726722996267
1460 0.212779295095157
1461 0.2127858680787052
1462 0.2127923850226345
1463 0.2127988397788675
1464 0.212805226320867
1465 0.2128115387635493
1466 0.2128177713642434
1467 0.2128239185695018
1468 0.2128299749878935
1469 0.2128359353788215
1470 0.2128417947369362
1471 0.21284754823079
1472 0.2128531912285332
1473 0.2128587193016986
1474 0.2128641282375932
1475 0.2128694140354057
1476 0.2128745729164813
1477 0.2128796012601346
1478 0.2128844956895674
1479 0.2128892530588789
1480 0.2128938704660217
1481 0.2128983452045169
1482 0.2129026748341245
1483 0.2129068571079017
1484 0.2129108899567258
1485 0.2129147715369112
1486 0.2129185004293876
1487 0.2129220754078338
1488 0.2129254954878024
1489 0.2129287599544137
1490 0.2129318683293728
1491 0.2129348204215462
1492 0.2129376162805671
1493 0.2129402562252196
1494 0.2129427407421945
1495 0.212945070706405
1496 0.212947247112852
1497 0.2129492711559462
1498 0.2129511442272803
1499 0.2129528679227878
1500 0.2129544440119146
1501 0.2129558744607304
1502 0.2129571613980629
1503 0.2129583071675845
1504 0.2129593142827864
1505 0.2129601854600142
1506 0.212960923588594
1507 0.212961531806191
1508 0.2129620133963241
1509 0.2129623718701396
1510 0.212962610884877
1511 0.2129627342578187
1512 0.2129627459419701
1513 0.2129626500861261
1514 0.2129624509983163
1515 0.2129621531112418
1516 0.2129617609919268
1517 0.2129612793253106
1518 0.2129607129420269
1519 0.2129600666527303
1520 0.2129593454162149
1521 0.2129585543099167
1522 0.2129576985261628
1523 0.2129567833082435
1524 0.2129558139772283
1525 0.2129547959016218
1526 0.2129537344744767
1527 0.212952635122787
1528 0.2129515033158861
1529 0.2129503445054718
1530 0.2129491642082688
1531 0.2129479679638034
1532 0.2129467612814843
1533 0.2129455496463016
1534 0.2129443385026559
1535 0.2129431332841621
1536 0.2129419393717516
1537 0.2129407620794262
1538 0.2129396066407042
1539 0.2129384782110873
1540 0.2129373818872662
1541 0.2129363226622286
1542 0.2129353054535547
1543 0.212934335130686
1544 0.2129334164569521
1545 0.2129325540400856
1546 0.2129317523906518
1547 0.2129310158733787
1548 0.2129303487656236
1549 0.2129297551858126
1550 0.2129292390787238
1551 0.2129288042144206
1552 0.2129284542255725
1553 0.2129281925741777
1554 0.2129280225567254
1555 0.2129279473901386
1556 0.2129279700294151
1557 0.2129280933065643
1558 0.2129283198418072
1559 0.2129286520842445
1560 0.2129290922957112
1561 0.2129296425195722
1562 0.2129303046307489
1563 0.2129310803356402
1564 0.212931971123426
1565 0.2129329782518182
1566 0.2129341028548619
1567 0.2129353458299967
1568 0.2129367078731843
1569 0.2129381895083281
1570 0.2129397910131374
1571 0.2129415124928012
1572 0.2129433538892486
1573 0.212945314941815
1574 0.2129473952046064
1575 0.2129495940964767
1576 0.2129519107596337
1577 0.2129543441725306
1578 0.2129568931601044
1579 0.2129595563343405
1580 0.2129623321248783
1581 0.2129652187851489
1582 0.2129682143978356
1583 0.212971316893361
1584 0.2129745240360364
1585 0.2129778334400686
1586 0.2129812425562581
1587 0.212984748699766
1588 0.2129883490485055
1589 0.2129920406481946
1590 0.2129958204222496
1591 0.2129996851784119
1592 0.2130036316108247
1593 0.2130076563073381
1594 0.213011755735112
1595 0.2130159262568499
1596 0.2130201641448386
1597 0.2130244655804756
1598 0.2130288266586174
1599 0.2130332433824357
1600 0.2130377116743823
1601 0.2130422273876146
1602 0.2130467863151642
1603 0.2130513841951396
1604 0.2130560167242218
1605 0.2130606795592159
1606 0.2130653683375875
1607 0.2130700786948639
1608 0.2130748062524164
1609 0.2130795466343732
1610 0.2130842954800271
1611 0.2130890484514948
1612 0.213093801228161
1613 0.2130985495476338
1614 0.2131032891660835
1615 0.2131080158797168
1616 0.2131127255482726
1617 0.2131174140355909
1618 0.2131220772729198
1619 0.2131267112513058
1620 0.2131313120268961
1621 0.2131358757168633
1622 0.2131403985306173
1623 0.2131448767554745
1624 0.2131493067609833
1625 0.2131536850082633
1626 0.2131580080439265
1627 0.2131622725514638
1628 0.2131664753120604
1629 0.2131706132171583
1630 0.2131746832765334
1631 0.2131786826218662
1632 0.213182608515711
1633 0.2131864583719349
1634 0.2131902297278672
1635 0.2131939202263661
1636 0.2131975276810122
1637 0.2132010500101003
1638 0.2132044852567781
1639 0.213207831637149
1640 0.2132110874962349
1641 0.213214251304479
1642 0.2132173217491327
1643 0.2132202976294595
1644 0.2132231779023055
1645 0.2132259616692224
1646 0.2132286481973738
1647 0.2132312369295345
1648 0.2132337274249114
1649 0.2132361194123522
1650 0.2132384127418818
1651 0.2132406074561759
1652 0.2132427037013722
1653 0.2132447018148835
1654 0.2132466022865823
1655 0.2132484057237249
1656 0.2132501128874646
1657 0.2132517246863422
1658 0.2132532421724646
1659 0.2132546665318804
1660 0.2132559990805296
1661 0.2132572412659029
1662 0.2132583946536925
1663 0.2132594609507678
1664 0.213260441979874
1665 0.2132613396644038
1666 0.2132621560322931
1667 0.2132628932514579
1668 0.2132635535630167
1669 0.2132641393188232
1670 0.213264652971426
1671 0.2132650970732855
1672 0.2132654742736473
1673 0.2132657873131304
1674 0.213266039019253
1675 0.213266232299557
1676 0.2132663701317877
1677 0.2132664555588258
1678 0.2132664916769964
1679 0.2132664816308254
1680 0.2132664286138407
1681 0.213266335879452
1682 0.2132662066919478
1683 0.213266044357475
1684 0.2132658522134054
1685 0.2132656335932869
1686 0.2132653918698753
1687 0.2132651304332602
1688 0.213264852698018
1689 0.2132645620544213
1690 0.2132642618855971
1691 0.2132639555790307
1692 0.2132636465010289
1693 0.2132633379962195
1694 0.213263033380999
1695 0.2132627359344108
1696 0.2132624488886625
1697 0.213262175457168
1698 0.213261918824418
1699 0.2132616821004108
1700 0.2132614683465623
1701 0.2132612805766325
1702 0.2132611217390274
1703 0.2132609946945471
1704 0.2132609022782681
1705 0.2132608472138182
1706 0.2132608321886767
1707 0.2132608597770776
1708 0.2132609324605826
1709 0.2132610526580926
1710 0.2132612226704779
1711 0.2132614447201391
1712 0.2132617209238031
1713 0.2132620532887241
1714 0.213262443707791
1715 0.2132628939920659
1716 0.2132634058255745
1717 0.2132639808127152
1718 0.2132646204283065
1719 0.2132653260345629
1720 0.2132660988527478
1721 0.2132669400365136
1722 0.2132678505759975
1723 0.2132688313827651
1724 0.2132698832231815
1725 0.2132710067339326
1726 0.2132722024517129
1727 0.2132734707913026
1728 0.213274812043268
1729 0.2132762263717725
1730 0.213277713825967
1731 0.2132792743373059
1732 0.2132809077112697
1733 0.2132826136402065
1734 0.2132843917146434
1735 0.2132862413806556
1736 0.2132881619860226
1737 0.2132901527959003
1738 0.2132922129096571
1739 0.2132943413424274
1740 0.2132965370071273
1741 0.2132987987023006
1742 0.2133011251575906
1743 0.2133035149369112
1744 0.2133059665888508
1745 0.2133084786050433
1746 0.2133110493269147
1747 0.2133136770204946
1748 0.2133163598725612
1749 0.2133190959917163
1750 0.2133218834083964
1751 0.2133247200776723
1752 0.2133276038819546
1753 0.2133305326396519
1754 0.2133335041137556
1755 0.2133365160133287
1756 0.2133395659977659
1757 0.213342651679839
1758 0.2133457706301671
1759 0.2133489203789048
1760 0.213352098420435
1761 0.2133553022211328
1762 0.2133585292229089
1763 0.2133617768481029
1764 0.2133650425037672
1765 0.2133683235922673
1766 0.2133716174950928
1767 0.2133749215871092
1768 0.2133782332420495
1769 0.2133815498388211
1770 0.2133848687669325
1771 0.2133881874294727
1772 0.2133915032457605
1773 0.2133948136540448
1774 0.2133981161145039
1775 0.2134014081087193
1776 0.2134046871419037
1777 0.2134079507378591
1778 0.2134111964814458
1779 0.213414421982994
1780 0.2134176249174056
1781 0.2134208029962023
1782 0.213423953980367
1783 0.2134270756838777
1784 0.2134301659772269
1785 0.2134332227908582
1786 0.2134362441172299
1787 0.2134392280151468
1788 0.2134421726140275
1789 0.2134450761063385
1790 0.2134479367836999
1791 0.2134507530045758
1792 0.2134535232065893
1793 0.2134562459069375
1794 0.2134589197045259
1795 0.2134615432810125
1796 0.2134641154044482
1797 0.2134666349318221
1798 0.2134691007996386
1799 0.213471512055737
1800 0.2134738678313818
1801 0.2134761673569046
1802 0.2134784099403361
1803 0.2134805950197738
1804 0.2134827220981095
1805 0.213484790768933
1806 0.2134868007166003
1807 0.2134887517167155
1808 0.2134906436286768
1809 0.2134924764201912
1810 0.2134942501368583
1811 0.213495964927791
1812 0.2134976210284393
1813 0.2134992187627968
1814 0.2135007585412101
1815 0.2135022408597433
1816 0.2135036662955424
1817 0.2135050355092198
1818 0.2135063492417089
1819 0.2135076083120468
1820 0.2135088136077017
1821 0.2135099660930301
1822 0.2135110668067177
1823 0.2135121168711795
1824 0.2135131174944802
1825 0.2135140699458333
1826 0.2135149755696673
1827 0.2135158357572673
1828 0.2135166519678856
1829 0.2135174257220482
1830 0.213518158598783
1831 0.2135188522324135
1832 0.213519508307972
1833 0.213520128558604
1834 0.2135207148659088
1835 0.2135212690587278
1836 0.2135217928915921
1837 0.2135222882118863
1838 0.2135227569224982
1839 0.213523201032614
1840 0.2135236225128993
1841 0.213524023347763
1842 0.2135244055263945
1843 0.213524771050458
1844 0.2135251219351688
1845 0.2135254602082252
1846 0.2135257879009042
1847 0.2135261070633161
1848 0.2135264197396858
1849 0.2135267279722806
1850 0.2135270338280079
1851 0.2135273393004083
1852 0.2135276463905138
1853 0.2135279570961796
1854 0.2135282733932424
1855 0.2135285972350823
1856 0.2135289305484456
1857 0.2135292752315918
1858 0.2135296331535882
1859 0.2135300061457572
1860 0.2135303959968236
1861 0.2135308044506335
1862 0.2135312332056102
1863 0.213531683914304
1864 0.2135321581820902
1865 0.2135326575655052
1866 0.2135331835623506
1867 0.2135337376309836
1868 0.2135343211750843
1869 0.2135349355360832
1870 0.2135355819956291
1871 0.2135362617746375
1872 0.2135369760301981
1873 0.2135377258598968
1874 0.2135385122971638
1875 0.2135393363024258
1876 0.2135401987725556
1877 0.2135411005477321
1878 0.2135420423886573
1879 0.2135430249746434
1880 0.2135440489321477
1881 0.2135451148055544
1882 0.213546223066999
1883 0.2135473741163657
1884 0.2135485682813046
1885 0.2135498058166539
1886 0.2135510869044844
1887 0.2135524116541114
1888 0.2135537801020492
1889 0.213555192211427
1890 0.2135566478732705
1891 0.2135581469081505
1892 0.2135596890676432
1893 0.2135612740415963
1894 0.2135629014410733
1895 0.213564570817367
1896 0.2135662816563121
1897 0.2135680333786709
1898 0.2135698253397866
1899 0.2135716568416
1900 0.2135735271052468
1901 0.2135754352842913
1902 0.2135773804843579
1903 0.2135793617508981
1904 0.2135813780823788
1905 0.2135834284337211
1906 0.2135855116860025
1907 0.2135876266949856
1908 0.2135897722638097
1909 0.2135919471547345
1910 0.2135941500905185
1911 0.2135963797560567
1912 0.2135986348001907
1913 0.2136009138376718
1914 0.2136032154512423
1915 0.2136055381925611
1916 0.2136078805841335
1917 0.2136102411234409
1918 0.2136126182854667
1919 0.2136150105255842
1920 0.2136174162821901
1921 0.2136198339796377
1922 0.2136222620304054
1923 0.2136246988365248
1924 0.2136271427932602
1925 0.2136295922899634
1926 0.213632045717919
1927 0.2136345014675459
1928 0.2136369579327825
1929 0.2136394135143143
1930 0.2136418666225083
1931 0.2136443156785693
1932 0.2136467591172469
1933 0.2136491953888506
1934 0.2136516229613911
1935 0.2136540403228023
1936 0.2136564459831922
1937 0.2136588385028484
1938 0.2136612164265135
1939 0.2136635783343954
1940 0.2136659228486573
1941 0.2136682486184991
1942 0.2136705543302592
1943 0.2136728387087463
1944 0.2136751005186515
1945 0.2136773385660936
1946 0.2136795516994762
1947 0.213681738810691
1948 0.2136838988365604
1949 0.2136860307604137
1950 0.2136881336155391
1951 0.2136902064838256
1952 0.2136922484959725
1953 0.2136942588325207
1954 0.2136962367252861
1955 0.2136981814586432
1956 0.2137000923721911
1957 0.2137019688582646
1958 0.2137038103567494
1959 0.2137056163737146
1960 0.2137073864648943
1961 0.2137091202412144
1962 0.2137108173730502
1963 0.2137124775740421
1964 0.2137141006313426
1965 0.2137156863776142
1966 0.2137172347044999
1967 0.213718745559439
1968 0.2137202189473529
1969 0.2137216549281397
1970 0.2137230536205006
1971 0.2137244151955102
1972 0.2137257398908515
1973 0.2137270279994749
1974 0.2137282798641197
1975 0.2137294958854126
1976 0.2137306765160121
1977 0.213731822260728
1978 0.2137329336742414
1979 0.2137340113561574
1980 0.2137350559607098
1981 0.2137360681859635
1982 0.2137370487730487
1983 0.2137379985071824
1984 0.2137389182103309
1985 0.2137398087455095
1986 0.2137406710137191
1987 0.213741505952251
1988 0.2137423145332099
1989 0.2137430977613952
1990 0.2137438566809156
1991 0.2137445923453218
1992 0.2137453058481522
1993 0.2137459983084354
1994 0.2137466708750154
1995 0.2137473247244654
1996 0.2137479610312866
1997 0.2137485810026979
1998 0.2137491858724967
1999 0.2137497768672245
2000 0.2137503552369862
2001 0.213750922242735
2002 0.2137514791552415
2003 0.213752027253774
2004 0.2137525678243575
2005 0.2137531021582327
2006 0.2137536315491487
2007 0.2137541572907407
2008 0.2137546806737772
2009 0.213755202982229
2010 0.2137557254908222
2011 0.2137562494635672
2012 0.2137567761523884
2013 0.2137573067950946
2014 0.2137578426097447
2015 0.2137583848038603
2016 0.2137589345639422
2017 0.2137594930533876
2018 0.2137600614137676
2019 0.2137606407604972
2020 0.2137612321824499
2021 0.2137618367404158
2022 0.2137624554659056
2023 0.2137630893600267
2024 0.2137637393925085
2025 0.2137644065006468
2026 0.2137650915871823
2027 0.213765795522379
2028 0.2137665191408013
2029 0.2137672632401099
2030 0.2137680285795807
2031 0.2137688158798263
2032 0.2137696258164951
2033 0.2137704590241607
2034 0.2137713161137834
2035 0.2137721976429423
2036 0.2137731041258434
2037 0.2137740360335723
2038 0.2137749937938709
2039 0.2137759777903419
2040 0.2137769883613002
2041 0.213778025799253
2042 0.2137790903507853
2043 0.2137801822165154
2044 0.2137813015510847
2045 0.2137824484633184
2046 0.2137836230164266
2047 0.2137848252293032
2048 0.2137860550751237
2049 0.2137873124812749
2050 0.213788597331133
2051 0.2137899094633515
2052 0.2137912486729435
2053 0.2137926147125935
2054 0.2137940072937163
2055 0.2137954260881555
2056 0.2137968707249517
2057 0.2137983407952705
2058 0.2137998358560771
2059 0.2138013554155291
2060 0.2138028989515935
2061 0.2138044659056927
2062 0.2138060556837877
2063 0.2138076676575038
2064 0.2138093011682332
2065 0.2138109555219562
2066 0.213812629993888
2067 0.2138143238292813
2068 0.2138160362442665
2069 0.2138177664268029
2070 0.2138195135420828
2071 0.2138212767211717
2072 0.213823055081989
2073 0.2138248477103295
2074 0.2138266536765649
2075 0.2138284720345058
2076 0.2138303018228247
2077 0.2138321420671054
2078 0.2138339917819385
2079 0.2138358499724088
2080 0.2138377156354426
2081 0.2138395877610722
2082 0.2138414653337208
2083 0.2138433473334473
2084 0.2138452327372476
2085 0.2138471205287661
2086 0.2138490096748971
2087 0.2138508991517216
2088 0.2138527879392225
2089 0.2138546750213197
2090 0.213856559385886
2091 0.2138584400267621
2092 0.2138603159457938
2093 0.2138621861547742
2094 0.2138640496774444
2095 0.2138659055508917
2096 0.213867752826807
2097 0.213869590572855
2098 0.2138714178741112
2099 0.2138732338344502
2100 0.2138750375778906
2101 0.2138768282498555
2102 0.2138786050177969
2103 0.213880367072387
2104 0.2138821136289047
2105 0.2138838439285422
2106 0.2138855572395026
2107 0.21388725285793
2108 0.213888930108758
2109 0.2138905883465045
2110 0.2138922269560692
2111 0.213893845353464
2112 0.2138954429865834
2113 0.2138970193359032
2114 0.213898573915132
2115 0.213900106271781
2116 0.2139016159879966
2117 0.2139031026794048
2118 0.2139045659917756
2119 0.2139060056144486
2120 0.2139074212662915
2121 0.2139088126998411
2122 0.2139101797014533
2123 0.2139115220913836
2124 0.2139128397238752
2125 0.2139141324816273
2126 0.2139154002971636
2127 0.2139166431296633
2128 0.2139178609757687
2129 0.213919053868936
2130 0.2139202218817264
2131 0.2139213651245415
2132 0.2139224837454503
2133 0.2139235779372267
2134 0.2139246479145218
2135 0.2139256939289144
2136 0.2139267162769999
2137 0.2139277152747789
2138 0.2139286912757045
2139 0.2139296446597732
2140 0.2139305758368933
2141 0.2139314852448598
2142 0.2139323733578747
2143 0.2139332406574188
2144 0.2139340876638784
2145 0.2139349149237745
2146 0.2139357230134111
2147 0.2139365125242439
2148 0.2139372840764358
2149 0.2139380383112799
2150 0.2139387758897822
2151 0.2139394974911296
2152 0.2139402038117814
2153 0.2139408955641102
2154 0.2139415734752876
2155 0.2139422382871413
2156 0.2139428907559465
2157 0.2139435316519107
2158 0.2139441617582772
2159 0.2139447818700676
2160 0.2139453927925036
2161 0.2139459953391891
2162 0.2139465903301465
2163 0.2139471785898171
2164 0.2139477609453391
2165 0.213948338225675
2166 0.2139489112577467
2167 0.2139494808662105
2168 0.2139500478727842
2169 0.213950613095693
2170 0.2139511773490761
2171 0.2139517414422467
2172 0.2139523061788997
2173 0.2139528723560682
2174 0.2139534407629766
2175 0.2139540121797983
2176 0.2139545873763528
2177 0.2139551671107439
2178 0.2139557521279636
2179 0.213956343158739
2180 0.2139569409180027
2181 0.2139575461029949
2182 0.2139581593917446
2183 0.2139587814392794
2184 0.2139594128742107
2185 0.2139600543143641
2186 0.2139607063572755
2187 0.2139613695809735
2188 0.2139620445433524
2189 0.2139627317810697
2190 0.2139634318085679
2191 0.2139641451156988
2192 0.2139648721636586
2193 0.2139656133944494
2194 0.2139663692160834
2195 0.2139671400193002
2196 0.2139679261590553
2197 0.2139687279669953
2198 0.2139695457452732
2199 0.2139703797672599
2200 0.2139712302773022
2201 0.2139720974905628
2202 0.2139729815929842
2203 0.2139738827413539
2204 0.2139748010669177
2205 0.2139757366657433
2206 0.2139766896071573
2207 0.2139776599324034
2208 0.2139786476553424
2209 0.2139796527616254
2210 0.2139806752095307
2211 0.2139817149294235
2212 0.2139827718244061
2213 0.2139838457709212
2214 0.2139849366191977
2215 0.2139860441935726
2216 0.2139871682927497
2217 0.2139883086897625
2218 0.2139894651301714
2219 0.213990637337151
2220 0.2139918250100692
2221 0.2139930278256622
2222 0.2139942454261265
2223 0.2139954774500093
2224 0.2139967235072844
2225 0.2139979831867397
2226 0.2139992560555542
2227 0.2140005416597888
2228 0.2140018395269366
2229 0.2140031491667301
2230 0.2140044700723715
2231 0.2140058017217309
2232 0.2140071435784855
2233 0.2140084950951338
2234 0.2140098557080344
2235 0.2140112248431207
2236 0.2140126019203304
2237 0.2140139863482213
2238 0.2140153775261994
2239 0.2140167748456656
2240 0.2140181776911518
2241 0.2140195854412604
2242 0.2140209974695706
2243 0.2140224131452559
2244 0.214023831833073
2245 0.2140252528953109
2246 0.2140266756929838
2247 0.2140280995865608
2248 0.2140295239367368
2249 0.214030948105336
2250 0.2140323714562554
2251 0.2140337933564579
2252 0.2140352131769792
2253 0.2140366302939505
2254 0.2140380440896219
2255 0.214039453953398
2256 0.2140408592828599
2257 0.2140422594847752
2258 0.2140436539760781
2259 0.2140450421848048
2260 0.2140464235509929
2261 0.2140477975275078
2262 0.2140491635807729
2263 0.2140505211914158
2264 0.2140518698552523
2265 0.2140532090832871
2266 0.2140545384021661
2267 0.2140558573547239
2268 0.2140571655005853
2269 0.2140584624167252
2270 0.2140597476979998
2271 0.2140610209574352
2272 0.2140622818268763
2273 0.2140635299575681
2274 0.2140647650205515
2275 0.2140659867069209
2276 0.21406719472801
2277 0.2140683888123683
2278 0.2140695687157263
2279 0.214070734211808
2280 0.2140718850950104
2281 0.2140730211806301
2282 0.2140741423052757
2283 0.2140752483272804
2284 0.2140763391270309
2285 0.2140774146072969
2286 0.2140784746894636
2287 0.2140795193262407
2288 0.2140805484879498
2289 0.214081562166145
2290 0.2140825603758777
2291 0.2140835431544534
2292 0.2140845105636422
2293 0.2140854626815968
2294 0.2140863996112167
2295 0.2140873214760403
2296 0.2140882284207954
2297 0.2140891206103134
2298 0.2140899982290228
2299 0.2140908614803466
2300 0.2140917105838428
2301 0.2140925457817342
2302 0.2140933673313435
2303 0.2140941755063639
2304 0.2140949705964763
2305 0.2140957529070294
2306 0.2140965227591264
2307 0.2140972804881081
2308 0.2140980264434951
2309 0.2140987609883864
2310 0.2140994844989779
2311 0.2141001973648523
2312 0.2141008999864193
2313 0.2141015927755165
2314 0.2141022761545698
2315 0.2141029505558964
2316 0.2141036164209849
2317 0.2141042741998128
2318 0.2141049243498764
2319 0.2141055673350701
2320 0.2141062036253285
2321 0.2141068336957959
2322 0.2141074580258737
2323 0.214108077099411
2324 0.2141086914040713
2325 0.2141093014303043
2326 0.214109907670389
2327 0.2141105106175661
2328 0.2141111107652244
2329 0.2141117086061281
2330 0.2141123046316527
2331 0.2141128993310304
2332 0.2141134931905909
2333 0.2141140866930107
2334 0.2141146803165512
2335 0.2141152745343218
2336 0.2141158698135586
2337 0.2141164666149912
2338 0.2141170653922133
2339 0.2141176665910715
2340 0.2141182706490655
2341 0.2141188779948006
2342 0.2141194890475181
2343 0.2141201042159442
2344 0.2141207238988329
2345 0.214121348483656
2346 0.2141219783461296
2347 0.214122613849671
2348 0.2141232553448828
2349 0.2141239031690792
2350 0.2141245576458527
2351 0.2141252190846836
2352 0.2141258877789126
2353 0.2141265640113041
2354 0.2141272480474279
2355 0.2141279401370745
2356 0.2141286405145033
2357 0.2141293493984095
2358 0.2141300669917547
2359 0.2141307934789957
2360 0.2141315290342685
2361 0.2141322738118036
2362 0.2141330279495289
2363 0.2141337915705778
2364 0.2141345647785457
2365 0.2141353476608416
2366 0.2141361402860016
2367 0.2141369427099138
2368 0.2141377549695588
2369 0.2141385770849576
2370 0.2141394090593662
2371 0.2141402508788455
2372 0.2141411025126827
2373 0.2141419639135492
2374 0.214142835017747
2375 0.2141437157454726
2376 0.2141446060011188
2377 0.2141455056736247
2378 0.2141464146368423
2379 0.2141473327501655
2380 0.2141482598582986
2381 0.2141491957921727
2382 0.2141501403690735
2383 0.2141510933930318
2384 0.2141520546551855
2385 0.2141530239341698
2386 0.2141540009965154
2387 0.2141549855969875
2388 0.2141559774787632
2389 0.2141569763741407
2390 0.2141579820051993
2391 0.2141589940843232
2392 0.2141600123146339
2393 0.2141610363903917
2394 0.2141620659973919
2395 0.214163100813365
2396 0.2141641405083851
2397 0.2141651847453178
2398 0.2141662331803049
2399 0.2141672854632689
2400 0.2141683412384538
2401 0.2141694001449722
2402 0.2141704618173815
2403 0.2141715258862966
2404 0.2141725919790166
2405 0.2141736597202236
2406 0.2141747287327168
2407 0.2141757986381887
2408 0.2141768690580159
2409 0.2141779396140467
2410 0.2141790099293573
2411 0.2141800796289565
2412 0.214181148340442
2413 0.2141822156946047
2414 0.2141832813259228
2415 0.2141843448730862
2416 0.2141854059795583
2417 0.2141864642939998
2418 0.2141875194706415
2419 0.2141885711695151
2420 0.2141896190561852
2421 0.2141906628014956
2422 0.2141917020818311
2423 0.2141927365798404
2424 0.2141937659854364
2425 0.2141947899968542
2426 0.214195808321626
2427 0.2141968206762274
2428 0.2141978267898288
2429 0.2141988264020952
2430 0.214199819263951
2431 0.2142008051381843
2432 0.2142017837985023
2433 0.2142027550297347
2434 0.2142037186279077
2435 0.2142046744003187
2436 0.2142056221656156
2437 0.2142065617538991
2438 0.2142074930068387
2439 0.2142084157778072
2440 0.2142093299320256
2441 0.2142102353444242
2442 0.2142111319073819
2443 0.2142120195222705
2444 0.2142128981032387
2445 0.2142137675770699
2446 0.2142146278832534
2447 0.2142154789739826
2448 0.2142163208141911
2449 0.2142171533815504
2450 0.2142179766664587
2451 0.2142187906719947
2452 0.2142195954155335
2453 0.2142203909241653
2454 0.2142211772378831
2455 0.2142219544091741
2456 0.2142227225027475
2457 0.214223481595183
2458 0.2142242317744352
2459 0.2142249731391138
2460 0.214225705801161
2461 0.214226429882366
2462 0.2142271455149398
2463 0.2142278528415352
2464 0.2142285520153555
2465 0.2142292431995133
2466 0.2142299265669406
2467 0.2142306022999616
2468 0.2142312705898406
2469 0.2142319316363977
2470 0.2142325856476579
2471 0.2142332328395504
2472 0.2142338734355927
2473 0.2142345076665627
2474 0.2142351357701598
2475 0.2142357579906358
2476 0.2142363745784966
2477 0.2142369857900296
2478 0.2142375918870195
2479 0.2142381931362872
2480 0.2142387898092703
2481 0.214239382181409
2482 0.2142399705316557
2483 0.2142405551419369
2484 0.214241136296569
2485 0.2142417142816805
2486 0.214242289384615
2487 0.214242861893412
2488 0.214243432096338
2489 0.2142440002814432
2490 0.2142445667362101
2491 0.2142451317472175
2492 0.2142456955998168
2493 0.2142462585778028
2494 0.2142468209630837
2495 0.2142473830353386
2496 0.2142479450716908
2497 0.2142485073463528
2498 0.2142490701302346
2499 0.2142496336905053
2500 0.2142501982901776
2501 0.2142507641877177
2502 0.2142513316366797
2503 0.2142519008853391
2504 0.2142524721761639
2505 0.2142530457459644
2506 0.2142536218252688
2507 0.2142542006379703
2508 0.2142547824011468
2509 0.2142553673247856
2510 0.2142559556115666
2511 0.2142565474565403
2512 0.2142571430468631
2513 0.214257742561524
2514 0.2142583461710789
2515 0.2142589540374215
2516 0.2142595663135722
2517 0.2142601831435006
2518 0.214260804661152
2519 0.2142614309929748
2520 0.2142620622553629
2521 0.2142626985553111
2522 0.2142633399903932
2523 0.2142639866486682
2524 0.2142646386085515
2525 0.2142652959392306
2526 0.2142659587007869
2527 0.2142666269439726
2528 0.2142673007097843
2529 0.2142679800290062
2530 0.2142686649218969
2531 0.2142693553981113
2532 0.2142700514568763
2533 0.2142707530858371
2534 0.2142714602653971
2535 0.2142721729641726
2536 0.2142728911420775
2537 0.2142736147504023
2538 0.2142743437317707
2539 0.2142750780202293
2540 0.2142758175409315
2541 0.2142765622103961
2542 0.2142773119365766
2543 0.2142780666190003
2544 0.2142788261491104
2545 0.2142795904101214
2546 0.2142803592776086
2547 0.2142811326197538
2548 0.2142819102976409
2549 0.2142826921655035
2550 0.2142834780709395
2551 0.2142842678551008
2552 0.2142850613528985
2553 0.2142858583932306
2554 0.2142866587992532
2555 0.2142874623886926
2556 0.2142882689742063
2557 0.2142890783637566
2558 0.2142898903609792
2559 0.2142907047655593
2560 0.2142915213736066
2561 0.2142923399780302
2562 0.2142931603689308
2563 0.2142939823339221
2564 0.2142948056585048
2565 0.2142956301264025
2566 0.2142964555198959
2567 0.2142972816201469
2568 0.2142981082075238
2569 0.2142989350619177
2570 0.2142997619630608
2571 0.2143005886908406
2572 0.2143014150256208
2573 0.2143022407485563
2574 0.214303065641921
2575 0.21430388948943
2576 0.2143047120765744
2577 0.2143055331909571
2578 0.2143063526226294
2579 0.2143071701644314
2580 0.2143079856123281
2581 0.2143087987657398
2582 0.2143096094278552
2583 0.2143104174059333
2584 0.2143112225115806
2585 0.2143120245610019
2586 0.2143128233752323
2587 0.2143136187793789
2588 0.2143144106058562
2589 0.2143151986913565
2590 0.2143159828781814
2591 0.2143167630144181
2592 0.2143175389541849
2593 0.2143183105578237
2594 0.2143190776920609
2595 0.2143198402301451
2596 0.2143205980519015
2597 0.2143213510438072
2598 0.2143220990990862
2599 0.2143228421178061
2600 0.2143235800070143
2601 0.2143243126808693
2602 0.214325040060782
2603 0.2143257620755234
2604 0.2143264786613028
2605 0.2143271897618134
2606 0.2143278953283104
2607 0.2143285953196713
2608 0.2143292897024368
2609 0.2143299784508251
2610 0.2143306615467279
2611 0.2143313389797216
2612 0.214332010746976
2613 0.2143326768520638
2614 0.2143333373083218
2615 0.2143339921354314
2616 0.2143346413601773
2617 0.2143352850168441
2618 0.2143359231469771
2619 0.2143365557993319
2620 0.2143371830297683
2621 0.2143378049011999
2622 0.2143384214834233
2623 0.2143390328529495
2624 0.2143396390928544
2625 0.2143402402926089
2626 0.2143408365479208
2627 0.2143414279605391
2628 0.2143420146380433
2629 0.2143425966936148
2630 0.2143431742458143
2631 0.214343747418291
2632 0.2143443163395626
2633 0.2143448811427769
2634 0.2143454419654643
2635 0.2143459989492651
2636 0.2143465522397047
2637 0.2143471019859423
2638 0.2143476483405032
2639 0.2143481914590207
2640 0.2143487314999931
2641 0.2143492686245537
2642 0.2143498029963022
2643 0.2143503347810446
2644 0.2143508641466559
2645 0.2143513912628532
2646 0.2143519163009463
2647 0.2143524394335057
2648 0.214352960831963
2649 0.2143534806692886
2650 0.2143539991189397
2651 0.2143545163544419
2652 0.2143550325489025
2653 0.2143555478746622
2654 0.2143560625030113
2655 0.2143565766038412
2656 0.2143570903452381
2657 0.2143576038930307
2658 0.2143581174103567
2659 0.2143586310572698
2660 0.2143591449904736
2661 0.2143596593631932
2662 0.2143601743251749
2663 0.2143606900227994
2664 0.2143612065992229
2665 0.2143617241944957
2666 0.2143622429456311
2667 0.2143627629867297
2668 0.2143632844485266
2669 0.2143638076154706
2670 0.2143643323129625
2671 0.2143648587880932
2672 0.2143653871575844
2673 0.2143659175384661
2674 0.2143664500404674
2675 0.2143669847686998
2676 0.2143675218211399
2677 0.21436806128963
2678 0.2143686032593008
2679 0.2143691479635187
2680 0.2143696951817325
2681 0.21437024510705
2682 0.2143707978025328
2683 0.2143713533306568
2684 0.2143719117462268
2685 0.2143724730992654
2686 0.2143730375857194
2687 0.2143736049514171
2688 0.2143741753521285
2689 0.2143747488136585
2690 0.21437532536047
2691 0.2143759050087689
2692 0.2143764877689195
2693 0.2143770737966713
2694 0.2143776627991415
2695 0.2143782548915954
2696 0.2143788500593579
2697 0.214379448286372
2698 0.2143800495484145
2699 0.2143806539676893
2700 0.2143812612181726
2701 0.2143818713820122
2702 0.2143824844113508
2703 0.2143831002572999
2704 0.2143837190145135
2705 0.2143843403323048
2706 0.2143849642673252
2707 0.2143855907474644
2708 0.2143862197001759
2709 0.2143868511975784
2710 0.2143874848674048
2711 0.2143881207461976
2712 0.2143887587426525
2713 0.2143893989175266
2714 0.2143900408846449
2715 0.21439068466894
2716 0.2143913301664531
2717 0.2143919774259325
2718 0.2143926260485247
2719 0.214393276047109
2720 0.21439392730569
2721 0.2143945798618232
2722 0.2143952333053738
2723 0.2143958876391092
2724 0.2143965427377709
2725 0.214397198631071
2726 0.2143978549017029
2727 0.2143985115470289
2728 0.2143991684376028
2729 0.2143998256005877
2730 0.2144004826167167
2731 0.2144011394827982
2732 0.2144017960697019
2733 0.2144024524060246
2734 0.2144031080741219
2735 0.2144037630732493
2736 0.2144044174303267
2737 0.2144050707340514
2738 0.2144057229866418
2739 0.21440637406756
2740 0.2144070240138232
2741 0.2144076724172197
2742 0.2144083192865582
2743 0.2144089646597079
2744 0.2144096081368659
2745 0.2144102497323277
2746 0.2144108894921553
2747 0.2144115270243568
2748 0.2144121623514551
2749 0.2144127955279018
2750 0.2144134261708928
2751 0.2144140543117076
2752 0.214414680014071
2753 0.2144153029053151
2754 0.2144159230264635
2755 0.2144165404516077
2756 0.2144171548191117
2757 0.2144177661813725
2758 0.2144183746241581
2759 0.2144189797991847
2760 0.2144195817707976
2761 0.2144201806374876
2762 0.2144207760650532
2763 0.2144213681310261
2764 0.214421956947378
2765 0.2144225421946124
2766 0.214423123963542
2767 0.2144237023793534
2768 0.2144242771367215
2769 0.2144248483389569
2770 0.214425416123301
2771 0.2144259801975997
2772 0.2144265408269188
2773 0.2144270977249483
2774 0.2144276510157427
2775 0.2144282008548518
2776 0.2144287469734545
2777 0.2144292895051829
2778 0.2144298286185666
2779 0.2144303640581128
2780 0.214430896119686
2781 0.2144314245557173
2782 0.2144319495245072
2783 0.2144324712166029
2784 0.2144329894041772
2785 0.2144335044040928
2786 0.2144340159945703
2787 0.2144345243543258
2788 0.2144350296932248
2789 0.2144355318053811
2790 0.2144360310231826
2791 0.2144365271446318
2792 0.2144370205092044
2793 0.2144375109216589
2794 0.2144379985819889
2795 0.2144384837190595
2796 0.2144389661515073
2797 0.2144394462268297
2798 0.2144399237655799
2799 0.2144403991206534
2800 0.2144408721174506
2801 0.2144413431129047
2802 0.2144418119376316
2803 0.2144422789514479
2804 0.2144427439894803
2805 0.2144432074133078
2806 0.2144436690616233
2807 0.2144441292967922
2808 0.2144445879602197
2809 0.2144450454142892
2810 0.2144455015024133
2811 0.2144459565863739
2812 0.2144464105109599
2813 0.2144468636367692
2814 0.2144473158093482
2815 0.2144477673875491
2816 0.2144482182170619
2817 0.214448668654432
2818 0.2144491185449078
2819 0.2144495682422438
2820 0.2144500175907502
2821 0.2144504669410179
2822 0.2144509161360334
2823 0.2144513655228608
2824 0.2144518149428902
2825 0.2144522647396023
2826 0.2144527147523975
2827 0.2144531653207714
2828 0.2144536162816779
2829 0.2144540679701007
2830 0.2144545202198121
2831 0.2144549733605785
2832 0.2144554272221586
2833 0.2144558821283013
2834 0.2144563379039929
2835 0.2144567948664086
2836 0.214457252835186
2837 0.2144577121205569
2838 0.2144581725364521
2839 0.2144586343859689
2840 0.2144590974771192
2841 0.2144595621057951
2842 0.2144600280739676
2843 0.2144604956703128
2844 0.2144609646906671
2845 0.2144614354164815
2846 0.2144619076373482
2847 0.2144623816274431
2848 0.2144628571699619
2849 0.2144633345317155
2850 0.2144638134893065
2851 0.2144642943021
2852 0.2144647767399677
2853 0.21446526105473
2854 0.2144657470094948
2855 0.2144662348487696
2856 0.2144667243289245
2857 0.2144672156872497
2858 0.2144677086735113
2859 0.2144682035179921
2860 0.2144686999640068
2861 0.2144691982350655
2862 0.2144696980682889
2863 0.2144701996805875
2864 0.2144707028028385
2865 0.214471207645635
2866 0.2144717139338679
2867 0.2144722218720089
2868 0.2144727311791609
2869 0.2144732420539543
2870 0.2144737542099655
2871 0.2144742678403177
2872 0.2144747826533637
2873 0.2144752988370666
2874 0.2144758160948857
2875 0.2144763346099891
2876 0.2144768540812514
2877 0.2144773746873925
2878 0.2144778961230512
2879 0.2144784185629
2880 0.2144789416977533
2881 0.2144794656986971
2882 0.214479990382822
2883 0.2144805155447424
2884 0.2144810413469121
2885 0.2144815674774216
2886 0.2144820941007388
2887 0.2144826209010956
2888 0.2144831480419001
2889 0.2144836753343023
2890 0.2144842025669035
2891 0.214484729896942
2892 0.2144852570080661
2893 0.2144857840609107
2894 0.2144863108665223
2895 0.2144868372130445
2896 0.2144873632580743
2897 0.2144878886864442
2898 0.2144884136603373
2899 0.2144889379933236
2900 0.214489461476384
2901 0.2144899842702793
2902 0.2144905061933752
2903 0.214491027039146
2904 0.214491546972207
2905 0.214492065814606
2906 0.214492583363905
2907 0.2144930997884102
2908 0.2144936149147008
2909 0.2144941285449435
2910 0.2144946408517503
2911 0.2144951516668302
2912 0.2144956607976456
2913 0.2144961684218577
2914 0.2144966743771654
2915 0.2144971784771531
2916 0.2144976809052586
2917 0.2144981815059889
2918 0.2144986800999457
2919 0.2144991768771609
2920 0.2144996716897221
2921 0.214500164365725
2922 0.21450065510179
2923 0.2145011437573413
2924 0.2145016301675578
2925 0.2145021145351834
2926 0.214502596726855
2927 0.2145030765851361
2928 0.2145035543195465
2929 0.2145040298050902
2930 0.2145045028931226
2931 0.2145049738012912
2932 0.2145054424142376
2933 0.21450590859307
2934 0.2145063725639869
2935 0.2145068342213109
2936 0.2145072934355459
2937 0.2145077504406585
2938 0.2145082051397877
2939 0.2145086575384405
2940 0.2145091075159674
2941 0.2145095553172328
2942 0.21451000085627
2943 0.2145104440240106
2944 0.2145108850698876
2945 0.2145113239160768
2946 0.2145117605852095
2947 0.2145121949747832
2948 0.2145126273435885
2949 0.2145130576232498
2950 0.2145134858466339
2951 0.2145139119213136
2952 0.2145143361139813
2953 0.2145147583659926
2954 0.2145151787189947
2955 0.2145155970897208
2956 0.2145160137511783
2957 0.2145164286530125
2958 0.2145168418440009
2959 0.2145172532484648
2960 0.2145176631440791
2961 0.2145180714872109
2962 0.2145184783322381
2963 0.2145188836096263
2964 0.214519287600303
2965 0.2145196902659859
2966 0.2145200916653044
2967 0.2145204918542957
2968 0.2145208907715729
2969 0.2145212886997334
2970 0.214521685606617
2971 0.2145220815545175
2972 0.2145224766031215
2973 0.2145228706949056
2974 0.2145232641126738
2975 0.2145236568267557
2976 0.2145240489004488
2977 0.2145244403937794
2978 0.2145248312499679
2979 0.2145252217488107
2980 0.2145256118598405
2981 0.2145260016441258
2982 0.2145263911589728
2983 0.2145267804626955
2984 0.2145271694955096
2985 0.2145275585316101
2986 0.2145279475370085
2987 0.2145283365682947
2988 0.2145287256776529
2989 0.2145291149179871
2990 0.214529504224781
2991 0.2145298938638886
2992 0.214530283795509
2993 0.2145306740691887
2994 0.2145310647296721
2995 0.214531455821981
2996 0.2145318473891192
2997 0.2145322393589446
2998 0.2145326319848664
2999 0.2145330252175587
3000 0.2145334190952809
3001 0.2145338136510735
3002 0.2145342089175845
3003 0.2145346049249933
3004 0.2145350017024858
3005 0.2145353992774526
3006 0.2145357975625458
3007 0.2145361967919399
3008 0.2145365968997258
3009 0.214536997906299
3010 0.2145373998265378
3011 0.2145378026745176
3012 0.214538206461629
3013 0.2145386111980857
3014 0.2145390168921791
3015 0.2145394235506807
3016 0.2145398311785273
3017 0.2145402397788777
3018 0.2145406493529437
3019 0.2145410597879935
3020 0.2145414712887429
3021 0.2145418837628635
3022 0.2145422972032669
3023 0.2145427115972229
3024 0.2145431269313331
3025 0.214543543189629
3026 0.2145439603551786
3027 0.2145443784094176
3028 0.2145447973326067
3029 0.2145452171035629
3030 0.214545637699755
3031 0.2145460590971641
3032 0.214546481270274
3033 0.2145469041920051
3034 0.2145473278337088
3035 0.2145477521651549
3036 0.2145481771545503
3037 0.2145486027685651
3038 0.2145490289723772
3039 0.2145494557297182
3040 0.2145498830029323
3041 0.2145503107530495
3042 0.2145507389398596
3043 0.2145511675220018
3044 0.2145515964570506
3045 0.2145520257016098
3046 0.2145524552113915
3047 0.2145528849412967
3048 0.2145533148454833
3049 0.2145537448774381
3050 0.2145541749900479
3051 0.2145546051356619
3052 0.2145550352661682
3053 0.2145554653330775
3054 0.214555895287614
3055 0.2145563250808121
3056 0.2145567546636274
3057 0.2145571839870437
3058 0.214557613002191
3059 0.2145580416604504
3060 0.2145584699135547
3061 0.2145588977136736
3062 0.2145593250134789
3063 0.214559751766217
3064 0.2145601779257097
3065 0.2145606034464167
3066 0.2145610282834532
3067 0.214561452392615
3068 0.2145618757303998
3069 0.2145622982540302
3070 0.2145627199214789
3071 0.2145631406915003
3072 0.2145635605236672
3073 0.2145639793784141
3074 0.2145643972170961
3075 0.2145648140020448
3076 0.21456522969664
3077 0.2145656442653798
3078 0.2145660576739519
3079 0.2145664698892983
3080 0.2145668808796796
3081 0.2145672906147281
3082 0.2145676990654974
3083 0.2145681062045084
3084 0.2145685120057905
3085 0.2145689164449199
3086 0.2145693194990578
3087 0.2145697211469777
3088 0.2145701213690914
3089 0.2145705201474669
3090 0.214570917465841
3091 0.2145713133096263
3092 0.2145717076659092
3093 0.2145721005234484
3094 0.2145724918726689
3095 0.2145728817056456
3096 0.2145732700160992
3097 0.2145736567993626
3098 0.2145740420523263
3099 0.214574425773378
3100 0.2145748079623823
3101 0.2145751886207048
3102 0.2145755677512858
3103 0.214575945358723
3104 0.2145763214493507
3105 0.2145766960312945
3106 0.2145770691133451
3107 0.2145774407078336
3108 0.2145778108283947
3109 0.2145781794902548
3110 0.2145785467101274
3111 0.2145789125061325
3112 0.2145792768977359
3113 0.2145796399056983
3114 0.2145800015520266
3115 0.2145803618599375
3116 0.2145807208538261
3117 0.2145810785592414
3118 0.2145814350028536
3119 0.2145817902124251
3120 0.2145821442167681
3121 0.2145824970457013
3122 0.2145828487300022
3123 0.2145831993013644
3124 0.2145835487923316
3125 0.2145838972362648
3126 0.2145842446672965
3127 0.2145845911202921
3128 0.2145849366308013
3129 0.2145852812350108
3130 0.2145856249696894
3131 0.2145859678721241
3132 0.2145863099800508
3133 0.21458665133158
3134 0.2145869919651183
3135 0.214587331919296
3136 0.2145876712328899
3137 0.2145880099447608
3138 0.2145883480937895
3139 0.2145886857188251
3140 0.2145890228586348
3141 0.2145893595518623
3142 0.2145896958369839
3143 0.2145900317522705
3144 0.2145903673357424
3145 0.2145907026251208
3146 0.2145910376577846
3147 0.2145913724707157
3148 0.2145917071004477
3149 0.2145920415830072
3150 0.2145923759538552
3151 0.2145927102478316
3152 0.2145930444990912
3153 0.2145933787410537
3154 0.2145937130063476
3155 0.2145940473267602
3156 0.2145943817331939
3157 0.2145947162556217
3158 0.2145950509230375
3159 0.2145953857633962
3160 0.2145957208035834
3161 0.2145960560694067
3162 0.2145963915855949
3163 0.214596727375795
3164 0.2145970634625672
3165 0.2145973998673827
3166 0.2145977366105592
3167 0.2145980737112624
3168 0.2145984111874647
3169 0.2145987490559227
3170 0.2145990873321464
3171 0.2145994260303872
3172 0.2145997651636239
3173 0.2146001047435886
3174 0.2146004447806992
3175 0.2146007852841089
3176 0.2146011262617066
3177 0.2146014677201349
3178 0.2146018096647895
3179 0.2146021520997784
3180 0.2146024950279442
3181 0.2146028384508613
3182 0.2146031823688329
3183 0.2146035267808837
3184 0.2146038716847584
3185 0.2146042170769211
3186 0.2146045629525662
3187 0.2146049093056367
3188 0.2146052561288472
3189 0.2146056034137218
3190 0.2146059511506254
3191 0.214606299328809
3192 0.2146066479364499
3193 0.2146069969606992
3194 0.2146073463877225
3195 0.214607696202745
3196 0.2146080463900799
3197 0.2146083969331636
3198 0.2146087478145735
3199 0.2146090990160952
3200 0.214609450518903
3201 0.2146098023033096
3202 0.2146101543486632
3203 0.2146105066333515
3204 0.2146108591348759
3205 0.2146112118299291
3206 0.214611564694451
3207 0.2146119177036546
3208 0.2146122708320444
3209 0.2146126240534385
3210 0.2146129773409994
3211 0.2146133306672743
3212 0.2146136840042499
3213 0.2146140373234109
3214 0.2146143905958035
3215 0.2146147437921033
3216 0.214615096882682
3217 0.2146154498376723
3218 0.2146158026270316
3219 0.2146161552206047
3220 0.2146165075881825
3221 0.2146168596995562
3222 0.2146172115245703
3223 0.2146175630331674
3224 0.2146179141954274
3225 0.2146182649815953
3226 0.2146186153621024
3227 0.2146189653075732
3228 0.2146193147888208
3229 0.2146196637768296
3230 0.2146200122427395
3231 0.2146203601578255
3232 0.2146207074934941
3233 0.214621054221282
3234 0.2146214003128921
3235 0.2146217457402253
3236 0.2146220904754629
3237 0.2146224344911457
3238 0.2146227777602848
3239 0.2146231202564736
3240 0.2146234619540022
3241 0.2146238028279654
3242 0.2146241428543671
3243 0.214624482010193
3244 0.2146248202734762
3245 0.214625157623336
3246 0.2146254940399933
3247 0.2146258295047793
3248 0.2146261640001246
3249 0.2146264975095452
3250 0.2146268300176261
3251 0.2146271615100109
3252 0.2146274919733999
3253 0.214627821395549
3254 0.2146281497652845
3255 0.2146284770725147
3256 0.2146288033082407
3257 0.2146291284645608
3258 0.2146294525346567
3259 0.2146297755127638
3260 0.214630097364185
3261 0.2146304181100814
3262 0.2146307377538606
3263 0.2146310562968126
3264 0.2146313737394868
3265 0.2146316900826652
3266 0.2146320053276186
3267 0.2146323194763911
3268 0.2146326325023435
3269 0.2146329444341427
3270 0.2146332552832531
3271 0.2146335650593499
3272 0.2146338737716901
3273 0.2146341814300305
3274 0.2146344880154442
3275 0.214634793563499
3276 0.2146350980925087
3277 0.2146354016187208
3278 0.2146357041576968
3279 0.2146360056961486
3280 0.2146363062744143
3281 0.2146366059155601
3282 0.2146369046404106
3283 0.2146372024689715
3284 0.2146374993925432
3285 0.2146377954554489
3286 0.2146380906848387
3287 0.2146383851054782
3288 0.214638678712486
3289 0.2146389715531136
3290 0.2146392636571212
3291 0.2146395550515398
3292 0.2146398457336165
3293 0.214640135752012
3294 0.2146404251377862
3295 0.2146407139190612
3296 0.2146410020942036
3297 0.2146412897124391
3298 0.2146415768054374
3299 0.214641863401858
3300 0.2146421495007552
3301 0.2146424351515772
3302 0.2146427203863016
3303 0.214643005206018
3304 0.2146432896607995
3305 0.2146435737829921
3306 0.214643857601512
3307 0.2146441411156723
3308 0.214644424374091
3309 0.2146447074077737
3310 0.214644990216849
3311 0.2146452728493986
3312 0.2146455553356614
3313 0.2146458376748516
3314 0.2146461199136479
3315 0.2146464020807871
3316 0.2146466841741549
3317 0.2146469662384459
3318 0.2146472483004143
3319 0.2146475303558943
3320 0.214647812447431
3321 0.2146480945995478
3322 0.2146483768057947
3323 0.214648659105974
3324 0.2146489415217556
3325 0.2146492240438442
3326 0.2146495067088963
3327 0.2146497895354937
3328 0.2146500725114844
3329 0.2146503556706031
3330 0.21465063902877
3331 0.2146509225715644
3332 0.2146512063304799
3333 0.2146514903194837
3334 0.2146517745224773
3335 0.2146520589691714
3336 0.2146523436455795
3337 0.2146526285818223
3338 0.2146529137895497
3339 0.2146531992500944
3340 0.2146534849897426
3341 0.214653771016942
3342 0.2146540573099037
3343 0.2146543438916428
3344 0.2146546307413646
3345 0.2146549178814941
3346 0.214655205315633
3347 0.2146554930172298
3348 0.2146557810040847
3349 0.2146560692504463
3350 0.2146563577736512
3351 0.2146566465725826
3352 0.2146569356162921
3353 0.2146572249182544
3354 0.2146575144488523
3355 0.2146578042215654
3356 0.2146580942060424
3357 0.2146583844147295
3358 0.2146586748161022
3359 0.2146589654212234
3360 0.2146592562226241
3361 0.2146595471831885
3362 0.2146598383097272
3363 0.2146601295661703
3364 0.2146604209591319
3365 0.2146607124516652
3366 0.2146610040493027
3367 0.2146612957139537
3368 0.2146615874499015
3369 0.2146618792180071
3370 0.2146621710215913
3371 0.2146624628204849
3372 0.2146627546167734
3373 0.2146630463692075
3374 0.2146633380789944
3375 0.2146636297043536
3376 0.2146639212461236
3377 0.2146642126624497
3378 0.2146645039542451
3379 0.2146647950799386
3380 0.2146650860407743
3381 0.2146653767956534
3382 0.2146656673462927
3383 0.2146659576521757
3384 0.214666247715569
3385 0.2146665374965829
3386 0.2146668269980433
3387 0.2146671161806596
3388 0.2146674050477564
3389 0.2146676935605578
3390 0.2146679817227859
3391 0.2146682694960776
3392 0.2146685568844534
3393 0.2146688438498801
3394 0.2146691303966231
3395 0.2146694164869631
3396 0.214669702125432
3397 0.2146699872746877
3398 0.2146702719396253
3399 0.2146705560834103
3400 0.2146708397114485
3401 0.2146711227875729
3402 0.2146714053178632
3403 0.2146716872669806
3404 0.2146719686418249
3405 0.2146722494080234
3406 0.2146725295734157
3407 0.2146728091046993
3408 0.2146730880107411
3409 0.2146733662593861
3410 0.2146736438605918
3411 0.2146739207834103
3412 0.2146741970389401
3413 0.2146744725974899
3414 0.21467474747134
3415 0.2146750216320991
3416 0.2146752950932715
3417 0.2146755678278051
3418 0.2146758398504638
3419 0.2146761111355752
3420 0.2146763816991961
3421 0.2146766515170663
3422 0.214676920606559
3423 0.2146771889448481
3424 0.2146774565266995
3425 0.2146777233746205
3426 0.2146779894697296
3427 0.2146782548334158
3428 0.214678519446849
3429 0.214678783332102
3430 0.2146790464712854
3431 0.2146793088637518
3432 0.2146795705362426
3433 0.2146798314744739
3434 0.2146800917039562
3435 0.2146803512103811
3436 0.2146806099963369
3437 0.2146808680914991
3438 0.2146811254847425
3439 0.2146813822043095
3440 0.2146816382388706
3441 0.2146818935937489
3442 0.2146821483010758
3443 0.2146824023524509
3444 0.2146826557784355
3445 0.2146829085702889
3446 0.2146831607356996
3447 0.2146834123088971
3448 0.2146836632838691
3449 0.214683913670121
3450 0.2146841635033269
3451 0.2146844127789188
3452 0.2146846615076137
3453 0.214684909726031
3454 0.2146851574306594
3455 0.2146854046330807
3456 0.2146856513705533
3457 0.2146858976403385
3458 0.2146861434546178
3459 0.2146863888510354
3460 0.214686633827384
3461 0.2146868783962051
3462 0.2146871225952846
3463 0.2146873664226707
3464 0.2146876098909519
3465 0.2146878530376773
3466 0.2146880958607004
3467 0.2146883383721538
3468 0.2146885806088699
3469 0.214688822568034
3470 0.2146890642609746
3471 0.2146893057235574
3472 0.2146895469523082
3473 0.214689787957924
3474 0.2146900287756487
3475 0.2146902694017289
3476 0.2146905098466309
3477 0.2146907501453174
3478 0.2146909902939811
3479 0.2146912303029333
3480 0.2146914702067799
3481 0.2146917100014228
3482 0.2146919496966672
3483 0.2146921893263252
3484 0.2146924288855283
3485 0.2146926683831025
3486 0.2146929078516343
3487 0.2146931472851088
3488 0.2146933866910724
3489 0.2146936260791772
3490 0.2146938654813972
3491 0.2146941048905553
3492 0.2146943443127103
3493 0.2146945837771305
3494 0.2146948232747505
3495 0.2146950628098362
3496 0.2146953023886598
3497 0.2146955420395443
3498 0.2146957817520359
3499 0.2146960215288019
3500 0.214696261374321
3501 0.2146965013148865
3502 0.2146967413381204
3503 0.2146969814446094
3504 0.2146972216366424
3505 0.2146974619381128
3506 0.2146977023345719
3507 0.2146979428241056
3508 0.2146981834065599
3509 0.214698424103276
3510 0.2146986648972724
3511 0.2146989057844415
3512 0.2146991467623903
3513 0.2146993878501865
3514 0.2146996290288155
3515 0.2146998702921857
3516 0.2147001116359892
3517 0.2147003530773495
3518 0.2147005945955266
3519 0.2147008361827201
3520 0.214701077832933
3521 0.214701319561526
3522 0.2147015613461536
3523 0.2147018031773878
3524 0.2147020450475948
3525 0.2147022869704154
3526 0.2147025289219286
3527 0.2147027708911141
3528 0.2147030128687543
3529 0.2147032548464392
3530 0.2147034968362509
3531 0.2147037388127565
3532 0.2147039807632716
3533 0.2147042226768916
3534 0.214704464543529
3535 0.2147047063735595
3536 0.2147049481400977
3537 0.2147051898291023
3538 0.2147054314284199
3539 0.2147056729268633
3540 0.2147059143337409
3541 0.2147061556213751
3542 0.2147063967750042
3543 0.2147066377818581
3544 0.2147068786301975
3545 0.2147071193287695
3546 0.2147073598495398
3547 0.2147076001774093
3548 0.2147078402993091
3549 0.2147080802032403
3550 0.2147083198776285
3551 0.2147085593311801
3552 0.2147087985359027
3553 0.2147090374766883
3554 0.2147092761404641
3555 0.2147095145152799
3556 0.2147097525896947
3557 0.2147099903725555
3558 0.2147102278363248
3559 0.2147104649664379
3560 0.2147107017505052
3561 0.2147109381774043
3562 0.2147111742366574
3563 0.2147114099183037
3564 0.2147116452325339
3565 0.2147118801534353
3566 0.21471211466804
3567 0.2147123487656086
3568 0.2147125824367273
3569 0.2147128156727034
3570 0.2147130484654371
3571 0.2147132808072963
3572 0.2147135127106661
3573 0.2147137441521436
3574 0.2147139751212132
3575 0.2147142056096447
3576 0.2147144356106072
3577 0.2147146651180775
3578 0.2147148941267317
3579 0.214715122631816
3580 0.2147153506290887
3581 0.2147155781341921
3582 0.2147158051273805
3583 0.2147160316017014
3584 0.2147162575525053
3585 0.2147164829765454
3586 0.2147167078713699
3587 0.2147169322351918
3588 0.2147171560667042
3589 0.2147173793651824
3590 0.214717602130245
3591 0.2147178243618995
3592 0.214718046060527
3593 0.2147182672268739
3594 0.2147184878621343
3595 0.214718707967821
3596 0.2147189275648929
3597 0.2147191466395789
3598 0.2147193651906506
3599 0.2147195832192101
3600 0.2147198007278243
3601 0.2147200177199276
3602 0.2147202341996751
3603 0.2147204501717824
3604 0.2147206656414332
3605 0.2147208806141867
3606 0.2147210950959061
3607 0.2147213090927068
3608 0.2147215226109148
3609 0.2147217356570429
3610 0.2147219482377792
3611 0.2147221603600572
3612 0.214722372030946
