"cl-rfile"
"Iteration" "cl"
("Iteration" "cl")
1 -0.1303577949365923
2 -0.0772142715896233
3 -0.0976423628083699
4 -0.1381962426472857
5 -0.1827659313875227
6 -0.2265137923130625
7 -0.2678465419623225
8 -0.3067967075352344
9 -0.343832023315537
10 -0.37935728777753
11 -0.4137780167143117
12 -0.4473455707665834
13 -0.4802372008009231
14 -0.5125791426659619
15 -0.5444885092440093
16 -0.5759066890013408
17 -0.6069192701413669
18 -0.6375930638521299
19 -0.6678018972482206
20 -0.6975576711135835
21 -0.7269028457008847
22 -0.7559221289188742
23 -0.7846363731687406
24 -0.8129334374821399
25 -0.840751576963974
26 -0.8680248659606428
27 -0.8946791774169375
28 -0.9205762970055097
29 -0.9456249962371137
30 -0.969773021059086
31 -0.9929809097304581
32 -1.015093838284008
33 -1.036078510695866
34 -1.055891698136145
35 -1.07453197967656
36 -1.092008017633015
37 -1.108361554189986
38 -1.123640556616724
39 -1.137916689239914
40 -1.151290390798326
41 -1.163856370797242
42 -1.175720155872929
43 -1.186999496363255
44 -1.197798180135012
45 -1.208216447919066
46 -1.218354409098142
47 -1.228303737815968
48 -1.238148647285949
49 -1.24798088184167
50 -1.257856624884937
51 -1.267832019098102
52 -1.277939162667602
53 -1.288191401374486
54 -1.298587884416959
55 -1.309115263244673
56 -1.319746635970651
57 -1.330444373639974
58 -1.34115989820809
59 -1.351837980917672
60 -1.362418431508374
61 -1.37283382709991
62 -1.383016839666627
63 -1.392898033230316
64 -1.402405843920338
65 -1.411474423389913
66 -1.420039951937149
67 -1.428047125649912
68 -1.435447815410552
69 -1.442204497832376
70 -1.44829547414121
71 -1.45372095598806
72 -1.458483113224261
73 -1.462606851041923
74 -1.46613583415791
75 -1.46912911788994
76 -1.471635085272853
77 -1.473690484500037
78 -1.475324684319788
79 -1.476570794461408
80 -1.477459011259237
81 -1.478024914501263
82 -1.47831607012449
83 -1.478398203437392
84 -1.478333283453573
85 -1.478178762856874
86 -1.477982095586017
87 -1.477769801986861
88 -1.47755628557606
89 -1.477354619849393
90 -1.477179452314384
91 -1.477045125869158
92 -1.476965832319713
93 -1.47695261267191
94 -1.477014763575124
95 -1.477159728824295
96 -1.477391731669265
97 -1.477711920458981
98 -1.47811909888504
99 -1.478609039985673
100 -1.479175912123915
101 -1.479812073474381
102 -1.480510423494115
103 -1.481252838087874
104 -1.482027309692902
105 -1.482823030789536
106 -1.483633240039888
107 -1.484450612635389
108 -1.485262946175134
109 -1.486062076867265
110 -1.48683716018153
111 -1.487579789637763
112 -1.488276902052202
113 -1.488920630304808
114 -1.489500844950944
115 -1.490012381489557
116 -1.490449548350617
117 -1.490805394523163
118 -1.491077134500254
119 -1.491260816832862
120 -1.491353681445604
121 -1.491352451057638
122 -1.491256858779556
123 -1.491068470114549
124 -1.490785927533731
125 -1.490413981660441
126 -1.489953626356548
127 -1.489408882255678
128 -1.488788222933021
129 -1.488095559206343
130 -1.48733327109121
131 -1.486509493749561
132 -1.485629096955549
133 -1.484698253185347
134 -1.483724139316978
135 -1.482710228853165
136 -1.481658624455206
137 -1.480570176239371
138 -1.479448925094552
139 -1.478301062733866
140 -1.477128224750012
141 -1.47593142199988
142 -1.474711102220805
143 -1.473468455152007
144 -1.472206667159581
145 -1.470927467423073
146 -1.469633084283085
147 -1.46832498283553
148 -1.467003295120282
149 -1.465669102464002
150 -1.464323227921446
151 -1.462966658493144
152 -1.461601019041141
153 -1.460229175453302
154 -1.458852654485679
155 -1.457473103496995
156 -1.456091985068142
157 -1.454711001715782
158 -1.453332024984281
159 -1.451957388949095
160 -1.45058973673001
161 -1.449230576598372
162 -1.447881750609271
163 -1.446545240886661
164 -1.445222897350038
165 -1.443916208911377
166 -1.442626234750809
167 -1.441353615818116
168 -1.44009866578437
169 -1.43886144376917
170 -1.437641718780709
171 -1.436438832483013
172 -1.435251918767366
173 -1.434079686880034
174 -1.432920505027455
175 -1.431772331610594
176 -1.430632889384598
177 -1.429499955529259
178 -1.428370797347494
179 -1.427242272321438
180 -1.426111609224344
181 -1.424975669826717
182 -1.42383089711428
183 -1.422673368809888
184 -1.421499524717822
185 -1.420305541168768
186 -1.419087441403962
187 -1.41784131489738
188 -1.416563365159563
189 -1.415250031381821
190 -1.41389795975767
191 -1.412503945738687
192 -1.411065200012973
193 -1.409579254052059
194 -1.408043102336836
195 -1.406454552325659
196 -1.404811997338937
197 -1.403113835440021
198 -1.401359026772328
199 -1.399546885180598
200 -1.397677141182046
201 -1.395749835966436
202 -1.393765269256112
203 -1.391723961655601
204 -1.389626834047845
205 -1.387474987481943
206 -1.385269554241793
207 -1.38301215438756
208 -1.380705153057806
209 -1.378350758215378
210 -1.37595103984056
211 -1.373508550191345
212 -1.371026022520756
213 -1.368506120304788
214 -1.365951729617298
215 -1.363365762103909
216 -1.360751074179294
217 -1.358110477704155
218 -1.355446716898693
219 -1.352762935509496
220 -1.350062301156172
221 -1.347347763208151
222 -1.344622167337014
223 -1.341888070176724
224 -1.339148102986804
225 -1.336404983911639
226 -1.333661326086857
227 -1.330919615982668
228 -1.328181968438164
229 -1.325450487476152
230 -1.322727199645467
231 -1.320014113478613
232 -1.317313045312966
233 -1.314625755890098
234 -1.311953805050066
235 -1.309298563526277
236 -1.306661435574427
237 -1.304043538497892
238 -1.301445969747197
239 -1.298869781502097
240 -1.296316063784289
241 -1.293785849147233
242 -1.291280082792131
243 -1.288799553771004
244 -1.286345243338561
245 -1.283917890270507
246 -1.281518383181458
247 -1.279147514748322
248 -1.27680613322889
249 -1.274494892967615
250 -1.272214442800493
251 -1.269965478858472
252 -1.267748658005556
253 -1.26556465871963
254 -1.263414248222183
255 -1.261298292407541
256 -1.259217551812425
257 -1.25717290108462
258 -1.25516538394201
259 -1.253196165144768
260 -1.25126604467325
261 -1.249375960890611
262 -1.247526947182754
263 -1.245719996071794
264 -1.243956174290271
265 -1.24223655810992
266 -1.240562212393745
267 -1.238934062639063
268 -1.237353225181833
269 -1.23582060119044
270 -1.234337123889606
271 -1.232903664248993
272 -1.231521083001561
273 -1.230190074451443
274 -1.228911290602616
275 -1.227685267409456
276 -1.226512562762267
277 -1.225393676966847
278 -1.224328994722451
279 -1.223318834995017
280 -1.222363404297565
281 -1.221462770747388
282 -1.220616851037355
283 -1.219825573728674
284 -1.219088637756678
285 -1.218405649202916
286 -1.217776148597315
287 -1.217199573351161
288 -1.216675082505797
289 -1.216201702352728
290 -1.215778383331697
291 -1.215403994699219
292 -1.215077296549787
293 -1.214796902494638
294 -1.214561295965722
295 -1.214368821890025
296 -1.214217732335538
297 -1.214106237110788
298 -1.214032450957209
299 -1.21399442864233
300 -1.213990167260447
301 -1.214017604267004
302 -1.214074622366768
303 -1.21415900986023
304 -1.21426851671367
305 -1.214400877018779
306 -1.214553800294457
307 -1.214724940108378
308 -1.214911970417089
309 -1.215112550577221
310 -1.215324367074089
311 -1.215545052844366
312 -1.215772330578449
313 -1.216003937464907
314 -1.216237635787718
315 -1.216471153142857
316 -1.216702227317717
317 -1.216928810756024
318 -1.217148994235058
319 -1.217360919201522
320 -1.217562762727529
321 -1.217752812052222
322 -1.217929508185653
323 -1.218091409472744
324 -1.218237084406532
325 -1.218365230761259
326 -1.21847469929959
327 -1.218564416493102
328 -1.218633392150426
329 -1.218680751361945
330 -1.218705738409066
331 -1.218707662731354
332 -1.218685979779049
333 -1.218640321115178
334 -1.218570399529079
335 -1.218475968332024
336 -1.21835691125701
337 -1.218213229968746
338 -1.218045027979289
339 -1.217852445527327
340 -1.217635731189839
341 -1.217395231692193
342 -1.217131431957807
343 -1.21684488650676
344 -1.216536192944352
345 -1.216206038077745
346 -1.215855123736699
347 -1.215484323359007
348 -1.215094526201621
349 -1.214686619618659
350 -1.214261565382444
351 -1.21382037073268
352 -1.21336406648356
353 -1.212893714905615
354 -1.21241043566431
355 -1.211915376788398
356 -1.211409725524153
357 -1.210894655612294
358 -1.210371371289287
359 -1.209841112992468
360 -1.20930513260938
361 -1.208764687958157
362 -1.208221042526278
363 -1.207675432013809
364 -1.207129052041377
365 -1.206583113883016
366 -1.20603878785729
367 -1.20549724340748
368 -1.204959634231948
369 -1.204427097772559
370 -1.203900787144777
371 -1.20338182484106
372 -1.202871307134987
373 -1.202370296136919
374 -1.201879822823114
375 -1.201400896199684
376 -1.200934491184156
377 -1.200481545041351
378 -1.20004297546402
379 -1.199619589040039
380 -1.199212258307773
381 -1.198821802806044
382 -1.198448988376201
383 -1.198094563021331
384 -1.197759225804684
385 -1.197443628206855
386 -1.197148429934734
387 -1.196874241622616
388 -1.196621640870801
389 -1.196391158919729
390 -1.196183287084793
391 -1.195998495432224
392 -1.195837205374731
393 -1.195699797192854
394 -1.195586615872525
395 -1.195497971633512
396 -1.195434140279907
397 -1.195395365728354
398 -1.19538186102805
399 -1.195393810678367
400 -1.195431361002328
401 -1.195494625863343
402 -1.195583683824121
403 -1.195698575804379
404 -1.19583929375431
405 -1.196005804624986
406 -1.196198031496019
407 -1.196415875079771
408 -1.196659203086144
409 -1.196927842943927
410 -1.197221583305994
411 -1.19754018623887
412 -1.197883388849188
413 -1.198250879242636
414 -1.198642314024706
415 -1.199057316291252
416 -1.199495471287066
417 -1.199956335752015
418 -1.200439435753286
419 -1.200944275214265
420 -1.201470320652352
421 -1.202017014335915
422 -1.202583776677328
423 -1.203170008463191
424 -1.203775073942408
425 -1.204398329570069
426 -1.205039102364593
427 -1.20569666924175
428 -1.206370278604365
429 -1.207059161925828
430 -1.207762541696446
431 -1.208479616737281
432 -1.209209593808983
433 -1.209951657139292
434 -1.210704974915682
435 -1.211468711750663
436 -1.212242064119425
437 -1.213024201274157
438 -1.213814287011564
439 -1.21461150855719
440 -1.215415047091795
441 -1.216224072116501
442 -1.217037771188344
443 -1.217855349642444
444 -1.218676047373067
445 -1.21949911690417
446 -1.220323816319496
447 -1.221149427029247
448 -1.221975239083995
449 -1.222800571138582
450 -1.22362475854601
451 -1.224447155152824
452 -1.225267125873127
453 -1.226084059875827
454 -1.226897361955556
455 -1.227706458673719
456 -1.228510799604158
457 -1.229309846168206
458 -1.230103095070759
459 -1.230890068839712
460 -1.231670312250061
461 -1.232443398127589
462 -1.233208935278815
463 -1.233966559899158
464 -1.234715926138908
465 -1.235456725221615
466 -1.236188680693378
467 -1.236911510593658
468 -1.237625000034029
469 -1.238328973388006
470 -1.239023306343669
471 -1.239707914262774
472 -1.240382747779547
473 -1.241047775648379
474 -1.241702990697523
475 -1.242348403135929
476 -1.242984066574462
477 -1.24361004887982
478 -1.244226414461996
479 -1.244833228052201
480 -1.245430565187971
481 -1.246018523483293
482 -1.246597230245078
483 -1.247166811044869
484 -1.247727430160684
485 -1.248279271214715
486 -1.24882253505844
487 -1.249357443611667
488 -1.249884238295749
489 -1.250403171616102
490 -1.250914512181048
491 -1.251418544052012
492 -1.251915557627018
493 -1.252405855928834
494 -1.252889763741016
495 -1.253367610418294
496 -1.253839735497908
497 -1.254306478690033
498 -1.254768189759313
499 -1.25522522135439
500 -1.255677929623607
501 -1.256126664056268
502 -1.25657178591794
503 -1.2570136562405
504 -1.257452637009561
505 -1.257889091755018
506 -1.258323385262981
507 -1.258755882085315
508 -1.259186949909457
509 -1.259616958360219
510 -1.260046274933084
511 -1.260475259822703
512 -1.26090426508117
513 -1.261333643622343
514 -1.261763731992639
515 -1.262194847543968
516 -1.262627300018712
517 -1.263061388247325
518 -1.263497403358904
519 -1.263935631399107
520 -1.264376344893039
521 -1.264819806161408
522 -1.265266264800679
523 -1.26571596004644
524 -1.266169122610533
525 -1.266625971495306
526 -1.267086714950445
527 -1.267551552816397
528 -1.268020673676324
529 -1.268494250205695
530 -1.268972437137242
531 -1.269455343113161
532 -1.269943105698282
533 -1.270435808206302
534 -1.270933569425875
535 -1.271436482919988
536 -1.271944623872789
537 -1.272458055774028
538 -1.2729768179683
539 -1.27350092967847
540 -1.274030389894452
541 -1.274565184636318
542 -1.275105289119344
543 -1.275650663658149
544 -1.276201263742732
545 -1.276757032705298
546 -1.277317898821697
547 -1.2778837744041
548 -1.278454558755763
549 -1.27903014329528
550 -1.279610408594734
551 -1.280195215746156
552 -1.280784412775997
553 -1.281377838638944
554 -1.281975319380966
555 -1.282576674295004
556 -1.283181708963812
557 -1.283790223253668
558 -1.284401972239245
559 -1.285016764446016
560 -1.285634344489401
561 -1.286254518037601
562 -1.28687703469442
563 -1.28750165780908
564 -1.288128157677629
565 -1.288756306080493
566 -1.289385876873168
567 -1.290016641776798
568 -1.290648366652684
569 -1.291280819116322
570 -1.291913757076723
571 -1.292546935756759
572 -1.293180109839847
573 -1.293813032449881
574 -1.294445453634693
575 -1.295077123245873
576 -1.295707797082481
577 -1.296337225935622
578 -1.296965161193618
579 -1.297591359561524
580 -1.298215583398742
581 -1.29883759549789
582 -1.299457156921779
583 -1.30007403278126
584 -1.300687992504501
585 -1.301298808587265
586 -1.301906261520001
587 -1.302510136472424
588 -1.303110223343554
589 -1.303706316725278
590 -1.304298217065427
591 -1.304885733536986
592 -1.30546868306268
593 -1.306046890749653
594 -1.306620189694533
595 -1.307188422649741
596 -1.307751445017082
597 -1.308309125422127
598 -1.308861345205668
599 -1.309407999159259
600 -1.309948997272894
601 -1.310484262048965
602 -1.311013729674924
603 -1.311537352086786
604 -1.312055091632017
605 -1.312566924027585
606 -1.313072833096854
607 -1.31357281176236
608 -1.314066864292008
609 -1.314555002839401
610 -1.315037242179694
611 -1.315513604221931
612 -1.315984117257986
613 -1.316448818463098
614 -1.316907750473335
615 -1.317360961352041
616 -1.317808505919189
617 -1.318250446202727
618 -1.318686853565823
619 -1.319117806052242
620 -1.31954339028867
621 -1.319963700850455
622 -1.320378837385725
623 -1.320788905180308
624 -1.32119401933239
625 -1.321594301862287
626 -1.321989882008616
627 -1.322380894432665
628 -1.322767476052521
629 -1.323149766342139
630 -1.323527909045347
631 -1.32390205297981
632 -1.324272350534486
633 -1.324638957458819
634 -1.325002030866605
635 -1.325361726214136
636 -1.325718198696849
637 -1.326071604787765
638 -1.326422102628402
639 -1.326769851403959
640 -1.327115011538509
641 -1.327457743819851
642 -1.327798210175444
643 -1.328136574210366
644 -1.328473000565007
645 -1.328807656332239
646 -1.329140707333409
647 -1.329472319372153
648 -1.329802657546957
649 -1.330131885172404
650 -1.330460162787619
651 -1.330787647011326
652 -1.331114490440833
653 -1.331440840570143
654 -1.331766841737519
655 -1.332092633927969
656 -1.332418351336621
657 -1.332744121595469
658 -1.333070064733798
659 -1.333396297843297
660 -1.333722933583148
661 -1.334050080819559
662 -1.334377843891772
663 -1.334706324897956
664 -1.335035621846419
665 -1.335365828914998
666 -1.335697036547359
667 -1.336029333185491
668 -1.336362805262901
669 -1.336697534822533
670 -1.337033600403431
671 -1.33737107558819
672 -1.337710029399288
673 -1.338050521502165
674 -1.338392605438548
675 -1.338736327514152
676 -1.339081727355175
677 -1.339428837320376
678 -1.339777680723603
679 -1.340128272109699
680 -1.340480617800169
681 -1.340834715846918
682 -1.341190556176287
683 -1.341548123359868
684 -1.341907395206753
685 -1.342268343680915
686 -1.342630935208718
687 -1.342995128741101
688 -1.343360877425475
689 -1.3437281287701
690 -1.34409682476089
691 -1.34446690188741
692 -1.344838293751037
693 -1.345210929062693
694 -1.345584732713549
695 -1.345959628082249
696 -1.34633553527826
697 -1.346712372033692
698 -1.347090052990714
699 -1.347468490038532
700 -1.347847592609968
701 -1.348227266430046
702 -1.348607414320577
703 -1.348987936641682
704 -1.349368731469094
705 -1.349749695869694
706 -1.350130724985233
707 -1.35051171037423
708 -1.350892541162496
709 -1.351273105088823
710 -1.351653288917699
711 -1.352032977487059
712 -1.352412053220257
713 -1.352790397098868
714 -1.35316788986932
715 -1.353544411607503
716 -1.35391984190605
717 -1.354294061751858
718 -1.354666953655696
719 -1.355038403001163
720 -1.355408297707659
721 -1.35577653038627
722 -1.356142996606049
723 -1.35650759509193
724 -1.356870228380319
725 -1.3572308025013
726 -1.35758922770985
727 -1.357945420052731
728 -1.358299299730466
729 -1.358650792518118
730 -1.358999826940487
731 -1.359346333314239
732 -1.359690244394876
733 -1.36003149606087
734 -1.360370026456141
735 -1.360705777619437
736 -1.36103869341458
737 -1.361368718805678
738 -1.361695800214775
739 -1.362019885691838
740 -1.362340925088991
741 -1.362658871320117
742 -1.362973680125973
743 -1.363285310542177
744 -1.363593724574577
745 -1.363898888062573
746 -1.364200770873234
747 -1.364499348338282
748 -1.36479460000331
749 -1.365086511030296
750 -1.365375072591002
751 -1.365660282414
752 -1.365942143702648
753 -1.366220664449393
754 -1.366495858435956
755 -1.366767743348745
756 -1.36703634257085
757 -1.367301683048743
758 -1.367563794862103
759 -1.367822712151489
760 -1.368078472579705
761 -1.368331118645806
762 -1.368580695596648
763 -1.36882725083017
764 -1.369070833773546
765 -1.369311496502237
766 -1.369549291682993
767 -1.369784273018646
768 -1.370016495868279
769 -1.370246017946129
770 -1.370472899142135
771 -1.370697202438255
772 -1.370918995079644
773 -1.371138348111861
774 -1.37135533478924
775 -1.371570031241089
776 -1.371782516115301
777 -1.371992870422621
778 -1.372201179619511
779 -1.372407532000563
780 -1.372612018851455
781 -1.372814733527776
782 -1.373015770901668
783 -1.373215226553137
784 -1.3734131964816
785 -1.373609776524762
786 -1.37380506201418
787 -1.373999151791024
788 -1.374192139728661
789 -1.374384117301117
790 -1.374575172685594
791 -1.374765393316013
792 -1.374954865435
793 -1.375143674891186
794 -1.375331906302486
795 -1.37551964354287
796 -1.375706970188788
797 -1.375893969118052
798 -1.376080723199636
799 -1.376267314626171
800 -1.376453825282955
801 -1.376640335344998
802 -1.376826924107
803 -1.377013669479456
804 -1.377200647903294
805 -1.377387934065219
806 -1.377575602095684
807 -1.377763723475685
808 -1.377952367949251
809 -1.378141604044433
810 -1.378331498119514
811 -1.378522113649349
812 -1.378713511924545
813 -1.378905751378048
814 -1.37909888751593
815 -1.379292973358782
816 -1.379488059237529
817 -1.379684191912585
818 -1.379881414823428
819 -1.380079766364818
820 -1.38027928044716
821 -1.380479986325888
822 -1.380681908738228
823 -1.380885068263523
824 -1.381089481015176
825 -1.381295158975403
826 -1.3815021108573
827 -1.381710341660097
828 -1.381919852722922
829 -1.382130642475121
830 -1.382342706549238
831 -1.382556037707573
832 -1.382770626160037
833 -1.382986459394012
834 -1.383203522089698
835 -1.383421795940596
836 -1.383641259413374
837 -1.383861887963872
838 -1.384083654446058
839 -1.384306529065229
840 -1.384530479336713
841 -1.384755470114447
842 -1.384981463008543
843 -1.385208416544115
844 -1.385436286952927
845 -1.385665027526986
846 -1.38589459003531
847 -1.386124924089236
848 -1.386355977353957
849 -1.386587695243708
850 -1.386820021366644
851 -1.38705289751114
852 -1.387286263603704
853 -1.387520058227179
854 -1.387754219174679
855 -1.387988683881504
856 -1.388223388062525
857 -1.388458267049163
858 -1.388693255206468
859 -1.388928286455425
860 -1.38916329477881
861 -1.389398215211566
862 -1.389632982678821
863 -1.389867532260184
864 -1.390101799346426
865 -1.39033571954051
866 -1.390569228228134
867 -1.390802261328968
868 -1.391034754444273
869 -1.391266643601097
870 -1.391497864613831
871 -1.391728353728119
872 -1.391958048020781
873 -1.392186885346553
874 -1.392414804659936
875 -1.392641745420401
876 -1.392867648494099
877 -1.39309245640713
878 -1.393316113475561
879 -1.393538565567346
880 -1.393759760878465
881 -1.393979649699136
882 -1.394198183872941
883 -1.394415317649241
884 -1.394631006439585
885 -1.394845207742468
886 -1.395057881295628
887 -1.395268988562581
888 -1.395478492828005
889 -1.395686359195173
890 -1.395892554735406
891 -1.396097048196683
892 -1.396299810816117
893 -1.39650081641691
894 -1.396700040498795
895 -1.396897460953047
896 -1.397093057914031
897 -1.397286814721534
898 -1.397478717585047
899 -1.397668755322271
900 -1.397856919512864
901 -1.398043204721725
902 -1.39822760834724
903 -1.398410130919392
904 -1.398590775898173
905 -1.398769549552214
906 -1.39894646063165
907 -1.399121520170523
908 -1.399294741579074
909 -1.39946614079527
910 -1.399635735817377
911 -1.399803547647257
912 -1.39996959949286
913 -1.40013391599286
914 -1.400296524832492
915 -1.400457455555096
916 -1.400616739642027
917 -1.400774411157595
918 -1.400930506933666
919 -1.401085065573132
920 -1.401238127742757
921 -1.401389735886792
922 -1.401539933889328
923 -1.401688766724037
924 -1.401836280317941
925 -1.401982521353059
926 -1.402127536862022
927 -1.402271374328419
928 -1.402414081692423
929 -1.402555706983396
930 -1.402696298210716
931 -1.40283590492543
932 -1.402974576703994
933 -1.403112363337511
934 -1.403249315252832
935 -1.403385483271867
936 -1.403520918714604
937 -1.403655673317727
938 -1.403789799397377
939 -1.403923349782947
940 -1.404056377397835
941 -1.404188935267204
942 -1.404321076779427
943 -1.40445285466113
944 -1.404584320858291
945 -1.404715526523319
946 -1.404846522097692
947 -1.404977357362274
948 -1.405108080720428
949 -1.405238739591979
950 -1.405369380031151
951 -1.405500046892614
952 -1.405630783470042
953 -1.405761632102287
954 -1.405892633515663
955 -1.406023827820708
956 -1.406155254101514
957 -1.406286950475776
958 -1.406418954091561
959 -1.406551301067261
960 -1.40668402624219
961 -1.406817167005398
962 -1.406950751084461
963 -1.407084807540248
964 -1.407219365830165
965 -1.407354453847478
966 -1.407490097794062
967 -1.407626321572673
968 -1.407763148841758
969 -1.407900595467182
970 -1.408038677261759
971 -1.408177408908044
972 -1.408316802375205
973 -1.408456867236377
974 -1.408597610693586
975 -1.40873903782004
976 -1.408881151494737
977 -1.409023952553638
978 -1.409167439598013
979 -1.409311609232879
980 -1.409456456185638
981 -1.409601973330742
982 -1.409748151709141
983 -1.409894980607434
984 -1.41004244777844
985 -1.410190539451421
986 -1.410339240418436
987 -1.410488533986661
988 -1.410638401987135
989 -1.410788824783251
990 -1.410939781552278
991 -1.411091249866914
992 -1.411243205925868
993 -1.41139562448026
994 -1.41154847911599
995 -1.411701742164973
996 -1.411855384566283
997 -1.41200937595993
998 -1.412163684797139
999 -1.412318278416925
1000 -1.412473123156728
1001 -1.412628184212948
1002 -1.412783425883007
1003 -1.412938812058024
1004 -1.413094305799401
1005 -1.413249869299149
1006 -1.413405464106986
1007 -1.413561051139175
1008 -1.413716590893367
1009 -1.413872043411414
1010 -1.414027368240238
1011 -1.414182524596312
1012 -1.41433747128647
1013 -1.41449216711293
1014 -1.414646570902622
1015 -1.414800641680326
1016 -1.414954338532886
1017 -1.415107620833931
1018 -1.415260448442872
1019 -1.415412781650039
1020 -1.415564581613901
1021 -1.415715810397842
1022 -1.415866430971045
1023 -1.416016407219633
1024 -1.41616570408919
1025 -1.416314287456596
1026 -1.416462124418266
1027 -1.416609183112004
1028 -1.416755432809855
1029 -1.416900843872516
1030 -1.417045387536779
1031 -1.41718903608896
1032 -1.417331762905206
1033 -1.417473542517013
1034 -1.417614350314959
1035 -1.41775416247049
1036 -1.417892956274002
1037 -1.418030710147576
1038 -1.41816740373656
1039 -1.418303017898544
1040 -1.418437534786367
1041 -1.418570937936493
1042 -1.418703212255012
1043 -1.418834344187366
1044 -1.418964321762943
1045 -1.419093134571814
1046 -1.419220773728787
1047 -1.419347231806398
1048 -1.419472502774825
1049 -1.419596582085025
1050 -1.419719466631492
1051 -1.419841154795328
1052 -1.419961646560028
1053 -1.420080943315231
1054 -1.420199048053015
1055 -1.420315965306685
1056 -1.420431701162955
1057 -1.420546263219374
1058 -1.420659661090456
1059 -1.420771905563301
1060 -1.420883008976259
1061 -1.420992985240431
1062 -1.421101850139421
1063 -1.421209620662628
1064 -1.421316315437693
1065 -1.421421954098301
1066 -1.421526557614424
1067 -1.421630148346557
1068 -1.421732750053869
1069 -1.421834387730484
1070 -1.421935087326606
1071 -1.422034875928353
1072 -1.422133781584161
1073 -1.422231833365147
1074 -1.422329061183687
1075 -1.422425495527381
1076 -1.422521167787387
1077 -1.422616109698936
1078 -1.422710353710676
1079 -1.422803932734662
1080 -1.422896880229105
1081 -1.422989229867403
1082 -1.423081015588613
1083 -1.423172271634741
1084 -1.423263032235803
1085 -1.423353331990024
1086 -1.423443205783613
1087 -1.423532688715176
1088 -1.42362181609219
1089 -1.42371062332694
1090 -1.42379914589103
1091 -1.423887419171475
1092 -1.423975478216352
1093 -1.42406335782444
1094 -1.424151092556418
1095 -1.424238716302221
1096 -1.424326262621923
1097 -1.424413764373998
1098 -1.424501253681046
1099 -1.424588761743384
1100 -1.424676319163735
1101 -1.424763955766858
1102 -1.424851700690514
1103 -1.424939582470352
1104 -1.425027628744455
1105 -1.425115866475108
1106 -1.425204321209961
1107 -1.425293017661508
1108 -1.425381979494269
1109 -1.425471229368598
1110 -1.425560788967258
1111 -1.425650679050619
1112 -1.425740919275947
1113 -1.425831528015135
1114 -1.425922522542248
1115 -1.426013918961283
1116 -1.426105732254999
1117 -1.426197976135013
1118 -1.426290662954685
1119 -1.426383803771157
1120 -1.426477408278335
1121 -1.426571484818424
1122 -1.426666040653951
1123 -1.426761081820882
1124 -1.426856612991416
1125 -1.426952637350307
1126 -1.427049156827414
1127 -1.427146171971687
1128 -1.427243682053935
1129 -1.427341685049261
1130 -1.427440177586975
1131 -1.42753915504171
1132 -1.427638611360855
1133 -1.427738539217768
1134 -1.427838930009428
1135 -1.427939773678723
1136 -1.428041058895769
1137 -1.428142773138043
1138 -1.428244902550438
1139 -1.428347432039665
1140 -1.428450345496652
1141 -1.428553625663047
1142 -1.428657254242499
1143 -1.428761211943178
1144 -1.428865478489538
1145 -1.428970032680644
1146 -1.429074852447907
1147 -1.429179914876863
1148 -1.429285196319698
1149 -1.429390672428267
1150 -1.429496318348982
1151 -1.429602108662286
1152 -1.429708017379188
1153 -1.429814017909899
1154 -1.429920083209574
1155 -1.43002618589103
1156 -1.430132298284647
1157 -1.430238392421307
1158 -1.430344440188602
1159 -1.430450413299034
1160 -1.430556283381811
1161 -1.430662021973197
1162 -1.430767600642737
1163 -1.430872990865862
1164 -1.430978164171129
1165 -1.431083092064519
1166 -1.431187746183718
1167 -1.431292098434576
1168 -1.431396120742821
1169 -1.431499785196914
1170 -1.431603064156722
1171 -1.431705930145324
1172 -1.431808356146736
1173 -1.431910315674252
1174 -1.432011782897306
1175 -1.432112732494892
1176 -1.432213140118901
1177 -1.432312982053416
1178 -1.432412235076156
1179 -1.432510876871633
1180 -1.432608885955436
1181 -1.432706241804492
1182 -1.432802924882507
1183 -1.432898916609262
1184 -1.432994199326291
1185 -1.43308875637534
1186 -1.433182571999138
1187 -1.433275631462947
1188 -1.433367920972244
1189 -1.433459427735416
1190 -1.433550139961671
1191 -1.433640046869963
1192 -1.433729138714749
1193 -1.433817406782264
1194 -1.433904843449797
1195 -1.433991442173816
1196 -1.434077197538097
1197 -1.434162105228586
1198 -1.434246162301126
1199 -1.434329366608942
1200 -1.434411717172407
1201 -1.434493214028127
1202 -1.434573858441725
1203 -1.434653652713946
1204 -1.434732600353988
1205 -1.434810705883248
1206 -1.434887975021654
1207 -1.434964414348821
1208 -1.435040031548151
1209 -1.435114835322749
1210 -1.435188835370716
1211 -1.435262042210935
1212 -1.435334467016962
1213 -1.435406121945028
1214 -1.435477020226094
1215 -1.435547176164844
1216 -1.435616604954268
1217 -1.435685322685022
1218 -1.435753346331224
1219 -1.435820693782552
1220 -1.435887383678182
1221 -1.435953435353433
1222 -1.436018868780413
1223 -1.43608370453797
1224 -1.436147963791193
1225 -1.43621166824327
1226 -1.436274840205209
1227 -1.436337502258995
1228 -1.436399677616728
1229 -1.436461389857051
1230 -1.436522662957495
1231 -1.436583521317752
1232 -1.436643989742731
1233 -1.436704093234822
1234 -1.436763856754081
1235 -1.436823305543921
1236 -1.436882464992508
1237 -1.43694136064073
1238 -1.437000018051612
1239 -1.437058463005968
1240 -1.437116721048721
1241 -1.437174817624566
1242 -1.437232778080591
1243 -1.437290627617541
1244 -1.437348391249823
1245 -1.437406093821319
1246 -1.437463759952315
1247 -1.437521414028129
1248 -1.437579080183577
1249 -1.437636781981184
1250 -1.437694542682819
1251 -1.437752385073729
1252 -1.437810331513423
1253 -1.437868403842695
1254 -1.437926623309182
1255 -1.437985010538844
1256 -1.438043585537569
1257 -1.438102367665642
1258 -1.438161375576179
1259 -1.438220627322293
1260 -1.438280140273789
1261 -1.438339931162024
1262 -1.43840001544621
1263 -1.438460408958969
1264 -1.43852112612162
1265 -1.438582180427142
1266 -1.438643584452117
1267 -1.438705349892688
1268 -1.438767487459233
1269 -1.438830006873865
1270 -1.438892916833668
1271 -1.438956225002387
1272 -1.439019938043165
1273 -1.439084061557928
1274 -1.439148600230034
1275 -1.439213557676731
1276 -1.439278936461569
1277 -1.439344738101909
1278 -1.439410963100979
1279 -1.439477611009564
1280 -1.439544680424679
1281 -1.439612169079115
1282 -1.43968007377053
1283 -1.439748390410903
1284 -1.43981711403503
1285 -1.439886238829168
1286 -1.439955758084693
1287 -1.440025664280151
1288 -1.440095949016871
1289 -1.44016660301472
1290 -1.440237616217003
1291 -1.440308977661829
1292 -1.440380675576227
1293 -1.440452697373815
1294 -1.440525029659217
1295 -1.440597658229557
1296 -1.440670568098035
1297 -1.440743743514458
1298 -1.440817168038361
1299 -1.440890824538746
1300 -1.44096469532347
1301 -1.441038762177435
1302 -1.441113006532079
1303 -1.441187409341624
1304 -1.441261951092936
1305 -1.441336611906747
1306 -1.441411371495089
1307 -1.44148620921244
1308 -1.441561104082955
1309 -1.441636034794612
1310 -1.441710979753433
1311 -1.441785917121772
1312 -1.441860824896791
1313 -1.441935680949461
1314 -1.442010463086181
1315 -1.442085149105578
1316 -1.44215971683776
1317 -1.44223414414742
1318 -1.442308408984452
1319 -1.442382489452918
1320 -1.442456363670733
1321 -1.442530010017024
1322 -1.442603407077639
1323 -1.442676533590174
1324 -1.442749368556626
1325 -1.442821891184168
1326 -1.442894081044147
1327 -1.442965917973581
1328 -1.443037382272332
1329 -1.443108454537808
1330 -1.443179115866984
1331 -1.443249347839876
1332 -1.443319132538603
1333 -1.443388452556593
1334 -1.44345729104772
1335 -1.443525631769691
1336 -1.443593459101177
1337 -1.443660758026352
1338 -1.44372751425983
1339 -1.443793714237452
1340 -1.443859345090961
1341 -1.443924394411582
1342 -1.443988850985023
1343 -1.444052704332713
1344 -1.444115944714285
1345 -1.444178563122532
1346 -1.444240551335298
1347 -1.444301901902519
1348 -1.444362608169023
1349 -1.444422664291043
1350 -1.444482065251036
1351 -1.444540806876934
1352 -1.444598885897093
1353 -1.444656299898981
1354 -1.444713047314856
1355 -1.444769127409078
1356 -1.444824540268393
1357 -1.444879286806172
1358 -1.444933368765412
1359 -1.44498678867437
1360 -1.445039549832235
1361 -1.44509165636369
1362 -1.445143113202796
1363 -1.445193925982313
1364 -1.44524410104614
1365 -1.445293645436355
1366 -1.445342566912446
1367 -1.445390873980019
1368 -1.445438575814391
1369 -1.44548568228624
1370 -1.445532203932062
1371 -1.445578151941116
1372 -1.445623538155673
1373 -1.445668375237698
1374 -1.445712676268839
1375 -1.445756454995951
1376 -1.445799725735951
1377 -1.44584250340948
1378 -1.445884803461024
1379 -1.445926641851993
1380 -1.445968035009337
1381 -1.44600899977676
1382 -1.446049553417411
1383 -1.446089713520986
1384 -1.44612949798346
1385 -1.446168925011125
1386 -1.446208013065529
1387 -1.446246780783416
1388 -1.446285246974336
1389 -1.446323430578667
1390 -1.446361350668564
1391 -1.446399026456122
1392 -1.446436477284155
1393 -1.446473722568404
1394 -1.446510781865776
1395 -1.44654767472421
1396 -1.446584420755872
1397 -1.446621039636706
1398 -1.446657550823635
1399 -1.44669397373968
1400 -1.446730327725496
1401 -1.446766632048169
1402 -1.446802905759246
1403 -1.446839167739714
1404 -1.446875436609885
1405 -1.446911730717088
1406 -1.446948068154424
1407 -1.446984466715112
1408 -1.447020943815418
1409 -1.447057516556907
1410 -1.44709420162583
1411 -1.447131015343134
1412 -1.447167973623219
1413 -1.447205091873907
1414 -1.447242385034406
1415 -1.447279867530583
1416 -1.447317553239482
1417 -1.447355455518474
1418 -1.447393587153103
1419 -1.44743196032624
1420 -1.447470586617021
1421 -1.4475094769536
1422 -1.447548641649543
1423 -1.447588090281458
1424 -1.447627831715168
1425 -1.447667874093897
1426 -1.447708224809337
1427 -1.44774889049309
1428 -1.44778987701997
1429 -1.447831189511376
1430 -1.44787283233897
1431 -1.447914809140214
1432 -1.447957122881168
1433 -1.447999775746929
1434 -1.448042769239156
1435 -1.448086104212815
1436 -1.448129780855433
1437 -1.448173798632246
1438 -1.448218156317914
1439 -1.448262852005143
1440 -1.448307883117444
1441 -1.448353246418763
1442 -1.448398938024992
1443 -1.448444953457748
1444 -1.448491287582428
1445 -1.44853793466206
1446 -1.448584888363092
1447 -1.448632141770173
1448 -1.448679687395952
1449 -1.448727517173733
1450 -1.448775622473434
1451 -1.448823994105205
1452 -1.448872622337499
1453 -1.448921496913242
1454 -1.448970607067161
1455 -1.449019941548378
1456 -1.449069488637147
1457 -1.44911923617547
1458 -1.449169171558835
1459 -1.449219281798048
1460 -1.449269553530636
1461 -1.449319973058926
1462 -1.449370526355968
1463 -1.449421199123745
1464 -1.449471976808733
1465 -1.449522844628997
1466 -1.449573787605444
1467 -1.44962479057798
1468 -1.449675838253956
1469 -1.449726915241049
1470 -1.44977800604218
1471 -1.449829095104751
1472 -1.449880166838747
1473 -1.449931205641404
1474 -1.449982195944711
1475 -1.450033122199414
1476 -1.450083968908702
1477 -1.450134720647289
1478 -1.450185362043479
1479 -1.450235877809018
1480 -1.450286252761167
1481 -1.450336471874952
1482 -1.450386520321879
1483 -1.450436383422353
1484 -1.450486046786257
1485 -1.450535496328633
1486 -1.450584718233418
1487 -1.450633699029527
1488 -1.450682425590958
1489 -1.450730885152134
1490 -1.450779065356488
1491 -1.450826954213278
1492 -1.450874540141018
1493 -1.450921811982716
1494 -1.450968759024763
1495 -1.451015370899785
1496 -1.451061637662654
1497 -1.451107549754372
1498 -1.451153098014756
1499 -1.451198273692293
1500 -1.451243068470623
1501 -1.451287474487933
1502 -1.451331484365533
1503 -1.451375091207688
1504 -1.451418288653816
1505 -1.451461070870856
1506 -1.451503432569116
1507 -1.451545368993999
1508 -1.451586875955535
1509 -1.451627949818673
1510 -1.451668587546638
1511 -1.451708786698068
1512 -1.451748545438045
1513 -1.451787862513862
1514 -1.451826737256749
1515 -1.451865169582606
1516 -1.451903159974707
1517 -1.451940709472772
1518 -1.451977819652596
1519 -1.452014492662069
1520 -1.452050731170493
1521 -1.452086538369008
1522 -1.452121917962012
1523 -1.452156874180358
1524 -1.452191411760979
1525 -1.452225535941244
1526 -1.45225925246008
1527 -1.452292567543482
1528 -1.452325487889029
1529 -1.452358020669948
1530 -1.452390173512893
1531 -1.452421954521737
1532 -1.452453372146777
1533 -1.45248443521899
1534 -1.452515152956321
1535 -1.452545534942636
1536 -1.452575591103497
1537 -1.452605331718604
1538 -1.452634767400127
1539 -1.452663909074888
1540 -1.452692767952797
1541 -1.452721355519063
1542 -1.452749683502185
1543 -1.452777763838751
1544 -1.452805608671165
1545 -1.452833230329106
1546 -1.452860641293653
1547 -1.452887854196422
1548 -1.452914881760369
1549 -1.452941736820425
1550 -1.45296843229626
1551 -1.452994981174577
1552 -1.453021396476611
1553 -1.453047691243573
1554 -1.453073878520153
1555 -1.453099971292177
1556 -1.453125982537644
1557 -1.453151925151397
1558 -1.453177811959155
1559 -1.453203655680157
1560 -1.453229468916855
1561 -1.45325526413629
1562 -1.453281053636205
1563 -1.453306849527163
1564 -1.453332663726068
1565 -1.453358507964402
1566 -1.453384393715628
1567 -1.453410332228106
1568 -1.45343633449915
1569 -1.453462411249512
1570 -1.453488572933554
1571 -1.453514829705203
1572 -1.453541191397013
1573 -1.453567667514436
1574 -1.453594267208334
1575 -1.453620999264166
1576 -1.453647872123009
1577 -1.453674893839932
1578 -1.453702072070814
1579 -1.453729414086434
1580 -1.453756926755362
1581 -1.453784616533544
1582 -1.453812489453929
1583 -1.453840551119445
1584 -1.453868806685428
1585 -1.453897260831023
1586 -1.453925917784664
1587 -1.453954781318866
1588 -1.453983854755961
1589 -1.454013140969973
1590 -1.45404264239188
1591 -1.454072361003107
1592 -1.454102298324073
1593 -1.45413245541824
1594 -1.454162832894816
1595 -1.454193430901608
1596 -1.454224249126967
1597 -1.454255286784922
1598 -1.454286542622906
1599 -1.454318014932914
1600 -1.454349701557256
1601 -1.454381599895728
1602 -1.454413706912382
1603 -1.454446019152714
1604 -1.454478532753692
1605 -1.454511243426492
1606 -1.454544146495352
1607 -1.454577236963403
1608 -1.454610509465587
1609 -1.454643958286986
1610 -1.454677577379686
1611 -1.454711360375613
1612 -1.454745300603304
1613 -1.454779391083865
1614 -1.454813624557219
1615 -1.454847993485989
1616 -1.454882490062689
1617 -1.454917106237334
1618 -1.454951833715376
1619 -1.454986663973931
1620 -1.455021588276606
1621 -1.455056597692851
1622 -1.455091683104528
1623 -1.455126835230348
1624 -1.455162044642672
1625 -1.455197301787027
1626 -1.455232597004194
1627 -1.455267920524454
1628 -1.455303262506741
1629 -1.45533861304657
1630 -1.455373962198551
1631 -1.455409299992329
1632 -1.455444616461898
1633 -1.455479901675376
1634 -1.455515145699092
1635 -1.455550338627733
1636 -1.455585470577453
1637 -1.455620531729801
1638 -1.455655512347363
1639 -1.455690402775162
1640 -1.455725193476782
1641 -1.45575987505251
1642 -1.45579443822265
1643 -1.455828873878698
1644 -1.455863173079855
1645 -1.455897327069264
1646 -1.455931327276994
1647 -1.455965165328146
1648 -1.455998833073884
1649 -1.456032322579315
1650 -1.456065626158902
1651 -1.456098736365039
1652 -1.456131646028987
1653 -1.456164348242185
1654 -1.456196836379009
1655 -1.456229104092047
1656 -1.456261145331255
1657 -1.456292954382097
1658 -1.456324525829076
1659 -1.45635585456796
1660 -1.456386935811951
1661 -1.456417765095943
1662 -1.456448338299967
1663 -1.456478651648159
1664 -1.456508701703536
1665 -1.456538485367013
1666 -1.456567999873997
1667 -1.456597242788598
1668 -1.456626212034935
1669 -1.456654905890055
1670 -1.456683322989396
1671 -1.456711462328852
1672 -1.456739323265951
1673 -1.456766905519961
1674 -1.456794209170166
1675 -1.456821234654976
1676 -1.4568479827711
1677 -1.456874454663835
1678 -1.456900651821946
1679 -1.45692657607261
1680 -1.45695222957305
1681 -1.456977614798549
1682 -1.457002734538166
1683 -1.457027591880301
1684 -1.457052190219181
1685 -1.457076533248965
1686 -1.457100624949998
1687 -1.457124469583587
1688 -1.457148071680614
1689 -1.457171436042878
1690 -1.457194567731549
1691 -1.457217472050895
1692 -1.45724015454979
1693 -1.457262621010706
1694 -1.45728487743961
1695 -1.457306930055914
1696 -1.457328785284047
1697 -1.4573504497308
1698 -1.457371930178966
1699 -1.457393233587627
1700 -1.457414367073122
1701 -1.457435337897868
1702 -1.457456153461412
1703 -1.457476821295399
1704 -1.457497349026505
1705 -1.457517744394807
1706 -1.457538015209526
1707 -1.457558169363887
1708 -1.457578214813134
1709 -1.457598159547528
1710 -1.457618011598245
1711 -1.45763777900901
1712 -1.457657469831275
1713 -1.45767709209412
1714 -1.457696653780652
1715 -1.457716162908375
1716 -1.457735627452786
1717 -1.457755055320871
1718 -1.457774454359565
1719 -1.457793832338038
1720 -1.457813196946142
1721 -1.457832555755796
1722 -1.457851916245045
1723 -1.45787128575606
1724 -1.457890671508919
1725 -1.457910080584918
1726 -1.457929519906985
1727 -1.457948996257266
1728 -1.457968516237337
1729 -1.45798808624749
1730 -1.458007712509591
1731 -1.45802740104536
1732 -1.458047157653193
1733 -1.458066987908331
1734 -1.458086897156965
1735 -1.458106890524502
1736 -1.458126972896423
1737 -1.458147148911646
1738 -1.45816742298089
1739 -1.458187799262838
1740 -1.458208281663815
1741 -1.458228873834629
1742 -1.458249579156527
1743 -1.458270400626205
1744 -1.458291341147006
1745 -1.458312403432704
1746 -1.458333589782485
1747 -1.458354902231443
1748 -1.458376342537974
1749 -1.458397912179708
1750 -1.458419612351589
1751 -1.458441443964636
1752 -1.458463407646653
1753 -1.458485503747876
1754 -1.458507732345218
1755 -1.458530093241699
1756 -1.458552585968464
1757 -1.45857520978732
1758 -1.458597963700509
1759 -1.458620846443587
1760 -1.458643856499136
1761 -1.458666992100687
1762 -1.45869025123863
1763 -1.458713631664658
1764 -1.458737130896369
1765 -1.458760746220383
1766 -1.458784474702219
1767 -1.45880831318941
1768 -1.458832258318727
1769 -1.458856306517063
1770 -1.458880454011604
1771 -1.458904696836555
1772 -1.458929030840415
1773 -1.458953451693558
1774 -1.458977954896599
1775 -1.459002535789153
1776 -1.459027189556361
1777 -1.459051911201696
1778 -1.459076695652178
1779 -1.459101537690358
1780 -1.459126431969876
1781 -1.459151373036878
1782 -1.459176355336775
1783 -1.459201373224573
1784 -1.459226420975366
1785 -1.459251492795089
1786 -1.459276582831421
1787 -1.459301685183606
1788 -1.459326793914046
1789 -1.459351903061906
1790 -1.45937700664173
1791 -1.459402098672699
1792 -1.459427173174005
1793 -1.459452224172013
1794 -1.459477245711143
1795 -1.459502231865355
1796 -1.459527176748947
1797 -1.459552074526905
1798 -1.459576919428072
1799 -1.459601705742573
1800 -1.459626427843701
1801 -1.459651080209319
1802 -1.459675657425838
1803 -1.459700154154901
1804 -1.459724565162979
1805 -1.459748885323718
1806 -1.459773109630581
1807 -1.459797233206063
1808 -1.459821251311856
1809 -1.459845159347057
1810 -1.459868952864518
1811 -1.459892627567981
1812 -1.459916179331686
1813 -1.459939604200851
1814 -1.459962898387749
1815 -1.459986058274147
1816 -1.460009080418621
1817 -1.460031961562605
1818 -1.460054698637133
1819 -1.460077288773568
1820 -1.46009972929974
1821 -1.460122017741576
1822 -1.460144151835289
1823 -1.460166129525802
1824 -1.460187948967371
1825 -1.460209608533058
1826 -1.460231106810341
1827 -1.460252442609
1828 -1.460273614954853
1829 -1.460294623090527
1830 -1.460315466474989
1831 -1.460336144782321
1832 -1.460356657901569
1833 -1.460377005935295
1834 -1.460397189186136
1835 -1.460417208177629
1836 -1.460437063653043
1837 -1.460456756555627
1838 -1.460476288027712
1839 -1.460495659440914
1840 -1.460514872340057
1841 -1.46053392843314
1842 -1.460552829609163
1843 -1.460571577944196
1844 -1.460590175700204
1845 -1.460608625320037
1846 -1.460626929423153
1847 -1.460645090791668
1848 -1.460663112372223
1849 -1.460680997266556
1850 -1.460698748717101
1851 -1.460716370126017
1852 -1.46073386502741
1853 -1.460751237081951
1854 -1.460768490081001
1855 -1.460785627938092
1856 -1.46080265467774
1857 -1.46081957442905
1858 -1.460836391422587
1859 -1.460853109971778
1860 -1.460869734461444
1861 -1.460886269340559
1862 -1.460902719118646
1863 -1.460919088362209
1864 -1.460935381691007
1865 -1.460951603772677
1866 -1.460967759319417
1867 -1.460983853072982
1868 -1.460999889801148
1869 -1.461015874292177
1870 -1.46103181134545
1871 -1.461047705763062
1872 -1.461063562342451
1873 -1.461079385865064
1874 -1.461095181090416
1875 -1.461110952750942
1876 -1.461126705538242
1877 -1.461142444093182
1878 -1.461158173006727
1879 -1.461173896814009
1880 -1.461189619977637
1881 -1.461205346891045
1882 -1.461221081869214
1883 -1.46123682914142
1884 -1.46125259284589
1885 -1.461268377021488
1886 -1.461284185602229
1887 -1.461300022410743
1888 -1.461315891153039
1889 -1.461331795413776
1890 -1.461347738652317
1891 -1.461363724199718
1892 -1.461379755250256
1893 -1.461395834860434
1894 -1.461411965952422
1895 -1.461428151304474
1896 -1.461444393548
1897 -1.461460695161132
1898 -1.461477058463275
1899 -1.461493485607893
1900 -1.461509978586752
1901 -1.461526539225161
1902 -1.461543169175986
1903 -1.461559869923052
1904 -1.461576642779486
1905 -1.461593488889431
1906 -1.461610409236947
1907 -1.461627404634128
1908 -1.46164447573187
1909 -1.461661623015291
1910 -1.461678846804114
1911 -1.461696147252709
1912 -1.46171352435009
1913 -1.461730977920123
1914 -1.461748507622062
1915 -1.461766112951648
1916 -1.461783793241847
1917 -1.461801547667489
1918 -1.461819375245869
1919 -1.461837274838818
1920 -1.461855245155604
1921 -1.46187328475677
1922 -1.461891392057736
1923 -1.461909565333542
1924 -1.461927802721926
1925 -1.461946102227755
1926 -1.461964461725125
1927 -1.461982878963281
1928 -1.46200135157036
1929 -1.462019877057608
1930 -1.462038452823901
1931 -1.462057076159788
1932 -1.462075744253218
1933 -1.462094454194576
1934 -1.462113202981593
1935 -1.462131987524472
1936 -1.462150804651265
1937 -1.462169651164429
1938 -1.462188523711973
1939 -1.46220741890464
1940 -1.462226333291581
1941 -1.462245263373837
1942 -1.462264205607963
1943 -1.462283156412481
1944 -1.462302112173581
1945 -1.462321069251155
1946 -1.462340023984853
1947 -1.462358972699821
1948 -1.462377911712384
1949 -1.462396837336056
1950 -1.462415745893743
1951 -1.462434633715869
1952 -1.462453497143088
1953 -1.462472332531656
1954 -1.462491136260047
1955 -1.462509904735543
1956 -1.462528634408631
1957 -1.462547321763573
1958 -1.462565963328566
1959 -1.46258455567536
1960 -1.462603095431818
1961 -1.462621579285432
1962 -1.462640003992809
1963 -1.462658366382872
1964 -1.46267666334947
1965 -1.462694891868805
1966 -1.462713049001402
1967 -1.462731131898785
1968 -1.462749137807759
1969 -1.462767064075117
1970 -1.462784908151156
1971 -1.462802667595823
1972 -1.462820340077536
1973 -1.462837923385899
1974 -1.462855415416856
1975 -1.462872814201082
1976 -1.462890117887336
1977 -1.462907324746973
1978 -1.462924433175855
1979 -1.462941441697622
1980 -1.462958348961027
1981 -1.462975153744047
1982 -1.462991854954833
1983 -1.46300845163178
1984 -1.46302494294601
1985 -1.463041328200166
1986 -1.463057606829387
1987 -1.463073778400141
1988 -1.463089842611124
1989 -1.46310579929317
1990 -1.463121648406115
1991 -1.463137390047406
1992 -1.463153024441646
1993 -1.463168551943351
1994 -1.463183973034162
1995 -1.463199288323664
1996 -1.463214498559111
1997 -1.463229604606959
1998 -1.46324460744988
1999 -1.463259508195435
2000 -1.463274308066952
2001 -1.463289008407314
2002 -1.463303610677217
2003 -1.463318116452644
2004 -1.463332527421609
2005 -1.46334684538084
2006 -1.463361072231322
2007 -1.463375209973567
2008 -1.463389260702731
2009 -1.463403226604042
2010 -1.463417109948091
2011 -1.463430913086239
2012 -1.463444638446127
2013 -1.463458288527109
2014 -1.463471865897171
2015 -1.463485373184408
2016 -1.463498813078661
2017 -1.463512188316647
2018 -1.463525501686288
2019 -1.463538756021625
2020 -1.463551954198119
2021 -1.463565099128329
2022 -1.46357819375748
2023 -1.46359124105871
2024 -1.463604244029073
2025 -1.463617205685237
2026 -1.463630129059607
2027 -1.463643017194688
2028 -1.463655873139475
2029 -1.463668699944842
2030 -1.463681500658891
2031 -1.463694278322152
2032 -1.463707035964812
2033 -1.463719776600201
2034 -1.463732503213548
2035 -1.463745218768379
2036 -1.463757926197332
2037 -1.463770628398202
2038 -1.463783328230099
2039 -1.463796028508644
2040 -1.46380873200231
2041 -1.463821441427893
2042 -1.463834159445986
2043 -1.463846888656653
2044 -1.463859631595326
2045 -1.463872390728957
2046 -1.4638851684525
2047 -1.46389796708616
2048 -1.463910788871149
2049 -1.463923635967421
2050 -1.463936510451631
2051 -1.463949414314498
2052 -1.463962349459242
2053 -1.463975317700083
2054 -1.463988320760123
2055 -1.464001360269756
2056 -1.46401443776634
2057 -1.4640275546907
2058 -1.464040712383393
2059 -1.464053912087031
2060 -1.464067154939226
2061 -1.464080441973103
2062 -1.46409377411584
2063 -1.464107152187649
2064 -1.464120576915434
2065 -1.464134048903295
2066 -1.464147568646877
2067 -1.464161136531434
2068 -1.464174752831826
2069 -1.464188417711517
2070 -1.464202131220038
2071 -1.464215893296642
2072 -1.464229703766321
2073 -1.464243562348163
2074 -1.46425746865473
2075 -1.464271422196421
2076 -1.464285422385257
2077 -1.464299468537326
2078 -1.464313559875236
2079 -1.464327695529959
2080 -1.464341874542193
2081 -1.464356095863389
2082 -1.464370358356974
2083 -1.464384660799551
2084 -1.464399001882389
2085 -1.464413380210987
2086 -1.464427794313714
2087 -1.464442242640109
2088 -1.464456723565246
2089 -1.464471235389105
2090 -1.464485776337466
2091 -1.464500344565955
2092 -1.464514938164791
2093 -1.464529555163215
2094 -1.464544193533693
2095 -1.464558851195817
2096 -1.464573526020068
2097 -1.464588215831579
2098 -1.464602918413936
2099 -1.464617631513058
2100 -1.464632352841119
2101 -1.464647080080428
2102 -1.464661810887384
2103 -1.464676542896111
2104 -1.464691273721978
2105 -1.464706000965003
2106 -1.464720722213258
2107 -1.464735435046344
2108 -1.464750137038999
2109 -1.464764825764826
2110 -1.464779498800201
2111 -1.46479415372794
2112 -1.464808788141319
2113 -1.464823399647866
2114 -1.464837985873175
2115 -1.464852544464569
2116 -1.46486707309435
2117 -1.464881569463114
2118 -1.464896031303509
2119 -1.464910456377095
2120 -1.464924842481474
2121 -1.464939187450543
2122 -1.464953489156738
2123 -1.464967745513587
2124 -1.464981954478873
2125 -1.464996114060745
2126 -1.465010222314368
2127 -1.465024277355351
2128 -1.465038277360958
2129 -1.465052220575732
2130 -1.46506610531554
2131 -1.465079929972164
2132 -1.465093693016382
2133 -1.465107392997924
2134 -1.465121028552095
2135 -1.465134598395697
2136 -1.465148101323098
2137 -1.465161536212904
2138 -1.465174902021476
2139 -1.46518819778623
2140 -1.465201422624717
2141 -1.465214575735824
2142 -1.465227656397975
2143 -1.465240663978157
2144 -1.465253597924447
2145 -1.465266457770646
2146 -1.465279243135671
2147 -1.465291953727268
2148 -1.46530458933731
2149 -1.465317149842212
2150 -1.465329635201968
2151 -1.465342045458625
2152 -1.465354380735881
2153 -1.465366641239243
2154 -1.465378827256253
2155 -1.465390939157503
2156 -1.465402977397344
2157 -1.465414942514347
2158 -1.465426835131287
2159 -1.465438655954484
2160 -1.465450405772265
2161 -1.465462085452592
2162 -1.465473695939971
2163 -1.465485238251667
2164 -1.465496713474127
2165 -1.46550812275928
2166 -1.465519467322084
2167 -1.465530748437622
2168 -1.465541967439108
2169 -1.465553125716316
2170 -1.465564224714405
2171 -1.465575265932942
2172 -1.465586250925186
2173 -1.46559718129664
2174 -1.465608058703232
2175 -1.465618884848838
2176 -1.465629661482429
2177 -1.46564039039462
2178 -1.465651073413755
2179 -1.465661712401895
2180 -1.465672309250323
2181 -1.465682865874702
2182 -1.465693384211752
2183 -1.465703866191813
2184 -1.465714313773646
2185 -1.465724728935782
2186 -1.465735113658989
2187 -1.465745469937065
2188 -1.465755799777884
2189 -1.465766105201312
2190 -1.465776388235442
2191 -1.465786650909387
2192 -1.465796895248941
2193 -1.46580712326833
2194 -1.465817336971048
2195 -1.465827538340056
2196 -1.46583772934106
2197 -1.465847911914478
2198 -1.465858087974544
2199 -1.46586825940593
2200 -1.465878428060988
2201 -1.465888595757223
2202 -1.465898764275064
2203 -1.465908935356016
2204 -1.465919110720537
2205 -1.465929292014963
2206 -1.465939480850905
2207 -1.465949678796183
2208 -1.465959887373737
2209 -1.465970108060316
2210 -1.465980342284372
2211 -1.465990591424267
2212 -1.4660008568061
2213 -1.466011139701537
2214 -1.466021441325653
2215 -1.466031762834891
2216 -1.46604210532516
2217 -1.466052469829755
2218 -1.466062857314195
2219 -1.466073268682719
2220 -1.46608370477178
2221 -1.466094166352181
2222 -1.466104654100056
2223 -1.466115168665223
2224 -1.4661257106146
2225 -1.46613628044411
2226 -1.466146878577923
2227 -1.466157505368152
2228 -1.466168161094689
2229 -1.46617884596633
2230 -1.466189560122092
2231 -1.466200303632769
2232 -1.466211076502538
2233 -1.466221878669879
2234 -1.466232710010589
2235 -1.466243570335604
2236 -1.466254459398277
2237 -1.466265376889033
2238 -1.466276322435986
2239 -1.466287295605602
2240 -1.466298295903416
2241 -1.466309322774681
2242 -1.466320375605583
2243 -1.466331453723548
2244 -1.466342556398482
2245 -1.466353682843779
2246 -1.466364832217709
2247 -1.466376003625116
2248 -1.466387196119233
2249 -1.466398408703651
2250 -1.466409640334186
2251 -1.466420889920996
2252 -1.466432156330743
2253 -1.466443438388884
2254 -1.466454734882065
2255 -1.466466044560656
2256 -1.466477366141384
2257 -1.466488698310056
2258 -1.466500039724297
2259 -1.466511389016252
2260 -1.466522744795207
2261 -1.466534105650018
2262 -1.466545470151379
2263 -1.466556836853951
2264 -1.466568204297517
2265 -1.466579571010013
2266 -1.466590935509482
2267 -1.466602296305855
2268 -1.466613651902665
2269 -1.466625000798893
2270 -1.466636341491015
2271 -1.466647672474533
2272 -1.466658992246296
2273 -1.466670299306684
2274 -1.466681592161458
2275 -1.466692869323662
2276 -1.466704129315827
2277 -1.466715370673713
2278 -1.466726591945659
2279 -1.466737791699614
2280 -1.466748968522742
2281 -1.466760121023521
2282 -1.466771247834399
2283 -1.466782347614295
2284 -1.466793419050781
2285 -1.466804460862029
2286 -1.466815471800098
2287 -1.466826450648224
2288 -1.466837396227815
2289 -1.466848307398761
2290 -1.466859183060639
2291 -1.466870022154632
2292 -1.466880823664291
2293 -1.466891586619298
2294 -1.466902310093926
2295 -1.466912993208975
2296 -1.466923635132034
2297 -1.46693423507815
2298 -1.466944792310185
2299 -1.466955306139156
2300 -1.466965775925453
2301 -1.466976201076936
2302 -1.466986581051815
2303 -1.466996915358456
2304 -1.467007203555872
2305 -1.467017445254057
2306 -1.467027640113306
2307 -1.467037787846146
2308 -1.467047888216808
2309 -1.467057941041481
2310 -1.467067946188213
2311 -1.467077903576601
2312 -1.467087813178334
2313 -1.467097675016492
2314 -1.467107489165431
2315 -1.467117255750443
2316 -1.467126974947349
2317 -1.467136646982076
2318 -1.467146272130167
2319 -1.467155850716325
2320 -1.46716538311371
2321 -1.467174869743274
2322 -1.467184311073067
2323 -1.467193707617199
2324 -1.467203059934877
2325 -1.467212368629397
2326 -1.467221634347004
2327 -1.467230857775631
2328 -1.467240039643434
2329 -1.467249180717325
2330 -1.467258281801406
2331 -1.46726734373536
2332 -1.467276367392774
2333 -1.46728535367944
2334 -1.467294303531646
2335 -1.467303217914464
2336 -1.467312097820078
2337 -1.467320944266111
2338 -1.467329758293973
2339 -1.467338540967246
2340 -1.46734729337005
2341 -1.467356016605402
2342 -1.467364711793497
2343 -1.467373380070221
2344 -1.467382022584929
2345 -1.467390640498808
2346 -1.467399234982878
2347 -1.467407807215985
2348 -1.467416358382809
2349 -1.467424889671938
2350 -1.467433402274027
2351 -1.467441897380062
2352 -1.467450376180346
2353 -1.467458839860877
2354 -1.46746728960425
2355 -1.467475726587578
2356 -1.467484151980809
2357 -1.467492566945075
2358 -1.467500972631065
2359 -1.467509370178311
2360 -1.467517760710474
2361 -1.467526145337104
2362 -1.467534525150484
2363 -1.467542901232599
2364 -1.467551274632624
2365 -1.467559646379792
2366 -1.467568017480387
2367 -1.467576388914263
2368 -1.467584761636046
2369 -1.46759313657299
2370 -1.467601514623405
2371 -1.467609896655505
2372 -1.467618283506129
2373 -1.467626675979664
2374 -1.467635074847107
2375 -1.467643480845226
2376 -1.467651894675808
2377 -1.467660317005065
2378 -1.467668748463109
2379 -1.46767718964403
2380 -1.46768564110406
2381 -1.46769410336297
2382 -1.467702576902979
2383 -1.467711062168619
2384 -1.467719559566563
2385 -1.467728069465514
2386 -1.467736592196135
2387 -1.467745128050832
2388 -1.467753677283934
2389 -1.467762240111263
2390 -1.467770816709818
2391 -1.467779407217408
2392 -1.467788011732186
2393 -1.467796630312205
2394 -1.467805262974972
2395 -1.467813909697065
2396 -1.46782257041381
2397 -1.467831245019075
2398 -1.467839933365269
2399 -1.467848635263437
2400 -1.467857350483599
2401 -1.467866078755264
2402 -1.467874819768144
2403 -1.467883573173159
2404 -1.467892338583509
2405 -1.467901115576122
2406 -1.467909903693256
2407 -1.467918702444318
2408 -1.467927511307809
2409 -1.467936329733302
2410 -1.467945157143386
2411 -1.467953992935473
2412 -1.467962836483435
2413 -1.467971687139101
2414 -1.467980544233608
2415 -1.467989407078666
2416 -1.467998274967723
2417 -1.468007147177079
2418 -1.468016022966927
2419 -1.468024901581485
2420 -1.46803378224781
2421 -1.468042664175029
2422 -1.468051546555222
2423 -1.468060428565675
2424 -1.468069309371856
2425 -1.468078188130444
2426 -1.468087063992021
2427 -1.468095936103667
2428 -1.468104803609414
2429 -1.468113665652454
2430 -1.468122521375912
2431 -1.468131369926086
2432 -1.468140210448975
2433 -1.468149042091123
2434 -1.468157864000075
2435 -1.468166675325046
2436 -1.468175475217776
2437 -1.468184262833582
2438 -1.468193037332505
2439 -1.468201797880591
2440 -1.468210543651236
2441 -1.46821927382747
2442 -1.468227987600703
2443 -1.468236684175383
2444 -1.468245362769282
2445 -1.46825402261464
2446 -1.468262662959626
2447 -1.468271283069479
2448 -1.468279882227655
2449 -1.468288459736855
2450 -1.468297014920066
2451 -1.468305547121479
2452 -1.468314055709493
2453 -1.468322540073033
2454 -1.468330999624838
2455 -1.468339433802481
2456 -1.468347842069088
2457 -1.468356223913914
2458 -1.468364578853106
2459 -1.468372906431269
2460 -1.468381206220681
2461 -1.468389477822693
2462 -1.468397720868043
2463 -1.468405935017326
2464 -1.468414119961536
2465 -1.468422275422659
2466 -1.468430401153899
2467 -1.468438496939937
2468 -1.468446562597145
2469 -1.468454597973712
2470 -1.468462602949756
2471 -1.468470577437363
2472 -1.468478521380601
2473 -1.468486434755492
2474 -1.468494317569915
2475 -1.468502169863468
2476 -1.468509991707726
2477 -1.468517783205526
2478 -1.468525544491398
2479 -1.468533275731079
2480 -1.468540977121249
2481 -1.468548648888184
2482 -1.468556291287005
2483 -1.468563904600611
2484 -1.468571489138291
2485 -1.468579045234317
2486 -1.468586573246537
2487 -1.468594073555125
2488 -1.468601546561622
2489 -1.468608992688126
2490 -1.468616412376786
2491 -1.468623806089441
2492 -1.468631174307368
2493 -1.468638517530988
2494 -1.468645836279528
2495 -1.468653131090522
2496 -1.468660402519236
2497 -1.468667651137903
2498 -1.46867487753478
2499 -1.468682082312986
2500 -1.468689266089338
2501 -1.468696429493187
2502 -1.468703573165287
2503 -1.468710697756693
2504 -1.46871780392774
2505 -1.468724892346797
2506 -1.468731963689725
2507 -1.468739018638687
2508 -1.468746057881897
2509 -1.468753082112998
2510 -1.468760092029864
2511 -1.468767088333465
2512 -1.468774071726526
2513 -1.468781042912075
2514 -1.468788002591995
2515 -1.468794951465692
2516 -1.468801890228934
2517 -1.468808819572882
2518 -1.46881574018455
2519 -1.468822652743635
2520 -1.4688295579244
2521 -1.468836456394619
2522 -1.468843348814804
2523 -1.468850235837143
2524 -1.468857118104229
2525 -1.468863996248788
2526 -1.468870870892883
2527 -1.468877742646587
2528 -1.468884612106338
2529 -1.468891479853276
2530 -1.468898346451841
2531 -1.468905212448768
2532 -1.468912078372564
2533 -1.468918944733664
2534 -1.468925812022527
2535 -1.468932680711387
2536 -1.468939551253055
2537 -1.4689464240806
2538 -1.468953299606911
2539 -1.468960178224153
2540 -1.468967060303343
2541 -1.468973946193734
2542 -1.468980836222291
2543 -1.468987730693212
2544 -1.468994629888348
2545 -1.469001534065248
2546 -1.469008443458477
2547 -1.469015358279439
2548 -1.469022278716357
2549 -1.469029204934053
2550 -1.469036137073555
2551 -1.469043075251595
2552 -1.469050019560166
2553 -1.469056970066177
2554 -1.469063926811348
2555 -1.469070889812319
2556 -1.469077859061028
2557 -1.469084834525197
2558 -1.469091816148951
2559 -1.469098803853462
2560 -1.469105797537582
2561 -1.469112797078445
2562 -1.469119802332101
2563 -1.469126813133815
2564 -1.469133829298553
2565 -1.469140850621333
2566 -1.469147876877587
2567 -1.469154907823489
2568 -1.469161943196331
2569 -1.469168982714922
2570 -1.469176026080026
2571 -1.469183072974871
2572 -1.469190123065701
2573 -1.469197176002399
2574 -1.469204231419171
2575 -1.469211288935296
2576 -1.46921834815595
2577 -1.469225408673076
2578 -1.469232470066322
2579 -1.469239531903983
2580 -1.469246593743999
2581 -1.469253655134901
2582 -1.469260715616757
2583 -1.469267774722056
2584 -1.469274831976506
2585 -1.469281886899742
2586 -1.469288939005974
2587 -1.469295987804919
2588 -1.469303032801241
2589 -1.469310073496275
2590 -1.469317109388326
2591 -1.469324139973271
2592 -1.469331164745542
2593 -1.46933818319898
2594 -1.469345194827591
2595 -1.469352199126233
2596 -1.469359195590976
2597 -1.469366183719505
2598 -1.469373163011568
2599 -1.46938013296946
2600 -1.469387093098676
2601 -1.469394042908724
2602 -1.469400981914044
2603 -1.469407909634999
2604 -1.46941482559883
2605 -1.469421729340576
2606 -1.469428620404083
2607 -1.469435498342955
2608 -1.469442362721355
2609 -1.469449213114685
2610 -1.469456049110152
2611 -1.469462870307125
2612 -1.469469676317657
2613 -1.469476466767351
2614 -1.46948324129469
2615 -1.469489999552651
2616 -1.469496741208952
2617 -1.46950346594637
2618 -1.469510173463334
2619 -1.469516863474402
2620 -1.46952353571077
2621 -1.46953018992068
2622 -1.469536825869865
2623 -1.469543443341938
2624 -1.46955004213874
2625 -1.469556622080538
2626 -1.469563183006279
2627 -1.469569724773709
2628 -1.469576247259444
2629 -1.469582750358994
2630 -1.469589233986824
2631 -1.469595698076077
2632 -1.469602142578625
2633 -1.469608567464953
2634 -1.469614972724055
2635 -1.469621358363308
2636 -1.469627724408308
2637 -1.469634070902665
2638 -1.469640397907765
2639 -1.469646705502533
2640 -1.469652993783182
2641 -1.46965926286299
2642 -1.469665512872268
2643 -1.469671743957929
2644 -1.46967795628365
2645 -1.469684150029714
2646 -1.469690325392718
2647 -1.469696482585116
2648 -1.469702621826003
2649 -1.46970874335102
2650 -1.469714847411252
2651 -1.469720934272726
2652 -1.469727004214883
2653 -1.469733057529192
2654 -1.469739094517873
2655 -1.469745115492586
2656 -1.469751120773181
2657 -1.469757110686546
2658 -1.469763085565601
2659 -1.469769045748529
2660 -1.469774991578336
2661 -1.469780923402795
2662 -1.469786841574757
2663 -1.469792746452786
2664 -1.469798638401933
2665 -1.469804517794392
2666 -1.469810385009931
2667 -1.469816240435983
2668 -1.469822084467191
2669 -1.469827917492191
2670 -1.469833739944738
2671 -1.469839552218871
2672 -1.469845354727716
2673 -1.469851147887218
2674 -1.469856932114724
2675 -1.469862707826687
2676 -1.469868475437366
2677 -1.469874235357542
2678 -1.469879987993834
2679 -1.469885733735613
2680 -1.469891473007532
2681 -1.469897206186674
2682 -1.469902933662159
2683 -1.469908655820575
2684 -1.469914373045881
2685 -1.469920085718031
2686 -1.469925794199116
2687 -1.469931498885108
2688 -1.469937200121564
2689 -1.469942898261448
2690 -1.469948593649874
2691 -1.469954286623301
2692 -1.46995997750802
2693 -1.469965666605689
2694 -1.469971354246542
2695 -1.469977040705107
2696 -1.469982726258471
2697 -1.469988411172292
2698 -1.469994095700919
2699 -1.469999780072911
2700 -1.470005464545338
2701 -1.470011149319043
2702 -1.470016834597036
2703 -1.470022520569988
2704 -1.470028207402517
2705 -1.470033895286984
2706 -1.470039584358388
2707 -1.470045274752531
2708 -1.470050966592525
2709 -1.470056659973727
2710 -1.470062355019848
2711 -1.470068051797364
2712 -1.470073750373918
2713 -1.470079450790231
2714 -1.470085153115839
2715 -1.470090857362375
2716 -1.47009656354196
2717 -1.470102271638295
2718 -1.470107981663473
2719 -1.470113693570753
2720 -1.470119407313266
2721 -1.470125122815704
2722 -1.470130840031107
2723 -1.470136558854022
2724 -1.470142279179881
2725 -1.470148000877363
2726 -1.470153723845984
2727 -1.470159447929429
2728 -1.470165172975222
2729 -1.470170898807099
2730 -1.470176625282562
2731 -1.470182352205703
2732 -1.470188079386563
2733 -1.470193806613076
2734 -1.470199533708244
2735 -1.470205260442504
2736 -1.470210986578982
2737 -1.470216711916063
2738 -1.470222436200991
2739 -1.470228159188349
2740 -1.470233880612339
2741 -1.470239600243596
2742 -1.470245317801826
2743 -1.47025103300122
2744 -1.470256745593016
2745 -1.470262455279533
2746 -1.470268161759102
2747 -1.47027386476873
2748 -1.470279563998078
2749 -1.470285259134395
2750 -1.470290949904775
2751 -1.470296635990295
2752 -1.470302317070948
2753 -1.470307992867662
2754 -1.470313663056641
2755 -1.470319327315017
2756 -1.470324985362545
2757 -1.470330636876407
2758 -1.470336281536826
2759 -1.470341919068676
2760 -1.470347549156895
2761 -1.470353171491832
2762 -1.470358785810338
2763 -1.470364391811494
2764 -1.470369989201381
2765 -1.470375577733207
2766 -1.470381157122922
2767 -1.470386727093357
2768 -1.470392287413509
2769 -1.470397837814267
2770 -1.470403378032486
2771 -1.470408907849937
2772 -1.470414426997382
2773 -1.470419935264402
2774 -1.470425432403511
2775 -1.470430918175886
2776 -1.470436392390107
2777 -1.470441854821223
2778 -1.470447305255598
2779 -1.470452743529775
2780 -1.470458169437278
2781 -1.470463582836571
2782 -1.470468983556687
2783 -1.470474371441753
2784 -1.470479746387278
2785 -1.470485108247477
2786 -1.47049045694058
2787 -1.470495792355031
2788 -1.470501114393163
2789 -1.470506423006588
2790 -1.47051171810495
2791 -1.470516999660133
2792 -1.470522267602367
2793 -1.470527521924747
2794 -1.470532762591043
2795 -1.470537989579374
2796 -1.470543202916552
2797 -1.470548402588069
2798 -1.470553588642128
2799 -1.470558761086081
2800 -1.470563919989037
2801 -1.47056906537972
2802 -1.470574197348338
2803 -1.470579315944636
2804 -1.470584421279052
2805 -1.470589513421116
2806 -1.470594592499991
2807 -1.470599658603388
2808 -1.470604711877694
2809 -1.470609752427475
2810 -1.470614780415231
2811 -1.470619795961415
2812 -1.47062479924376
2813 -1.470629790397756
2814 -1.470634769615414
2815 -1.470639737046169
2816 -1.470644692895264
2817 -1.470649637324971
2818 -1.470654570552653
2819 -1.470659492752406
2820 -1.470664404152845
2821 -1.470669304939229
2822 -1.470674195350973
2823 -1.470679075583783
2824 -1.470683945887963
2825 -1.470688806470604
2826 -1.470693657592697
2827 -1.470698499472121
2828 -1.470703332380073
2829 -1.470708156543936
2830 -1.470712972243009
2831 -1.470717779711512
2832 -1.470722579233608
2833 -1.470727371046522
2834 -1.470732155435833
2835 -1.470736932638756
2836 -1.470741702939629
2837 -1.470746466573621
2838 -1.470751223822367
2839 -1.470755974917998
2840 -1.470760720138792
2841 -1.470765459713363
2842 -1.470770193916206
2843 -1.470774922971864
2844 -1.470779647150313
2845 -1.470784366671021
2846 -1.470789081798162
2847 -1.470793792744561
2848 -1.470798499766842
2849 -1.470803203069234
2850 -1.470807902898748
2851 -1.470812599449119
2852 -1.470817292956048
2853 -1.470821983601288
2854 -1.470826671608049
2855 -1.470831357145213
2856 -1.470836040422972
2857 -1.470840721597056
2858 -1.4708454008645
2859 -1.470850078367804
2860 -1.470854754290764
2861 -1.470859428762506
2862 -1.470864101953777
2863 -1.470868773979671
2864 -1.470873444996229
2865 -1.470878115103976
2866 -1.470882784443813
2867 -1.470887453100606
2868 -1.470892121199215
2869 -1.470896788808061
2870 -1.470901456035341
2871 -1.470906122932573
2872 -1.470910789590948
2873 -1.47091545604479
2874 -1.470920122368037
2875 -1.47092478857756
2876 -1.470929454729748
2877 -1.470934120823733
2878 -1.470938786898069
2879 -1.470943452933903
2880 -1.470948118951793
2881 -1.470952784914886
2882 -1.470957450814272
2883 -1.470962116631032
2884 -1.470966782302094
2885 -1.470971447804458
2886 -1.470976113059645
2887 -1.470980778029874
2888 -1.470985442621425
2889 -1.470990106769686
2890 -1.470994770401166
2891 -1.47099943339902
2892 -1.471004095687322
2893 -1.471008757135521
2894 -1.471013417642808
2895 -1.471018077101482
2896 -1.471022735361576
2897 -1.47102739231681
2898 -1.4710320478081
2899 -1.471036701708461
2900 -1.471041353885373
2901 -1.471046004166114
2902 -1.471050652410116
2903 -1.471055298471861
2904 -1.471059942165694
2905 -1.471064583338274
2906 -1.471069221831519
2907 -1.471073857447846
2908 -1.471078490022716
2909 -1.471083119387888
2910 -1.471087745337042
2911 -1.471092367698232
2912 -1.471096986297167
2913 -1.471101600922986
2914 -1.471106211400527
2915 -1.471110817553548
2916 -1.471115419170573
2917 -1.471120016076673
2918 -1.471124608096521
2919 -1.471129195020305
2920 -1.471133776675053
2921 -1.471138352887604
2922 -1.471142923450615
2923 -1.471147488193589
2924 -1.471152046945947
2925 -1.471156599503516
2926 -1.471161145699566
2927 -1.471165685368358
2928 -1.47117021831231
2929 -1.471174744373006
2930 -1.471179263394957
2931 -1.471183775193013
2932 -1.471188279622772
2933 -1.471192776544108
2934 -1.471197265788398
2935 -1.471201747227967
2936 -1.471206220739404
2937 -1.471210686170779
2938 -1.471215143410615
2939 -1.47121959234054
2940 -1.471224032857224
2941 -1.471228464828839
2942 -1.471232888164249
2943 -1.471237302776154
2944 -1.471241708549424
2945 -1.471246105409122
2946 -1.471250493273978
2947 -1.47125487207818
2948 -1.471259241728879
2949 -1.471263602174472
2950 -1.471267953358011
2951 -1.471272295239027
2952 -1.471276627751271
2953 -1.471280950870224
2954 -1.471285264566562
2955 -1.471289568827552
2956 -1.471293863615005
2957 -1.47129814893197
2958 -1.471302424776426
2959 -1.471306691162458
2960 -1.47131094807863
2961 -1.471315195554102
2962 -1.471319433612736
2963 -1.47132366229414
2964 -1.471327881612534
2965 -1.471332091622262
2966 -1.471336292372262
2967 -1.471340483917164
2968 -1.47134466632686
2969 -1.47134883964678
2970 -1.471353003962027
2971 -1.471357159352536
2972 -1.471361305903843
2973 -1.471365443716547
2974 -1.471369572866518
2975 -1.471373693468108
2976 -1.471377805629253
2977 -1.471381909461744
2978 -1.471386005090264
2979 -1.471390092612781
2980 -1.47139417216319
2981 -1.471398243867071
2982 -1.471402307852218
2983 -1.471406364248558
2984 -1.471410413198322
2985 -1.471414454816823
2986 -1.471418489254815
2987 -1.471422516654878
2988 -1.471426537161876
2989 -1.471430550922677
2990 -1.471434558096071
2991 -1.471438558813355
2992 -1.471442553240085
2993 -1.471446541532454
2994 -1.471450523847411
2995 -1.471454500342186
2996 -1.471458471174561
2997 -1.471462436512203
2998 -1.471466396493532
2999 -1.471470351288865
3000 -1.471474301057282
3001 -1.471478245956598
3002 -1.471482186142959
3003 -1.471486121771191
3004 -1.47149005299477
3005 -1.471493979966024
3006 -1.471497902845703
3007 -1.471501821763865
3008 -1.471505736880649
3009 -1.471509648343529
3010 -1.471513556297435
3011 -1.471517460883345
3012 -1.471521362239163
3013 -1.471525260499565
3014 -1.471529155796202
3015 -1.471533048257773
3016 -1.471536938010119
3017 -1.47154082517618
3018 -1.471544709875841
3019 -1.471548592235346
3020 -1.471552472347606
3021 -1.471556350332634
3022 -1.471560226295145
3023 -1.471564100334185
3024 -1.471567972542762
3025 -1.471571843008383
3026 -1.471575711813308
3027 -1.47157957903508
3028 -1.471583444746909
3029 -1.47158730901803
3030 -1.471591171913855
3031 -1.471595033495963
3032 -1.471598893821927
3033 -1.471602752945023
3034 -1.471606610913886
3035 -1.471610467772128
3036 -1.471614323557999
3037 -1.471618178304088
3038 -1.47162203203709
3039 -1.471625884777654
3040 -1.471629736540311
3041 -1.471633587333516
3042 -1.471637437159762
3043 -1.471641286015761
3044 -1.471645133892653
3045 -1.471648980776235
3046 -1.471652826647121
3047 -1.471656671480858
3048 -1.471660515247973
3049 -1.471664357913979
3050 -1.471668199439361
3051 -1.47167203977955
3052 -1.471675878884947
3053 -1.471679716701014
3054 -1.471683553168444
3055 -1.47168738822341
3056 -1.471691221797876
3057 -1.471695053819957
3058 -1.471698884214297
3059 -1.471702712902421
3060 -1.471706539803082
3061 -1.471710364832515
3062 -1.471714187904656
3063 -1.471718008931373
3064 -1.471721827822378
3065 -1.471725644485417
3066 -1.471729458826288
3067 -1.47173327074884
3068 -1.471737080154974
3069 -1.471740886944636
3070 -1.4717446910158
3071 -1.471748492264463
3072 -1.471752290584679
3073 -1.471756085868597
3074 -1.471759878006561
3075 -1.471763666887261
3076 -1.471767452397925
3077 -1.471771234424561
3078 -1.471775012852245
3079 -1.471778787565417
3080 -1.471782558448205
3081 -1.471786325384735
3082 -1.471790088259431
3083 -1.471793846957291
3084 -1.471797601364141
3085 -1.47180135136685
3086 -1.471805096853533
3087 -1.471808837713692
3088 -1.471812573838357
3089 -1.471816305120189
3090 -1.471820031453572
3091 -1.47182375273468
3092 -1.471827468861559
3093 -1.471831179734197
3094 -1.471834885254607
3095 -1.471838585326896
3096 -1.471842279857373
3097 -1.471845968754607
3098 -1.471849651929488
3099 -1.47185332929524
3100 -1.471857000767567
3101 -1.471860666264815
3102 -1.47186432570831
3103 -1.471867979022683
3104 -1.471871626136239
3105 -1.471875266981253
3106 -1.471878901488345
3107 -1.47188252960067
3108 -1.471886151264171
3109 -1.471889766429154
3110 -1.471893375049998
3111 -1.471896977084938
3112 -1.471900572495903
3113 -1.471904161248388
3114 -1.471907743311362
3115 -1.47191131865728
3116 -1.471914887262147
3117 -1.47191844910566
3118 -1.471922004171357
3119 -1.471925552446774
3120 -1.471929093923568
3121 -1.471932628597592
3122 -1.471936156468915
3123 -1.471939677541865
3124 -1.471943191824891
3125 -1.471946699330582
3126 -1.47195020007563
3127 -1.471953694080786
3128 -1.471957181370841
3129 -1.471960661974561
3130 -1.471964135924634
3131 -1.471967603257564
3132 -1.471971064013534
3133 -1.471974518236265
3134 -1.471977965972844
3135 -1.471981407273562
3136 -1.471984842191775
3137 -1.471988270783781
3138 -1.471991693108725
3139 -1.471995109228557
3140 -1.471998519207981
3141 -1.472001923114453
3142 -1.472005321018144
3143 -1.472008712991933
3144 -1.472012099111335
3145 -1.472015479454438
3146 -1.4720188541018
3147 -1.472022223136339
3148 -1.472025586643201
3149 -1.472028944709606
3150 -1.472032297424682
3151 -1.472035644879288
3152 -1.472038987165821
3153 -1.472042324378033
3154 -1.472045656610842
3155 -1.472048983960147
3156 -1.472052306522659
3157 -1.472055624395724
3158 -1.472058937677157
3159 -1.472062246465028
3160 -1.472065550857508
3161 -1.472068850952799
3162 -1.472072146849061
3163 -1.472075438644339
3164 -1.472078726436485
3165 -1.472082010323107
3166 -1.47208529040122
3167 -1.472088566767211
3168 -1.472091839516651
3169 -1.472095108744147
3170 -1.472098374543207
3171 -1.472101637006175
3172 -1.472104896224153
3173 -1.472108152287113
3174 -1.472111405283554
3175 -1.472114655300656
3176 -1.472117902424217
3177 -1.472121146738611
3178 -1.472124388326679
3179 -1.472127627269536
3180 -1.472130863646416
3181 -1.472134097534475
3182 -1.472137329008575
3183 -1.472140558141072
3184 -1.472143785001633
3185 -1.472147009657081
3186 -1.472150232171295
3187 -1.472153452605168
3188 -1.472156671016601
3189 -1.472159887460562
3190 -1.472163101989134
3191 -1.472166314651622
3192 -1.472169525494617
3193 -1.472172734562083
3194 -1.472175941895418
3195 -1.472179147533497
3196 -1.472182351512655
3197 -1.472185553866672
3198 -1.472188754626675
3199 -1.472191953821159
3200 -1.47219515147627
3201 -1.472198347614967
3202 -1.472201542256546
3203 -1.472204735416438
3204 -1.472207927106203
3205 -1.472211117333571
3206 -1.472214306102469
3207 -1.472217493413014
3208 -1.47222067926151
3209 -1.472223863640493
3210 -1.472227046538787
3211 -1.472230227941594
3212 -1.472233407830603
3213 -1.472236586184107
3214 -1.472239762977104
3215 -1.472242938181415
3216 -1.472246111765772
3217 -1.472249283695909
3218 -1.472252453934658
3219 -1.472255622442031
3220 -1.472258789175332
3221 -1.472261954089251
3222 -1.472265117135979
3223 -1.472268278265315
3224 -1.472271437424756
3225 -1.47227459455958
3226 -1.472277749612902
3227 -1.472280902525701
3228 -1.472284053236804
3229 -1.472287201682841
3230 -1.472290347798202
3231 -1.472293491515013
3232 -1.472296632763173
3233 -1.472299771470427
3234 -1.472302907562567
3235 -1.472306040963632
3236 -1.472309171596266
3237 -1.472312299382063
3238 -1.472315424241983
3239 -1.472318546096741
3240 -1.472321664867159
3241 -1.472324780474497
3242 -1.47232789284069
3243 -1.472331001888526
3244 -1.472334107541744
3245 -1.472337209725084
3246 -1.472340308364264
3247 -1.472343403385945
3248 -1.472346494717691
3249 -1.472349582287925
3250 -1.472352666025921
3251 -1.472355745861825
3252 -1.472358821726754
3253 -1.472361893552874
3254 -1.472364961273553
3255 -1.472368024823515
3256 -1.47237108413896
3257 -1.472374139157668
3258 -1.472377189818998
3259 -1.472380236063801
3260 -1.472383277834029
3261 -1.472386315071891
3262 -1.472389347722875
3263 -1.472392375733612
3264 -1.472395399051788
3265 -1.472398417626075
3266 -1.472401431406309
3267 -1.472404440343782
3268 -1.472407444391332
3269 -1.472410443503175
3270 -1.472413437638308
3271 -1.47241642675876
3272 -1.472419410829603
3273 -1.472422389818787
3274 -1.472425363696702
3275 -1.47242833243553
3276 -1.472431296012181
3277 -1.472434254406296
3278 -1.472437207600171
3279 -1.472440155578291
3280 -1.472443098326859
3281 -1.472446035836801
3282 -1.472448968101948
3283 -1.472451895119081
3284 -1.47245481688755
3285 -1.472457733408807
3286 -1.472460644689296
3287 -1.472463550738448
3288 -1.472466451568244
3289 -1.472469347192472
3290 -1.472472237629395
3291 -1.472475122899673
3292 -1.472478003025785
3293 -1.472480878031313
3294 -1.472483747943657
3295 -1.472486612792141
3296 -1.472489472607622
3297 -1.472492327421981
3298 -1.472495177270989
3299 -1.472498022192554
3300 -1.472500862226412
3301 -1.472503697413619
3302 -1.472506527799328
3303 -1.472509353430625
3304 -1.472512174355926
3305 -1.472514990627476
3306 -1.472517802299345
3307 -1.472520609426796
3308 -1.472523412065517
3309 -1.472526210274169
3310 -1.47252900411216
3311 -1.472531793639006
3312 -1.472534578916856
3313 -1.47253736000834
3314 -1.47254013697592
3315 -1.472542909884452
3316 -1.472545678799374
3317 -1.472548443785467
3318 -1.472551204909183
3319 -1.472553962237151
3320 -1.472556715835298
3321 -1.472559465771162
3322 -1.472562212111572
3323 -1.47256495492172
3324 -1.472567694267595
3325 -1.472570430213801
3326 -1.472573162822903
3327 -1.472575892158026
3328 -1.47257861828109
3329 -1.472581341252401
3330 -1.472584061133484
3331 -1.472586777985546
3332 -1.472589491869033
3333 -1.472592202846469
3334 -1.472594910980639
3335 -1.47259761633387
3336 -1.472600318970376
3337 -1.472603018953709
3338 -1.472605716349165
3339 -1.472608411221321
3340 -1.472611103632878
3341 -1.472613793646904
3342 -1.472616481324527
3343 -1.472619166723845
3344 -1.472621849902104
3345 -1.472624530913187
3346 -1.47262720980969
3347 -1.472629886641948
3348 -1.472632561456577
3349 -1.47263523429924
3350 -1.472637905212418
3351 -1.472640574238408
3352 -1.472643241417511
3353 -1.4726459067873
3354 -1.472648570385179
3355 -1.47265123224586
3356 -1.47265389240378
3357 -1.472656550890304
3358 -1.472659207736005
3359 -1.472661862967749
3360 -1.472664516611157
3361 -1.472667168688305
3362 -1.472669819216619
3363 -1.47267246821128
3364 -1.472675115682637
3365 -1.472677761638787
3366 -1.472680406082963
3367 -1.472683049016176
3368 -1.472685690434632
3369 -1.472688330332821
3370 -1.472690968701004
3371 -1.472693605527613
3372 -1.472696240796726
3373 -1.472698874491067
3374 -1.472701506589927
3375 -1.472704137072202
3376 -1.472706765914111
3377 -1.472709393092256
3378 -1.472712018581271
3379 -1.472714642356702
3380 -1.472717264392523
3381 -1.47271988466389
3382 -1.472722503144562
3383 -1.472725119809576
3384 -1.472727734632586
3385 -1.472730347588465
3386 -1.472732958650586
3387 -1.472735567793358
3388 -1.472738174989484
3389 -1.472740780212457
3390 -1.472743383433795
3391 -1.472745984625544
3392 -1.472748583757514
3393 -1.472751180799809
3394 -1.472753775720105
3395 -1.472756368486206
3396 -1.47275895906338
3397 -1.47276154741695
3398 -1.472764133509681
3399 -1.472766717304397
3400 -1.472769298761405
3401 -1.472771877841131
3402 -1.472774454501564
3403 -1.472777028700903
3404 -1.472779600395026
3405 -1.47278216954014
3406 -1.472784736090276
3407 -1.472787299999939
3408 -1.472789861221641
3409 -1.472792419708562
3410 -1.472794975412117
3411 -1.472797528284621
3412 -1.472800078276893
3413 -1.472802625340912
3414 -1.47280516942745
3415 -1.472807710488721
3416 -1.472810248476026
3417 -1.472812783342394
3418 -1.472815315040236
3419 -1.472817843523969
3420 -1.472820368747678
3421 -1.472822890667704
3422 -1.472825409240317
3423 -1.472827924424277
3424 -1.47283043617831
3425 -1.472832944463184
3426 -1.472835449242481
3427 -1.472837950480302
3428 -1.472840448143602
3429 -1.472842942199815
3430 -1.472845432619246
3431 -1.472847919372549
3432 -1.472850402432732
3433 -1.47285288177586
3434 -1.472855357378799
3435 -1.472857829221468
3436 -1.472860297284282
3437 -1.472862761550075
3438 -1.472865222004708
3439 -1.472867678634804
3440 -1.472870131429902
3441 -1.472872580379929
3442 -1.472875025477076
3443 -1.472877466716393
3444 -1.47287990409357
3445 -1.472882337607083
3446 -1.472884767255718
3447 -1.472887193040465
3448 -1.472889614965112
3449 -1.472892033033873
3450 -1.472894447253154
3451 -1.472896857632133
3452 -1.472899264180325
3453 -1.472901666909338
3454 -1.472904065833396
3455 -1.472906460966945
3456 -1.472908852326377
3457 -1.472911239930565
3458 -1.472913623798471
3459 -1.472916003950875
3460 -1.472918380410899
3461 -1.472920753201608
3462 -1.472923122347682
3463 -1.472925487875893
3464 -1.472927849812631
3465 -1.472930208185489
3466 -1.47293256302365
3467 -1.472934914355419
3468 -1.47293726221002
3469 -1.472939606617751
3470 -1.472941947607956
3471 -1.472944285210772
3472 -1.472946619457872
3473 -1.472948950380343
3474 -1.472951278010573
3475 -1.472953602382978
3476 -1.472955923531838
3477 -1.472958241492999
3478 -1.472960556304463
3479 -1.472962868004
3480 -1.472965176630715
3481 -1.472967482225471
3482 -1.472969784828457
3483 -1.472972084480681
3484 -1.47297438122442
3485 -1.472976675100834
3486 -1.472978966151507
3487 -1.472981254419005
3488 -1.472983539944559
3489 -1.472985822769504
3490 -1.472988102935451
3491 -1.472990380484957
3492 -1.47299265545912
3493 -1.472994927899138
3494 -1.472997197846889
3495 -1.472999465342609
3496 -1.47300173042629
3497 -1.473003993137874
3498 -1.4730062535179
3499 -1.473008511605079
3500 -1.473010767437629
3501 -1.473013021053393
3502 -1.473015272490458
3503 -1.473017521784668
3504 -1.473019768970938
3505 -1.473022014083385
3506 -1.473024257156002
3507 -1.473026498220193
3508 -1.473028737306203
3509 -1.473030974443331
3510 -1.473033209660735
3511 -1.473035442985014
3512 -1.473037674441724
3513 -1.473039904055604
3514 -1.473042131851408
3515 -1.473044357851553
3516 -1.473046582077574
3517 -1.473048804550314
3518 -1.473051025290717
3519 -1.473053244317403
3520 -1.473055461648033
3521 -1.473057677299444
3522 -1.473059891288391
3523 -1.473062103629078
3524 -1.473064314334516
3525 -1.473066523416646
3526 -1.473068730887117
3527 -1.473070936754843
3528 -1.473073141027396
3529 -1.473075343711076
3530 -1.473077544811095
3531 -1.473079744332369
3532 -1.473081942277085
3533 -1.473084138646153
3534 -1.473086333439316
3535 -1.473088526655434
3536 -1.473090718293309
3537 -1.473092908349309
3538 -1.473095096818746
3539 -1.47309728369608
3540 -1.473099468975036
3541 -1.473101652649405
3542 -1.473103834710578
3543 -1.473106015148952
3544 -1.473108193953948
3545 -1.473110371114199
3546 -1.473112546618313
3547 -1.473114720452426
3548 -1.473116892601614
3549 -1.473119063049933
3550 -1.473121231780535
3551 -1.473123398775822
3552 -1.473125564018205
3553 -1.4731277274877
3554 -1.47312988916337
3555 -1.473132049023431
3556 -1.47313420704542
3557 -1.47313636320639
3558 -1.473138517483735
3559 -1.473140669852806
3560 -1.47314282028837
3561 -1.473144968764696
3562 -1.473147115255681
3563 -1.473149259734916
3564 -1.47315140217581
3565 -1.473153542552328
3566 -1.473155680836581
3567 -1.473157817000275
3568 -1.473159951014781
3569 -1.473162082851312
3570 -1.473164212481012
3571 -1.473166339875035
3572 -1.473168465004675
3573 -1.473170587842102
3574 -1.473172708358032
3575 -1.47317482652317
3576 -1.47317694230835
3577 -1.473179055684741
3578 -1.473181166623997
3579 -1.473183275098378
3580 -1.473185381080797
3581 -1.473187484544963
3582 -1.473189585466025
3583 -1.473191683818207
3584 -1.473193779576156
3585 -1.473195872714933
3586 -1.473197963210082
3587 -1.47320005103765
3588 -1.473202136174224
3589 -1.473204218596885
3590 -1.473206298283313
3591 -1.4732083752118
3592 -1.473210449361324
3593 -1.473212520711634
3594 -1.473214589243622
3595 -1.473216654938885
3596 -1.473218717780151
3597 -1.473220777751932
3598 -1.473222834838343
3599 -1.473224889024519
3600 -1.473226940296704
3601 -1.473228988642356
3602 -1.47323103405016
3603 -1.473233076510009
3604 -1.473235116012931
3605 -1.473237152551002
3606 -1.473239186117255
3607 -1.473241216705608
3608 -1.473243244310808
3609 -1.4732452689284
3610 -1.47324729055472
3611 -1.473249309187146
3612 -1.473251324823781
