"cd-rfile"
"Iteration" "cd"
("Iteration" "cd")
1 0.09469226656637575
2 0.08770136624830509
3 0.08523081777205788
4 0.08784369490942964
5 0.09469239078853481
6 0.1046780239672092
7 0.1159545294942097
8 0.1266119801825871
9 0.1377571078690515
10 0.1477292256488986
11 0.1571355336547973
12 0.1656016987448112
13 0.1722407564229052
14 0.1771030471951878
15 0.1802714612583309
16 0.1817540310415961
17 0.1816829125331229
18 0.1801979531918132
19 0.1774518292195061
20 0.1736053157421208
21 0.1687747997725449
22 0.1630404947789028
23 0.1564704988544992
24 0.1492222231298253
25 0.1414394913058094
26 0.1333280046461907
27 0.1251349144943026
28 0.117083581845069
29 0.1094013302739154
30 0.1022710482116619
31 0.09582392798828424
32 0.09015714478373775
33 0.08531109481825254
34 0.08133065073140937
35 0.07827542021133599
36 0.07617626033717866
37 0.07502254944962698
38 0.07477488186225842
39 0.07536745376243884
40 0.07671343912057675
41 0.07871859192081782
42 0.081274792232798
43 0.0842838480632751
44 0.08765831095565114
45 0.09130935704429509
46 0.09514826929141409
47 0.09909114337929464
48 0.1030634714992032
49 0.1069992719116297
50 0.1108389690881105
51 0.1145280888851583
52 0.1180261426348782
53 0.1212969427180564
54 0.1243177399535868
55 0.1270677997418644
56 0.1295409909789222
57 0.1317476820798757
58 0.1336610761568846
59 0.1353392651552771
60 0.1367256404708017
61 0.1378391922735799
62 0.1386928538646423
63 0.1392958405636612
64 0.1396604697796132
65 0.1397990365038207
66 0.1397212576908287
67 0.1394373891692686
68 0.1389576794319151
69 0.1382901895148468
70 0.137444817399322
71 0.1364338972620632
72 0.1352681151350996
73 0.133964921195777
74 0.1325401044178589
75 0.1309993599745169
76 0.1293525110568094
77 0.1276098232846561
78 0.1257894648841979
79 0.1239097385854758
80 0.1219883445368135
81 0.1200461759987758
82 0.1181052222547495
83 0.1161861638862339
84 0.1143057269853009
85 0.112482915689831
86 0.1107370720632511
87 0.1090843734636209
88 0.1075392855607226
89 0.1061116412319402
90 0.10480950247273
91 0.1036372630961337
92 0.1025975083892805
93 0.10168999724548
94 0.1009109354500212
95 0.1002550403145034
96 0.09971611443646136
97 0.09928810261272408
98 0.09895459975266159
99 0.09870494881958555
100 0.09852780905140229
101 0.09841260239406704
102 0.0983347356868654
103 0.09828009006286594
104 0.09823434365264146
105 0.09818553652449623
106 0.09812341169637706
107 0.09803938647756705
108 0.09792508123864793
109 0.09777476994297343
110 0.09758459966182689
111 0.09735053523770272
112 0.09707047203608352
113 0.09674361796176817
114 0.09637115924952984
115 0.0959536744896972
116 0.09549271740249071
117 0.09499092497496492
118 0.09445211117700095
119 0.0938810287297453
120 0.09328032584523646
121 0.09265396670262897
122 0.09200740510717163
123 0.0913444831372974
124 0.09066974684087759
125 0.08998878034977854
126 0.08930403117271878
127 0.08862071709960956
128 0.087941910850955
129 0.08727195765345681
130 0.08661393107641298
131 0.08597166615926953
132 0.08534746487454907
133 0.08474391106764306
134 0.08416320916766649
135 0.08360807655513464
136 0.08308062373659508
137 0.08258270519652407
138 0.08211577553937188
139 0.08168110282389819
140 0.08127961915826215
141 0.08091196180923958
142 0.08057855956830415
143 0.08027958398804447
144 0.08001489762255806
145 0.07978426803461454
146 0.07958672758267633
147 0.0794211713463845
148 0.07928630148801134
149 0.07918038706466919
150 0.07910227557563104
151 0.07904921347488901
152 0.07901921476832514
153 0.07900972492762254
154 0.07901848365532496
155 0.07904294829073877
156 0.07908084001800884
157 0.07913004875901435
158 0.07918789006401611
159 0.07925232761664179
160 0.07932164429780336
161 0.07939376708495102
162 0.07946695851867602
163 0.07953975408003469
164 0.07961082177113367
165 0.07967896813593535
166 0.07974342875495199
167 0.07980358812596482
168 0.0798587680010172
169 0.07990862542306616
170 0.07995283687378717
171 0.07999114410962585
172 0.08002333414995449
173 0.08004944354341581
174 0.08006938379099092
175 0.08008331938167776
176 0.08009154286912715
177 0.08009387299412503
178 0.08009054074211917
179 0.08008168342510652
180 0.08006740246317595
181 0.08004808804271765
182 0.08002358794004283
183 0.0799943066175053
184 0.07996019293639094
185 0.0799216840711799
186 0.07987883156857647
187 0.07983164462676721
188 0.0797804116426034
189 0.0797249634138523
190 0.0796656421549362
191 0.07960249478832523
192 0.07953549667269195
193 0.07946491190769991
194 0.07939096954182538
195 0.07931369488672137
196 0.07923334197662597
197 0.07915014387629717
198 0.07906429060038571
199 0.07897605044571693
200 0.07888574114592943
201 0.07879349818505164
202 0.07869948555682553
203 0.07860396145036126
204 0.07850718386300697
205 0.07840940727764407
206 0.0783108855411829
207 0.07821195467018807
208 0.07811288858212886
209 0.07801399506436797
210 0.07791565001959468
211 0.07781814097049342
212 0.07772167182245135
213 0.0776266115381985
214 0.07753313806874644
215 0.0774415173620699
216 0.07735205502606549
217 0.07726488194702923
218 0.07718034953582224
219 0.07709863709486536
220 0.077020152671559
221 0.07694487412615796
222 0.07687301273891173
223 0.07680478889426315
224 0.0767404355993794
225 0.07667999259094853
226 0.07662361974980786
227 0.0765714084090994
228 0.07652348951927516
229 0.07647988838105697
230 0.07644055638548511
231 0.07640550086944624
232 0.07637475079046113
233 0.07634833906868113
234 0.07632616998513028
235 0.07630799893393503
236 0.07629372038762874
237 0.07628322416000718
238 0.07627643254174618
239 0.07627311795030534
240 0.07627289039065871
241 0.07627550432307319
242 0.07628071393887538
243 0.0762882399087552
244 0.07629779865039807
245 0.07630912537196134
246 0.07632195862111106
247 0.07633602696201579
248 0.07635104952729034
249 0.07636677980902046
250 0.0763829577404601
251 0.07639932740659661
252 0.07641565621857874
253 0.07643244242469842
254 0.07644862051508189
255 0.0764640865732957
256 0.07647867464673223
257 0.07649223146971793
258 0.076504623582654
259 0.07651574302161364
260 0.07652551343773849
261 0.07653387056048358
262 0.07654076255689854
263 0.07654615184285396
264 0.07655003520112172
265 0.07655244968702751
266 0.07655343736598953
267 0.07655303682701618
268 0.07655132729753342
269 0.07654842386255997
270 0.07654444245766436
271 0.07653951947060393
272 0.07653379503477289
273 0.07652743704331605
274 0.07652059253625214
275 0.07651344885987617
276 0.07650611723943831
277 0.07649876491893014
278 0.07649150963873703
279 0.07648450576800292
280 0.07647793593767906
281 0.07647191078660806
282 0.07646654544913381
283 0.07646196273924608
284 0.07645825885323329
285 0.07645554828945547
286 0.0764538947346191
287 0.07645336437228907
288 0.07645399964730676
289 0.07645584942874244
290 0.07645891781558975
291 0.07646319996002013
292 0.07646867819892809
293 0.07647529720914867
294 0.07648300218365146
295 0.07649172480269437
296 0.07650135054715071
297 0.07651174510890413
298 0.07652277290177209
299 0.0765342950000034
300 0.07654618048238265
301 0.07655823967508053
302 0.07657030282979284
303 0.07658218994667039
304 0.07659372615412803
305 0.07660472600602698
306 0.07661501878360119
307 0.07662441780190829
308 0.07663274869118125
309 0.07663984366894674
310 0.07664553724298448
311 0.07664969417891385
312 0.07665216913906846
313 0.07665283042961932
314 0.07665156479829843
315 0.07664825732049804
316 0.07664282001250391
317 0.07663518769046744
318 0.07662530472051032
319 0.07661313580676708
320 0.07659866049339441
321 0.07658186149799354
322 0.07656275835868354
323 0.0765413863555951
324 0.07651779095988025
325 0.07649201771132798
326 0.07646413871588625
327 0.07643425912836736
328 0.07640251849790596
329 0.07636902532556987
330 0.07633389952449321
331 0.07629727227229711
332 0.07625930641409588
333 0.07622012984815599
334 0.0761799165819613
335 0.07613883875979857
336 0.07609707679369056
337 0.07605481425481243
338 0.07601224352564856
339 0.0759695628641984
340 0.07592695274693212
341 0.07588460112426829
342 0.07584268810617592
343 0.07580138251059301
344 0.07576084993724347
345 0.07572125076923049
346 0.07568273370452852
347 0.07564543940136595
348 0.07560950733222241
349 0.07557505938902964
350 0.07554220308367866
351 0.07551102904681864
352 0.07548161157267796
353 0.07545389142925932
354 0.07542799715005664
355 0.07540400070513831
356 0.07538195048791643
357 0.07536187087145045
358 0.075343771857903
359 0.07532764934987454
360 0.07531349167269388
361 0.0753012736594606
362 0.07529095964587683
363 0.07528251055761029
364 0.07527588766526598
365 0.07527103516288823
366 0.07526788709334262
367 0.07526637600914049
368 0.07526643059846222
369 0.07526797069001753
370 0.07527092636040184
371 0.0752752179829511
372 0.07528075770872461
373 0.07528744350344529
374 0.07529520094186001
375 0.07530395398304424
376 0.07531362855332017
377 0.07532414097091356
378 0.07533541745721854
379 0.07534737855825628
380 0.07535995528706349
381 0.0753730899370617
382 0.07538671341580647
383 0.07540077635266312
384 0.07541522854267818
385 0.07543002261786971
386 0.07544513014748254
387 0.07546051674222393
388 0.07547615427217513
389 0.0754920003922844
390 0.07550802331793469
391 0.07552419716131073
392 0.07554052250944294
393 0.07555698879651412
394 0.07557360000303973
395 0.07559034810531412
396 0.07560725126672552
397 0.07562431811442966
398 0.07564156708048492
399 0.07565900788483498
400 0.07567665182535249
401 0.07569452288181874
402 0.07571263753042176
403 0.07573101198408849
404 0.07574965764753411
405 0.07576860756319109
406 0.07578785959453969
407 0.07580740907874416
408 0.07582727585339633
409 0.07584747452342369
410 0.07586803139281131
411 0.07588894098193799
412 0.07591020605472841
413 0.07593182213174464
414 0.07595378679276782
415 0.0759760954113685
416 0.07599873836044457
417 0.07602171068400716
418 0.07604499840779744
419 0.07606858568105414
420 0.07609246222289126
421 0.07611661633728099
422 0.07614095495319401
423 0.07616550675238634
424 0.0761902317339089
425 0.07621512074209484
426 0.07624015265071116
427 0.07626530225588177
428 0.07629053743843092
429 0.07631584477160595
430 0.07634118685055039
431 0.0763665345439153
432 0.07639185586413652
433 0.07641712213364103
434 0.07644229508010247
435 0.07646739427422088
436 0.07649240523428529
437 0.0765172966055587
438 0.07654200757344486
439 0.07656651536860484
440 0.07659077417241222
441 0.07661473753899783
442 0.07663838265674226
443 0.07666168830716458
444 0.07668461888293338
445 0.07670715042266199
446 0.07672926562594599
447 0.07675096007399851
448 0.07677221922225613
449 0.07679302391077079
450 0.0768133654140829
451 0.07683322850236418
452 0.07685260527092679
453 0.07687148078198076
454 0.07688984960928706
455 0.07690770551287786
456 0.07692504710872014
457 0.07694188526201105
458 0.07695822544496943
459 0.07697407237689338
460 0.07698941913725106
461 0.0770042624740403
462 0.07701861236738415
463 0.07703248097813288
464 0.07704587978096344
465 0.07705882134351223
466 0.07707131578897683
467 0.07708337933440003
468 0.07709502603796102
469 0.07710626866557591
470 0.07711712248306017
471 0.07712760348954195
472 0.07713772807389908
473 0.07714752196106893
474 0.07715699815627768
475 0.07716616671119944
476 0.07717504043496203
477 0.07718363506585453
478 0.07719196873667543
479 0.07720006033832698
480 0.07720792978426191
481 0.07721559686558738
482 0.07722306972387244
483 0.07723036641447895
484 0.07723750538901325
485 0.07724450071728946
486 0.07725136336124229
487 0.07725810884853937
488 0.07726475132438108
489 0.07727130287528279
490 0.07727777578182757
491 0.07728417978419425
492 0.07729052577054568
493 0.07729682500323104
494 0.07730308744238801
495 0.07730932381290746
496 0.07731554339709226
497 0.07732175578607102
498 0.07732796982083562
499 0.07733419342022789
500 0.07734043425662633
501 0.07734669975315202
502 0.07735299672600587
503 0.07735933156411451
504 0.07736571311011373
505 0.07737214236074823
506 0.07737861962215004
507 0.07738514942672296
508 0.0773917374673201
509 0.07739838849328759
510 0.07740510723082671
511 0.07741189853280737
512 0.07741876518340772
513 0.07742570827182137
514 0.07743272891445216
515 0.0774398280453033
516 0.07744700638184614
517 0.07745426746033279
518 0.07746161059825281
519 0.07746903408246932
520 0.07747653727481332
521 0.07748412276070829
522 0.07749178621204129
523 0.07749952378308662
524 0.07750733227334988
525 0.07751520977365928
526 0.07752315168076998
527 0.07753115525051991
528 0.07753921760334297
529 0.077547335389693
530 0.07755550400272944
531 0.07756371897236586
532 0.07757197409708629
533 0.07758023599267505
534 0.0775884823686392
535 0.07759671435019569
536 0.07760493613670832
537 0.07761315085646231
538 0.0776213589582712
539 0.07762955802194689
540 0.07763774572277982
541 0.07764591165676521
542 0.07765405509881065
543 0.07766216520496724
544 0.07767023121752314
545 0.07767824287335418
546 0.07768619014423711
547 0.07769406047986016
548 0.07770184174273051
549 0.07770952247215029
550 0.07771709194001596
551 0.07772453952537721
552 0.07773185517428959
553 0.07773902788862368
554 0.07774604590324662
555 0.07775289773764339
556 0.07775957247100229
557 0.07776605969997863
558 0.07777234965544433
559 0.07777843312423668
560 0.07778430091145433
561 0.07778994380482659
562 0.07779535292574205
563 0.0778005200832749
564 0.07780543738575978
565 0.07781009780063125
566 0.07781449487120942
567 0.07781862274751926
568 0.07782248392418487
569 0.07782606783560272
570 0.07782936622722919
571 0.07783237414248941
572 0.07783508810856325
573 0.07783750529369039
574 0.07783962457725663
575 0.07784144447521579
576 0.07784296270934238
577 0.0778441794176588
578 0.07784510003959864
579 0.07784572451865927
580 0.07784605374833441
581 0.0778460887067795
582 0.07784583267092915
583 0.07784529012140058
584 0.07784446616082977
585 0.07784336685631085
586 0.07784199879831988
587 0.07784036914590892
588 0.07783848571017064
589 0.07783635675885003
590 0.07783399077724619
591 0.07783139707237581
592 0.07782858612091914
593 0.07782556817112884
594 0.07782237106879578
595 0.0778190138723555
596 0.07781551023426868
597 0.07781187144367969
598 0.0778081075316306
599 0.07780422837241968
600 0.07780024420580492
601 0.07779616511470747
602 0.07779200227724022
603 0.07778776963836662
604 0.07778348380152797
605 0.07777915317928022
606 0.07777478737746112
607 0.07777039643099182
608 0.07776599127783139
609 0.0777615832100986
610 0.07775718412118594
611 0.07775280582159534
612 0.07774846000077597
613 0.07774415810748375
614 0.07773991110479066
615 0.07773573129384964
616 0.0777316250188442
617 0.077727600868575
618 0.07772366782669624
619 0.07771983409209531
620 0.07771610742186856
621 0.07771249551687481
622 0.07770900449417692
623 0.07770563930628224
624 0.07770240388367392
625 0.07769930140664184
626 0.07769633436972512
627 0.07769350455901097
628 0.07769081290174099
629 0.07768825970164982
630 0.07768584464006462
631 0.07768356640230246
632 0.07768142320079016
633 0.07767941274525807
634 0.07767753242395545
635 0.07767577911379155
636 0.07767414912356872
637 0.07767263825547377
638 0.07767124202434768
639 0.07766995530748727
640 0.07766877281024602
641 0.07766768873291616
642 0.07766670424483034
643 0.07766581216940593
644 0.07766500242672403
645 0.07766426631712214
646 0.07766359575772394
647 0.07766298275689998
648 0.07766241932066149
649 0.07766189770018644
650 0.07766141055135209
651 0.07766095058761971
652 0.07766051062609573
653 0.07766008351386751
654 0.07765966174692725
655 0.07765923787408102
656 0.07765880461658947
657 0.0776583543771831
658 0.07765787980437307
659 0.07765737428393743
660 0.07765683144837282
661 0.07765624539653662
662 0.07765561034147687
663 0.0776549210300151
664 0.0776541724367887
665 0.07765335985130691
666 0.07765247891692806
667 0.07765152565827572
668 0.07765049650005354
669 0.07764938843041799
670 0.07764816617947883
671 0.07764670825890146
672 0.07764518383247661
673 0.07764358667023341
674 0.07764191278210844
675 0.07764015952527058
676 0.07763832502876565
677 0.07763640824728359
678 0.07763440885633204
679 0.07763232727762191
680 0.07763016452102602
681 0.07762792236677241
682 0.07762560292087552
683 0.0776232094161369
684 0.07762074775320046
685 0.07761822034047883
686 0.07761563056774708
687 0.07761298271047762
688 0.07761028048647425
689 0.07760752834027
690 0.07760473152970331
691 0.07760189547401207
692 0.07759902566889525
693 0.07759612754495378
694 0.07759320637251046
695 0.07759026749186082
696 0.07758731618806324
697 0.07758435767103221
698 0.07758139715529176
699 0.07757843957497614
700 0.07757548976309284
701 0.07757255241859645
702 0.07756963213101024
703 0.07756673329279284
704 0.07756386018051938
705 0.07756101687593681
706 0.07755820726401667
707 0.07755543492866668
708 0.07755270339182362
709 0.07755001602351171
710 0.07754737570427048
711 0.07754478502869784
712 0.07754224625714866
713 0.07753976127453459
714 0.0775373367917823
715 0.07753499242470782
716 0.07753271934895262
717 0.07753051227356328
718 0.07752836779637846
719 0.07752628347809805
720 0.07752425745358611
721 0.07752228815300408
722 0.07752037411039334
723 0.07751851376374312
724 0.07751670542642021
725 0.07751494730347404
726 0.07751323750704206
727 0.07751157416522307
728 0.07750995464639618
729 0.07750837620640511
730 0.07750683601891553
731 0.07750533131607405
732 0.07750385912266762
733 0.07750241615254122
734 0.07750099888042308
735 0.07749960367642257
736 0.07749822694585681
737 0.07749686525571435
738 0.07749551503269761
739 0.07749417237751624
740 0.07749283315405724
741 0.07749149265311603
742 0.07749014632728468
743 0.07748878985886895
744 0.07748741904073213
745 0.07748602974464697
746 0.07748461796537405
747 0.07748317971823088
748 0.07748171116265706
749 0.07748020848892587
750 0.07747866801500065
751 0.07747708622168849
752 0.07747545975381291
753 0.07747378542313027
754 0.07747206018585437
755 0.07747028117203827
756 0.07746844574455115
757 0.07746655154268832
758 0.07746459632289698
759 0.07746257811102913
760 0.07746049516558975
761 0.07745834592197645
762 0.0774561290411776
763 0.07745384340555991
764 0.0774514879983252
765 0.07744906203498911
766 0.07744656493510059
767 0.07744399625280222
768 0.0774413557450309
769 0.07743864337610233
770 0.07743585932354947
771 0.07743300381388316
772 0.07743007719870301
773 0.07742707960735437
774 0.07742401116880678
775 0.07742087208100733
776 0.07741766260058451
777 0.07741438323261124
778 0.07741103500432939
779 0.07740761933627553
780 0.07740413788781056
781 0.07740059244850069
782 0.07739698490079226
783 0.0773933172501914
784 0.07738959166290565
785 0.07738581054785336
786 0.07738197647513936
787 0.07737809211514089
788 0.07737416030590048
789 0.07737018520895657
790 0.07736616827323069
791 0.07736211182739652
792 0.0773580186020941
793 0.07735389130671394
794 0.07734973260916861
795 0.07734554517022817
796 0.07734133160742183
797 0.07733709451486408
798 0.07733283643421709
799 0.07732855990506451
800 0.07732426753164641
801 0.07731996185290653
802 0.07731564534499637
803 0.07731132047859922
804 0.07730698963277352
805 0.07730265509782371
806 0.07729831908590981
807 0.07729398371770908
808 0.07728965061180766
809 0.07728531969395049
810 0.07728099101286799
811 0.07727666504958722
812 0.07727234263399721
813 0.07726802501933852
814 0.07726371369759237
815 0.07725941032863901
816 0.07725511653760693
817 0.07725083393666983
818 0.07724656417650294
819 0.0772423088141929
820 0.07723806922711192
821 0.07723384661874112
822 0.07722964196789095
823 0.07722545545132431
824 0.07722128832475685
825 0.07721714118319072
826 0.07721301451521018
827 0.07720890864241677
828 0.07720482395986029
829 0.0772007607093788
830 0.07719671879535794
831 0.07719269824913153
832 0.07718869904424577
833 0.07718472113518092
834 0.07718076435210923
835 0.0771768284685183
836 0.07717291324296982
837 0.07716901843963311
838 0.07716514380330582
839 0.07716128904979659
840 0.07715745391461006
841 0.0771536381159388
842 0.07714984143234734
843 0.07714606368472555
844 0.07714230470924247
845 0.07713856441797486
846 0.07713484259121711
847 0.0771311389743438
848 0.07712745325669713
849 0.07712378509752894
850 0.07712013415071851
851 0.07711650009327319
852 0.07711288263189368
853 0.07710928153751724
854 0.07710569664485467
855 0.07710212782736127
856 0.07709857502747788
857 0.07709503823411042
858 0.0770915174125993
859 0.07708801256232863
860 0.07708452429191545
861 0.0770810520774666
862 0.07707759591048546
863 0.07707415587735185
864 0.07707073208697188
865 0.07706732464705726
866 0.07706393364881674
867 0.07706055920920631
868 0.0770572015636329
869 0.07705386098541173
870 0.07705053782364968
871 0.07704723243356577
872 0.07704394520688314
873 0.07704067646507103
874 0.07703742650694252
875 0.07703419576405597
876 0.07703098473754141
877 0.07702779402411887
878 0.07702462425433455
879 0.07702147603488491
880 0.07701834992338295
881 0.07701524643343514
882 0.07701216604648253
883 0.07700910924049796
884 0.07700607648457213
885 0.07700306826673033
886 0.07700008686077293
887 0.07699713256287515
888 0.07699420530653706
889 0.07699130519518378
890 0.07698843247653682
891 0.07698558744928781
892 0.07698277056399866
893 0.0769799824588327
894 0.0769772235468361
895 0.07697449412010644
896 0.07697179452957344
897 0.07696912519820481
898 0.07696648645858635
899 0.07696387871717875
900 0.0769613023123875
901 0.07695875750763047
902 0.07695624447521621
903 0.07695376330325429
904 0.07695131399895669
905 0.07694889651710086
906 0.07694651077239889
907 0.0769441566706643
908 0.07694183409149796
909 0.07693954265841163
910 0.07693728206392435
911 0.07693505199894013
912 0.07693285214862805
913 0.07693068214322774
914 0.07692854158860775
915 0.07692643010507651
916 0.07692434730627586
917 0.0769222928217603
918 0.07692026621720127
919 0.07691826705967619
920 0.07691629486236629
921 0.07691434903142157
922 0.07691242891345423
923 0.07691053378144236
924 0.07690866284846783
925 0.07690681525732228
926 0.07690499010042449
927 0.07690318642676502
928 0.07690140325545472
929 0.07689963958707415
930 0.07689789447694104
931 0.07689616696042674
932 0.07689445602648348
933 0.07689276061081043
934 0.07689107965339712
935 0.07688941216624419
936 0.07688775713355067
937 0.07688611349562552
938 0.07688447934796132
939 0.07688285470715359
940 0.07688123848679379
941 0.07687962785248104
942 0.07687801642061298
943 0.07687640298137226
944 0.07687478731604878
945 0.07687316946867259
946 0.07687154944721883
947 0.07686992712095519
948 0.07686830217474193
949 0.07686667460448342
950 0.07686504376082744
951 0.07686340871526549
952 0.07686176864043685
953 0.07686012274118612
954 0.0768584702038876
955 0.07685681025548814
956 0.07685514210250381
957 0.07685346491775813
958 0.07685177782818917
959 0.07685008074273124
960 0.07684837235834095
961 0.07684665149115703
962 0.07684491707821406
963 0.07684316811249448
964 0.07684140363804702
965 0.07683962274354472
966 0.07683782474678524
967 0.07683600897612264
968 0.07683417441777515
969 0.07683232019239897
970 0.0768304455277833
971 0.07682854975643404
972 0.07682663231417344
973 0.07682469308490915
974 0.07682273194241224
975 0.07682074816601356
976 0.07681874121243719
977 0.07681671066901437
978 0.07681465619827028
979 0.0768125775496027
980 0.07681047453869272
981 0.076808347024585
982 0.07680619488151542
983 0.07680401798894518
984 0.0768018162294898
985 0.07679958946338779
986 0.07679733692994753
987 0.07679505896482797
988 0.07679275542389669
989 0.07679042614922874
990 0.0767880707789705
991 0.07678568924330691
992 0.07678328138336094
993 0.07678084704699008
994 0.07677838669238561
995 0.07677590023119973
996 0.07677338760823989
997 0.07677084847786997
998 0.07676828248170164
999 0.07676568944368455
1000 0.07676306928960272
1001 0.07676042199475945
1002 0.07675774754936192
1003 0.07675504595657842
1004 0.07675231721768917
1005 0.07674956133939087
1006 0.07674677834917734
1007 0.07674396829432335
1008 0.07674113123514079
1009 0.0767382672472559
1010 0.07673537642679139
1011 0.07673245889615651
1012 0.07672951481373538
1013 0.07672654437313461
1014 0.07672354823577038
1015 0.07672052696853646
1016 0.07671748061647601
1017 0.07671440958434887
1018 0.07671131395502155
1019 0.07670819384445093
1020 0.07670504967747081
1021 0.07670188151702521
1022 0.07669868948990453
1023 0.07669547376090054
1024 0.07669223445343525
1025 0.07668897166928168
1026 0.07668568549858751
1027 0.07668237604542452
1028 0.07667904344690132
1029 0.07667568785774455
1030 0.07667230948275663
1031 0.07666890855248726
1032 0.07666548525152293
1033 0.07666204007542156
1034 0.07665857331792358
1035 0.07665508500793279
1036 0.07665157522522585
1037 0.07664804410707445
1038 0.07664449183788392
1039 0.07664091863860781
1040 0.0766373247505911
1041 0.07663371044875839
1042 0.07663007604286005
1043 0.07662642183172616
1044 0.07662274815073022
1045 0.07661905533711182
1046 0.07661534374886395
1047 0.07661161376889858
1048 0.07660786580950857
1049 0.07660410036388272
1050 0.07660031780769179
1051 0.07659651833149464
1052 0.0765927024309537
1053 0.07658887066367803
1054 0.07658502352893208
1055 0.07658116148587328
1056 0.07657728505679583
1057 0.07657339457424925
1058 0.07656949050365133
1059 0.07656557335910472
1060 0.0765616436732872
1061 0.0765577019797115
1062 0.07655374886767979
1063 0.07654978496500019
1064 0.07654581097748615
1065 0.07654182765743402
1066 0.0765378357729613
1067 0.07653383608746041
1068 0.07652982934919304
1069 0.07652581628787955
1070 0.07652179762307716
1071 0.07651777409680605
1072 0.07651374660904926
1073 0.07650971577648999
1074 0.07650568234332043
1075 0.07650164703564874
1076 0.0764976105458794
1077 0.07649357361038552
1078 0.07648953696399984
1079 0.07648550136614152
1080 0.07648146761473927
1081 0.07647743654440999
1082 0.076473409055884
1083 0.07646938602755736
1084 0.07646536832330404
1085 0.07646135677106829
1086 0.07645735216310991
1087 0.07645335526684105
1088 0.07644936683749552
1089 0.07644538761742495
1090 0.07644141833107852
1091 0.07643745972678162
1092 0.07643351259826629
1093 0.07642957776699306
1094 0.07642565603536984
1095 0.07642174820537075
1096 0.07641785506695691
1097 0.07641397739376242
1098 0.07641011595456142
1099 0.07640627150261874
1100 0.07640244478036046
1101 0.07639863653606604
1102 0.07639484751952864
1103 0.07639107847368923
1104 0.07638733013689677
1105 0.07638360323116412
1106 0.07637989844535935
1107 0.07637621641985069
1108 0.07637255774811431
1109 0.07636892367921316
1110 0.07636531499909796
1111 0.07636173213490331
1112 0.07635817538465642
1113 0.07635464502625323
1114 0.07635114136153905
1115 0.07634766474123918
1116 0.07634421557732109
1117 0.07634079426033973
1118 0.07633740122883516
1119 0.07633403692317656
1120 0.07633070178745932
1121 0.07632739627477358
1122 0.07632412084585208
1123 0.07632087595545858
1124 0.07631766202997969
1125 0.07631447944831596
1126 0.07631132855360842
1127 0.07630820964789942
1128 0.07630512293618699
1129 0.07630206856383136
1130 0.0762990466633465
1131 0.07629605741056844
1132 0.07629310099643857
1133 0.07629017758481808
1134 0.07628728739982542
1135 0.07628443065612282
1136 0.07628160754358421
1137 0.0762788182349631
1138 0.07627606288681137
1139 0.07627334165569784
1140 0.07627065470785621
1141 0.07626800221736003
1142 0.07626538435210831
1143 0.07626280114377677
1144 0.07626025283324092
1145 0.07625773948619267
1146 0.07625526111409574
1147 0.07625281772049636
1148 0.07625040934986782
1149 0.07624803566230305
1150 0.07624569679500422
1151 0.07624339279911177
1152 0.07624112369374637
1153 0.07623888948467807
1154 0.07623669013035816
1155 0.07623452556703585
1156 0.07623239571407248
1157 0.07623030047545319
1158 0.07622823973395419
1159 0.07622621333278863
1160 0.07622422106634792
1161 0.07622226267337877
1162 0.07622033784548843
1163 0.07621844624033164
1164 0.076216587498217
1165 0.07621476126167587
1166 0.07621296716691332
1167 0.07621120487449941
1168 0.07620947407610537
1169 0.07620777447953174
1170 0.07620610582431525
1171 0.07620446786410653
1172 0.0762028603600219
1173 0.07620128308311237
1174 0.07619973576344917
1175 0.07619821809067656
1176 0.07619672969539296
1177 0.0761952702165713
1178 0.07619383931739687
1179 0.07619243667979234
1180 0.07619106199501788
1181 0.07618971494175118
1182 0.07618839517828419
1183 0.07618710233763179
1184 0.07618583602838803
1185 0.07618459583896876
1186 0.076183381358298
1187 0.0761821921613812
1188 0.07618102780601486
1189 0.07617988779919305
1190 0.07617877160010386
1191 0.07617767864018485
1192 0.07617660837416027
1193 0.07617556026925865
1194 0.07617453382850603
1195 0.07617352853852385
1196 0.07617254392488307
1197 0.07617157946648302
1198 0.0761706346278139
1199 0.07616970886755922
1200 0.0761688016462629
1201 0.07616791242462435
1202 0.07616704066404331
1203 0.07616618582958461
1204 0.0761653473857747
1205 0.07616452479282396
1206 0.07616371751091422
1207 0.07616292500688829
1208 0.07616214675728969
1209 0.07616138223851369
1210 0.0761606309232515
1211 0.07615989221989196
1212 0.07615916549929312
1213 0.07615845010221538
1214 0.07615774534938054
1215 0.07615705055523619
1216 0.07615636503587503
1217 0.07615568809788396
1218 0.07615501904103719
1219 0.07615435716501626
1220 0.0761537017629577
1221 0.07615305213001367
1222 0.0761524075630341
1223 0.07615176736971294
1224 0.07615113087966363
1225 0.07615049743821636
1226 0.07614986638955501
1227 0.07614923708806991
1228 0.0761486088795236
1229 0.07614798110292981
1230 0.07614735309071761
1231 0.07614672417027585
1232 0.07614609366765987
1233 0.0761454609081266
1234 0.07614482524218631
1235 0.07614418600394772
1236 0.07614354251029558
1237 0.07614289406560121
1238 0.07614223997999092
1239 0.07614157958025401
1240 0.07614091219621766
1241 0.07614023717756907
1242 0.07613955390436328
1243 0.07613886179503643
1244 0.07613816029629575
1245 0.07613744887896781
1246 0.07613672703526612
1247 0.07613599426684491
1248 0.07613525007493255
1249 0.07613449394872432
1250 0.07613372536445243
1251 0.07613294378396586
1252 0.0761321486565347
1253 0.07613133938860904
1254 0.07613051537321774
1255 0.07612967601954898
1256 0.07612882077845246
1257 0.07612794914800763
1258 0.07612706066041051
1259 0.07612615486731712
1260 0.0761252313277543
1261 0.07612428960512913
1262 0.07612332927693347
1263 0.07612234993589513
1264 0.07612135119227151
1265 0.07612033267630157
1266 0.07611929403744452
1267 0.07611823494761226
1268 0.07611715510036447
1269 0.07611605421125617
1270 0.07611493200776913
1271 0.0761137882308075
1272 0.07611262263290208
1273 0.07611143501408339
1274 0.07611022517187035
1275 0.0761089928710806
1276 0.07610773785086636
1277 0.07610645984436301
1278 0.07610515857935854
1279 0.0761038337811389
1280 0.07610248517665602
1281 0.07610111250633468
1282 0.07609971553223308
1283 0.07609829403260762
1284 0.07609684780596185
1285 0.07609537666729217
1286 0.0760938804729691
1287 0.07609235909970573
1288 0.07609081240464077
1289 0.07608924026347008
1290 0.07608764256296995
1291 0.07608601920888067
1292 0.07608437012713098
1293 0.07608269525797108
1294 0.07608099454593309
1295 0.07607926794336349
1296 0.07607751542163604
1297 0.07607573697768033
1298 0.07607393263395813
1299 0.07607210243363897
1300 0.0760702464520039
1301 0.07606836475851678
1302 0.07606645744000111
1303 0.0760645245909122
1304 0.0760625663097555
1305 0.07606058270164079
1306 0.07605857389662324
1307 0.07605653937813778
1308 0.0760544754381012
1309 0.07605238226851875
1310 0.07605026072541947
1311 0.07604811183365405
1312 0.07604593657853922
1313 0.0760437358449521
1314 0.07604151033373617
1315 0.07603926061841405
1316 0.07603698719399272
1317 0.07603469051489892
1318 0.07603237099803192
1319 0.07603002900679394
1320 0.07602766484480028
1321 0.07602527876517294
1322 0.07602287098743843
1323 0.07602044171993612
1324 0.07601799117718065
1325 0.07601551959764491
1326 0.07601302724980628
1327 0.07601051443316467
1328 0.07600798146480135
1329 0.07600542869940399
1330 0.07600285650948226
1331 0.07600026528765361
1332 0.07599765544671358
1333 0.07599502741570499
1334 0.07599238163535704
1335 0.07598971854285001
1336 0.07598703862119739
1337 0.07598434239227787
1338 0.07598163036738134
1339 0.0759789030562158
1340 0.07597616096612353
1341 0.07597340459835013
1342 0.07597063447613787
1343 0.07596785111281892
1344 0.07596505496747424
1345 0.07596224649908881
1346 0.07595942614257722
1347 0.07595659431107521
1348 0.07595375174444866
1349 0.07595089980217629
1350 0.07594803911084551
1351 0.0759451698994618
1352 0.07594229231711729
1353 0.07593940659055599
1354 0.07593651303314766
1355 0.07593361204043488
1356 0.07593070364888475
1357 0.07592778814884435
1358 0.07592486597465221
1359 0.0759219376481966
1360 0.07591900374506011
1361 0.07591606486964173
1362 0.07591312164763279
1363 0.0759101747420971
1364 0.07590722478911735
1365 0.07590427245342324
1366 0.07590131840135449
1367 0.07589836329590209
1368 0.07589540779702227
1369 0.07589245254326699
1370 0.07588949816159643
1371 0.07588654526473487
1372 0.07588359445173594
1373 0.07588064631660127
1374 0.07587770144663444
1375 0.07587476042602594
1376 0.07587182383869133
1377 0.07586889227103023
1378 0.07586596631230047
1379 0.07586304655431507
1380 0.07586013359137693
1381 0.07585722802033781
1382 0.07585433040120355
1383 0.07585144126547491
1384 0.07584856117195718
1385 0.07584569070304649
1386 0.07584283047899183
1387 0.0758399811363677
1388 0.07583714331083656
1389 0.0758343176272622
1390 0.0758315046869209
1391 0.07582870506678825
1392 0.0758259193233196
1393 0.07582314799559785
1394 0.07582039161106281
1395 0.07581765069178928
1396 0.07581492579032936
1397 0.07581221746005155
1398 0.07580952614529832
1399 0.07580685234759107
1400 0.07580419652679614
1401 0.07580155912105865
1402 0.07579894055005862
1403 0.07579634122458793
1404 0.07579376155392556
1405 0.07579120195294767
1406 0.07578866284875092
1407 0.07578614467466381
1408 0.07578364787949486
1409 0.07578117293722475
1410 0.07577872029267163
1411 0.07577629038877563
1412 0.07577388365850174
1413 0.07577150052805286
1414 0.07576914141503195
1415 0.07576680672274159
1416 0.07576449683783054
1417 0.07576221212788704
1418 0.07575995294119318
1419 0.07575771960818574
1420 0.07575551245439044
1421 0.07575333177323279
1422 0.07575117785824648
1423 0.07574905098670477
1424 0.07574695142111838
1425 0.07574487941724387
1426 0.07574283523263077
1427 0.07574081913154559
1428 0.07573883138628662
1429 0.07573687227486309
1430 0.07573494207721194
1431 0.0757330410700201
1432 0.07573116952006342
1433 0.07572932768615952
1434 0.07572751581330724
1435 0.07572573412892512
1436 0.07572398284055058
1437 0.0757222621339196
1438 0.07572057217312098
1439 0.0757189130996106
1440 0.07571728503192596
1441 0.07571568806853674
1442 0.07571412229085515
1443 0.07571258776628076
1444 0.07571108455105963
1445 0.07570961269366899
1446 0.07570817223768105
1447 0.07570676322310838
1448 0.07570538568675424
1449 0.07570403966082395
1450 0.07570272517367498
1451 0.07570144223002345
1452 0.07570019080080732
1453 0.07569897085160195
1454 0.07569778234772531
1455 0.07569662528961218
1456 0.07569549970838926
1457 0.07569440562057113
1458 0.07569334301579761
1459 0.07569231184864178
1460 0.07569131204038979
1461 0.07569034348100161
1462 0.07568940603739228
1463 0.07568849956093525
1464 0.07568762389784481
1465 0.07568677889430836
1466 0.07568596439629063
1467 0.07568518024567944
1468 0.07568442627555233
1469 0.07568370230762173
1470 0.07568300815150089
1471 0.07568234361363679
1472 0.0756817084115682
1473 0.07568110227167525
1474 0.07568052494450322
1475 0.07567997619004328
1476 0.07567945576403068
1477 0.07567896340754236
1478 0.07567849884470353
1479 0.0756780617830578
1480 0.07567765189906639
1481 0.07567726888178647
1482 0.07567691241645287
1483 0.07567658217462947
1484 0.07567627782116096
1485 0.07567599901572927
1486 0.07567574540768628
1487 0.07567551664197827
1488 0.0756753123590964
1489 0.0756751321959879
1490 0.07567497578807496
1491 0.07567484276893197
1492 0.07567473276936172
1493 0.07567464541597856
1494 0.07567458032777646
1495 0.0756745371099113
1496 0.07567451535801295
1497 0.07567451464793404
1498 0.07567453454601891
1499 0.07567457461168575
1500 0.07567463440398936
1501 0.07567471347094457
1502 0.07567481147427796
1503 0.07567492811247369
1504 0.07567506305851396
1505 0.07567521591697018
1506 0.07567538622775083
1507 0.07567557348386163
1508 0.07567577715662847
1509 0.07567599669721845
1510 0.07567623156723355
1511 0.07567648123938676
1512 0.07567674518751936
1513 0.07567702289057289
1514 0.07567731383294865
1515 0.07567761750706592
1516 0.07567793374373954
1517 0.07567826325336728
1518 0.07567860573065481
1519 0.07567896043939222
1520 0.07567932650572057
1521 0.07567970306297274
1522 0.07568008929918581
1523 0.07568048447383049
1524 0.07568088791684828
1525 0.07568129900095431
1526 0.07568171714710585
1527 0.07568214180896923
1528 0.075682572462626
1529 0.0756830085979191
1530 0.07568344971233171
1531 0.07568389530596489
1532 0.07568434487816637
1533 0.07568479792539234
1534 0.07568525394114423
1535 0.07568571239132256
1536 0.07568617272483391
1537 0.07568663440199205
1538 0.07568709690047788
1539 0.07568755971766056
1540 0.07568802236110354
1541 0.07568848434098813
1542 0.07568894516459075
1543 0.07568940432481822
1544 0.07568986132136332
1545 0.07569031565417741
1546 0.07569076682727802
1547 0.0756912143499499
1548 0.07569165773743695
1549 0.07569209650991635
1550 0.07569253019416376
1551 0.07569295832400753
1552 0.07569338043920103
1553 0.07569379608472217
1554 0.07569420481128702
1555 0.07569460617676285
1556 0.0756949997467706
1557 0.07569538509183486
1558 0.07569576178705473
1559 0.07569612941156911
1560 0.07569648754696127
1561 0.07569683576971871
1562 0.07569717365295846
1563 0.07569750077480432
1564 0.07569781672186264
1565 0.0756981210902699
1566 0.07569841348540746
1567 0.0756986935215066
1568 0.07569896082152167
1569 0.07569921501709605
1570 0.07569945575163332
1571 0.07569968267281223
1572 0.07569989544096624
1573 0.07570009372330422
1574 0.07570027719508242
1575 0.07570044554003025
1576 0.07570059844997307
1577 0.07570073562437457
1578 0.07570085676612605
1579 0.07570096157603766
1580 0.07570104978362641
1581 0.07570112110623707
1582 0.07570117527543212
1583 0.07570121202696482
1584 0.07570123110110989
1585 0.07570123224232471
1586 0.07570121520059525
1587 0.07570117973463977
1588 0.07570112565643432
1589 0.07570105274578345
1590 0.07570096079026281
1591 0.07570084958066194
1592 0.07570071891656327
1593 0.07570056860773906
1594 0.07570039847005001
1595 0.07570020833357521
1596 0.0756999980415362
1597 0.07569976745070429
1598 0.07569951643162089
1599 0.07569924486960822
1600 0.07569895265974048
1601 0.07569863970817273
1602 0.07569830592669319
1603 0.07569795122738221
1604 0.0756975755204152
1605 0.07569717871542946
1606 0.0756967607260368
1607 0.07569632147516452
1608 0.0756958609007297
1609 0.07569537895211144
1610 0.07569487559231698
1611 0.07569435084815376
1612 0.07569380480870484
1613 0.07569323756774692
1614 0.07569264920255757
1615 0.07569203977816874
1616 0.07569140935450129
1617 0.07569075799095053
1618 0.07569008574793737
1619 0.07568939268889487
1620 0.07568867888099777
1621 0.07568794439629287
1622 0.07568718931339154
1623 0.07568641374112013
1624 0.07568561779195257
1625 0.07568480158254007
1626 0.07568396523544466
1627 0.07568310888080382
1628 0.07568223266178899
1629 0.07568133673069551
1630 0.07568042124782798
1631 0.07567948637620769
1632 0.07567853226521513
1633 0.07567755906931932
1634 0.07567656696256825
1635 0.0756755561438536
1636 0.07567452683427826
1637 0.07567347926672897
1638 0.07567241368218042
1639 0.07567133032746616
1640 0.07567022945391007
1641 0.07566911131693244
1642 0.0756679761764505
1643 0.07566682429791309
1644 0.07566565595400637
1645 0.07566447142452079
1646 0.07566327099679482
1647 0.07566205496697291
1648 0.07566082364207785
1649 0.07565957733873203
1650 0.07565831639004318
1651 0.07565704112040823
1652 0.07565575185335995
1653 0.07565444890367272
1654 0.07565313258387807
1655 0.07565180321352027
1656 0.07565046111732722
1657 0.07564910662920471
1658 0.07564774010656172
1659 0.0756463619172319
1660 0.07564497243928869
1661 0.0756435720578898
1662 0.07564216116460815
1663 0.07564074016594641
1664 0.0756393094706361
1665 0.07563786949269395
1666 0.07563642065270929
1667 0.07563496337848359
1668 0.07563349811775587
1669 0.07563202532562779
1670 0.07563054544767644
1671 0.07562905892862372
1672 0.07562756621206872
1673 0.07562606773959818
1674 0.07562456395113794
1675 0.0756230552845228
1676 0.07562154279677655
1677 0.07562002760119534
1678 0.07561851017107406
1679 0.07561699072801981
1680 0.07561546943139769
1681 0.07561394646267047
1682 0.0756124220403367
1683 0.07561089642830514
1684 0.0756093699412818
1685 0.0756078429373328
1686 0.07560631580601648
1687 0.07560478896286563
1688 0.07560326283546057
1689 0.0756017378588343
1690 0.07560021447131576
1691 0.07559869311228951
1692 0.0755971742185934
1693 0.07559565822483214
1694 0.07559414556356332
1695 0.07559263666597832
1696 0.07559113196333139
1697 0.07558963189843659
1698 0.0755881369183914
1699 0.0755866474704166
1700 0.07558516399955087
1701 0.07558368695002184
1702 0.075582216767083
1703 0.07558075389480025
1704 0.07557929877533021
1705 0.07557785184561737
1706 0.07557641353730152
1707 0.07557498427692402
1708 0.07557356448605194
1709 0.0755721545833779
1710 0.07557075497866605
1711 0.07556936607794958
1712 0.07556798828187436
1713 0.07556662198700852
1714 0.07556526758634831
1715 0.07556392546972349
1716 0.07556259602359501
1717 0.07556127966308371
1718 0.07555997684597349
1719 0.07555868801952635
1720 0.07555741359627449
1721 0.07555615394899459
1722 0.07555490942065016
1723 0.07555368033433679
1724 0.07555246700322235
1725 0.07555126973728646
1726 0.07555008884737024
1727 0.07554892466712664
1728 0.07554777748601366
1729 0.07554664762418589
1730 0.07554553540010089
1731 0.07554444113018544
1732 0.07554336512779804
1733 0.07554230770207043
1734 0.07554126915682426
1735 0.07554024978966355
1736 0.07553924990021556
1737 0.07553826976603716
1738 0.07553730966407202
1739 0.07553636985714267
1740 0.07553545059237905
1741 0.07553455210247986
1742 0.07553367460992573
1743 0.07553281833096967
1744 0.07553198347860672
1745 0.07553117026387418
1746 0.07553037889577711
1747 0.07552960958015792
1748 0.07552886252017421
1749 0.07552813791466334
1750 0.07552743595638384
1751 0.07552675683016018
1752 0.07552610071139511
1753 0.07552546776535249
1754 0.07552485814637309
1755 0.07552427199881255
1756 0.07552370945705439
1757 0.07552317064673558
1758 0.07552265568525741
1759 0.07552216468182976
1760 0.07552169773799078
1761 0.0755212549472751
1762 0.07552083639288233
1763 0.07552044214940637
1764 0.0755200722835003
1765 0.07551972685421809
1766 0.07551940591202633
1767 0.07551910949921127
1768 0.07551883765080093
1769 0.07551859039465818
1770 0.07551836775161597
1771 0.07551816973561655
1772 0.07551799635396204
1773 0.07551784760777555
1774 0.07551772349095265
1775 0.07551762431349211
1776 0.07551755002355726
1777 0.0755175004476531
1778 0.07551747547136342
1779 0.07551747501182769
1780 0.07551749900852552
1781 0.07551754740619626
1782 0.07551762014141966
1783 0.07551771713962781
1784 0.07551783831416901
1785 0.07551798357338492
1786 0.07551815282094168
1787 0.07551834594338085
1788 0.07551856281352132
1789 0.07551880329409059
1790 0.07551906723980917
1791 0.07551935449866247
1792 0.07551966474165979
1793 0.0755199973337195
1794 0.07552035170456235
1795 0.07552072741410575
1796 0.07552112416288223
1797 0.0755215417630738
1798 0.07552198010365584
1799 0.07552243911687528
1800 0.07552291875187871
1801 0.07552341895552278
1802 0.07552393965966611
1803 0.07552448077388729
1804 0.07552504218102316
1805 0.07552562373632267
1806 0.07552622526869109
1807 0.07552684658289344
1808 0.07552748746206649
1809 0.07552814767018362
1810 0.07552882692118168
1811 0.07552952487408111
1812 0.07553024117094975
1813 0.07553097545936434
1814 0.07553172740410946
1815 0.07553249669038949
1816 0.07553328302202417
1817 0.07553408611785484
1818 0.07553490570703934
1819 0.07553574152388108
1820 0.07553659330358058
1821 0.07553746077892962
1822 0.07553834367748043
1823 0.07553924171949734
1824 0.07554015461656496
1825 0.07554108207126488
1826 0.07554202377454695
1827 0.07554297940681652
1828 0.07554394864078939
1829 0.07554493114167157
1830 0.07554592656775258
1831 0.07554693457129186
1832 0.07554795479921207
1833 0.0755489868939654
1834 0.07555003049960589
1835 0.07555108524740721
1836 0.07555215076972933
1837 0.07555322669899035
1838 0.07555431266281218
1839 0.07555540828671969
1840 0.07555651319512774
1841 0.0755576270113572
1842 0.07555874935808729
1843 0.07555987985808464
1844 0.07556101824510887
1845 0.07556216424927134
1846 0.07556331755651263
1847 0.07556447780779833
1848 0.0755656446092634
1849 0.07556681754516899
1850 0.07556799618832569
1851 0.07556918010762136
1852 0.07557036887300891
1853 0.0755715620542034
1854 0.0755727592303112
1855 0.0755739599853085
1856 0.07557516390879576
1857 0.07557637059454096
1858 0.07557757963965335
1859 0.07557879064326324
1860 0.07558000320561897
1861 0.07558121692777182
1862 0.07558243141134864
1863 0.07558364625958471
1864 0.07558486107821005
1865 0.07558607547654377
1866 0.07558728906770378
1867 0.07558850146802265
1868 0.07558971229589032
1869 0.07559092117048886
1870 0.07559212771107479
1871 0.07559333153689556
1872 0.07559453226764261
1873 0.07559572953642019
1874 0.07559692295159666
1875 0.07559811214517877
1876 0.07559929674039442
1877 0.0756004763650608
1878 0.07560165064941823
1879 0.0756028192270119
1880 0.07560398173526069
1881 0.07560513781589547
1882 0.07560628711455415
1883 0.07560742928138055
1884 0.07560856397083318
1885 0.07560969084163084
1886 0.07561080955687886
1887 0.07561191978423035
1888 0.07561302119598703
1889 0.07561411346965513
1890 0.07561519629157083
1891 0.07561626935124488
1892 0.07561733234390848
1893 0.07561838496547746
1894 0.07561942691385899
1895 0.07562045789294038
1896 0.07562147761117481
1897 0.07562248578031697
1898 0.07562348211495436
1899 0.07562446632318177
1900 0.07562543809342727
1901 0.07562639758604149
1902 0.07562734481262981
1903 0.07562827949517803
1904 0.07562920125516431
1905 0.07563010969713728
1906 0.07563100444502835
1907 0.07563188515531584
1908 0.07563275151771393
1909 0.07563360325205282
1910 0.0756344401040029
1911 0.07563526184076681
1912 0.07563606824758759
1913 0.07563685912481695
1914 0.07563763428450801
1915 0.07563839354889888
1916 0.07563913674828418
1917 0.07563986371970852
1918 0.07564057430614156
1919 0.07564126835600561
1920 0.07564194572277841
1921 0.07564260626463187
1922 0.07564324981482644
1923 0.07564387626592568
1924 0.07564448549237505
1925 0.0756450773708067
1926 0.07564565178028319
1927 0.07564620860229658
1928 0.07564674772158986
1929 0.07564726902771952
1930 0.07564777241690203
1931 0.07564825779373803
1932 0.07564872507279283
1933 0.07564917417901819
1934 0.07564960504753993
1935 0.07565001762312218
1936 0.07565041185953256
1937 0.07565078771842962
1938 0.07565114516964062
1939 0.07565148419093376
1940 0.07565180476757838
1941 0.07565210689221583
1942 0.07565239056417254
1943 0.0756526557892381
1944 0.07565290257947917
1945 0.07565313095304824
1946 0.07565334093408375
1947 0.0756535325526458
1948 0.07565370584461102
1949 0.07565386085916845
1950 0.07565399765034907
1951 0.07565411626917336
1952 0.0756542167716231
1953 0.07565429921930197
1954 0.07565436367502587
1955 0.07565441020911917
1956 0.07565443889924502
1957 0.07565444983095393
1958 0.07565444309826658
1959 0.07565441880379746
1960 0.07565437705894064
1961 0.0756543179836737
1962 0.07565424170631278
1963 0.07565414836246707
1964 0.07565403809487663
1965 0.07565391105281055
1966 0.07565376739188169
1967 0.07565360727368554
1968 0.07565343086554469
1969 0.07565323834214679
1970 0.07565302988028788
1971 0.07565280566318917
1972 0.07565256587928505
1973 0.07565231072027599
1974 0.07565204038089181
1975 0.07565175505885902
1976 0.07565145495772813
1977 0.07565114028677791
1978 0.07565081126145266
1979 0.07565046810243002
1980 0.07565011103593526
1981 0.07564974029268651
1982 0.07564935610742253
1983 0.0756489587186247
1984 0.075648548370871
1985 0.07564812530912417
1986 0.07564768978307861
1987 0.07564724204598852
1988 0.07564678235682072
1989 0.07564631097886564
1990 0.07564582817994027
1991 0.07564533422933953
1992 0.07564482939910321
1993 0.07564431396792949
1994 0.07564378822015436
1995 0.07564325244435613
1996 0.07564270693300432
1997 0.07564215197847182
1998 0.07564158786357242
1999 0.07564101486310557
2000 0.07564043325043139
2001 0.07563984329550068
2002 0.07563924527385854
2003 0.07563863946907522
2004 0.075638026173798
2005 0.07563740568963936
2006 0.07563677832633864
2007 0.07563614440061599
2008 0.07563550423496723
2009 0.07563485815649711
2010 0.07563420649584791
2011 0.07563354958630175
2012 0.07563288776302125
2013 0.07563222136239946
2014 0.07563155072153852
2015 0.07563087617791148
2016 0.07563019806912655
2017 0.07562951676699316
2018 0.07562883268407181
2019 0.07562814621956949
2020 0.07562745774237802
2021 0.07562676759337722
2022 0.07562607610335241
2023 0.07562538357262831
2024 0.0756246903057122
2025 0.07562399660728182
2026 0.07562330278461227
2027 0.07562260914881443
2028 0.07562191601418256
2029 0.07562122369855367
2030 0.0756205325229128
2031 0.07561984281080712
2032 0.07561915488649265
2033 0.07561846907658254
2034 0.07561778572379074
2035 0.07561710514217958
2036 0.07561642767003364
2037 0.07561575362872787
2038 0.07561508334517511
2039 0.07561441714488462
2040 0.07561375535146332
2041 0.07561309828600539
2042 0.0756124462672474
2043 0.07561179961017761
2044 0.075611158624092
2045 0.07561052361675671
2046 0.07560989489573766
2047 0.07560927276993344
2048 0.07560865754856028
2049 0.07560804953982601
2050 0.07560744904914986
2051 0.07560685637772442
2052 0.07560627182139844
2053 0.07560569567071748
2054 0.07560512821072263
2055 0.07560456972128206
2056 0.07560402047761912
2057 0.0756034807508878
2058 0.07560295080866676
2059 0.0756024309153577
2060 0.0756019213324198
2061 0.07560142231766377
2062 0.07560093412601226
2063 0.07560045700829794
2064 0.07559999121262748
2065 0.0755995369847963
2066 0.07559909456804598
2067 0.07559866420359912
2068 0.07559824612750725
2069 0.07559784057241997
2070 0.07559744776680309
2071 0.07559706793466041
2072 0.07559670129613529
2073 0.07559634806642344
2074 0.075596008454478
2075 0.07559568266431052
2076 0.07559537089556992
2077 0.0755950733432319
2078 0.07559479019783309
2079 0.07559452164442836
2080 0.07559426786321977
2081 0.07559402902855021
2082 0.07559380530879414
2083 0.07559359686772055
2084 0.07559340386463975
2085 0.07559322645420619
2086 0.07559306478611234
2087 0.07559291900460328
2088 0.07559278924802562
2089 0.075592675648501
2090 0.07559257833173194
2091 0.07559249741704981
2092 0.0755924330176293
2093 0.07559238524086606
2094 0.07559235418882193
2095 0.0755923399586223
2096 0.07559234264267137
2097 0.07559236232866257
2098 0.07559239909991723
2099 0.07559245303518382
2100 0.0755925242083485
2101 0.07559261268822226
2102 0.07559271853829165
2103 0.07559284181658622
2104 0.07559298257550431
2105 0.07559314086168628
2106 0.07559331671589697
2107 0.07559351017290625
2108 0.07559372126139713
2109 0.0755939500038362
2110 0.07559419641658491
2111 0.07559446050985977
2112 0.0755947422877476
2113 0.07559504174825703
2114 0.07559535888340095
2115 0.07559569367928927
2116 0.07559604611622947
2117 0.07559641616881177
2118 0.07559680380595138
2119 0.07559720899092963
2120 0.07559763168171099
2121 0.07559807183064989
2122 0.07559852938456202
2123 0.07559900428477929
2124 0.07559949646725746
2125 0.07560000586267678
2126 0.07560053239751277
2127 0.0756010759918129
2128 0.07560163656095323
2129 0.07560221401525127
2130 0.07560280825996644
2131 0.07560341919527711
2132 0.07560404671628478
2133 0.07560469071302971
2134 0.07560535107052106
2135 0.07560602766877894
2136 0.07560672038232276
2137 0.07560742908059902
2138 0.07560815362884335
2139 0.07560889388778408
2140 0.07560964971346651
2141 0.07561042095725057
2142 0.07561120746592709
2143 0.07561200908190734
2144 0.07561282564324708
2145 0.0756136569836688
2146 0.07561450293267974
2147 0.07561536331562323
2148 0.07561623795372879
2149 0.07561712655163534
2150 0.07561802868715382
2151 0.07561894393938813
2152 0.0756198719414841
2153 0.0756208123861081
2154 0.07562176501434044
2155 0.07562272960116366
2156 0.07562370594267374
2157 0.07562469384628344
2158 0.07562569312374233
2159 0.0756267035864859
2160 0.0756277250427137
2161 0.07562875729561276
2162 0.07562980014248194
2163 0.07563085337439571
2164 0.07563191677622456
2165 0.07563299012715509
2166 0.07563407320040688
2167 0.07563516576438864
2168 0.07563626758280627
2169 0.07563737841503666
2170 0.07563849801665602
2171 0.07563962613934418
2172 0.07564076253132274
2173 0.07564190693758158
2174 0.07564305910010896
2175 0.0756442187580931
2176 0.07564538564811214
2177 0.07564655950432286
2178 0.07564774005861991
2179 0.07564892704072267
2180 0.0756501201782679
2181 0.07565131919624771
2182 0.0756525238179023
2183 0.07565373376512959
2184 0.07565494875852659
2185 0.07565616851740657
2186 0.07565739275983609
2187 0.0756586212027253
2188 0.07565985356195999
2189 0.07566108955248266
2190 0.07566232888842223
2191 0.07566357128327895
2192 0.07566481644988113
2193 0.07566606410040978
2194 0.07566731394645618
2195 0.07566856569907242
2196 0.07566981906884757
2197 0.07567107374519985
2198 0.07567232940899379
2199 0.07567358575545854
2200 0.07567484248911627
2201 0.07567609932026328
2202 0.07567735596252816
2203 0.07567861213188497
2204 0.07567986754440867
2205 0.07568112191618055
2206 0.07568237496344188
2207 0.07568362640258559
2208 0.075684875950301
2209 0.07568612332378628
2210 0.07568736824098486
2211 0.07568861041869103
2212 0.0756898495744559
2213 0.07569108542771574
2214 0.07569231770009704
2215 0.07569354611539664
2216 0.07569477039949705
2217 0.07569599028031383
2218 0.07569720548778781
2219 0.07569841575392289
2220 0.07569962081282827
2221 0.07570082040076703
2222 0.07570201425620458
2223 0.07570320211985594
2224 0.07570438373472335
2225 0.07570555884613429
2226 0.07570672720211179
2227 0.07570788855263598
2228 0.07570904265020803
2229 0.07571018924983688
2230 0.07571132810908901
2231 0.07571245898814327
2232 0.07571358164986057
2233 0.07571469585990885
2234 0.07571580138688752
2235 0.07571689800242834
2236 0.07571798548133475
2237 0.07571906360168161
2238 0.07572013214495953
2239 0.07572119089619651
2240 0.07572223964404999
2241 0.07572327818087005
2242 0.07572430630278085
2243 0.07572532380967771
2244 0.07572633050530832
2245 0.07572732619727532
2246 0.07572831070636468
2247 0.07572928383911917
2248 0.0757302454146669
2249 0.07573119525568812
2250 0.07573213318927755
2251 0.07573305994941393
2252 0.07573397514858878
2253 0.07573487833296225
2254 0.07573576916119938
2255 0.07573664736399875
2256 0.07573751272109251
2257 0.07573836505347956
2258 0.07573920419117559
2259 0.07574002998982088
2260 0.07574084231684403
2261 0.07574164104772028
2262 0.07574242606443285
2263 0.07574319725444306
2264 0.07574395450999509
2265 0.07574469772769586
2266 0.0757454268083053
2267 0.07574614165666596
2268 0.07574684218172524
2269 0.07574752829661935
2270 0.07574819991880098
2271 0.07574885697020305
2272 0.07574949937739184
2273 0.07575012707170919
2274 0.07575073998935268
2275 0.07575133807138969
2276 0.07575192126607483
2277 0.07575248952159018
2278 0.07575304279358507
2279 0.07575358104244893
2280 0.07575410423347489
2281 0.07575461233663838
2282 0.07575510532664786
2283 0.07575558318287449
2284 0.07575604588929262
2285 0.07575649343445137
2286 0.07575692581150043
2287 0.07575734301815661
2288 0.07575774505671351
2289 0.07575813193417048
2290 0.07575850366237945
2291 0.07575886025813144
2292 0.07575920174317402
2293 0.07575952814417741
2294 0.07575983949269585
2295 0.07576013582511984
2296 0.07576041718261897
2297 0.07576068361119682
2298 0.07576093516171736
2299 0.07576117188982553
2300 0.07576139385581887
2301 0.07576160112441713
2302 0.07576179376463661
2303 0.07576197184972784
2304 0.07576213545715559
2305 0.07576228466857682
2306 0.07576241956981819
2307 0.07576254025086426
2308 0.07576264680584902
2309 0.07576273933304209
2310 0.0757628179348323
2311 0.07576288271776604
2312 0.07576293379270253
2313 0.07576297127441482
2314 0.07576299528171458
2315 0.07576300593779066
2316 0.07576300336933205
2317 0.07576298770692209
2318 0.07576295908841421
2319 0.07576291764892988
2320 0.07576286353008951
2321 0.07576279687748115
2322 0.07576271784057559
2323 0.07576262656906627
2324 0.07576252320980176
2325 0.07576240791917305
2326 0.07576228086036085
2327 0.07576214220162437
2328 0.07576199211532268
2329 0.07576183077738394
2330 0.07576165836513207
2331 0.0757614750567074
2332 0.07576128103242785
2333 0.07576107647644409
2334 0.07576086157709831
2335 0.07576063652529119
2336 0.0757604015151198
2337 0.07576015674420367
2338 0.07575990241362424
2339 0.07575963872775537
2340 0.07575936589382745
2341 0.07575908412151731
2342 0.07575879362313596
2343 0.07575849461298965
2344 0.07575818730782681
2345 0.07575787192693363
2346 0.07575754869199643
2347 0.07575721782691304
2348 0.07575687955752468
2349 0.07575653411092446
2350 0.07575618172506902
2351 0.0757558226159714
2352 0.07575545701506231
2353 0.07575508515399944
2354 0.0757547072656921
2355 0.07575432358464319
2356 0.07575393434959939
2357 0.07575353979764422
2358 0.07575314016916763
2359 0.07575273570560194
2360 0.07575232665006526
2361 0.07575191325336644
2362 0.07575149575460059
2363 0.07575107439940608
2364 0.07575064943386581
2365 0.07575022110420258
2366 0.07574978965557243
2367 0.07574935533421788
2368 0.07574891838637496
2369 0.07574847905843707
2370 0.0757480375973697
2371 0.07574759424957021
2372 0.07574714925850136
2373 0.07574670286301496
2374 0.07574625529766692
2375 0.07574580679431181
2376 0.07574535758596763
2377 0.0757449079091241
2378 0.07574445800448636
2379 0.07574400811654756
2380 0.07574355849224537
2381 0.07574310938043977
2382 0.07574266103123584
2383 0.07574221369545789
2384 0.07574176762468683
2385 0.07574132306992855
2386 0.0757408802824326
2387 0.07574043951364923
2388 0.07574000101515617
2389 0.07573956503835047
2390 0.07573913183401411
2391 0.07573870165177167
2392 0.07573827473952852
2393 0.07573785134293595
2394 0.07573743170491536
2395 0.07573701606526929
2396 0.07573660466038204
2397 0.07573619772301819
2398 0.07573579548220903
2399 0.07573539816322528
2400 0.07573500598761569
2401 0.07573461917331357
2402 0.07573423793493338
2403 0.0757338624839016
2404 0.07573349302859057
2405 0.07573312977444625
2406 0.07573277292348027
2407 0.07573242267514889
2408 0.07573207922688167
2409 0.07573174277401507
2410 0.07573141350971332
2411 0.07573109162492905
2412 0.07573077730839908
2413 0.07573047074667762
2414 0.07573017212385509
2415 0.07572988162005591
2416 0.07572959941326801
2417 0.07572932568018334
2418 0.07572906059623515
2419 0.07572880433532359
2420 0.07572855706950125
2421 0.075728318968692
2422 0.07572809020055403
2423 0.07572787093024796
2424 0.07572766132023676
2425 0.0757274615332013
2426 0.07572727172932309
2427 0.07572709206488472
2428 0.0757269226915237
2429 0.07572676375666908
2430 0.0757266154038372
2431 0.0757264777727113
2432 0.07572635099899093
2433 0.07572623521413632
2434 0.07572613054511405
2435 0.07572603711422461
2436 0.0757259550390338
2437 0.07572588443107982
2438 0.07572582539563275
2439 0.07572577803376904
2440 0.0757257424435905
2441 0.07572571872079951
2442 0.07572570695845664
2443 0.07572570728595843
2444 0.0757257197999929
2445 0.07572574457909335
2446 0.07572578169332903
2447 0.07572583120861441
2448 0.07572589318846021
2449 0.07572596769441561
2450 0.07572605478603239
2451 0.0757261545205751
2452 0.07572626695262377
2453 0.07572639213359714
2454 0.07572653011132963
2455 0.07572668092970729
2456 0.07572684462839896
2457 0.07572702124263754
2458 0.07572721080308133
2459 0.07572741333571154
2460 0.07572762886182872
2461 0.07572785739805044
2462 0.0757280989563494
2463 0.07572835354410859
2464 0.07572862116418491
2465 0.07572890181499417
2466 0.07572919549059746
2467 0.07572950218079516
2468 0.07572982187122813
2469 0.07573015454343861
2470 0.07573050017495812
2471 0.0757308587393828
2472 0.07573123020641535
2473 0.07573161454187743
2474 0.07573201170768341
2475 0.07573242166190396
2476 0.07573284435877244
2477 0.07573327974848208
2478 0.07573372777750075
2479 0.07573418838870703
2480 0.07573466152141134
2481 0.0757351471113351
2482 0.07573564509058087
2483 0.07573615538756504
2484 0.07573667792701913
2485 0.07573721262861401
2486 0.0757377594066516
2487 0.07573831817207549
2488 0.07573888883351076
2489 0.07573947129739388
2490 0.07574006546754254
2491 0.07574067124465737
2492 0.07574128852600655
2493 0.07574191720528978
2494 0.07574255717615549
2495 0.07574320833676169
2496 0.07574387058108553
2497 0.07574454379551614
2498 0.07574522785911787
2499 0.07574592264448905
2500 0.07574662801929416
2501 0.07574734384743591
2502 0.07574806998975842
2503 0.07574880630467005
2504 0.07574955264784186
2505 0.07575030887229037
2506 0.07575107482855002
2507 0.07575185036730679
2508 0.07575263533725417
2509 0.07575342958413306
2510 0.07575423295019199
2511 0.07575504527456862
2512 0.07575586639355907
2513 0.07575669614072424
2514 0.07575753435658705
2515 0.07575838086056282
2516 0.07575923547667515
2517 0.07576009802635625
2518 0.07576096832814863
2519 0.0757618461977842
2520 0.07576273144835356
2521 0.0757636238905021
2522 0.07576452333264733
2523 0.07576542958122952
2524 0.07576634244097165
2525 0.07576726171513616
2526 0.07576818720576257
2527 0.07576911871390078
2528 0.07577005603979213
2529 0.07577099898302818
2530 0.07577194734258179
2531 0.07577290091663615
2532 0.07577385950262985
2533 0.07577482289728293
2534 0.07577579089661637
2535 0.07577676329593974
2536 0.07577773988982185
2537 0.07577872047204516
2538 0.07577970483556903
2539 0.07578069277247688
2540 0.07578168407393931
2541 0.0757826785302108
2542 0.07578367593064847
2543 0.07578467606372466
2544 0.07578567871705502
2545 0.07578668367746219
2546 0.07578769073105678
2547 0.07578869966333854
2548 0.07578971025930371
2549 0.07579072230355736
2550 0.07579173558042383
2551 0.07579274987394502
2552 0.07579376496744684
2553 0.07579478064441411
2554 0.07579579668878737
2555 0.07579681288499725
2556 0.0757978290179514
2557 0.07579884487304359
2558 0.07579986023618873
2559 0.07580087489386281
2560 0.07580188863314767
2561 0.0758029012417728
2562 0.0758039125081609
2563 0.07580492222103273
2564 0.07580593016976182
2565 0.0758069361448644
2566 0.07580793993796935
2567 0.07580894134173277
2568 0.07580994014981279
2569 0.07581093615636432
2570 0.07581192915272413
2571 0.07581291893382271
2572 0.07581390529691612
2573 0.07581488804109114
2574 0.07581586696702308
2575 0.07581684187689437
2576 0.07581781257437939
2577 0.07581877886490174
2578 0.07581974055517959
2579 0.07582069745362828
2580 0.07582164937038717
2581 0.07582259611740307
2582 0.07582353750853019
2583 0.07582447335945657
2584 0.07582540348792284
2585 0.0758263277137198
2586 0.07582724585871571
2587 0.07582815774688197
2588 0.07582906320276031
2589 0.07582996205268468
2590 0.07583085412572602
2591 0.07583173925390832
2592 0.07583261727211361
2593 0.07583348801791807
2594 0.07583435133146146
2595 0.07583520705537344
2596 0.07583605503472775
2597 0.07583689511709085
2598 0.07583772715246681
2599 0.07583855099330068
2600 0.07583936649446445
2601 0.0758401735132916
2602 0.07584097190963639
2603 0.07584176154597692
2604 0.07584254228754041
2605 0.07584331400244784
2606 0.07584407656180819
2607 0.07584482983983866
2608 0.07584557371391804
2609 0.07584630806461713
2610 0.07584703277570319
2611 0.07584774773412194
2612 0.0758484528299794
2613 0.07584914795650521
2614 0.07584983301003159
2615 0.07585050788997445
2616 0.07585117249882627
2617 0.07585182674215635
2618 0.07585247052861892
2619 0.07585310376996413
2620 0.07585372638105685
2621 0.07585433827990394
2622 0.07585493938768224
2623 0.07585552962877383
2624 0.07585610893080631
2625 0.07585667722469285
2626 0.07585723444467156
2627 0.07585778052832859
2628 0.07585831541662175
2629 0.07585883905391591
2630 0.07585935138800939
2631 0.07585985237017842
2632 0.07586034195517442
2633 0.07586082010124494
2634 0.07586128677013744
2635 0.07586174192710415
2636 0.07586218554090031
2637 0.07586261758379105
2638 0.07586303803156544
2639 0.07586344686350623
2640 0.07586384406237399
2641 0.0758642296143988
2642 0.07586460350928163
2643 0.07586496574019704
2644 0.07586531630379553
2645 0.07586565520019514
2646 0.07586598243297377
2647 0.07586629800915359
2648 0.07586660193917978
2649 0.0758668942369011
2650 0.07586717491955183
2651 0.07586744400866915
2652 0.07586770152752947
2653 0.07586794750323421
2654 0.07586818196625497
2655 0.07586840495038803
2656 0.07586861649270783
2657 0.07586881663353998
2658 0.07586900542053167
2659 0.07586918290556513
2660 0.07586934914300444
2661 0.07586950418873614
2662 0.07586964810076138
2663 0.07586978093973594
2664 0.07586990276473563
2665 0.07587001363234824
2666 0.07587011360262158
2667 0.07587020274180022
2668 0.0758702811223009
2669 0.07587034882112589
2670 0.07587040591826161
2671 0.07587045249575998
2672 0.07587048863777278
2673 0.07587051443031137
2674 0.07587052996179161
2675 0.07587053532384064
2676 0.07587053061192396
2677 0.07587051592569903
2678 0.07587049136914979
2679 0.07587045705048891
2680 0.0758704130819174
2681 0.07587035957929963
2682 0.07587029666181259
2683 0.07587022445156545
2684 0.07587014307323799
2685 0.07587005265373548
2686 0.07586995332185315
2687 0.07586984520802748
2688 0.07586972844411906
2689 0.07586960316345411
2690 0.07586946950068492
2691 0.07586932759184102
2692 0.07586917757425446
2693 0.07586901958641713
2694 0.07586885376836747
2695 0.07586868026183416
2696 0.07586849921073034
2697 0.07586831076009115
2698 0.07586811505687577
2699 0.07586791224988111
2700 0.07586770248976145
2701 0.07586748592903385
2702 0.07586726272207142
2703 0.0758670330250328
2704 0.07586679699519032
2705 0.07586655479169403
2706 0.07586630657574055
2707 0.07586605251037865
2708 0.07586579276015021
2709 0.07586552749116457
2710 0.075865256871171
2711 0.07586498106955984
2712 0.0758647002572895
2713 0.07586441460676903
2714 0.07586412429180514
2715 0.07586382948754855
2716 0.07586353037004059
2717 0.07586322711624709
2718 0.07586291990405841
2719 0.0758626089121259
2720 0.07586229431972065
2721 0.07586197630663523
2722 0.07586165505320533
2723 0.07586133074030954
2724 0.07586100354936473
2725 0.07586067366231213
2726 0.07586034126157494
2727 0.07586000653000836
2728 0.07585966965084406
2729 0.07585933080762378
2730 0.07585899018413809
2731 0.07585864796437101
2732 0.07585830433243414
2733 0.07585795947251164
2734 0.07585761356884324
2735 0.07585726680550554
2736 0.07585691936619236
2737 0.07585657143372482
2738 0.07585622319120056
2739 0.07585587482248088
2740 0.07585552651193368
2741 0.07585517844386769
2742 0.07585483080202569
2743 0.07585448376922874
2744 0.07585413752717161
2745 0.07585379225630298
2746 0.07585344813578168
2747 0.07585310534346841
2748 0.07585276405596528
2749 0.07585242444867439
2750 0.07585208669565005
2751 0.0758517509695328
2752 0.07585141744228063
2753 0.07585108628525855
2754 0.07585075766916048
2755 0.07585043176393695
2756 0.07585010873873507
2757 0.07584978876183943
2758 0.07584947200063043
2759 0.07584915862153191
2760 0.07584884878987748
2761 0.07584854266977087
2762 0.07584824042371519
2763 0.07584794221136969
2764 0.07584764819085936
2765 0.07584735851934742
2766 0.07584707335301212
2767 0.07584679284681085
2768 0.07584651715422466
2769 0.07584624642706136
2770 0.07584598081530941
2771 0.07584572046704809
2772 0.07584546552838491
2773 0.07584521614341898
2774 0.07584497245420892
2775 0.07584473460075335
2776 0.075844502720966
2777 0.07584427695065118
2778 0.07584405742348269
2779 0.07584384427095064
2780 0.07584363762232151
2781 0.07584343760460517
2782 0.07584324434254586
2783 0.07584305795861616
2784 0.07584287857301042
2785 0.07584270630363242
2786 0.07584254126607996
2787 0.07584238357362667
2788 0.07584223333721413
2789 0.07584209066539151
2790 0.07584195566429479
2791 0.07584182843763078
2792 0.07584170908657925
2793 0.07584159770976333
2794 0.07584149440337709
2795 0.0758413992611643
2796 0.07584131237430287
2797 0.07584123383137741
2798 0.07584116371836126
2799 0.07584110211858663
2800 0.07584104911272023
2801 0.07584100477872992
2802 0.07584096919187337
2803 0.07584094242466148
2804 0.07584092454683083
2805 0.07584091562531939
2806 0.07584091572424077
2807 0.07584092490487292
2808 0.07584094322565446
2809 0.07584097074218385
2810 0.07584100750721653
2811 0.07584105357065191
2812 0.07584110897950132
2813 0.07584117377780772
2814 0.07584124800668202
2815 0.07584133170429835
2816 0.07584142490587299
2817 0.0758415276436149
2818 0.07584163994667796
2819 0.07584176184113543
2820 0.07584189334999827
2821 0.07584203449328142
2822 0.07584218528803807
2823 0.07584234574847094
2824 0.07584251588601296
2825 0.0758426957093862
2826 0.07584288522463452
2827 0.0758430844351371
2828 0.07584329334160281
2829 0.07584351194205152
2830 0.07584374023177787
2831 0.07584397820330825
2832 0.07584422584635635
2833 0.07584448314777513
2834 0.07584475009151463
2835 0.0758450266585598
2836 0.0758453128268736
2837 0.07584560857141549
2838 0.07584591386417286
2839 0.07584622867419621
2840 0.07584655296762401
2841 0.07584688670770821
2842 0.07584722985483716
2843 0.07584758236655485
2844 0.07584794419758006
2845 0.07584831529984234
2846 0.07584869562251691
2847 0.07584908511208649
2848 0.07584948371235554
2849 0.07584989136452475
2850 0.07585030800726444
2851 0.07585073357677692
2852 0.07585116800681971
2853 0.07585161122873439
2854 0.07585206317147279
2855 0.07585252376162858
2856 0.07585299292346101
2857 0.07585347057891451
2858 0.0758539566476253
2859 0.0758544510469307
2860 0.07585495369187288
2861 0.07585546449512862
2862 0.07585598336690316
2863 0.07585651021513092
2864 0.07585704494556646
2865 0.07585758746180545
2866 0.07585813766529258
2867 0.07585869545532707
2868 0.07585926072902309
2869 0.07585983338130692
2870 0.07586041330509284
2871 0.07586100039133768
2872 0.07586159452904503
2873 0.07586219560530291
2874 0.07586280350531362
2875 0.07586341811244195
2876 0.07586403930826248
2877 0.07586466697260515
2878 0.07586530098360252
2879 0.0758659412177318
2880 0.07586658754985685
2881 0.07586723985326638
2882 0.07586789799971058
2883 0.07586856185943669
2884 0.07586923130117186
2885 0.07586990619215885
2886 0.07587058639822251
2887 0.07587127178383024
2888 0.07587196221214156
2889 0.07587265754505237
2890 0.07587335764323537
2891 0.07587406236617586
2892 0.07587477157221209
2893 0.07587548511858157
2894 0.07587620286146848
2895 0.07587692465603453
2896 0.07587765035624747
2897 0.07587837981506977
2898 0.07587911288466787
2899 0.07587984941647569
2900 0.07588058926120901
2901 0.07588133226888347
2902 0.075882078288835
2903 0.07588282716976671
2904 0.07588357875977804
2905 0.07588433290640552
2906 0.07588508945665366
2907 0.07588584825703364
2908 0.07588660915359351
2909 0.07588737199195085
2910 0.07588813661732492
2911 0.07588890287457312
2912 0.0758896706082248
2913 0.07589043966251657
2914 0.07589120988140972
2915 0.07589198110862902
2916 0.07589275318771835
2917 0.07589352596197649
2918 0.0758942992748617
2919 0.07589507296999271
2920 0.0758958468912183
2921 0.0758966208826094
2922 0.07589739478828106
2923 0.0758981684524373
2924 0.07589894171950104
2925 0.07589971443421926
2926 0.07590048644173703
2927 0.07590125758760216
2928 0.07590202771789965
2929 0.07590279667923445
2930 0.07590356431877385
2931 0.07590433048425914
2932 0.07590509502407587
2933 0.07590585778729253
2934 0.07590661862371359
2935 0.07590737738392356
2936 0.07590813391934188
2937 0.07590888808225811
2938 0.07590963972588589
2939 0.07591038870444783
2940 0.07591113487325146
2941 0.07591187808875664
2942 0.07591261820860139
2943 0.07591335509159382
2944 0.07591408859769171
2945 0.07591481858792513
2946 0.07591554492433431
2947 0.07591626746994345
2948 0.0759169860887631
2949 0.07591770064582784
2950 0.0759184110068532
2951 0.07591911703872163
2952 0.07591981860977541
2953 0.07592051558983862
2954 0.07592120785021378
2955 0.0759218952636953
2956 0.07592257770452551
2957 0.07592325504867825
2958 0.07592392717392213
2959 0.07592459395982029
2960 0.07592525528769835
2961 0.07592591104064376
2962 0.07592656110351384
2963 0.07592720536295895
2964 0.07592784370745466
2965 0.07592847602733832
2966 0.0759291022148411
2967 0.07592972216412912
2968 0.07593033577121992
2969 0.07593094293392717
2970 0.07593154355213368
2971 0.07593213752786336
2972 0.07593272476466686
2973 0.07593330516746052
2974 0.07593387864340802
2975 0.0759344451022652
2976 0.07593500445636324
2977 0.07593555662048421
2978 0.0759361015116647
2979 0.07593663904913915
2980 0.07593716915441971
2981 0.07593769175132584
2982 0.07593820676595822
2983 0.07593871412665287
2984 0.07593921376394897
2985 0.07593970561056522
2986 0.07594018960139207
2987 0.07594066567349211
2988 0.07594113376610871
2989 0.07594159382067922
2990 0.07594204578085119
2991 0.07594248959258262
2992 0.07594292520395525
2993 0.07594335256532844
2994 0.07594377162935012
2995 0.07594418235098885
2996 0.07594458468755398
2997 0.07594497859872211
2998 0.07594536404656002
2999 0.0759457409955525
3000 0.07594610941262864
3001 0.07594646926718514
3002 0.07594682053110612
3003 0.07594716317878147
3004 0.07594749718711703
3005 0.07594782253554164
3006 0.07594813920600975
3007 0.07594844718299282
3008 0.07594874645347427
3009 0.07594903700693041
3010 0.07594931883532016
3011 0.07594959193306226
3012 0.07594985629701792
3013 0.07595011192646983
3014 0.07595035882310233
3015 0.0759505969909819
3016 0.07595082643654082
3017 0.07595104716856188
3018 0.0759512591981667
3019 0.07595146253880908
3020 0.0759516572062678
3021 0.07595184321864644
3022 0.07595202059637084
3023 0.07595218936219428
3024 0.07595234954119263
3025 0.07595250116078017
3026 0.07595264425068471
3027 0.07595277884295223
3028 0.07595290497194258
3029 0.07595302267419531
3030 0.07595313198838848
3031 0.07595323295554378
3032 0.07595332561905854
3033 0.07595341002465072
3034 0.07595348622030887
3035 0.07595355425606201
3036 0.07595361418399695
3037 0.07595366605834082
3038 0.0759537099355098
3039 0.0759537458741132
3040 0.07595377393484032
3041 0.07595379418034068
3042 0.07595380667537226
3043 0.07595381148682212
3044 0.07595380868366745
3045 0.07595379833692355
3046 0.0759537805195884
3047 0.07595375530659695
3048 0.07595372277478192
3049 0.07595368300284146
3050 0.07595363607131314
3051 0.07595358206254883
3052 0.07595352106069841
3053 0.07595345315169036
3054 0.07595337842320772
3055 0.07595329696466789
3056 0.07595320886720253
3057 0.07595311422368192
3058 0.07595301312860274
3059 0.07595290567807439
3060 0.07595279196976784
3061 0.0759526721027501
3062 0.0759525461777308
3063 0.07595241429706914
3064 0.07595227656470166
3065 0.07595213308605935
3066 0.07595198396800289
3067 0.07595182931876393
3068 0.07595166924790175
3069 0.07595150386625793
3070 0.07595133328591756
3071 0.07595115762016971
3072 0.07595097698347074
3073 0.07595079149140438
3074 0.07595060126064668
3075 0.07595040640892949
3076 0.07595020705501512
3077 0.07595000331868366
3078 0.07594979532070532
3079 0.07594958318282541
3080 0.07594936702774163
3081 0.07594914697907625
3082 0.07594892316133944
3083 0.07594869569988368
3084 0.07594846472085685
3085 0.07594823035115342
3086 0.0759479927183693
3087 0.07594775195075942
3088 0.07594750817718465
3089 0.07594726152708652
3090 0.07594701213045689
3091 0.07594676011780824
3092 0.07594650562014392
3093 0.07594624876891531
3094 0.07594598969598093
3095 0.07594572853356155
3096 0.07594546541419482
3097 0.07594520047068136
3098 0.0759449338360227
3099 0.07594466564338594
3100 0.07594439602607661
3101 0.07594412511751746
3102 0.07594385305122865
3103 0.07594357996080026
3104 0.07594330597986404
3105 0.07594303124205837
3106 0.07594275588091162
3107 0.07594248002949611
3108 0.07594220382095018
3109 0.07594192738846769
3110 0.07594165086515915
3111 0.07594137438393971
3112 0.07594109807744971
3113 0.07594082207799698
3114 0.07594054651751332
3115 0.07594027152750304
3116 0.07593999723900433
3117 0.07593972378255544
3118 0.07593945128816301
3119 0.07593917988528093
3120 0.07593890970278537
3121 0.07593864086861017
3122 0.07593837350906214
3123 0.07593810774974413
3124 0.07593784371598597
3125 0.07593758153286835
3126 0.07593732132506535
3127 0.07593706321665289
3128 0.0759368073309679
3129 0.07593655379043755
3130 0.07593630271652163
3131 0.07593605422966704
3132 0.07593580844926008
3133 0.07593556549361011
3134 0.07593532547995638
3135 0.07593508852448183
3136 0.07593485474229603
3137 0.07593462424737719
3138 0.07593439715250258
3139 0.07593417356919936
3140 0.07593395360771255
3141 0.07593373737699301
3142 0.07593352498469212
3143 0.07593331653715475
3144 0.0759331121394078
3145 0.07593291189514728
3146 0.07593271590672264
3147 0.07593252427510822
3148 0.0759323370998649
3149 0.07593215447912323
3150 0.0759319765095551
3151 0.07593180328634971
3152 0.07593163490318597
3153 0.07593147145220513
3154 0.07593131302399134
3155 0.07593115970755145
3156 0.07593101159027409
3157 0.07593086875791845
3158 0.07593073129458895
3159 0.07593059928273829
3160 0.07593047280313968
3161 0.07593035193478598
3162 0.07593023675493626
3163 0.07593012733917601
3164 0.07593002376138551
