"cl-rfile"
"Iteration" "cl"
("Iteration" "cl")
1 -0.02831599737565725
2 -0.02285010390977254
3 -0.0429116970430258
4 -0.07440497841023885
5 -0.1123916412194627
6 -0.154684832463861
7 -0.1997148011861613
8 -0.246316099338818
9 -0.2934124148361247
10 -0.3395699586200694
11 -0.3838134022209084
12 -0.4256471088856058
13 -0.4645276434780354
14 -0.5000093536419504
15 -0.5318974960368249
16 -0.5601057893876278
17 -0.5846374003895521
18 -0.605689828199933
19 -0.6235653282612446
20 -0.6385583000404834
21 -0.6510391597509078
22 -0.6613865894691617
23 -0.6700125033569807
24 -0.6773271447015853
25 -0.6837048743847092
26 -0.689554872566791
27 -0.6952094080188435
28 -0.7009381802020705
29 -0.7069687727382323
30 -0.7134569474702169
31 -0.7205374329275754
32 -0.7282820411736642
33 -0.7367069460216166
34 -0.7458162344168956
35 -0.7555746843644159
36 -0.7659237311512576
37 -0.7767928813128084
38 -0.7881000645361582
39 -0.7997707883852313
40 -0.8117241820261997
41 -0.82387664060054
42 -0.8361724708271916
43 -0.8485383957100793
44 -0.8609189370900385
45 -0.8732660070900837
46 -0.8855301704140405
47 -0.89768032354587
48 -0.9097006301452275
49 -0.9215860330322143
50 -0.933334879324539
51 -0.9449573337670203
52 -0.95646203932419
53 -0.9678658439115659
54 -0.9791835674650479
55 -0.9904223865725509
56 -1.00158027345874
57 -1.012658659588119
58 -1.023639974543732
59 -1.034519912252779
60 -1.045265898275226
61 -1.055853515290455
62 -1.066254021926723
63 -1.076438245587032
64 -1.086374913550095
65 -1.096032906373158
66 -1.10538147449763
67 -1.11439312193184
68 -1.123044324927711
69 -1.131314298236834
70 -1.139185652503674
71 -1.146647447945052
72 -1.153692534500705
73 -1.160317981087902
74 -1.166524655635564
75 -1.172319485243146
76 -1.177713230626261
77 -1.182719143865292
78 -1.187359133491192
79 -1.191656309811544
80 -1.195637094168005
81 -1.199331286245309
82 -1.202771254525406
83 -1.205990790422764
84 -1.209022031495294
85 -1.211899443883808
86 -1.214657448578245
87 -1.217329071747089
88 -1.219944486678648
89 -1.222533203610471
90 -1.225120439504196
91 -1.227728259582194
92 -1.230375926697648
93 -1.233077615282134
94 -1.23584407944782
95 -1.238682348437647
96 -1.241595167554065
97 -1.24458100771878
98 -1.247635019366224
99 -1.250747813348018
100 -1.253906737886522
101 -1.257095835077473
102 -1.2602983305864
103 -1.263493479579042
104 -1.266658540813818
105 -1.269770418962837
106 -1.272805767293985
107 -1.275742033486724
108 -1.27855840488377
109 -1.281236099092556
110 -1.283758726158117
111 -1.286112631855753
112 -1.288286602699482
113 -1.290272108875419
114 -1.292062993999476
115 -1.293655756690944
116 -1.295049239654368
117 -1.296244443635031
118 -1.297244273593393
119 -1.298053327490784
120 -1.298677975380427
121 -1.299125792237405
122 -1.2994053372652
123 -1.299526117817147
124 -1.299498379959292
125 -1.299332782220832
126 -1.299040445982814
127 -1.298632710761982
128 -1.298121215870774
129 -1.297517586112949
130 -1.296833527467335
131 -1.296080506673417
132 -1.295269875628785
133 -1.294412767517352
134 -1.293520084853884
135 -1.292602223034665
136 -1.291669180121331
137 -1.290730526216239
138 -1.289795398418153
139 -1.288872293748759
140 -1.287969083489308
141 -1.287093003847346
142 -1.286250562606054
143 -1.285447504850445
144 -1.284688795167038
145 -1.283978639483121
146 -1.283320493997504
147 -1.282717052246709
148 -1.282170250343073
149 -1.281681305969032
150 -1.281250696435293
151 -1.280878366166545
152 -1.280563608426621
153 -1.280305194044735
154 -1.280101398981837
155 -1.279950116831297
156 -1.279848890874227
157 -1.27979495440923
158 -1.279785405738387
159 -1.279817149560866
160 -1.27988696437162
161 -1.279991642542736
162 -1.28012798711753
163 -1.28029286604302
164 -1.280483260526675
165 -1.280696313090139
166 -1.280929271745721
167 -1.281179497073343
168 -1.281444540797019
169 -1.281722025593714
170 -1.282009723557114
171 -1.282305497537567
172 -1.282607345789447
173 -1.282913346960155
174 -1.283221711720876
175 -1.283530721526809
176 -1.28383882298958
177 -1.284144656432007
178 -1.284446979184829
179 -1.284744649386946
180 -1.285036657732737
181 -1.285322007545434
182 -1.28559971500875
183 -1.285868862666446
184 -1.286128661979918
185 -1.286378285363654
186 -1.286617010423162
187 -1.286844213336673
188 -1.287059411961806
189 -1.287262200274702
190 -1.287452301574264
191 -1.287629493062491
192 -1.287793616554073
193 -1.287944620724771
194 -1.288082566988616
195 -1.288207629239285
196 -1.288320058075032
197 -1.288420173977205
198 -1.288508377093949
199 -1.288585216976399
200 -1.288651306327949
201 -1.288707373506288
202 -1.288754218341531
203 -1.288792706753912
204 -1.288823757248165
205 -1.288848340505001
206 -1.288867483635506
207 -1.28888225401598
208 -1.288893766498672
209 -1.288903146907469
210 -1.288911524354934
211 -1.288920019426159
212 -1.288929734010556
213 -1.288941681365547
214 -1.288956833108243
215 -1.288976093949431
216 -1.289000363308181
217 -1.289030406660642
218 -1.289066919985912
219 -1.289110542157717
220 -1.289161820163242
221 -1.289221264237017
222 -1.289289266816962
223 -1.289366152127124
224 -1.289452157341641
225 -1.289547446063806
226 -1.289652087875448
227 -1.289766079220575
228 -1.289889349597205
229 -1.290021759928388
230 -1.290163107160729
231 -1.290313124907291
232 -1.290471493126535
233 -1.290637832823032
234 -1.290811722345988
235 -1.290992720119741
236 -1.291180329352522
237 -1.291374022836768
238 -1.291573282065198
239 -1.291777530748251
240 -1.291986213770033
241 -1.292198768139311
242 -1.292414628906514
243 -1.29263323834951
244 -1.292854077134433
245 -1.293076655491361
246 -1.293300516748399
247 -1.293525238879284
248 -1.293750448563099
249 -1.293975852979964
250 -1.294201171086008
251 -1.294426155166221
252 -1.294650615669339
253 -1.294874353332544
254 -1.295097415461938
255 -1.295319843098264
256 -1.295541712643461
257 -1.295763134441495
258 -1.295984262662788
259 -1.296205306195117
260 -1.296426499718506
261 -1.296648085402837
262 -1.296870343456101
263 -1.29709357172885
264 -1.29731808990588
265 -1.297544264874634
266 -1.297772443521588
267 -1.29800294964063
268 -1.298236117183238
269 -1.298472280139459
270 -1.298711764914616
271 -1.298954897977131
272 -1.299202016349166
273 -1.299453387726869
274 -1.29970925523921
275 -1.299969823796034
276 -1.300235293407136
277 -1.300505811623859
278 -1.300781519164022
279 -1.301062471810555
280 -1.301348657146065
281 -1.301640016580646
282 -1.301936433526632
283 -1.302237757033809
284 -1.302543778786266
285 -1.302854221013922
286 -1.303168748390827
287 -1.303486997017005
288 -1.303808551692521
289 -1.304132975223884
290 -1.304459758823372
291 -1.304788372893912
292 -1.305118253781879
293 -1.305448815582733
294 -1.305779462499107
295 -1.306109575125381
296 -1.306438509816871
297 -1.306765624439695
298 -1.307090270977913
299 -1.307411809317695
300 -1.307729629556547
301 -1.308043105099227
302 -1.308351626492804
303 -1.308654605631314
304 -1.308951482029594
305 -1.309241734158601
306 -1.309524869636985
307 -1.309800423073108
308 -1.310067964444165
309 -1.310327103106649
310 -1.310577490094956
311 -1.310818839849919
312 -1.311050884808655
313 -1.311273403642963
314 -1.311486217997966
315 -1.311689195332798
316 -1.311882258094754
317 -1.31206538449908
318 -1.312238565762678
319 -1.312401832723608
320 -1.312555256532368
321 -1.312698953517362
322 -1.312833093946631
323 -1.312957863420082
324 -1.313073461475233
325 -1.313180125098622
326 -1.313278114661301
327 -1.313367727965879
328 -1.313449285896785
329 -1.313523107199238
330 -1.313589525722167
331 -1.313648887226145
332 -1.313701537873174
333 -1.313747842621396
334 -1.313788165995884
335 -1.313822877521288
336 -1.313852330864405
337 -1.313876871201679
338 -1.313896837309704
339 -1.313912558941201
340 -1.313924357340279
341 -1.313932553138313
342 -1.313937443050832
343 -1.31393930353472
344 -1.313938392326617
345 -1.313934952749319
346 -1.313929212998828
347 -1.31392138252127
348 -1.313911669800147
349 -1.313900258016555
350 -1.313887303800408
351 -1.313872945448735
352 -1.313857301824074
353 -1.313840481660936
354 -1.313822568064524
355 -1.313803658056757
356 -1.313783835577639
357 -1.313763165121863
358 -1.313741696263569
359 -1.313719472593456
360 -1.313696528361563
361 -1.313672898624035
362 -1.31364861276067
363 -1.313623696749457
364 -1.313598191742556
365 -1.313572126180755
366 -1.31354552642453
367 -1.313518420426417
368 -1.313490858897532
369 -1.313462877633705
370 -1.313434526796292
371 -1.313405895094118
372 -1.313377068058166
373 -1.313348037090863
374 -1.313318896911256
375 -1.313289742775326
376 -1.313260662743677
377 -1.313231759923993
378 -1.313203140227912
379 -1.313174917326906
380 -1.313147216569051
381 -1.313120178234349
382 -1.313093920897633
383 -1.313068576941638
384 -1.313044281097754
385 -1.313021179616773
386 -1.312999406724053
387 -1.312979108673502
388 -1.312960450488768
389 -1.312943559901061
390 -1.312928511965807
391 -1.312915441205196
392 -1.312904486229075
393 -1.312895780606014
394 -1.312889458869982
395 -1.312885635472396
396 -1.31288444007482
397 -1.312885993675081
398 -1.312890389362989
399 -1.312897716874671
400 -1.312908052627516
401 -1.312921470460191
402 -1.312938033573648
403 -1.312957784937562
404 -1.312980760236795
405 -1.313007026396862
406 -1.313036563899969
407 -1.313069347414331
408 -1.313105382031547
409 -1.31314466431074
410 -1.313187192476509
411 -1.313232948026341
412 -1.313281894769513
413 -1.313333983033391
414 -1.31338915403654
415 -1.313447343757473
416 -1.313508478345109
417 -1.313572479718552
418 -1.313639254832319
419 -1.313708705541075
420 -1.313780735726889
421 -1.313855239399226
422 -1.313932137029005
423 -1.314011300336156
424 -1.31409255999368
425 -1.314175801695975
426 -1.314260913342183
427 -1.314347776710219
428 -1.31443627030594
429 -1.314526266032502
430 -1.314617636993966
431 -1.314710257386116
432 -1.314804005365501
433 -1.314898757704474
434 -1.314994395494266
435 -1.315090800943895
436 -1.315187865381563
437 -1.315285483717212
438 -1.315383558469571
439 -1.315481999121715
440 -1.315580742402173
441 -1.31567971230384
442 -1.315778781389463
443 -1.315877887436308
444 -1.315976978424275
445 -1.316076003364326
446 -1.316174913017685
447 -1.316273657234591
448 -1.316372196664259
449 -1.316470500071293
450 -1.316568537440816
451 -1.316666284468226
452 -1.31676372027817
453 -1.316860827298121
454 -1.316957596144281
455 -1.317054021167783
456 -1.317150099021023
457 -1.317245827961246
458 -1.317341210590051
459 -1.317436277473408
460 -1.317531024970173
461 -1.317625437636283
462 -1.31771953368798
463 -1.317813333661332
464 -1.317906855849982
465 -1.318000116834711
466 -1.318093134388275
467 -1.31818592700112
468 -1.318278513287426
469 -1.318370912825794
470 -1.318463146293191
471 -1.318555233800873
472 -1.318647194169023
473 -1.318739045561227
474 -1.318830807467116
475 -1.318922499487021
476 -1.319014139932464
477 -1.319105745957384
478 -1.319197335137323
479 -1.319288924009214
480 -1.319380545264655
481 -1.319472212567298
482 -1.319563912446102
483 -1.31965565962725
484 -1.319747473947963
485 -1.319839371852364
486 -1.319931365840158
487 -1.32002346547963
488 -1.320115679505065
489 -1.320208016042757
490 -1.320300482955533
491 -1.320393087416501
492 -1.320485837425763
493 -1.320578740808173
494 -1.320671805969227
495 -1.320765041039691
496 -1.320858454389904
497 -1.320952054280574
498 -1.321045847929845
499 -1.321139842313625
500 -1.321234045145583
501 -1.32132846479649
502 -1.321423110053933
503 -1.321517990062415
504 -1.321613131053811
505 -1.321708529280258
506 -1.321804181342139
507 -1.32190009912232
508 -1.321996296120999
509 -1.322092790393245
510 -1.322189597644044
511 -1.322286732373385
512 -1.322384207751303
513 -1.322482037574772
514 -1.322580236425521
515 -1.3226788178123
516 -1.322777796502802
517 -1.322877188652892
518 -1.322977010990664
519 -1.323077279959635
520 -1.323178010750649
521 -1.323279220092409
522 -1.323380923981378
523 -1.32348313780836
524 -1.323585876590548
525 -1.323689154463092
526 -1.323792984875091
527 -1.323897380399518
528 -1.324002352985917
529 -1.324107914206764
530 -1.324214073581078
531 -1.32432083864571
532 -1.324428215114334
533 -1.32453622243854
534 -1.324644841786202
535 -1.324754066771958
536 -1.324863895602453
537 -1.324974325291877
538 -1.325085350168731
539 -1.325196963050144
540 -1.325309155880003
541 -1.325421916957328
542 -1.325535230200928
543 -1.325649077836668
544 -1.325763439672708
545 -1.325878293469391
546 -1.325993614607272
547 -1.326109375557576
548 -1.32622554685521
549 -1.326342097385868
550 -1.326458994191057
551 -1.326576202355987
552 -1.326693685576813
553 -1.326811406264013
554 -1.326929325245233
555 -1.327047400755164
556 -1.327165589128111
557 -1.327283847035148
558 -1.327402131072713
559 -1.32752039710463
560 -1.32763859920841
561 -1.327756690776758
562 -1.327874625136142
563 -1.327992354368207
564 -1.328109830921183
565 -1.328227007502528
566 -1.328343836142299
567 -1.328460269704757
568 -1.328576268501757
569 -1.32869178094838
570 -1.328806754070596
571 -1.328921142267081
572 -1.329034902542143
573 -1.329147992787675
574 -1.329260371839171
575 -1.329372000324759
576 -1.329482840628108
577 -1.32959285855701
578 -1.329702020756633
579 -1.329810294600829
580 -1.329917648270122
581 -1.330024052292024
582 -1.330129479666118
583 -1.330233905409204
584 -1.33033730735643
585 -1.330439665694005
586 -1.330540963364579
587 -1.330641186033414
588 -1.33074032172169
589 -1.330838359308558
590 -1.330935290376718
591 -1.33103111025988
592 -1.331125816445029
593 -1.331219408590862
594 -1.33131187701113
595 -1.331403232429382
596 -1.331493486310248
597 -1.331582650191722
598 -1.331670736358947
599 -1.3317577578974
600 -1.331843729011325
601 -1.331928664938745
602 -1.332012581138788
603 -1.332095493969859
604 -1.332177420685529
605 -1.332258380397549
606 -1.332338393090504
607 -1.332417479596247
608 -1.332495661147632
609 -1.332572959808829
610 -1.33264939765009
611 -1.33272499737099
612 -1.332799783001916
613 -1.332873779302441
614 -1.332947011754743
615 -1.333019515252722
616 -1.333091303749097
617 -1.33316240100647
618 -1.333232833121169
619 -1.333302626329362
620 -1.333371807641025
621 -1.33344040419377
622 -1.333508441558251
623 -1.333575943591585
624 -1.333642932729293
625 -1.333709430440828
626 -1.333775457294799
627 -1.333841033094293
628 -1.333906176733853
629 -1.333970905825118
630 -1.334035237072251
631 -1.334099186255928
632 -1.334162768228573
633 -1.334225996681094
634 -1.334288884185771
635 -1.334351442071722
636 -1.334413680540639
637 -1.33447560868451
638 -1.334537234526007
639 -1.334598565047939
640 -1.334659605508369
641 -1.334720360086033
642 -1.334780831326658
643 -1.334841021446704
644 -1.334900931929359
645 -1.334960563129747
646 -1.335019914563027
647 -1.335078984671996
648 -1.335137771212028
649 -1.335196271285973
650 -1.335254481703099
651 -1.335312398957357
652 -1.335370019366037
653 -1.33542733868362
654 -1.335484352553301
655 -1.335541055917801
656 -1.335597443258136
657 -1.335653508674518
658 -1.335709246345596
659 -1.335764651228686
660 -1.335819718699549
661 -1.335874444128661
662 -1.335928823028155
663 -1.335982851181481
664 -1.336036524493168
665 -1.336089839198944
666 -1.336142791839399
667 -1.336195379470262
668 -1.3362475995996
669 -1.336299450472716
670 -1.336350933755232
671 -1.336402059436631
672 -1.336452813925578
673 -1.336503198882215
674 -1.336553215219905
675 -1.336602864256396
676 -1.33665214811498
677 -1.336701069554621
678 -1.336749632233345
679 -1.336797840773162
680 -1.336845700737973
681 -1.336893218537283
682 -1.336940401414686
683 -1.336987256992898
684 -1.337033793496877
685 -1.337080020625605
686 -1.33712594835586
687 -1.337171590054957
688 -1.337216953916391
689 -1.337262049545956
690 -1.337306888933897
691 -1.337351484920487
692 -1.337395850600815
693 -1.337439999056554
694 -1.337483943495507
695 -1.337527697168518
696 -1.337571273425638
697 -1.337614685740002
698 -1.337657947685087
699 -1.33770107268226
700 -1.33774407431924
701 -1.337786966220389
702 -1.337829762225965
703 -1.337872475945066
704 -1.337915121184053
705 -1.337957711645817
706 -1.338000260925378
707 -1.338042782136514
708 -1.338085288606156
709 -1.338127793433521
710 -1.338170309210811
711 -1.338212848049498
712 -1.338255421760842
713 -1.338298041521158
714 -1.338340717722949
715 -1.338383459138549
716 -1.338426276359891
717 -1.338469179208952
718 -1.338512176757785
719 -1.338555277430712
720 -1.338598488999384
721 -1.338641818619821
722 -1.338685272623458
723 -1.338728856837247
724 -1.338772576435356
725 -1.338816435953051
726 -1.338860439477172
727 -1.338904590532363
728 -1.338948892263904
729 -1.338993347133648
730 -1.339037957080923
731 -1.339082723614236
732 -1.339127647642799
733 -1.339172729293362
734 -1.33921796801325
735 -1.339263362515766
736 -1.339308911314739
737 -1.339354612810557
738 -1.339400464680419
739 -1.339446463501301
740 -1.339492604837624
741 -1.339538883597644
742 -1.339585294290202
743 -1.339631831112323
744 -1.339678487803668
745 -1.339725257598173
746 -1.339772133566013
747 -1.339819108321544
748 -1.339866174474499
749 -1.339913324057626
750 -1.339960548929635
751 -1.340007840850326
752 -1.340055191414592
753 -1.340102592176593
754 -1.340150034609386
755 -1.340197509847183
756 -1.340245008976377
757 -1.340292522971417
758 -1.340340042852554
759 -1.340387559534169
760 -1.340435063947819
761 -1.340482547070903
762 -1.340529999867751
763 -1.340577413296429
764 -1.340624778295448
765 -1.340672085852265
766 -1.340719327055662
767 -1.340766492860242
768 -1.34081357431036
769 -1.340860562569459
770 -1.340907449011563
771 -1.34095422451242
772 -1.34100088028435
773 -1.341047407512571
774 -1.341093797729765
775 -1.341140042800709
776 -1.341186134770556
777 -1.341232065986931
778 -1.341277829013035
779 -1.34132341655515
780 -1.341368821430262
781 -1.341414036617486
782 -1.341459055253841
783 -1.341503870772421
784 -1.34154847701719
785 -1.341592868482006
786 -1.341637039947765
787 -1.341680986361577
788 -1.341724703115104
789 -1.341768185826458
790 -1.341811430734218
791 -1.341854434397836
792 -1.341897193635545
793 -1.341939705615797
794 -1.341981967619461
795 -1.342023977180413
796 -1.342065731768787
797 -1.342107228995889
798 -1.342148466434392
799 -1.342189441693477
800 -1.34223015305897
801 -1.342270598910545
802 -1.342310777720379
803 -1.34235068833924
804 -1.342390329588981
805 -1.342429700388132
806 -1.342468799775885
807 -1.342507626904102
808 -1.34254618103099
809 -1.342584461564121
810 -1.342622467901879
811 -1.342660199495795
812 -1.342697655842835
813 -1.342734836613117
814 -1.342771741550676
815 -1.342808370699865
816 -1.342844724115497
817 -1.342880802110917
818 -1.342916605560537
819 -1.342952135486792
820 -1.342987392898948
821 -1.343022378930391
822 -1.343057094685695
823 -1.34309154139218
824 -1.343125720267776
825 -1.343159632551906
826 -1.343193279644802
827 -1.343226662694829
828 -1.343259783364873
829 -1.343292643168359
830 -1.343325243321164
831 -1.343357585189154
832 -1.343389669744524
833 -1.343421497827458
834 -1.343453070027152
835 -1.343484386824739
836 -1.343515448709794
837 -1.343546256263336
838 -1.343576810062528
839 -1.34360711062558
840 -1.34363715860362
841 -1.343666954609646
842 -1.343696499391414
843 -1.343725793827356
844 -1.343754838899603
845 -1.34378363591286
846 -1.343812185699693
847 -1.343840489169924
848 -1.3438685472893
849 -1.343896361069619
850 -1.343923931616262
851 -1.343951260149042
852 -1.343978347964387
853 -1.3440051965126
854 -1.344031807355063
855 -1.344058182020514
856 -1.344084322093931
857 -1.344110229256585
858 -1.344135905022167
859 -1.344161351061294
860 -1.34418656908191
861 -1.344211560853285
862 -1.34423632828591
863 -1.344260873511818
864 -1.344285198701827
865 -1.344309306086436
866 -1.344333197879036
867 -1.344356876376539
868 -1.344380344053269
869 -1.344403603665327
870 -1.344426658071303
871 -1.344449510161477
872 -1.344472162837521
873 -1.34449461909549
874 -1.344516881977182
875 -1.344538954856915
876 -1.344560841362731
877 -1.344582545443861
878 -1.344604071207643
879 -1.344625422800535
880 -1.344646604371262
881 -1.344667620124263
882 -1.344688474353788
883 -1.344709171502243
884 -1.344729716121525
885 -1.344750112906777
886 -1.344770366594028
887 -1.344790482222109
888 -1.344810465009766
889 -1.344830320100619
890 -1.344850052736116
891 -1.344869668214166
892 -1.344889172050969
893 -1.34490856993899
894 -1.344927867979059
895 -1.344947071940756
896 -1.344966187734884
897 -1.344985221381786
898 -1.345004179029754
899 -1.345023066955209
900 -1.345041891380297
901 -1.345060658466644
902 -1.345079374313622
903 -1.345098044952132
904 -1.345116676315685
905 -1.345135274296311
906 -1.345153844749064
907 -1.345172393575073
908 -1.345190926550283
909 -1.345209449303879
910 -1.345227967518005
911 -1.345246486665275
912 -1.34526501218879
913 -1.34528354940468
914 -1.345302103601666
915 -1.345320680097614
916 -1.345339284322978
917 -1.345357921735438
918 -1.345376597651258
919 -1.345395317411097
920 -1.345414086174258
921 -1.345432908867701
922 -1.345451790244394
923 -1.345470734853123
924 -1.345489747025802
925 -1.345508830886454
926 -1.345527990406058
927 -1.34554722940661
928 -1.345566551598227
929 -1.345585960623934
930 -1.345605460079076
931 -1.34562505348099
932 -1.345644744241668
933 -1.345664535550793
934 -1.345684430480943
935 -1.345704432234886
936 -1.34572454376442
937 -1.345744767815629
938 -1.345765107005581
939 -1.345785563533592
940 -1.345806139344165
941 -1.345826836387183
942 -1.345847656367149
943 -1.345868600526151
944 -1.345889669807838
945 -1.345910865092051
946 -1.34593218718163
947 -1.345953636773561
948 -1.345975214452647
949 -1.345996920687876
950 -1.346018755979828
951 -1.346040720792194
952 -1.346062815694298
953 -1.346085041259761
954 -1.34610739793534
955 -1.346129886206435
956 -1.34615250640957
957 -1.346175258699286
958 -1.346198142999526
959 -1.346221158944849
960 -1.346244306085502
961 -1.346267583685063
962 -1.346290990869355
963 -1.346314526607729
964 -1.346338189701898
965 -1.346361978795261
966 -1.346385892417455
967 -1.346409928861469
968 -1.346434086266174
969 -1.346458362736994
970 -1.346482756378087
971 -1.346507265355794
972 -1.346531887950857
973 -1.346556622378577
974 -1.346581466896181
975 -1.346606419792175
976 -1.346631479321543
977 -1.346656643716328
978 -1.346681911183902
979 -1.346707279918464
980 -1.346732748093376
981 -1.346758313852165
982 -1.346783975269068
983 -1.346809730347734
984 -1.346835577028633
985 -1.34686151312042
986 -1.346887536262763
987 -1.346913643925211
988 -1.346939833396821
989 -1.346966101918238
990 -1.346992446545437
991 -1.347018864277496
992 -1.347045352088596
993 -1.347071906899145
994 -1.347098525583687
995 -1.3471252049755
996 -1.347151941857432
997 -1.347178733059688
998 -1.347205575537051
999 -1.347232466332016
1000 -1.347259402520057
1001 -1.34728638114098
1002 -1.347313399154626
1003 -1.347340453438657
1004 -1.347367540769509
1005 -1.347394657849912
1006 -1.347421801359455
1007 -1.347448967987896
1008 -1.347476154429099
1009 -1.347503357363674
1010 -1.347530573458751
1011 -1.347557799355273
1012 -1.347585031688263
1013 -1.347612267087073
1014 -1.347639502087473
1015 -1.347666733326558
1016 -1.347693957477939
1017 -1.347721171167694
1018 -1.347748371122742
1019 -1.347775554028869
1020 -1.347802716448894
1021 -1.347829854837612
1022 -1.347856965586403
1023 -1.347884045019653
1024 -1.34791108927085
1025 -1.347938094327558
1026 -1.34796505610123
1027 -1.347991970502064
1028 -1.348018833483791
1029 -1.348045640985463
1030 -1.348072389043454
1031 -1.348099073681833
1032 -1.348125690874819
1033 -1.348152236539248
1034 -1.348178706564101
1035 -1.348205096819946
1036 -1.348231403177096
1037 -1.348257621541403
1038 -1.348283747908481
1039 -1.348309778358644
1040 -1.348335709031717
1041 -1.348361535979377
1042 -1.348387255347992
1043 -1.348412863434015
1044 -1.348438356701446
1045 -1.348463731706773
1046 -1.348488985075678
1047 -1.348514113494007
1048 -1.34853911368325
1049 -1.348563982759392
1050 -1.34858871799065
1051 -1.348613314932804
1052 -1.348637770202796
1053 -1.34866208066101
1054 -1.348686243110947
1055 -1.34871025428614
1056 -1.348734110848473
1057 -1.348757809516291
1058 -1.348781347097051
1059 -1.348804720470884
1060 -1.34882792654721
1061 -1.348850962205131
1062 -1.348873824411537
1063 -1.348896510196923
1064 -1.348919016785405
1065 -1.348941341580186
1066 -1.348963482141705
1067 -1.348985436177807
1068 -1.349007201544185
1069 -1.349028776234668
1070 -1.349050158378671
1071 -1.349071346306074
1072 -1.349092338443644
1073 -1.34911313327642
1074 -1.349133729310447
1075 -1.349154125077627
1076 -1.349174319134079
1077 -1.349194310125896
1078 -1.349214096721481
1079 -1.349233677685609
1080 -1.349253051917025
1081 -1.349272218465513
1082 -1.349291176605467
1083 -1.349309925722502
1084 -1.349328465297165
1085 -1.349346794908776
1086 -1.349364914247495
1087 -1.349382823123844
1088 -1.349400521462679
1089 -1.349418009262694
1090 -1.349435286576641
1091 -1.349452353573083
1092 -1.349469210564022
1093 -1.349485857946897
1094 -1.349502296159075
1095 -1.349518525711778
1096 -1.349534547222179
1097 -1.349550361404759
1098 -1.349565969096799
1099 -1.349581371245127
1100 -1.349596568906613
1101 -1.349611563288426
1102 -1.349626355730006
1103 -1.349640947682852
1104 -1.349655340716259
1105 -1.349669536488824
1106 -1.349683536702305
1107 -1.349697343056675
1108 -1.349710957257944
1109 -1.349724381085766
1110 -1.349737616362495
1111 -1.349750664962731
1112 -1.34976352879687
1113 -1.349776209836543
1114 -1.349788710145386
1115 -1.349801031854105
1116 -1.349813177079697
1117 -1.349825148080662
1118 -1.349836947348406
1119 -1.349848577576047
1120 -1.349860041603416
1121 -1.349871342426656
1122 -1.349882483162143
1123 -1.349893466995074
1124 -1.349904297111942
1125 -1.349914976650862
1126 -1.349925508738248
1127 -1.349935896477746
1128 -1.349946142891684
1129 -1.349956250908163
1130 -1.349966223414714
1131 -1.349976063377072
1132 -1.349985773812812
1133 -1.349995357886629
1134 -1.350004818872563
1135 -1.350014160172414
1136 -1.350023385266564
1137 -1.350032497721671
1138 -1.350041501194929
1139 -1.350050399441605
1140 -1.350059196321508
1141 -1.350067895785139
1142 -1.350076501829309
1143 -1.350085018452552
1144 -1.350093449589492
1145 -1.350101799092486
1146 -1.350110070736887
1147 -1.350118268312322
1148 -1.350126395746839
1149 -1.350134455651056
1150 -1.350142452311079
1151 -1.3501503896481
1152 -1.350158271460764
1153 -1.350166101547022
1154 -1.350173883618105
1155 -1.35018162138221
1156 -1.350189318583917
1157 -1.35019697902988
1158 -1.350204606577811
1159 -1.35021220509496
1160 -1.350219778430033
1161 -1.350227330395183
1162 -1.350234864752445
1163 -1.350242385217275
1164 -1.350249895470089
1165 -1.350257399185833
1166 -1.350264900055007
1167 -1.350272401780256
1168 -1.350279908097991
1169 -1.350287422812217
1170 -1.350294949779593
1171 -1.350302492892502
1172 -1.35031005606069
1173 -1.350317643191165
1174 -1.350325258192042
1175 -1.35033290478256
1176 -1.350340586661936
1177 -1.350348307655818
1178 -1.350356071693565
1179 -1.350363882773463
1180 -1.350371744890524
1181 -1.350379661972711
1182 -1.35038763784757
1183 -1.350395676226963
1184 -1.350403780704361
1185 -1.350411954764379
1186 -1.350420201839185
1187 -1.350428525290032
1188 -1.350436928378122
1189 -1.350445414234049
1190 -1.350453985813403
1191 -1.35046264592575
1192 -1.350471397330927
1193 -1.350480242812452
1194 -1.350489185212057
1195 -1.350498227442209
1196 -1.350507372422405
1197 -1.350516623065564
1198 -1.350525982291703
1199 -1.350535453035577
1200 -1.350545038234244
1201 -1.350554740800537
1202 -1.350564563596408
1203 -1.350574509413362
1204 -1.350584580951862
1205 -1.35059478080614
1206 -1.35060511148772
1207 -1.350615575438573
1208 -1.350626175042637
1209 -1.350636912623754
1210 -1.350647790460051
1211 -1.350658810638449
1212 -1.350669975062915
1213 -1.350681285462028
1214 -1.350692743421364
1215 -1.350704350406916
1216 -1.350716107799312
1217 -1.350728016877363
1218 -1.350740078843326
1219 -1.350752294851695
1220 -1.3507646659897
1221 -1.350777193307101
1222 -1.350789877821285
1223 -1.350802720518237
1224 -1.350815722366158
1225 -1.350828884289124
1226 -1.350842207115667
1227 -1.35085569162368
1228 -1.350869338499176
1229 -1.35088314833641
1230 -1.350897121632986
1231 -1.350911258787734
1232 -1.350925560104357
1233 -1.350940025787761
1234 -1.35095465577394
1235 -1.350969449857389
1236 -1.350984407804923
1237 -1.350999529367252
1238 -1.351014814281228
1239 -1.351030262256493
1240 -1.351045872886527
1241 -1.351061645675725
1242 -1.351077580058372
1243 -1.351093675415589
1244 -1.351109931060321
1245 -1.35112634625058
1246 -1.351142920170234
1247 -1.351159651917525
1248 -1.351176540496611
1249 -1.351193584809584
1250 -1.351210783651785
1251 -1.351228135715549
1252 -1.351245639589447
1253 -1.351263293720101
1254 -1.351281096385987
1255 -1.351299045754871
1256 -1.351317139950777
1257 -1.351335377096836
1258 -1.351353755327836
1259 -1.351372272784753
1260 -1.35139092760175
1261 -1.351409717892629
1262 -1.351428641758657
1263 -1.351447697271578
1264 -1.351466882461864
1265 -1.351486195308069
1266 -1.351505633725963
1267 -1.351525195571003
1268 -1.351544878629448
1269 -1.351564680612519
1270 -1.351584599147678
1271 -1.351604631788819
1272 -1.351624776017043
1273 -1.351645029326274
1274 -1.35166538910509
1275 -1.35168585256974
1276 -1.351706416791999
1277 -1.351727078764445
1278 -1.351747835420881
1279 -1.351768683640954
1280 -1.351789620240582
1281 -1.351810641981928
1282 -1.351831745588639
1283 -1.351852927736646
1284 -1.351874185076682
1285 -1.351895514248725
1286 -1.351916911717155
1287 -1.351938373897425
1288 -1.351959897306246
1289 -1.351981478582336
1290 -1.352003114452045
1291 -1.352024801686423
1292 -1.352046537065093
1293 -1.352068317360902
1294 -1.352090139309599
1295 -1.352111999614079
1296 -1.352133894945428
1297 -1.35215582193946
1298 -1.352177777193025
1299 -1.352199757261307
1300 -1.352221758676534
1301 -1.352243777920853
1302 -1.352265811427269
1303 -1.352287855597826
1304 -1.352309906796128
1305 -1.352331961361127
1306 -1.352354015643196
1307 -1.352376066000234
1308 -1.352398109014036
1309 -1.352420140951465
1310 -1.352442158035383
1311 -1.352464156483576
1312 -1.352486132534047
1313 -1.352508082463629
1314 -1.352530002533389
1315 -1.352551888993911
1316 -1.352573738139133
1317 -1.352595546347411
1318 -1.352617310087243
1319 -1.352639025887866
1320 -1.352660690303829
1321 -1.352682299895777
1322 -1.352703851219703
1323 -1.352725340833116
1324 -1.352746765303037
1325 -1.352768121214965
1326 -1.352789405188611
1327 -1.352810613852828
1328 -1.352831743887787
1329 -1.352852792021646
1330 -1.352873755019042
1331 -1.352894629666516
1332 -1.35291541277548
1333 -1.352936101176265
1334 -1.352956691719732
1335 -1.352977181211691
1336 -1.352997566597127
1337 -1.353017844974842
1338 -1.353038013415576
1339 -1.353058069018636
1340 -1.353078008932422
1341 -1.353097830344556
1342 -1.353117530379375
1343 -1.353137106072953
1344 -1.35315655451903
1345 -1.353175872929828
1346 -1.353195058620452
1347 -1.353214108975017
1348 -1.353233021397568
1349 -1.353251793293596
1350 -1.353270422146547
1351 -1.353288905531154
1352 -1.353307241116506
1353 -1.353325426735298
1354 -1.353343460335941
1355 -1.353361339961111
1356 -1.353379063752619
1357 -1.35339662989099
1358 -1.353414036591628
1359 -1.35343128210136
1360 -1.353448364709127
1361 -1.35346528275159
1362 -1.353482034625858
1363 -1.353498618797247
1364 -1.353515033821635
1365 -1.353531278334711
1366 -1.353547351042237
1367 -1.3535632507163
1368 -1.353578976186983
1369 -1.353594526344408
1370 -1.35360990012864
1371 -1.353625096531874
1372 -1.353640114600328
1373 -1.353654953436249
1374 -1.353669612205402
1375 -1.353684090139977
1376 -1.353698386540289
1377 -1.353712500780589
1378 -1.353726432309889
1379 -1.353740180652794
1380 -1.353753745411491
1381 -1.353767126268379
1382 -1.353780322919159
1383 -1.353793335042198
1384 -1.353806162385808
1385 -1.353818804779836
1386 -1.35383126222267
1387 -1.35384353486482
1388 -1.353855622990212
1389 -1.353867527000106
1390 -1.353879247391127
1391 -1.353890784732386
1392 -1.353902139653157
1393 -1.353913312835543
1394 -1.353924305015723
1395 -1.353935116972564
1396 -1.353945749350222
1397 -1.353956202831756
1398 -1.353966478272123
1399 -1.353976576630076
1400 -1.353986498954882
1401 -1.353996246359826
1402 -1.354005820008251
1403 -1.354015221110699
1404 -1.35402445092614
1405 -1.354033510764785
1406 -1.354042401992431
1407 -1.354051126037803
1408 -1.354059684393117
1409 -1.354068078668236
1410 -1.354076310484141
1411 -1.354084381524562
1412 -1.354092293535488
1413 -1.354100048336164
1414 -1.354107647826096
1415 -1.354115093987091
1416 -1.354122388873739
1417 -1.354129534598349
1418 -1.354136533322581
1419 -1.354143387252052
1420 -1.354150098631469
1421 -1.3541566697543
1422 -1.354163102951795
1423 -1.354169400590059
1424 -1.354175565066717
1425 -1.354181598811019
1426 -1.354187504285703
1427 -1.354193283988133
1428 -1.354198940455739
1429 -1.354204476273283
1430 -1.354209894080988
1431 -1.354215196580793
1432 -1.354220386536853
1433 -1.354225466777772
1434 -1.354230440191247
1435 -1.354235309714357
1436 -1.35424007832196
1437 -1.354244749016624
1438 -1.354249324822138
1439 -1.354253808777065
1440 -1.354258203929274
1441 -1.354262513333067
1442 -1.35426674004783
1443 -1.354270887140668
1444 -1.354274957688052
1445 -1.354278954779648
1446 -1.354282881524109
1447 -1.354286741054452
1448 -1.354290536531549
1449 -1.354294271148205
1450 -1.354297948132642
1451 -1.354301570716205
1452 -1.354305142087351
1453 -1.354308665413342
1454 -1.354312143865187
1455 -1.354315580679382
1456 -1.354318979020176
1457 -1.354322342082785
1458 -1.354325673192232
1459 -1.3543289757779
1460 -1.354332253331649
1461 -1.354335509370896
1462 -1.35433874741531
1463 -1.35434197097385
1464 -1.354345183549546
1465 -1.354348388638908
1466 -1.354351589722106
1467 -1.354354790250806
1468 -1.354357993632766
1469 -1.354361203225543
1470 -1.354364422334508
1471 -1.35436765423772
1472 -1.354370902198657
1473 -1.354374169461537
1474 -1.354377459246955
1475 -1.354380774749686
1476 -1.354384119135735
1477 -1.354387495536883
1478 -1.35439090705158
1479 -1.354394356749034
1480 -1.354397847611953
1481 -1.354401382664417
1482 -1.354404964944374
1483 -1.354408597473187
1484 -1.354412283261951
1485 -1.354416025334056
1486 -1.354419826695258
1487 -1.354423690330467
1488 -1.354427619199184
1489 -1.354431616234905
1490 -1.354435684348143
1491 -1.354439826422255
1492 -1.354444045308085
1493 -1.354448343818384
1494 -1.354452724723011
1495 -1.35445719074265
1496 -1.354461744539297
1497 -1.354466388714033
1498 -1.354471125802561
1499 -1.35447595827762
1500 -1.354480888557851
1501 -1.354485919018102
1502 -1.354491051990094
1503 -1.354496289771255
1504 -1.35450163463846
1505 -1.354507088822214
1506 -1.354512654488997
1507 -1.354518333728314
1508 -1.354524128553835
1509 -1.35453004092004
1510 -1.354536072727716
1511 -1.354542225845582
1512 -1.354548502080614
1513 -1.35455490319755
1514 -1.354561430927856
1515 -1.354568086972416
1516 -1.354574872821921
1517 -1.354581789859107
1518 -1.354588839589827
1519 -1.354596023568061
1520 -1.35460334333669
1521 -1.354610800388723
1522 -1.354618396150138
1523 -1.354626131975778
1524 -1.354634009149334
1525 -1.354642028884869
1526 -1.354650192323762
1527 -1.354658500532849
1528 -1.35466695450246
1529 -1.354675555144408
1530 -1.35468430329486
1531 -1.35469319971596
1532 -1.354702245098833
1533 -1.354711440059384
1534 -1.354720785148529
1535 -1.354730280794718
1536 -1.354739927305819
1537 -1.354749724904939
1538 -1.354759673772157
1539 -1.35476977406744
1540 -1.354780025936394
1541 -1.354790429504786
1542 -1.35480098486931
1543 -1.354811692062798
1544 -1.354822551090858
1545 -1.354833561916418
1546 -1.354844724451291
1547 -1.35485603854649
1548 -1.354867503985095
1549 -1.354879120479399
1550 -1.354890887668069
1551 -1.354902805118195
1552 -1.354914872325144
1553 -1.354927088713225
1554 -1.354939453637948
1555 -1.354951966390879
1556 -1.354964626203476
1557 -1.354977432248565
1558 -1.354990383638766
1559 -1.355003479422375
1560 -1.355016718576443
1561 -1.355030100002525
1562 -1.355043622534306
1563 -1.355057284940768
1564 -1.355071085932553
1565 -1.355085024166127
1566 -1.355099098245876
1567 -1.355113306725887
1568 -1.35512764811282
1569 -1.355142120869263
1570 -1.355156723416048
1571 -1.355171454134114
1572 -1.355186311364759
1573 -1.355201293409847
1574 -1.35521639853027
1575 -1.355231624944474
1576 -1.355246970827477
1577 -1.35526243431052
1578 -1.355278013479499
1579 -1.355293706376044
1580 -1.355309511029478
1581 -1.355325425390352
1582 -1.355341447357377
1583 -1.355357574776889
1584 -1.355373805446606
1585 -1.355390137120302
1586 -1.355406567511378
1587 -1.355423094294838
1588 -1.355439715004977
1589 -1.355456427122332
1590 -1.355473228139765
1591 -1.35549011557062
1592 -1.355507086929691
1593 -1.35552413971689
1594 -1.355541271406577
1595 -1.355558479442165
1596 -1.35557576123445
1597 -1.355593114161679
1598 -1.35561053557063
1599 -1.355628022777953
1600 -1.355645573068886
1601 -1.355663183700258
1602 -1.355680851902915
1603 -1.355698574878696
1604 -1.355716349797492
1605 -1.355734173795281
1606 -1.355752043974966
1607 -1.355769957410365
1608 -1.355787911153635
1609 -1.355805902235284
1610 -1.355823927661558
1611 -1.355841984412403
1612 -1.355860069449204
1613 -1.355878179729287
1614 -1.355896312217264
1615 -1.355914463889913
1616 -1.355932631735145
1617 -1.355950812753096
1618 -1.355969003954012
1619 -1.355987202354985
1620 -1.356005404977025
1621 -1.356023608842449
1622 -1.356041810974758
1623 -1.356060008394829
1624 -1.356078198123831
1625 -1.356096377183866
1626 -1.35611454259865
1627 -1.356132691395003
1628 -1.356150820612805
1629 -1.356168927296441
1630 -1.356187008495544
1631 -1.35620506125873
1632 -1.356223082598277
1633 -1.356241069498202
1634 -1.356259018945601
1635 -1.35627692795261
1636 -1.356294793582179
1637 -1.356312612933823
1638 -1.356330383150391
1639 -1.356348101418409
1640 -1.356365764963741
1641 -1.356383371045181
1642 -1.356400916948595
1643 -1.356418399983263
1644 -1.35643581748206
1645 -1.356453166798058
1646 -1.356470445304355
1647 -1.356487650395645
1648 -1.356504779493272
1649 -1.356521830045972
1650 -1.356538799539205
1651 -1.356555685465704
1652 -1.35657248535419
1653 -1.356589196750828
1654 -1.356605817229459
1655 -1.356622344397947
1656 -1.356638775902567
1657 -1.356655109419063
1658 -1.356671342669984
1659 -1.356687473419971
1660 -1.356703499471148
1661 -1.356719418661703
1662 -1.356735228866674
1663 -1.356750927999601
1664 -1.356766514016837
1665 -1.356781984919827
1666 -1.356797338754915
1667 -1.356812573613992
1668 -1.356827687577506
1669 -1.356842678728431
1670 -1.356857545229623
1671 -1.35687228533689
1672 -1.356886897384611
1673 -1.356901379769441
1674 -1.356915730940029
1675 -1.356929949392113
1676 -1.356944033613921
1677 -1.3569579821344
1678 -1.356971793582426
1679 -1.35698546665367
1680 -1.356999000094942
1681 -1.35701239269737
1682 -1.35702564329921
1683 -1.357038750784083
1684 -1.357051714081635
1685 -1.35706453216929
1686 -1.357077204069857
1687 -1.357089728858357
1688 -1.357102105656246
1689 -1.357114333632763
1690 -1.35712641200461
1691 -1.357138340034815
1692 -1.357150117034916
1693 -1.357161742365411
1694 -1.3571732154377
1695 -1.357184535715731
1696 -1.357195702718386
1697 -1.357206716050158
1698 -1.35721757536431
1699 -1.357228280355715
1700 -1.357238830767848
1701 -1.357249226401253
1702 -1.357259467117191
1703 -1.357269552838218
1704 -1.357279483543253
1705 -1.357289259266665
1706 -1.357298880097377
1707 -1.357308346178937
1708 -1.35731765770845
1709 -1.357326814935438
1710 -1.357335818163609
1711 -1.357344667751144
1712 -1.357353364109203
1713 -1.357361907700431
1714 -1.357370299037471
1715 -1.357378538681283
1716 -1.35738662723921
1717 -1.357394565347247
1718 -1.357402353709539
1719 -1.357409993071135
1720 -1.357417484223438
1721 -1.357424828000735
1722 -1.35743202528092
1723 -1.357439076987639
1724 -1.357445984091566
1725 -1.357452747611918
1726 -1.357459368617365
1727 -1.357465848222582
1728 -1.357472187601548
1729 -1.357478387972836
1730 -1.357484450605011
1731 -1.357490376816054
1732 -1.357496167972612
1733 -1.357501825489087
1734 -1.357507350826618
1735 -1.357512745491945
1736 -1.357518011034194
1737 -1.357523149049498
1738 -1.357528161173741
1739 -1.357533049076354
1740 -1.35753781445307
1741 -1.357542459022254
1742 -1.357546984525519
1743 -1.357551392732202
1744 -1.357555685444817
1745 -1.35755986450434
1746 -1.357563931794269
1747 -1.357567889242669
1748 -1.357571738830423
1749 -1.357575482589197
1750 -1.357579122598714
1751 -1.357582660981305
1752 -1.35758609989561
1753 -1.357589441531146
1754 -1.357592688103914
1755 -1.357595841854877
1756 -1.357598905047411
1757 -1.357601879965989
1758 -1.357604768915388
1759 -1.357607574220076
1760 -1.357610298224094
1761 -1.357612943290605
1762 -1.357615511801813
1763 -1.357618006158467
1764 -1.357620428779592
1765 -1.357622782102206
1766 -1.357625068581521
1767 -1.357627290690999
1768 -1.35762945092134
1769 -1.357631551779329
1770 -1.357633595787195
1771 -1.357635585481968
1772 -1.357637523415452
1773 -1.357639412153615
1774 -1.357641254276136
1775 -1.357643052336447
1776 -1.357644808912348
1777 -1.357646526596904
1778 -1.357648207989811
1779 -1.35764985570045
1780 -1.357651472369112
1781 -1.357653060656497
1782 -1.357654623224811
1783 -1.357656162736811
1784 -1.357657681853712
1785 -1.357659183205433
1786 -1.357660669380259
1787 -1.357662142981722
1788 -1.357663606639604
1789 -1.35766506299846
1790 -1.357666514705746
1791 -1.357667964404494
1792 -1.3576694147407
1793 -1.35767086836967
1794 -1.357672327923814
1795 -1.357673796008645
1796 -1.357675275203777
1797 -1.357676768067388
1798 -1.357678277141365
1799 -1.357679804953671
1800 -1.357681354019529
1801 -1.357682926842213
1802 -1.357684525912835
1803 -1.357686153709661
1804 -1.357687812697448
1805 -1.357689505326018
1806 -1.357691234028922
1807 -1.357693001221983
1808 -1.357694809301951
1809 -1.35769666064558
1810 -1.357698557611618
1811 -1.357700502540393
1812 -1.357702497750591
1813 -1.357704545537623
1814 -1.357706648172476
1815 -1.357708807901218
1816 -1.357711026944598
1817 -1.35771330749773
1818 -1.357715651729324
1819 -1.357718061780308
1820 -1.357720539763534
1821 -1.357723087763514
1822 -1.357725707835866
1823 -1.357728402006434
1824 -1.357731172270348
1825 -1.357734020591726
1826 -1.357736948901328
1827 -1.357739959095433
1828 -1.357743053036701
1829 -1.357746232552768
1830 -1.357749499435329
1831 -1.357752855439479
1832 -1.357756302283132
1833 -1.357759841646767
1834 -1.357763475171745
1835 -1.35776720446361
1836 -1.357771031087995
1837 -1.35777495657546
1838 -1.357778982410238
1839 -1.357783110033952
1840 -1.357787340848929
1841 -1.357791676221293
1842 -1.357796117480702
1843 -1.357800665918402
1844 -1.357805322775376
1845 -1.357810089250164
1846 -1.357814966502312
1847 -1.357819955650756
1848 -1.357825057772955
1849 -1.35783027390331
1850 -1.357835605031866
1851 -1.357841052103456
1852 -1.357846616017292
1853 -1.357852297617971
1854 -1.357858097710488
1855 -1.357864017056313
1856 -1.357870056373071
1857 -1.357876216332793
1858 -1.357882497561553
1859 -1.357888900637537
1860 -1.357895426089597
1861 -1.357902074396094
1862 -1.35790884598476
1863 -1.357915741234243
1864 -1.357922760476785
1865 -1.357929904000527
1866 -1.357937172050616
1867 -1.357944564828874
1868 -1.357952082492514
1869 -1.357959725152669
1870 -1.357967492873223
1871 -1.35797538567026
1872 -1.357983403512043
1873 -1.357991546317044
1874 -1.357999813962096
1875 -1.35800820627404
1876 -1.358016723035132
1877 -1.358025363982263
1878 -1.358034128806804
1879 -1.358043017155144
1880 -1.35805202862929
1881 -1.358061162787427
1882 -1.358070419142973
1883 -1.358079797165871
1884 -1.358089296282834
1885 -1.35809891587798
1886 -1.358108655293153
1887 -1.358118513827743
1888 -1.358128490738826
1889 -1.358138585241339
1890 -1.358148796507844
1891 -1.35815912366876
1892 -1.358169565815087
1893 -1.358180121993346
1894 -1.35819079120685
1895 -1.358201572419158
1896 -1.35821246455311
1897 -1.35822346649101
1898 -1.358234577075038
1899 -1.358245795105855
1900 -1.358257119340129
1901 -1.358268548468559
1902 -1.358280081143639
1903 -1.358291716002745
1904 -1.358303451659337
1905 -1.358315286696639
1906 -1.35832721966363
1907 -1.358339249073232
1908 -1.358351373401507
1909 -1.358363591088617
1910 -1.358375900540359
1911 -1.358388300129864
1912 -1.358400788199125
1913 -1.358413363060271
1914 -1.358426022996893
1915 -1.358438766264811
1916 -1.358451591092803
1917 -1.358464495684188
1918 -1.358477478217399
1919 -1.358490536846304
1920 -1.358503669699743
1921 -1.358516874880715
1922 -1.358530150465362
1923 -1.358543494501743
1924 -1.358556905012295
1925 -1.358570379994085
1926 -1.358583917418054
1927 -1.358597515228509
1928 -1.358611171343317
1929 -1.358624883655169
1930 -1.358638650033813
1931 -1.358652468329027
1932 -1.358666336374702
1933 -1.35868025199111
1934 -1.358694212986312
1935 -1.358708217157165
1936 -1.358722262290342
1937 -1.358736346163373
1938 -1.35875046654526
1939 -1.358764621196781
1940 -1.358778807870609
1941 -1.358793024311435
1942 -1.358807268254969
1943 -1.358821537427997
1944 -1.358835829548491
1945 -1.358850142325843
1946 -1.358864473461187
1947 -1.358878820647856
1948 -1.358893181571974
1949 -1.358907553880327
1950 -1.3589219352139
1951 -1.358936323230547
1952 -1.358950715601251
1953 -1.35896511001991
1954 -1.358979504166773
1955 -1.358993895723217
1956 -1.359008282364981
1957 -1.359022661761982
1958 -1.359037031581214
1959 -1.359051389491218
1960 -1.359065733166023
1961 -1.359080060287894
1962 -1.359094368548658
1963 -1.359108655651118
1964 -1.359122919308101
1965 -1.359137157243161
1966 -1.359151367191076
1967 -1.359165546898313
1968 -1.359179694123388
1969 -1.359193806637148
1970 -1.359207882224464
1971 -1.359221918683098
1972 -1.35923591382329
1973 -1.35924986546688
1974 -1.359263771446381
1975 -1.359277629604643
1976 -1.359291437797767
1977 -1.359305193896857
1978 -1.359318895790415
1979 -1.359332541386992
1980 -1.359346128615889
1981 -1.359359655427846
1982 -1.359373119795027
1983 -1.359386519711161
1984 -1.359399853191274
1985 -1.359413118274028
1986 -1.359426313021185
1987 -1.359439435516502
1988 -1.359452483872492
1989 -1.359465456226612
1990 -1.359478350742423
1991 -1.359491165604315
1992 -1.359503899023181
1993 -1.359516549245593
1994 -1.359529114550258
1995 -1.359541593243587
1996 -1.35955398365944
1997 -1.359566284160004
1998 -1.359578493137115
1999 -1.359590609012484
2000 -1.359602630237916
2001 -1.359614555297016
2002 -1.359626382704018
2003 -1.359638111004674
2004 -1.359649738776832
2005 -1.359661264630921
2006 -1.35967268721035
2007 -1.359684005191948
2008 -1.359695217286379
2009 -1.359706322238575
2010 -1.35971731882814
2011 -1.359728205869749
2012 -1.35973898221353
2013 -1.35974964674532
2014 -1.359760198386802
2015 -1.359770636095996
2016 -1.359780958867589
2017 -1.359791165730373
2018 -1.35980125574715
2019 -1.359811228019657
2020 -1.359821081690213
2021 -1.359830815941737
2022 -1.359840429994808
2023 -1.359849923114229
2024 -1.359859294601814
2025 -1.359868543798272
2026 -1.359877670083154
2027 -1.359886672874811
2028 -1.359895551630614
2029 -1.359904305847055
2030 -1.359912935059919
2031 -1.359921438844406
2032 -1.359929816811344
2033 -1.359938068613397
2034 -1.359946193945872
2035 -1.359954192545537
2036 -1.359962064184051
2037 -1.359969808674411
2038 -1.359977425868214
2039 -1.35998491565638
2040 -1.359992277969122
2041 -1.359999512776002
2042 -1.3600066200859
2043 -1.360013599944086
2044 -1.360020452426212
2045 -1.360027177640958
2046 -1.360033775736199
2047 -1.360040246904095
2048 -1.36004659138365
2049 -1.360052809460643
2050 -1.360058901465824
2051 -1.360064867772333
2052 -1.360070708792685
2053 -1.360076424977163
2054 -1.36008201681156
2055 -1.360087484816421
2056 -1.360092829546644
2057 -1.360098051591327
2058 -1.360103151573773
2059 -1.360108130151584
2060 -1.360112988016867
2061 -1.360117725896778
2062 -1.360122344553569
2063 -1.360126844784854
2064 -1.360131227423633
2065 -1.360135493338251
2066 -1.360139643432247
2067 -1.360143678643799
2068 -1.360147599946225
2069 -1.360151408346937
2070 -1.360155104887117
2071 -1.360158690641263
2072 -1.360162166717402
2073 -1.360165534255978
2074 -1.360168794428111
2075 -1.360171948436619
2076 -1.360174997516245
2077 -1.360177942932008
2078 -1.36018078597921
2079 -1.360183527982268
2080 -1.360186170293944
2081 -1.360188714294999
2082 -1.360191161393513
2083 -1.360193513024147
2084 -1.360195770647632
2085 -1.360197935750294
2086 -1.360200009843605
2087 -1.360201994463623
2088 -1.360203891170304
2089 -1.360205701546684
2090 -1.360207427198042
2091 -1.360209069751123
2092 -1.360210630853542
2093 -1.360212112173391
2094 -1.360213515399023
2095 -1.360214842238933
2096 -1.360216094421513
2097 -1.360217273694608
2098 -1.36021838182502
2099 -1.360219420598207
2100 -1.360220391817951
2101 -1.360221297305968
2102 -1.360222138901419
2103 -1.360222918460228
2104 -1.360223637854235
2105 -1.360224298970219
2106 -1.360224903708857
2107 -1.360225453983697
2108 -1.360225951720121
2109 -1.360226398854417
2110 -1.360226797332908
2111 -1.3602271491112
2112 -1.36022745615353
2113 -1.360227720432154
2114 -1.360227943926818
2115 -1.360228128624223
2116 -1.360228276517519
2117 -1.360228389605804
2118 -1.360228469893623
2119 -1.360228519390418
2120 -1.36022854011075
2121 -1.360228534072619
2122 -1.360228503296861
2123 -1.360228449806484
2124 -1.360228375626168
2125 -1.360228282781734
2126 -1.360228173299291
2127 -1.360228049205282
2128 -1.36022791252524
2129 -1.360227765283178
2130 -1.360227609500875
2131 -1.360227447197173
2132 -1.360227280387308
2133 -1.360227111082209
2134 -1.360226941287836
2135 -1.360226773004518
2136 -1.360226608226474
2137 -1.360226448941054
2138 -1.360226297127868
2139 -1.360226154758219
2140 -1.360226023794434
2141 -1.360225906189192
2142 -1.360225803884902
2143 -1.360225718813149
2144 -1.360225652894174
2145 -1.360225608036391
2146 -1.360225586135905
2147 -1.360225589076017
2148 -1.360225618726715
2149 -1.36022567695372
2150 -1.360225765618778
2151 -1.360225886567985
2152 -1.360226041626678
2153 -1.360226232598174
2154 -1.360226461263897
2155 -1.360226729383847
2156 -1.360227038696949
2157 -1.360227390921264
2158 -1.360227787754119
2159 -1.360228230872194
2160 -1.360228721931592
2161 -1.360229262567823
2162 -1.360229854395732
2163 -1.360230499009327
2164 -1.360231197981523
2165 -1.360231952863736
2166 -1.360232765185679
2167 -1.360233636454691
2168 -1.360234568155302
2169 -1.360235561748648
2170 -1.360236618671813
2171 -1.36023774033727
2172 -1.360238928132237
2173 -1.36024018341804
2174 -1.360241507529509
2175 -1.360242901774411
2176 -1.360244367432933
2177 -1.360245905757228
2178 -1.360247517970992
2179 -1.360249205269065
2180 -1.360250968817052
2181 -1.360252809751123
2182 -1.360254729177595
2183 -1.360256728172655
2184 -1.360258807782223
2185 -1.360260969021829
2186 -1.360263212876591
2187 -1.360265540301035
2188 -1.360267952218795
2189 -1.36027044952186
2190 -1.360273033070383
2191 -1.360275703692585
2192 -1.360278462184686
2193 -1.360281309310792
2194 -1.360284245802891
2195 -1.360287272360708
2196 -1.360290389651479
2197 -1.360293598311529
2198 -1.360296898944855
2199 -1.360300292121118
2200 -1.360303778375929
2201 -1.360307358210969
2202 -1.360311032094105
2203 -1.360314800459389
2204 -1.360318663707452
2205 -1.360322622205344
2206 -1.360326676286531
2207 -1.360330826250883
2208 -1.360335072364609
2209 -1.360339414860194
2210 -1.36034385393632
2211 -1.360348389758165
2212 -1.36035302245711
2213 -1.360357752130567
2214 -1.360362578841942
2215 -1.360367502620677
2216 -1.360372523462306
2217 -1.360377641328572
2218 -1.36038285614754
2219 -1.360388167813747
2220 -1.360393576188384
2221 -1.360399081099501
2222 -1.360404682342216
2223 -1.360410379678959
2224 -1.360416172839679
2225 -1.360422061522001
2226 -1.360428045391283
2227 -1.360434124081003
2228 -1.360440297192608
2229 -1.360446564295635
2230 -1.360452924927783
2231 -1.360459378594953
2232 -1.360465924771383
2233 -1.360472562899769
2234 -1.360479292391485
2235 -1.360486112626829
2236 -1.360493022955333
2237 -1.360500022696219
2238 -1.360507111138713
2239 -1.360514287542434
2240 -1.360521551137744
2241 -1.360528901126108
2242 -1.360536336680429
2243 -1.36054385694539
2244 -1.36055146103778
2245 -1.360559148046829
2246 -1.360566917032891
2247 -1.360574767032767
2248 -1.360582697055287
2249 -1.360590706083347
2250 -1.360598793074238
2251 -1.360606956887477
2252 -1.360615196451514
2253 -1.360623510674139
2254 -1.36063189842877
2255 -1.360640358558709
2256 -1.360648889879677
2257 -1.360657491180343
2258 -1.360666161227942
2259 -1.36067489876495
2260 -1.360683702511676
2261 -1.360692571167019
2262 -1.360701503408982
2263 -1.360710497895155
2264 -1.36071955326312
2265 -1.360728668130864
2266 -1.360737841097197
2267 -1.360747070742168
2268 -1.360756355627525
2269 -1.360765694297189
2270 -1.360775085277814
2271 -1.360784527079378
2272 -1.360794018195827
2273 -1.360803557105715
2274 -1.360813142272763
2275 -1.360822772146381
2276 -1.360832445164986
2277 -1.360842159746593
2278 -1.360851914300821
2279 -1.36086170722463
2280 -1.360871536903127
2281 -1.360881401710389
2282 -1.360891300010048
2283 -1.360901230155796
2284 -1.360911190491831
2285 -1.360921179353303
2286 -1.360931195066757
2287 -1.360941235950646
2288 -1.360951300315868
2289 -1.360961386466281
2290 -1.360971492699232
2291 -1.360981617306068
2292 -1.360991758572692
2293 -1.361001914780093
2294 -1.361012084204939
2295 -1.361022265120149
2296 -1.361032455795467
2297 -1.36104265449804
2298 -1.361052859493005
2299 -1.361063069044055
2300 -1.361073281413953
2301 -1.361083494865188
2302 -1.361093707660477
2303 -1.361103918063247
2304 -1.361114124338129
2305 -1.361124324751424
2306 -1.361134517571633
2307 -1.361144701069983
2308 -1.36115487352096
2309 -1.361165033202848
2310 -1.361175178398271
2311 -1.361185307394754
2312 -1.361195418485241
2313 -1.361205509968675
2314 -1.361215580150568
2315 -1.361225627343461
2316 -1.361235649867993
2317 -1.361245646053049
2318 -1.36125561423532
2319 -1.36126555276221
2320 -1.361275459990074
2321 -1.361285334285361
2322 -1.36129517402517
2323 -1.361304977598138
2324 -1.361314743405242
2325 -1.361324469859299
2326 -1.361334155385664
2327 -1.361343798422824
2328 -1.361353397422923
2329 -1.36136295085227
2330 -1.361372457192037
2331 -1.36138191493882
2332 -1.361391322605213
2333 -1.361400678719979
2334 -1.361409981828424
2335 -1.361419230492299
2336 -1.361428423289799
2337 -1.361437558816305
2338 -1.361446635684905
2339 -1.361455652526804
2340 -1.361464607991842
2341 -1.361473500748905
2342 -1.361482329486159
2343 -1.361491092911377
2344 -1.361499789752172
2345 -1.361508418756277
2346 -1.361516978691874
2347 -1.361525468347922
2348 -1.361533886534656
2349 -1.361542232083513
2350 -1.361550503845268
2351 -1.361558700696243
2352 -1.361566821531417
2353 -1.361574865267847
2354 -1.361582830845263
2355 -1.3615907172265
2356 -1.361598523398216
2357 -1.361606248373794
2358 -1.361613891191157
2359 -1.361621450913909
2360 -1.361628926632028
2361 -1.361636317461306
2362 -1.361643622545564
2363 -1.361650841054241
2364 -1.36165797218288
2365 -1.361665015153022
2366 -1.361671969209508
2367 -1.361678833625538
2368 -1.361685607700875
2369 -1.361692290761682
2370 -1.361698882160098
2371 -1.361705381274944
2372 -1.361711787510013
2373 -1.361718100292364
2374 -1.36172431907467
2375 -1.361730443338381
2376 -1.361736472595775
2377 -1.361742406390997
2378 -1.361748244300067
2379 -1.361753985930381
2380 -1.361759630920209
2381 -1.361765178937471
2382 -1.361770629678618
2383 -1.361775982867787
2384 -1.361781238256175
2385 -1.361786395622284
2386 -1.361791454771355
2387 -1.361796415535448
2388 -1.361801277773464
2389 -1.361806041371253
2390 -1.36181070624179
2391 -1.361815272325422
2392 -1.361819739590124
2393 -1.361824108031767
2394 -1.361828377674383
2395 -1.361832548570441
2396 -1.361836620801078
2397 -1.361840594476307
2398 -1.361844469735182
2399 -1.361848246745903
2400 -1.361851925705858
2401 -1.361855506841611
2402 -1.361858990408806
2403 -1.361862376692049
2404 -1.361865666004704
2405 -1.361868858688679
2406 -1.361871955114319
2407 -1.36187495567996
2408 -1.361877860811656
2409 -1.361880670962661
2410 -1.361883386613098
2411 -1.361886008269549
2412 -1.361888536464639
2413 -1.361890971756729
2414 -1.361893314729701
2415 -1.361895565993037
2416 -1.361897726181365
2417 -1.361899795954222
2418 -1.361901775995913
2419 -1.361903667015409
2420 -1.361905469746198
2421 -1.361907184946101
2422 -1.361908813397034
2423 -1.361910355904762
2424 -1.361911813298636
2425 -1.361913186439389
2426 -1.361914476206829
2427 -1.361915683498162
2428 -1.361916809230326
2429 -1.361917854341832
2430 -1.361918819793348
2431 -1.361919706567527
2432 -1.361920515668498
2433 -1.361921248121292
2434 -1.361921904971337
2435 -1.361922487284043
2436 -1.361922996144457
2437 -1.361923432659584
2438 -1.361923797954555
2439 -1.361924093171662
2440 -1.361924319470192
2441 -1.361924478027019
2442 -1.361924570036914
2443 -1.361924596709035
2444 -1.361924559272286
2445 -1.361924458973364
2446 -1.361924297075209
2447 -1.361924074855992
2448 -1.361923793608417
2449 -1.361923454639224
2450 -1.36192305926877
2451 -1.361922608830684
2452 -1.361922104671596
2453 -1.361921548150657
2454 -1.361920940639252
2455 -1.361920283520676
2456 -1.361919578189803
2457 -1.361918826052543
2458 -1.36191802852521
2459 -1.361917187034086
2460 -1.361916303015169
2461 -1.361915377913888
2462 -1.361914413184766
2463 -1.36191341029099
2464 -1.361912370703887
2465 -1.36191129590239
2466 -1.361910187372452
2467 -1.361909046606469
2468 -1.361907875102695
2469 -1.361906674364733
2470 -1.361905445900947
2471 -1.361904191223899
2472 -1.361902911849819
2473 -1.361901609298102
2474 -1.361900285090857
2475 -1.361898940752435
2476 -1.361897577808994
2477 -1.361896197788156
2478 -1.361894802218462
2479 -1.361893392628907
2480 -1.36189197054851
2481 -1.361890537505902
2482 -1.361889095028937
2483 -1.361887644644305
2484 -1.361886187877139
2485 -1.361884726253466
2486 -1.361883261295752
2487 -1.361881794522111
2488 -1.361880327446169
2489 -1.361878861577636
2490 -1.361877398422475
2491 -1.361875939482634
2492 -1.361874486255483
2493 -1.361873040233137
2494 -1.361871602901509
2495 -1.361870175739326
2496 -1.361868760218325
2497 -1.361867357803005
2498 -1.361865969950106
2499 -1.361864598108097
2500 -1.36186324371651
2501 -1.361861908205347
2502 -1.361860592994586
2503 -1.361859299493692
2504 -1.361858029101437
2505 -1.361856783205515
2506 -1.361855563182415
2507 -1.361854370403563
2508 -1.361853206224977
2509 -1.36185207198619
2510 -1.361850969011929
2511 -1.361849898613384
2512 -1.361848862088575
2513 -1.361847860722168
2514 -1.361846895785147
2515 -1.3618459685346
2516 -1.361845080212989
2517 -1.361844232047599
2518 -1.361843425250277
2519 -1.361842661017055
2520 -1.361841940527734
2521 -1.361841264945425
2522 -1.361840635416079
2523 -1.361840053068037
2524 -1.361839519011646
2525 -1.361839034338939
2526 -1.361838600123455
2527 -1.361838217420124
2528 -1.361837887265207
2529 -1.361837610676241
2530 -1.361837388651957
2531 -1.361837222172144
2532 -1.361837112197438
2533 -1.361837059669013
2534 -1.361837065508222
2535 -1.361837130616177
2536 -1.361837255873358
2537 -1.36183744213921
2538 -1.361837690251759
2539 -1.361838001027285
2540 -1.361838375259993
2541 -1.361838813721775
2542 -1.361839317162006
2543 -1.361839886307405
2544 -1.361840521861959
2545 -1.361841224506863
2546 -1.361841994900463
2547 -1.361842833678189
2548 -1.361843741452467
2549 -1.361844718812596
2550 -1.361845766324606
2551 -1.361846884531118
2552 -1.361848073951337
2553 -1.361849335080674
2554 -1.36185066839054
2555 -1.361852074328249
2556 -1.361853553316952
2557 -1.361855105755606
2558 -1.361856732018941
2559 -1.361858432457448
2560 -1.361860207397362
2561 -1.361862057140664
2562 -1.361863981965078
2563 -1.361865982124161
2564 -1.361868057847238
2565 -1.361870209339311
2566 -1.361872436781064
2567 -1.361874740328872
2568 -1.361877120114818
2569 -1.361879576246536
2570 -1.361882108807986
2571 -1.361884717858524
2572 -1.361887403433092
2573 -1.361890165542285
2574 -1.361893004172401
2575 -1.361895919285496
2576 -1.361898910819384
2577 -1.361901978687627
2578 -1.361905122779777
2579 -1.361908342961277
2580 -1.361911639073548
2581 -1.36191501093408
2582 -1.36191845833659
2583 -1.361921981050758
2584 -1.361925578822818
2585 -1.361929251375535
2586 -1.361932998408284
2587 -1.361936819597171
2588 -1.361940714595394
2589 -1.361944683033189
2590 -1.361948724517823
2591 -1.361952838633728
2592 -1.361957024942698
2593 -1.361961282984115
2594 -1.361965612275168
2595 -1.361970012311076
2596 -1.361974482565382
2597 -1.361979022490053
2598 -1.361983631515757
2599 -1.361988309052036
2600 -1.361993054487457
2601 -1.361997867189757
2602 -1.362002746506035
2603 -1.362007691762994
2604 -1.362012702267247
2605 -1.362017777305684
2606 -1.362022916145864
2607 -1.362028118036415
2608 -1.362033382207425
2609 -1.362038707870792
2610 -1.36204409422056
2611 -1.362049540433207
2612 -1.362055045667878
2613 -1.36206060906665
2614 -1.362066229754755
2615 -1.362071906840805
2616 -1.362077639417028
2617 -1.362083426559485
2618 -1.362089267328338
2619 -1.3620951607681
2620 -1.362101105907918
2621 -1.362107101761851
2622 -1.362113147329185
2623 -1.362119241594742
2624 -1.362125383529213
2625 -1.362131572089482
2626 -1.362137806218988
2627 -1.362144084848097
2628 -1.362150406894464
2629 -1.362156771263416
2630 -1.36216317684833
2631 -1.362169622530999
2632 -1.362176107182028
2633 -1.362182629661218
2634 -1.362189188817955
2635 -1.362195783491601
2636 -1.36220241251187
2637 -1.362209074699248
2638 -1.362215768865438
2639 -1.362222493813665
2640 -1.362229248338997
2641 -1.36223603122868
2642 -1.362242841262503
2643 -1.362249677213186
2644 -1.362256537846767
2645 -1.362263421922974
2646 -1.362270328195602
2647 -1.362277255412874
2648 -1.362284202317797
2649 -1.362291167648533
2650 -1.362298150138749
2651 -1.362305148517668
2652 -1.362312161511233
2653 -1.362319187841818
2654 -1.362326226228715
2655 -1.362333275388502
2656 -1.362340334035417
2657 -1.362347400881732
2658 -1.362354474648836
2659 -1.362361554052578
2660 -1.362368637801112
2661 -1.362375724598263
2662 -1.362382813146833
2663 -1.362389902150398
2664 -1.362396990322756
2665 -1.36240407637577
2666 -1.362411159018535
2667 -1.362418236958709
2668 -1.362425308906068
2669 -1.362432373575011
2670 -1.362439429685753
2671 -1.362446475964659
2672 -1.362453511144095
2673 -1.362460533962503
2674 -1.362467543164092
2675 -1.36247453749869
2676 -1.362481515721562
2677 -1.362488476593273
2678 -1.362495418879624
2679 -1.362502341351504
2680 -1.362509242784985
2681 -1.362516121961442
2682 -1.362522977667902
2683 -1.362529808697483
2684 -1.362536613849953
2685 -1.362543391932347
2686 -1.362550141759645
2687 -1.362556862155459
2688 -1.3625635519526
2689 -1.362570209994102
2690 -1.362576835133548
2691 -1.362583426235752
2692 -1.36258998217732
2693 -1.362596501846846
2694 -1.362602984145449
2695 -1.362609427986974
2696 -1.362615832298025
2697 -1.362622196018571
2698 -1.362628518101741
2699 -1.36263479751406
2700 -1.362641033235576
2701 -1.362647224259994
2702 -1.362653369594794
2703 -1.362659468261371
2704 -1.362665519295368
2705 -1.362671521746544
2706 -1.362677474678855
2707 -1.362683377170665
2708 -1.362689228315111
2709 -1.362695027220355
2710 -1.362700773009861
2711 -1.362706464822707
2712 -1.362712101813887
2713 -1.362717683154622
2714 -1.362723208032864
2715 -1.362728675653798
2716 -1.362734085240211
2717 -1.362739436032532
2718 -1.362744727288765
2719 -1.36274995828449
2720 -1.362755128312972
2721 -1.362760236685257
2722 -1.362765282730482
2723 -1.36277026579612
2724 -1.362775185248186
2725 -1.362780040471391
2726 -1.362784830869242
2727 -1.362789555864151
2728 -1.362794214897547
2729 -1.362798807429989
2730 -1.362803332941311
2731 -1.362807790930787
2732 -1.36281218091726
2733 -1.362816502439288
2734 -1.362820755055479
2735 -1.362824938344034
2736 -1.362829051904054
2737 -1.362833095358732
2738 -1.362837068349423
2739 -1.362840970534386
2740 -1.362844801589515
2741 -1.362848561209859
2742 -1.362852249110768
2743 -1.362855865028421
2744 -1.362859408719925
2745 -1.362862879963226
2746 -1.362866278557011
2747 -1.362869604320699
2748 -1.362872857094491
2749 -1.362876036739489
2750 -1.362879143137857
2751 -1.362882176192963
2752 -1.362885135829296
2753 -1.362888021992462
2754 -1.362890834649154
2755 -1.362893573787076
2756 -1.362896239414842
2757 -1.362898831561824
2758 -1.362901350278086
2759 -1.362903795634308
2760 -1.362906167721448
2761 -1.362908466650441
2762 -1.362910692551999
2763 -1.36291284557671
2764 -1.36291492589478
2765 -1.362916933695926
2766 -1.362918869189377
2767 -1.36292073260384
2768 -1.36292252418749
2769 -1.362924244207916
2770 -1.362925892952052
2771 -1.362927470726104
2772 -1.362928977855461
2773 -1.362930414684612
2774 -1.362931781577037
2775 -1.36293307891511
2776 -1.362934307099986
2777 -1.362935466551463
2778 -1.362936557707849
2779 -1.362937581025812
2780 -1.362938536980208
2781 -1.362939426063916
2782 -1.362940248787653
2783 -1.362941005679783
2784 -1.362941697286126
2785 -1.362942324169746
2786 -1.362942886910778
2787 -1.362943386106222
2788 -1.362943822369737
2789 -1.362944196331468
2790 -1.362944508637834
2791 -1.362944759951339
2792 -1.362944950950381
2793 -1.362945082329047
2794 -1.362945154796855
2795 -1.36294516907864
2796 -1.362945125914133
2797 -1.362945026057758
2798 -1.362944870278425
2799 -1.362944659359313
2800 -1.362944394097605
2801 -1.362944075304216
2802 -1.362943703803553
2803 -1.362943280433164
2804 -1.362942806043471
2805 -1.362942281497494
2806 -1.362941707670581
2807 -1.362941085450132
2808 -1.362940415735341
2809 -1.362939699436929
2810 -1.362938937476856
2811 -1.36293813078804
2812 -1.362937280314031
2813 -1.362936387008704
2814 -1.362935451836147
2815 -1.362934475770346
2816 -1.362933459794885
2817 -1.362932404902527
2818 -1.362931312094787
2819 -1.362930182381519
2820 -1.362929016780598
2821 -1.362927816317652
2822 -1.362926582025811
2823 -1.362925314945479
2824 -1.362924016124084
2825 -1.362922686615794
2826 -1.36292132748125
2827 -1.362919939787239
2828 -1.362918524606389
2829 -1.362917083016852
2830 -1.362915616101963
2831 -1.362914124949917
2832 -1.362912610653428
2833 -1.362911074309382
2834 -1.362909517018478
2835 -1.362907939884892
2836 -1.362906344015911
2837 -1.362904730521589
2838 -1.362903100514389
2839 -1.36290145510886
2840 -1.362899795421292
2841 -1.362898122569394
2842 -1.362896437671974
2843 -1.362894741848586
2844 -1.362893036219179
2845 -1.362891321903795
2846 -1.362889600022265
2847 -1.362887871693981
2848 -1.362886138037478
2849 -1.362884400170179
2850 -1.36288265920819
2851 -1.362880916266049
2852 -1.362879172456475
2853 -1.362877428890104
2854 -1.362875686675192
2855 -1.362873946917312
2856 -1.362872210719028
2857 -1.362870479179583
2858 -1.362868753394557
2859 -1.362867034455538
2860 -1.362865323449784
2861 -1.362863621459913
2862 -1.362861929563618
2863 -1.362860248833258
2864 -1.362858580335515
2865 -1.36285692513106
2866 -1.362855284274251
2867 -1.362853658812824
2868 -1.362852049787608
2869 -1.362850458232239
2870 -1.362848885172829
2871 -1.362847331627672
2872 -1.362845798606984
2873 -1.362844287112629
2874 -1.362842798137861
2875 -1.362841332667057
2876 -1.362839891675484
2877 -1.362838476129046
2878 -1.362837086984043
2879 -1.362835725186951
2880 -1.362834391674187
2881 -1.362833087371875
2882 -1.362831813195638
2883 -1.362830570050351
2884 -1.362829358829944
2885 -1.362828180417161
2886 -1.362827035683333
2887 -1.362825925488149
2888 -1.362824850679416
2889 -1.362823812092855
2890 -1.362822810551872
2891 -1.362821846867331
2892 -1.362820921837361
2893 -1.362820036247152
2894 -1.362819190868765
2895 -1.36281838646088
2896 -1.362817623768739
2897 -1.362816903523915
2898 -1.362816226444067
2899 -1.362815593232756
2900 -1.362815004579291
2901 -1.362814461158567
2902 -1.362813963630885
2903 -1.362813512641806
2904 -1.362813108821967
2905 -1.362812752786911
2906 -1.362812445136919
2907 -1.362812186456843
2908 -1.362811977315944
2909 -1.362811818267734
2910 -1.362811709849832
2911 -1.36281165258382
2912 -1.362811646975118
2913 -1.362811693512862
2914 -1.362811792669795
2915 -1.362811944902157
2916 -1.362812150649612
2917 -1.362812410334867
2918 -1.362812724364279
2919 -1.36281309312751
2920 -1.362813516997508
2921 -1.362813996330498
2922 -1.362814531465977
2923 -1.362815122726605
2924 -1.362815770418061
2925 -1.362816474828905
2926 -1.362817236230459
2927 -1.362818054876458
2928 -1.362818931003809
2929 -1.362819864831803
2930 -1.362820856562262
2931 -1.362821906379568
2932 -1.362823014450705
2933 -1.362824180925275
2934 -1.36282540593554
2935 -1.362826689596476
2936 -1.362828032005825
2937 -1.362829433244104
2938 -1.362830893374638
2939 -1.362832412443664
2940 -1.362833990480379
2941 -1.362835627496975
2942 -1.362837323488619
2943 -1.362839078433369
2944 -1.362840892292016
2945 -1.362842765007947
2946 -1.36284469650699
2947 -1.362846686697309
2948 -1.362848735469343
2949 -1.362850842695814
2950 -1.362853008231876
2951 -1.36285523191514
2952 -1.362857513565742
2953 -1.36285985298658
2954 -1.362862249963558
2955 -1.362864704266187
2956 -1.36286721564764
2957 -1.362869783844392
2958 -1.362872408576345
2959 -1.362875089547119
2960 -1.362877826444372
2961 -1.362880618940058
2962 -1.362883466690602
2963 -1.362886369337062
2964 -1.362889326505262
2965 -1.362892337805929
2966 -1.362895402834809
2967 -1.362898521172847
2968 -1.362901692386274
2969 -1.362904916026773
2970 -1.362908191631528
2971 -1.362911518723343
2972 -1.362914896810887
2973 -1.36291832538887
2974 -1.36292180393807
2975 -1.362925331925453
2976 -1.362928908804375
2977 -1.362932534014798
2978 -1.362936206983916
2979 -1.362939927126223
2980 -1.362943693843158
2981 -1.362947506523161
2982 -1.362951364541919
2983 -1.362955267262653
2984 -1.362959214036372
2985 -1.362963204202067
2986 -1.362967237086866
2987 -1.362971312006203
2988 -1.362975428263985
2989 -1.362979585152777
2990 -1.362983781954028
2991 -1.362988017938248
2992 -1.362992292365335
2993 -1.362996604484753
2994 -1.363000953535798
2995 -1.363005338747878
2996 -1.363009759340784
2997 -1.363014214524978
2998 -1.363018703501875
2999 -1.363023225464152
3000 -1.363027779596035
3001 -1.363032365073606
3002 -1.363036981065084
3003 -1.363041626731124
3004 -1.36304630122508
3005 -1.363051003693266
3006 -1.363055733275203
3007 -1.363060489103847
3008 -1.363065270305808
3009 -1.363070076001558
3010 -1.363074905305637
3011 -1.363079757326856
3012 -1.363084631168514
3013 -1.363089525928608
3014 -1.363094440700068
3015 -1.363099374570981
3016 -1.363104326624832
3017 -1.363109295940761
3018 -1.363114281593816
3019 -1.363119282655238
3020 -1.363124298192729
3021 -1.363129327270756
3022 -1.363134368950842
3023 -1.363139422291872
3024 -1.363144486350372
3025 -1.36314956018083
3026 -1.363154642835968
3027 -1.363159733367035
3028 -1.363164830824092
3029 -1.363169934256334
3030 -1.36317504271237
3031 -1.363180155240446
3032 -1.363185270888703
3033 -1.36319038870542
3034 -1.363195507739303
3035 -1.363200627039812
3036 -1.363205745657398
3037 -1.363210862643719
3038 -1.363215977051879
3039 -1.363221087936657
3040 -1.363226194354794
3041 -1.363231295365279
3042 -1.363236390029577
3043 -1.363241477411823
3044 -1.36324655657906
3045 -1.363251626601493
3046 -1.363256686552755
3047 -1.363261735510165
3048 -1.363266772554995
3049 -1.363271796772735
3050 -1.36327680725336
3051 -1.36328180309158
3052 -1.363286783387116
3053 -1.363291747244967
3054 -1.363296693775683
3055 -1.36330162209563
3056 -1.363306531327263
3057 -1.363311420599582
3058 -1.363316289048073
3059 -1.363321135814899
3060 -1.363325960049246
3061 -1.363330760907687
3062 -1.363335537554321
3063 -1.363340289160953
3064 -1.3633450149073
3065 -1.363349713981188
3066 -1.363354385578765
3067 -1.363359028904686
3068 -1.363363643172307
3069 -1.363368227603873
3070 -1.363372781430692
3071 -1.363377303893327
3072 -1.363381794241776
3073 -1.363386251735655
3074 -1.363390675644382
3075 -1.36339506524736
3076 -1.363399419834169
3077 -1.363403738704768
3078 -1.363408021169697
3079 -1.363412266550263
3080 -1.363416474178728
3081 -1.36342064339851
3082 -1.363424773564351
3083 -1.363428864042499
3084 -1.363432914210859
3085 -1.363436923459145
3086 -1.363440891189026
3087 -1.363444816814253
3088 -1.363448699760786
3089 -1.363452539466948
3090 -1.363456335383562
3091 -1.363460086974123
3092 -1.363463793714929
3093 -1.363467455095219
3094 -1.363471070617282
3095 -1.363474639796572
3096 -1.36347816216179
3097 -1.363481637254986
3098 -1.363485064631641
3099 -1.363488443860773
3100 -1.363491774525024
3101 -1.363495056220731
3102 -1.363498288558006
3103 -1.363501471160825
3104 -1.363504603667093
3105 -1.363507685728731
3106 -1.363510717011754
3107 -1.363513697196415
3108 -1.36351662597714
3109 -1.363519503062583
3110 -1.363522328175694
3111 -1.363525101053777
3112 -1.363527821448548
3113 -1.363530489126134
3114 -1.363533103867123
3115 -1.36353566546662
3116 -1.363538173734302
3117 -1.363540628494438
3118 -1.363543029585912
3119 -1.363545376862237
3120 -1.363547670191613
3121 -1.36354990945661
3122 -1.363552094554183
3123 -1.363554225395587
3124 -1.363556301906486
3125 -1.363558324027186
3126 -1.36356029171283
3127 -1.363562204933493
3128 -1.363564063674177
3129 -1.363565867934774
3130 -1.363567617729961
3131 -1.363569313089115
3132 -1.363570954056023
3133 -1.363572540688805
3134 -1.363574073059882
3135 -1.363575551256039
3136 -1.363576975378404
3137 -1.363578345542383
3138 -1.363579661877598
3139 -1.363580924527837
3140 -1.363582133650971
3141 -1.363583289418907
3142 -1.363584392017528
3143 -1.363585441646627
3144 -1.363586438519842
3145 -1.363587382864602
3146 -1.363588274922045
3147 -1.363589114946947
3148 -1.363589903207632
3149 -1.363590639985895
3150 -1.363591325576881
3151 -1.363591960288996
3152 -1.363592544443777
3153 -1.363593078375792
3154 -1.363593562432509
3155 -1.363593996974223
3156 -1.363594382373826
3157 -1.363594719016701
3158 -1.363595007300628
3159 -1.363595247635637
3160 -1.36359544044389
3161 -1.363595586159552
3162 -1.363595685228635
3163 -1.36359573810883
3164 -1.363595745269363
