"cd-rfile"
"Iteration" "cd"
("Iteration" "cd")
1 0.09339794818481365
2 0.0888604563153569
3 0.08766448281008213
4 0.09032248500699397
5 0.09569477865659334
6 0.1041403875756449
7 0.1144565093618797
8 0.1251076076898851
9 0.1356523140656307
10 0.1452993259220089
11 0.1550890560061292
12 0.1634014243952362
13 0.1700723924755934
14 0.1750056130016606
15 0.1781836597376185
16 0.1797220399649557
17 0.1797381434201339
18 0.1783605826561473
19 0.175730800973583
20 0.1720054058789265
21 0.1673209575955032
22 0.1617384977536014
23 0.1553216681109309
24 0.1481975503240369
25 0.1405139833752568
26 0.1324743678568696
27 0.1243210188110196
28 0.1163003309531198
29 0.1086394515717113
30 0.1015395276403427
31 0.0951306258038452
32 0.0895059506864752
33 0.08469528887586107
34 0.08073799461158145
35 0.0777003962419917
36 0.07561261824502567
37 0.07447396663447545
38 0.07425064931666094
39 0.07487549659650007
40 0.07626330039098993
41 0.07832154032716968
42 0.08093701640504385
43 0.08401838608938474
44 0.08746696867062423
45 0.09119986178428595
46 0.0951242027566476
47 0.09915552858081522
48 0.1032149235498335
49 0.107235642506767
50 0.1111580238593461
51 0.1149294684596119
52 0.1185076141234056
53 0.1218560283966533
54 0.1249501890530755
55 0.1277707984867831
56 0.1303038541603238
57 0.1325209436998788
58 0.1344988058194049
59 0.136166193350433
60 0.1375467446011231
61 0.1386530459364662
62 0.1394988467308461
63 0.1400927638838027
64 0.1404483203833096
65 0.1405779982406337
66 0.1404906604712214
67 0.1401971849110172
68 0.1397070577167142
69 0.139029045004673
70 0.1381723291047867
71 0.1371494201414249
72 0.1359690374307925
73 0.1346483682121965
74 0.1332029759010264
75 0.1316406538790409
76 0.1299732447695739
77 0.1282147159388801
78 0.1263816919948384
79 0.124491916860222
80 0.1225619425167792
81 0.1206141658313142
82 0.1186701155518804
83 0.1167503728041648
84 0.1148725929226206
85 0.1130555823236491
86 0.1113190845703926
87 0.1096793506979144
88 0.1081486049929576
89 0.1067362824346248
90 0.1054499096435922
91 0.1042936925718872
92 0.1032703627863979
93 0.1023786744438169
94 0.1016151683846112
95 0.1009738286784169
96 0.1004481992402405
97 0.1000283231729256
98 0.09970120044609447
99 0.09945654544652727
100 0.09928045591474971
101 0.09916602468699154
102 0.09908825351818713
103 0.09903336653245803
104 0.09898771486358665
105 0.0989395691104849
106 0.09887842453081953
107 0.09879503925597399
108 0.09868187541616572
109 0.09853303890878617
110 0.09834368698030013
111 0.09811092030036771
112 0.09783293818182993
113 0.09750905989768711
114 0.09713971975696394
115 0.09672576302225441
116 0.09626910099579379
117 0.09577223854711743
118 0.09523886043107491
119 0.0946725925558157
120 0.09407690475876002
121 0.09345592891506159
122 0.09281448641784097
123 0.09215686635202409
124 0.09148637590858272
125 0.09080816907996694
126 0.09012597930950987
127 0.08944448018906803
128 0.08876697575290281
129 0.08809778953613789
130 0.08743947030323528
131 0.08679612253319467
132 0.0861707386559151
133 0.08556648101982731
134 0.08498566068843476
135 0.08443102654530749
136 0.08390493977758938
137 0.08340917267467456
138 0.0829457027368163
139 0.08251586521118866
140 0.08212078773160285
141 0.08176139264622566
142 0.08143836645147171
143 0.08115204787090941
144 0.08090245445821939
145 0.08068967337792897
146 0.08051293005753106
147 0.08037134507520684
148 0.08026383099447623
149 0.08018846718284288
150 0.08014443339758361
151 0.08012878240618274
152 0.08013938446711351
153 0.08017437745027908
154 0.08023128613173271
155 0.08030781945447076
156 0.08040177915934628
157 0.08051022669207349
158 0.08063090703609928
159 0.08076218668336385
160 0.08090140621747459
161 0.08104628505716847
162 0.08119503518860559
163 0.08134569386256341
164 0.0814966437268165
165 0.08164663674302255
166 0.08179421106960974
167 0.08193814823979813
168 0.08207758182161452
169 0.08221184100723959
170 0.08234009778701259
171 0.08246187408914674
172 0.08257661637676554
173 0.08268377621165059
174 0.0827846966399914
175 0.08287728189391623
176 0.08296149992213271
177 0.08303748816498251
178 0.08310503365341573
179 0.08316405212164096
180 0.08321473994977964
181 0.08325688335955919
182 0.08329057424773033
183 0.08331562652411066
184 0.08333213163794256
185 0.08333986887740888
186 0.08333907491174178
187 0.08332974842399944
188 0.08331178108270892
189 0.08328527305721763
190 0.08325006549998984
191 0.08320643667423201
192 0.08315440004238861
193 0.0830940644449777
194 0.0830259195020039
195 0.08294992552976786
196 0.0828660826900717
197 0.08277456980441419
198 0.08267567848649851
199 0.08256952537952188
200 0.08245659098181464
201 0.08233731325983153
202 0.08221196300565631
203 0.08208128255604467
204 0.08194525799928838
205 0.08180420372202503
206 0.08165879673612669
207 0.08150952523285337
208 0.08135688441624915
209 0.0812019237497012
210 0.08104483831742587
211 0.08088620291582914
212 0.08072661253204087
213 0.0805666782315588
214 0.08040725137673224
215 0.08024880791896377
216 0.08009201756370106
217 0.07993780790841123
218 0.07978639023952426
219 0.07963836260240904
220 0.07949446871644721
221 0.07935499796213999
222 0.07922046788904216
223 0.07909141444348579
224 0.07896835140492162
225 0.07885150093084387
226 0.07874127767875941
227 0.07863789904372406
228 0.07854165373919171
229 0.07845268935633394
230 0.0783710821662513
231 0.07829695350173826
232 0.07823048208305503
233 0.07817162377416999
234 0.07812014697295122
235 0.0780759594269627
236 0.07803896506690657
237 0.07800902163559684
238 0.07798570137328882
239 0.07796866778717008
240 0.07795760445288812
241 0.07795214028746855
242 0.07795188587225875
243 0.07795643143915251
244 0.07796534653611388
245 0.07797817534463561
246 0.07799446280250395
247 0.0780137596423443
248 0.07803557001538423
249 0.07805942907133488
250 0.07808489546753167
251 0.07811152383160722
252 0.07813888183358225
253 0.07816659165958026
254 0.07819428401254319
255 0.07822156074678561
256 0.07824808836228257
257 0.07827358727182748
258 0.07829778545335007
259 0.07832043234169701
260 0.07834137608921138
261 0.07836043961474187
262 0.07837745847531533
263 0.07839235391872745
264 0.07840505983592604
265 0.07841552248981154
266 0.07842372196258285
267 0.07842967390538988
268 0.0784334653103512
269 0.07843519866020264
270 0.07843495140739451
271 0.07843285611365125
272 0.07842905339738905
273 0.07842371367177133
274 0.07841701788859698
275 0.07840911266066318
276 0.07840019836822611
277 0.07839056032944765
278 0.07838028996063344
279 0.07836964271652065
280 0.07835889296435197
281 0.07834813922764594
282 0.07833774060045648
283 0.07832769159489389
284 0.07831835661361668
285 0.07830969267218335
286 0.07830205727959985
287 0.07829539895441914
288 0.07828995095736285
289 0.07828574945298984
290 0.07828290139246694
291 0.07828148287557132
292 0.07828143546782269
293 0.07828267641192803
294 0.07828504006870743
295 0.07828852032696344
296 0.07829307927846674
297 0.07829866729911543
298 0.0783051892196453
299 0.07831253571322684
300 0.07832060344276613
301 0.07832922690479745
302 0.07833826361209138
303 0.0783474967795577
304 0.07835673002498458
305 0.07836580768352702
306 0.0783745087535665
307 0.07838262863469909
308 0.07838995366803102
309 0.07839627967834033
310 0.07840140963451296
311 0.07840518994000044
312 0.0784074336242348
313 0.07840794746502519
314 0.07840656243574698
315 0.07840310000548066
316 0.07839742186334578
317 0.07838940808508248
318 0.07837894037824161
319 0.07836593259799575
320 0.07835031771018527
321 0.07833203517553346
322 0.07831103975393931
323 0.0782873129826495
324 0.07826084325231181
325 0.07823164743416737
326 0.07819975898337399
327 0.07816523918548178
328 0.07812815717896057
329 0.07808860032656668
330 0.07804667367109248
331 0.07800249464149468
332 0.07795619492539216
333 0.07790792324341106
334 0.07785783727385701
335 0.07780610822975854
336 0.07775290921174326
337 0.07769842229935772
338 0.07764283883230683
339 0.07758635483900829
340 0.07752915806333403
341 0.0774714450479136
342 0.0774134149483799
343 0.07735526439121494
344 0.07729718634062674
345 0.07723936632475506
346 0.07718199401274785
347 0.0771252438263441
348 0.0770692942317228
349 0.0770143097214038
350 0.07696044179693676
351 0.07690783978859525
352 0.07685663960565595
353 0.07680697124702469
354 0.07675892081255009
355 0.07671260693138182
356 0.07666812472332714
357 0.07662554458700931
358 0.07658493320858531
359 0.07654635589540514
360 0.07650986091939574
361 0.07647547467394603
362 0.07644334332349034
363 0.07641340083001796
364 0.07638559793741605
365 0.07636002412769947
366 0.07633663157487038
367 0.07631533144218068
368 0.07629610866458096
369 0.07627903067068109
370 0.07626396882883126
371 0.07625085117045959
372 0.07623963010249676
373 0.07623026284780912
374 0.07622271486943323
375 0.07621683359759793
376 0.07621255213163014
377 0.07620979750407571
378 0.07620851975274438
379 0.07620868769890854
380 0.07621013968584878
381 0.07621279838642318
382 0.07621657527027424
383 0.0762213865494564
384 0.07622718525889702
385 0.0762338998556624
386 0.07624140074837452
387 0.07624960646990853
388 0.07625844070268477
389 0.07626782965425677
390 0.07627769695386442
391 0.07628804716506334
392 0.076298758503238
393 0.07630972491474609
394 0.07632087926655119
395 0.07633216117788527
396 0.07634352005423896
397 0.07635490928171844
398 0.07636630987209359
399 0.07637762514838491
400 0.07638880068632187
401 0.07639978943110627
402 0.07641056181322355
403 0.0764210793795564
404 0.07643129004152567
405 0.07644120260787154
406 0.07645075234777762
407 0.07645989764586264
408 0.07646861126147399
409 0.07647686845653751
410 0.07648464764500168
411 0.07649192518330671
412 0.07649872440581525
413 0.07650499702656761
414 0.07651070536790749
415 0.07651583720639775
416 0.07652038253518582
417 0.07652434381136856
418 0.07652770089517497
419 0.07653047660788179
420 0.07653265130121736
421 0.0765342070817748
422 0.0765351530891782
423 0.07653547870642052
424 0.07653518804490078
425 0.07653428696340855
426 0.07653278177598775
427 0.07653071765742427
428 0.07652806196099178
429 0.0765248300200074
430 0.07652104536435561
431 0.07651672217225435
432 0.0765118757409452
433 0.07650651958087809
434 0.07650067554766284
435 0.07649438473106925
436 0.07648767043826137
437 0.07648054823857685
438 0.07647303341331767
439 0.07646515647137513
440 0.07645694876643828
441 0.07644843885934811
442 0.07643966254413428
443 0.07643065775780145
444 0.07642144455358445
445 0.07641205493378769
446 0.07640253942075426
447 0.07639297293551545
448 0.0763832945136286
449 0.07637356295916463
450 0.0763638190346751
451 0.07635409661186982
452 0.07634442905746017
453 0.07633484850159422
454 0.07632538568563695
455 0.07631607168783311
456 0.07630693574963147
457 0.07629800422837599
458 0.07628930191646995
459 0.07628085246471437
460 0.07627267841190194
461 0.07626479953809211
462 0.0762572358654541
463 0.07625000485046642
464 0.07624312850485543
465 0.07623661467101621
466 0.07623046836129324
467 0.07622469879885646
468 0.07621931260204015
469 0.07621431377585663
470 0.07620970509288273
471 0.07620548617845686
472 0.07620165520718689
473 0.07619820813539382
474 0.07619513924213032
475 0.07619244092976683
476 0.07619010461415802
477 0.07618811667807016
478 0.07618646484266468
479 0.07618513457114164
480 0.07618410783579424
481 0.07618336698568287
482 0.07618289292029319
483 0.07618266513228632
484 0.076182662638514
485 0.07618286377381597
486 0.07618324522279435
487 0.07618378384517226
488 0.0761844557938063
489 0.07618523621911345
490 0.07618610101744039
491 0.07618702645396161
492 0.07618798674269783
493 0.07618895837009604
494 0.07618991721258546
495 0.07619087581260557
496 0.07619175429914915
497 0.07619254512123229
498 0.07619323022099897
499 0.07619378984328365
500 0.07619420333954099
501 0.07619445104086749
502 0.07619451495414967
503 0.0761943780563404
504 0.07619402981432138
505 0.07619345253196408
506 0.0761926287217147
507 0.0761915463892034
508 0.07619019515204303
509 0.07618856512393334
510 0.07618664759286795
511 0.07618443547762975
512 0.07618192263821877
513 0.07617910482034677
514 0.07617597881830233
515 0.0761725415319274
516 0.07616879242845732
517 0.07616473098533813
518 0.07616035842990578
519 0.07615567811638684
520 0.07615069369458724
521 0.07614540906903425
522 0.0761398293396935
523 0.07613395975525068
524 0.07612780782044275
525 0.07612138061337144
526 0.07611468673171799
527 0.07610773610273963
528 0.07610053749367823
529 0.07609310084850897
530 0.07608543701871205
531 0.07607755723678961
532 0.07606947313129275
533 0.07606119668005472
534 0.0760527399820915
535 0.07604411592572261
536 0.07603533699545054
537 0.07602641583219595
538 0.07601736529900562
539 0.07600819866700728
540 0.07599892890734357
541 0.07598956871004789
542 0.07598013103062327
543 0.07597062912627413
544 0.07596107548392517
545 0.07595148272279488
546 0.07594186348453462
547 0.07593222991405221
548 0.07592259439172851
549 0.0759129688796632
550 0.07590336433136612
551 0.07589379185495079
552 0.07588426234423758
553 0.07587478621349963
554 0.07586537358440416
555 0.07585603423271049
556 0.07584677749021534
557 0.0758376123613098
558 0.07582856480213004
559 0.07581961843039203
560 0.07581078591001264
561 0.07580207626239745
562 0.07579349693109701
563 0.07578505464079303
564 0.07577675533943232
565 0.07576860478179775
566 0.07576060824839961
567 0.07575277064047348
568 0.07574509634839445
569 0.07573758951201912
570 0.07573025381095919
571 0.07572309247865618
572 0.07571610871302399
573 0.07570930484149366
574 0.07570268307762862
575 0.07569624505882658
576 0.07568999211309548
577 0.07568392537262067
578 0.07567804542475753
579 0.07567235218591474
580 0.07566684551817256
581 0.07566152486733636
582 0.07565638931551445
583 0.07565143768633319
584 0.07564666885686218
585 0.07564208047455134
586 0.07563766976874998
587 0.0756334339998279
588 0.07562937009429224
589 0.07562548271639478
590 0.07562175929062517
591 0.07561819638806812
592 0.07561479012806095
593 0.07561153584070235
594 0.0756084290557113
595 0.07560546460792095
596 0.0756026372766652
597 0.07559994161857908
598 0.07559737196484935
599 0.0755949226139926
600 0.07559258781451839
601 0.07559036124827932
602 0.07558823671094896
603 0.0755862076180656
604 0.07558426765763356
605 0.07558241012456204
606 0.07558062849773334
607 0.07557891606858932
608 0.07557726633700572
609 0.07557567279044158
610 0.07557412823188317
611 0.07557262568119523
612 0.0755711584631871
613 0.07556973328272967
614 0.07556832164976118
615 0.07556692604319519
616 0.07556554218104886
617 0.0755641655086052
618 0.07556279081805012
619 0.07556141267421879
620 0.07556002628345029
621 0.0755586269447153
622 0.07555721046510706
623 0.07555577257236173
624 0.07555430980313442
625 0.0755528185090495
626 0.0755512955917059
627 0.07554973855488778
628 0.07554814483839761
629 0.07554651250662146
630 0.07554483987319616
631 0.07554312576814108
632 0.07554136937059713
633 0.07553956990531473
634 0.0755377275669962
635 0.07553584230583742
636 0.07553391510714517
637 0.07553194666983352
638 0.07552993842315101
639 0.07552789208657021
640 0.07552580944930691
641 0.0755236930406228
642 0.07552154511639744
643 0.07551936862760461
644 0.07551716663593039
645 0.07551494275408489
646 0.07551270059496799
647 0.07551044405588736
648 0.07550817711744703
649 0.07550590389043839
650 0.07550362855024512
651 0.07550135554356337
652 0.0754990898577079
653 0.07549683625505003
654 0.07549459928027445
655 0.07549238338939634
656 0.07549019305561602
657 0.07548803268327874
658 0.07548590675714353
659 0.07548381977717271
660 0.07548177593707264
661 0.07547977959929371
662 0.07547783483502628
663 0.07547594571751884
664 0.07547411612775058
665 0.0754723498514234
666 0.07547065034858723
667 0.075469021106115
668 0.0754674652883174
669 0.07546598565459293
670 0.07546458485007021
671 0.07546326509422811
672 0.07546202841198363
673 0.0754608766495858
674 0.07545981114091668
675 0.07545884187450039
676 0.07545795410419137
677 0.07545715434988796
678 0.07545644393568464
679 0.0754558227725662
680 0.0754552899766988
681 0.07545484432248811
682 0.07545448675237826
683 0.07545421392167026
684 0.07545402390996089
685 0.07545391511293539
686 0.07545388529239389
687 0.07545393177697125
688 0.07545405139994166
689 0.07545424099455786
690 0.07545449682168899
691 0.07545481520078141
692 0.07545519189425896
693 0.07545562276188773
694 0.07545610313357637
695 0.07545662857526203
696 0.07545719413439556
697 0.07545779501772464
698 0.07545842595113381
699 0.07545908205191142
700 0.07545975793864949
701 0.07546044855704524
702 0.07546114886735056
703 0.07546185325683358
704 0.07546255651503796
705 0.07546325328989169
706 0.07546393840760444
707 0.07546460661046171
708 0.07546525284455419
709 0.07546587219266239
710 0.07546645971301388
711 0.07546701079824869
712 0.07546752061280719
713 0.07546798482163418
714 0.07546839893194784
715 0.07546875884138825
716 0.07546906101216286
717 0.07546930184043456
718 0.07546947780091473
719 0.0754695854769336
720 0.07546962145073398
721 0.0754695826885622
722 0.07546946635619638
723 0.07546926993708065
724 0.07546899112789117
725 0.07546862803803486
726 0.07546817883540721
727 0.07546764241947783
728 0.07546701761162609
729 0.07546630369121941
730 0.0754655002286176
731 0.07546460680155237
732 0.0754636232466997
733 0.07546254983436211
734 0.07546138681464359
735 0.07546013469526455
736 0.07545879429731431
737 0.07545736649263891
738 0.07545585251330959
739 0.07545425356210611
740 0.07545257116479417
741 0.07545080709009901
742 0.07544896304582363
743 0.07544704121454755
744 0.07544504366439678
745 0.0754429726880385
746 0.07544083076979459
747 0.07543862025699136
748 0.07543634383367838
749 0.07543400420122161
750 0.07543163742749109
751 0.07542918430698227
752 0.07542670887831399
753 0.07542418522215719
754 0.0754216154340224
755 0.07541900196248845
756 0.07541634724269389
757 0.07541365365392365
758 0.07541092382944389
759 0.07540816033777167
760 0.07540536593902909
761 0.07540254306851019
762 0.07539969420939174
763 0.07539682188912102
764 0.07539392833256642
765 0.07539101584161947
766 0.07538808634013243
767 0.07538514181543036
768 0.07538218441248862
769 0.07537921567895184
770 0.07537623750090362
771 0.07537325138866109
772 0.0753702586822875
773 0.07536726072225218
774 0.07536425846520012
775 0.07536125307165759
776 0.07535824514350661
777 0.07535523558649761
778 0.07535222474482606
779 0.0753492130876373
780 0.07534620119388841
781 0.07534318904594058
782 0.0753401769805277
783 0.07533716515805848
784 0.07533415324734669
785 0.0753311417526491
786 0.07532813056276955
787 0.07532511916572804
788 0.07532210742109924
789 0.07531909459876295
790 0.07531608008355634
791 0.07531306325924912
792 0.07531004325851345
793 0.07530701953583833
794 0.07530399122714863
795 0.07530095741895493
796 0.07529791728054325
797 0.07529486992100029
798 0.07529181439363565
799 0.07528874972974911
800 0.07528567502190596
801 0.07528258940003892
802 0.07527949193021462
803 0.07527638160681326
804 0.07527325761484757
805 0.0752701191733337
806 0.07526696538654416
807 0.07526379546909252
808 0.07526060868867714
809 0.07525740443213945
810 0.07525418215481873
811 0.07525094125710201
812 0.07524768120209566
813 0.0752444015504579
814 0.07524110192794589
815 0.07523778198715696
816 0.07523444141725916
817 0.07523108005823825
818 0.07522769780809624
819 0.07522429483562737
820 0.075220873789235
821 0.07521743298326673
822 0.07521397197083392
823 0.07521049149236426
824 0.07520699166503671
825 0.07520347237956816
826 0.07519993439988648
827 0.07519637841465841
828 0.07519280502379855
829 0.07518921519339963
830 0.07518560953251155
831 0.07518191681180254
832 0.07517825507193708
833 0.07517459419784327
834 0.07517092641846707
835 0.07516725021542124
836 0.07516356608070089
837 0.07515987542584959
838 0.0751561794215637
839 0.07515247944691375
840 0.0751487769747331
841 0.07514507336647892
842 0.07514137017811363
843 0.07513766904899931
844 0.07513397148010069
845 0.07513027894157558
846 0.0751265930629284
847 0.07512291518681634
848 0.07511924660975516
849 0.0751155887513863
850 0.07511194296915111
851 0.07510831047374973
852 0.07510469261652633
853 0.07510109069386262
854 0.07509750598398673
855 0.07509393984032824
856 0.07509039353714927
857 0.07508686839180832
858 0.07508336565243706
859 0.07507988665435963
860 0.07507643268406185
861 0.07507300499028417
862 0.07506960486275832
863 0.07506623344209648
864 0.07506289193173815
865 0.07505958138436056
866 0.0750563027663763
867 0.07505305704132972
868 0.07504984510336962
869 0.07504666770814601
870 0.0750435256343845
871 0.07504041953205161
872 0.07503735005533964
873 0.07503431797231312
874 0.07503132382956669
875 0.07502836812722928
876 0.0750254511411627
877 0.07502257310135224
878 0.07501973418040717
879 0.07501693460094851
880 0.07501417448370393
881 0.07501145397975466
882 0.0750087732376154
883 0.07500613227734836
884 0.075003531151278
885 0.07500096981573753
886 0.07499844818264398
887 0.07499596613409699
888 0.07499352352638905
889 0.07499112018614057
890 0.07498875592133737
891 0.07498643045888974
892 0.07498414358932454
893 0.07498189487682183
894 0.07497968394689684
895 0.07497751040772302
896 0.07497537375597131
897 0.07497327337638224
898 0.07497120879318757
899 0.0749691793909371
900 0.07496718447654273
901 0.07496522351596692
902 0.07496329581851981
903 0.07496140065336754
904 0.07495953733990574
905 0.07495770520431635
906 0.0749559034432499
907 0.0749541314070075
908 0.07495238826817739
909 0.07495067333219281
910 0.07494898594119008
911 0.07494732538922758
912 0.0749456909502047
913 0.07494408198253553
914 0.07494249791910709
915 0.0749409380254405
916 0.0749394017235136
917 0.07493788841977574
918 0.07493639755673821
919 0.07493492850357622
920 0.07493348070692876
921 0.07493205374022437
922 0.07493064701575258
923 0.07492926002828836
924 0.0749278923367597
925 0.07492654336554626
926 0.07492521273262676
927 0.07492389999022445
928 0.07492260485735683
929 0.07492132674918689
930 0.07492006533442302
931 0.07491882027931696
932 0.07491759111567821
933 0.07491636614100453
934 0.07491516997781597
935 0.07491398814549731
936 0.0749128204707287
937 0.07491166683171979
938 0.07491052718055129
939 0.07490940142062047
940 0.07490828953921738
941 0.0749071914354725
942 0.07490610699803496
943 0.07490503595261602
944 0.0749039781509561
945 0.07490293349689858
946 0.07490190169025793
947 0.07490088257068066
948 0.07489987588290671
949 0.07489888141922844
950 0.07489789888555079
951 0.07489692807054316
952 0.07489596863729898
953 0.0748950203225104
954 0.07489408277786536
955 0.0748931557175449
956 0.0748922387729834
957 0.07489133161934844
958 0.07489043393479031
959 0.07488954544279847
960 0.07488866579104986
961 0.07488779471049987
962 0.07488693189811291
963 0.07488607705875923
964 0.0748852298901647
965 0.07488439017313878
966 0.07488355760563292
967 0.07488273194322406
968 0.07488191291806519
969 0.07488110028107596
970 0.07488029374060692
971 0.07487949307835609
972 0.07487869802222256
973 0.07487790840882635
974 0.07487712387013257
975 0.07487634400067365
976 0.07487556837571896
977 0.07487479654296844
978 0.07487402801890218
979 0.07487326230312455
980 0.07487249887314647
981 0.07487173721192678
982 0.07487097677313685
983 0.07487021699149711
984 0.07486945728264346
985 0.07486869705448053
986 0.07486793570231667
987 0.07486717262201079
988 0.0748664072096546
989 0.07486563885884702
990 0.07486486705480885
991 0.07486409126209702
992 0.07486331091783539
993 0.07486252538337898
994 0.07486173409478065
995 0.0748609364428135
996 0.07486013183701339
997 0.07485931969222553
998 0.07485849943057887
999 0.07485767048508496
1000 0.0748568322788512
1001 0.07485598433296323
1002 0.07485512609368718
1003 0.07485425706390156
1004 0.07485337676536294
1005 0.07485248480153314
1006 0.07485158069488489
1007 0.07485066405034918
1008 0.07484973439227005
1009 0.07484879132371833
1010 0.07484783448388307
1011 0.07484686342366705
1012 0.0748458777558778
1013 0.07484487703318585
1014 0.07484386080240535
1015 0.07484282874531221
1016 0.07484178045751191
1017 0.07484071553207532
1018 0.07483963352491037
1019 0.07483853407409391
1020 0.07483741687467022
1021 0.07483628153937126
1022 0.07483512774815912
1023 0.07483395519859164
1024 0.07483276360718352
1025 0.07483155271147333
1026 0.07483032225068707
1027 0.07482907206154689
1028 0.07482780533541521
1029 0.07482651808781483
1030 0.07482521024443455
1031 0.0748238817853151
1032 0.07482253265439356
1033 0.07482116276332455
1034 0.0748197720164564
1035 0.07481836029704954
1036 0.07481692747720969
1037 0.07481547343682221
1038 0.07481399806021193
1039 0.07481250126231727
1040 0.07481098290320422
1041 0.07480944295186388
1042 0.07480788136541544
1043 0.07480629812417576
1044 0.07480469322045488
1045 0.0748030666555409
1046 0.07480141844601232
1047 0.07479974862891986
1048 0.07479805726174309
1049 0.07479634441996547
1050 0.07479461020122326
1051 0.07479285472511929
1052 0.07479107812149118
1053 0.07478928050466598
1054 0.07478746207156373
1055 0.07478562294611382
1056 0.07478376330864231
1057 0.07478188334183154
1058 0.07477998323377964
1059 0.07477806316949505
1060 0.07477612333428785
1061 0.07477416391964335
1062 0.07477218512127191
1063 0.0747701871419008
1064 0.07476817019460706
1065 0.07476613449159369
1066 0.0747640802537174
1067 0.07476200771350133
1068 0.07475991556061214
1069 0.07475780430450803
1070 0.07475567468690721
1071 0.07475352701732019
1072 0.07475136209405504
1073 0.07474918064230214
1074 0.07474698315639255
1075 0.07474476996088009
1076 0.07474254129922266
1077 0.07474029737257652
1078 0.07473803846819381
1079 0.07473576478089131
1080 0.07473347658253766
1081 0.07473117418393958
1082 0.07472885779439152
1083 0.07472652770023529
1084 0.07472418410977683
1085 0.07472182730956231
1086 0.07471945754949232
1087 0.07471707507541257
1088 0.0747146800689486
1089 0.07471227289865201
1090 0.07470985376188605
1091 0.07470742299762971
1092 0.0747049808305266
1093 0.07470252756682134
1094 0.07470006352795804
1095 0.07469758896851778
1096 0.07469510425495328
1097 0.07469260970297639
1098 0.07469010572648294
1099 0.07468759264378166
1100 0.07468507081687541
1101 0.07468254061484476
1102 0.0746800023150071
1103 0.07467745628260555
1104 0.07467490569695195
1105 0.07467234912360628
1106 0.07466978518054879
1107 0.07466721436108135
1108 0.07466463709494395
1109 0.07466205377198099
1110 0.07465946475779536
1111 0.07465687040189498
1112 0.07465427104306244
1113 0.0746516673155283
1114 0.07464906120433092
1115 0.07464645074787081
1116 0.07464383640578569
1117 0.0746412186001132
1118 0.07463859773454917
1119 0.07463597420416825
1120 0.07463334840456841
1121 0.07463072072375995
1122 0.07462809154402344
1123 0.07462546124551608
1124 0.07462283021183415
1125 0.07462019883374879
1126 0.07461756750378948
1127 0.07461493661225711
1128 0.07461230654640123
1129 0.07460967768910283
1130 0.0746070504162452
1131 0.07460442509736903
1132 0.0746018021008496
1133 0.07459918179233309
1134 0.07459656454485472
1135 0.07459395073163821
1136 0.07459134072223521
1137 0.07458873488435609
1138 0.07458613357945883
1139 0.07458353716035859
1140 0.07458094596795695
1141 0.0745783603322024
1142 0.07457578057602111
1143 0.07457320702193791
1144 0.07457063999354986
1145 0.07456807981758752
1146 0.07456552682450356
1147 0.07456298135736862
1148 0.0745604437396814
1149 0.07455791430354475
1150 0.07455539338235938
1151 0.07455288130701357
1152 0.07455037839077958
1153 0.07454788494102974
1154 0.07454540127310727
1155 0.07454292771669875
1156 0.07454046461363387
1157 0.07453801236891638
1158 0.07453557127638852
1159 0.07453314164354065
1160 0.07453072376269126
1161 0.07452831788616888
1162 0.07452592433438626
1163 0.07452354332080785
1164 0.07452117510248575
1165 0.07451881995492912
1166 0.07451647808193876
1167 0.07451414977147633
1168 0.07451183526580604
1169 0.0745095347975927
1170 0.07450724870002687
1171 0.07450497723124554
1172 0.07450272064567236
1173 0.07450047919965071
1174 0.07449825317015632
1175 0.07449604274595011
1176 0.07449384820377196
1177 0.07449166976214838
1178 0.074489507609073
1179 0.07448736200393394
1180 0.07448523307003606
1181 0.0744831210456911
1182 0.07448102605564647
1183 0.07447894828175861
1184 0.07447688780392824
1185 0.07447484481501107
1186 0.07447281937687524
1187 0.07447081164792103
1188 0.0744688217105741
1189 0.07446684972578926
1190 0.07446489572330917
1191 0.07446295987877231
1192 0.07446104219556099
1193 0.07445914274068335
1194 0.07445726162316216
1195 0.0744553989334283
1196 0.07445355467823091
1197 0.07445172893928112
1198 0.07444992183162746
1199 0.0744481333682471
1200 0.07444636358240785
1201 0.07444461257752824
1202 0.07444288036424723
1203 0.07444116698224597
1204 0.0744394724511145
1205 0.07443779677715535
1206 0.07443613998290786
1207 0.07443450200204167
1208 0.07443288286307968
1209 0.07443128254210621
1210 0.0744297010119839
1211 0.07442813821309863
1212 0.07442659416642722
1213 0.07442506878759071
1214 0.07442356203277249
1215 0.07442207385332247
1216 0.07442060419491445
1217 0.0744191530242579
1218 0.07441772021976802
1219 0.07441630575560587
1220 0.07441490955344357
1221 0.07441353153149753
1222 0.07441217160024366
1223 0.07441082963980175
1224 0.07440950560518443
1225 0.0744081993441488
1226 0.07440691074727174
1227 0.07440563969667756
1228 0.07440438607142787
1229 0.07440314974562147
1230 0.07440193058999889
1231 0.07440072847132564
1232 0.07439954325251985
1233 0.07439837479783873
1234 0.07439722296902673
1235 0.0743960876233123
1236 0.07439496860922258
1237 0.0743938657676738
1238 0.07439277893459131
1239 0.07439170794402433
1240 0.07439065301868987
1241 0.07438961510984668
1242 0.0743885922301165
1243 0.07438758431365478
1244 0.07438659126132427
1245 0.07438561294640116
1246 0.0743846492214128
1247 0.07438369992405364
1248 0.0743827648797763
1249 0.07438184390587607
1250 0.07438093681386805
1251 0.07438004340912505
1252 0.07437916349301611
1253 0.07437829686778273
1254 0.07437744333138067
1255 0.07437660267789072
1256 0.07437577470001797
1257 0.07437495918694025
1258 0.07437415591863529
1259 0.07437336467675737
1260 0.07437258524010405
1261 0.0743718173846545
1262 0.07437106088221153
1263 0.07437031549897517
1264 0.07436958099795578
1265 0.07436885714284537
1266 0.07436814370093936
1267 0.07436744044213936
1268 0.07436674713988392
1269 0.0743660635692945
1270 0.07436538950472971
1271 0.07436472471697428
1272 0.07436406897333565
1273 0.07436342203502598
1274 0.07436278365449599
1275 0.0743621535738863
1276 0.07436153152451118
1277 0.0743609172286272
1278 0.07436031040120607
1279 0.0743597107531863
1280 0.07435911799511372
1281 0.07435853186260448
1282 0.0743579520759419
1283 0.07435737834265932
1284 0.07435681037951712
1285 0.07435624791116967
1286 0.07435569066913623
1287 0.0743551383919502
1288 0.07435459083426124
1289 0.07435404772692743
1290 0.0743535088907268
1291 0.07435297403660546
1292 0.07435244292981173
1293 0.07435191533155996
1294 0.07435139100285233
1295 0.07435086969977908
1296 0.07435035117489426
1297 0.07434983517980444
1298 0.07434939184217287
1299 0.07434890391239719
1300 0.07434840652576535
1301 0.07434790678361103
1302 0.07434740643303905
1303 0.07434690568732778
1304 0.07434640439654226
1305 0.07434590241703312
1306 0.07434539964292963
1307 0.0743448959632162
1308 0.07434439124284353
1309 0.07434388531696726
1310 0.07434337800739148
1311 0.07434286912476538
1312 0.07434235849131283
1313 0.07434184593881603
1314 0.0743413313081592
1315 0.07434081444593123
1316 0.07434029519909259
1317 0.07433977341473831
1318 0.07433924893770753
1319 0.07433872160940456
1320 0.07433819126684907
1321 0.07433765773983456
1322 0.07433712084815951
1323 0.0743365804027237
1324 0.07433603620608718
1325 0.07433548805448754
1326 0.07433493573956738
1327 0.07433437905005193
1328 0.07433381777320666
1329 0.07433325169734564
1330 0.07433268061492293
1331 0.07433210432529958
1332 0.07433152263708212
1333 0.07433093536828267
1334 0.07433034234495108
1335 0.07432974339942357
1336 0.0743291383689486
1337 0.07432852709145113
1338 0.07432790942258392
1339 0.07432728521945341
1340 0.0743266543430282
1341 0.07432601665644971
1342 0.07432537202481636
1343 0.07432472031579511
1344 0.07432406140234807
1345 0.07432339516636995
1346 0.07432272149576317
1347 0.0743220402828759
1348 0.07432135142297668
1349 0.07432065481182649
1350 0.07431995034570114
1351 0.0743192379207792
1352 0.07431851743405396
1353 0.07431778878442349
1354 0.07431705187428372
1355 0.07431630661095116
1356 0.07431555290825576
1357 0.07431479068781628
1358 0.07431401987966883
1359 0.07431324042215656
1360 0.07431245226141579
1361 0.07431165535069853
1362 0.07431084964952626
1363 0.07431003512076442
1364 0.07430921173004176
1365 0.07430837944750643
1366 0.07430753824926201
1367 0.07430668811220323
1368 0.07430582902695276
1369 0.07430496098289457
1370 0.07430408397069013
1371 0.07430319798005965
1372 0.07430230299913645
1373 0.07430139901670178
1374 0.07430048602393173
1375 0.07429956401772317
1376 0.0742986330021236
1377 0.07429769298933309
1378 0.07429674400166766
1379 0.07429578607099716
1380 0.07429482008098871
1381 0.07429384578596053
1382 0.07429286255295389
1383 0.07429187050322474
1384 0.07429086973437232
1385 0.07428986033825377
1386 0.07428884240747075
1387 0.07428781602759565
1388 0.07428678127841817
1389 0.07428573823863915
1390 0.07428468698503851
1391 0.07428362759282958
1392 0.0742825601366334
1393 0.0742814846910705
1394 0.07428040133031187
1395 0.07427931013112533
1396 0.07427821117121028
1397 0.07427710453087566
1398 0.07427599029325621
1399 0.07427486854327962
1400 0.07427373936859397
1401 0.07427260285935618
1402 0.07427145910846553
1403 0.07427030821166339
1404 0.0742691502690791
1405 0.0742679853867643
1406 0.07426681367561946
1407 0.0742656352509015
1408 0.0742644502320657
1409 0.07426325874287235
1410 0.07426206091148976
1411 0.0742608568705807
1412 0.07425964675750284
1413 0.0742584307127588
1414 0.07425720887969306
1415 0.07425598140895247
1416 0.07425474845545932
1417 0.07425351017882412
1418 0.07425226674188996
1419 0.07425101830929123
1420 0.07424976504441692
1421 0.0742485071101196
1422 0.07424724467150824
1423 0.07424597789363099
1424 0.0742447069652217
1425 0.07424343206528267
1426 0.07424215336299987
1427 0.07424087102308748
1428 0.0742395852101447
1429 0.07423829606589222
1430 0.07423700381283126
1431 0.07423570857272462
1432 0.0742344105121167
1433 0.07423310979924969
1434 0.07423180660869892
1435 0.07423050111929569
1436 0.07422919351337325
1437 0.07422788397529885
1438 0.07422657269097231
1439 0.07422525984758166
1440 0.07422394563412234
1441 0.07422263024124191
1442 0.07422131388453199
1443 0.07421999669473084
1444 0.07421867890525367
1445 0.07421736070492485
1446 0.07421604228515077
1447 0.07421472383339935
1448 0.0742134055368527
1449 0.07421208758262075
1450 0.07421077015185765
1451 0.07420945342484826
1452 0.07420813758059054
1453 0.07420682279505948
1454 0.0742055092432531
1455 0.07420419709820537
1456 0.07420288654273742
1457 0.07420157772084571
1458 0.07420027085993304
1459 0.07419896608605428
1460 0.0741976635706505
1461 0.07419636348471893
1462 0.07419506598490087
1463 0.07419377125326802
1464 0.07419247946331839
1465 0.07419119078913645
1466 0.07418990542602499
1467 0.07418862356230337
1468 0.07418734535737276
1469 0.07418607097535995
1470 0.07418480058412165
1471 0.07418353435204837
1472 0.07418227247295565
1473 0.07418101506017272
1474 0.07417976232616114
1475 0.0741785144362629
1476 0.07417727155888627
1477 0.07417603386050174
1478 0.07417480150699726
1479 0.07417357466301416
1480 0.07417235349230349
1481 0.0741711381575411
1482 0.07416992882022834
1483 0.07416872564065204
1484 0.07416752877713387
1485 0.0741663383858925
1486 0.07416515462106171
1487 0.07416397763482081
1488 0.0741628075536106
1489 0.07416164458494096
1490 0.07416048883429378
1491 0.07415934045162825
1492 0.07415819958140499
1493 0.07415706636661465
1494 0.07415594097220415
1495 0.07415482347663781
1496 0.07415371406134186
1497 0.0741526128672175
1498 0.07415152002693845
1499 0.0741504356673903
1500 0.07414935991523103
1501 0.07414829289392046
1502 0.07414723472443795
1503 0.07414618552004985
1504 0.07414514540424225
1505 0.07414411449252781
1506 0.07414309291605954
1507 0.07414208072017613
1508 0.07414107804650985
1509 0.07414008499027819
1510 0.07413910164518564
1511 0.07413812810115267
1512 0.07413716444501024
1513 0.07413620244947444
1514 0.07413525887228897
1515 0.07413432364043458
1516 0.07413339707053067
1517 0.0741324797687599
1518 0.07413157251292823
1519 0.07413067590289782
1520 0.07412979026301558
1521 0.07412891572101873
1522 0.0741280523072355
1523 0.07412720002260402
1524 0.07412635886634367
1525 0.07412552881619637
1526 0.07412470993261872
1527 0.07412390217033041
1528 0.07412310552206615
1529 0.0741223199707387
1530 0.07412154549486415
1531 0.07412078207048171
1532 0.07412002967404156
1533 0.07411928828330597
1534 0.07411855787637155
1535 0.0741178384369167
1536 0.07411712995403942
1537 0.07411643242113115
1538 0.07411574583577255
1539 0.07411507019965975
1540 0.07411440551765225
1541 0.07411375179656826
1542 0.0741131090420462
1543 0.07411247725404699
1544 0.07411185642955669
1545 0.07411124659172023
1546 0.07411064768533858
1547 0.07411005976011859
1548 0.07410948279675195
1549 0.07410891685855339
1550 0.07410836190262948
1551 0.07410781792519652
1552 0.07410728490522435
1553 0.07410676281301241
1554 0.0741062516095394
1555 0.07410575124808945
1556 0.07410526167449499
1557 0.07410478282895951
1558 0.0741043146488245
1559 0.07410385707052956
1560 0.07410341002987464
1561 0.07410297346308015
1562 0.07410254730957183
1563 0.07410213151022746
1564 0.07410172600754307
1565 0.07410133074336152
1566 0.07410094565796081
1567 0.07410057069076702
1568 0.07410020575489845
1569 0.0740998508720267
1570 0.07409950587406357
1571 0.07409917074119603
1572 0.07409884540171431
1573 0.07409852978432638
1574 0.07409822381192022
1575 0.07409792740301253
1576 0.07409764047100276
1577 0.07409736292470512
1578 0.07409709466858896
1579 0.07409683560322322
1580 0.0740965856257144
1581 0.07409634463014135
1582 0.07409611250726877
1583 0.07409588914422233
1584 0.07409567442446491
1585 0.07409546822815412
1586 0.07409527043327239
1587 0.07409508091750822
1588 0.07409489955850362
1589 0.07409472623460528
1590 0.07409456082531526
1591 0.07409440321159906
1592 0.07409425325199624
1593 0.07409411088781458
1594 0.07409397596257941
1595 0.07409384836803906
1596 0.07409372799052082
1597 0.07409361471397273
1598 0.07409350841873515
1599 0.07409340898259811
1600 0.074093316280734
1601 0.07409323018634022
1602 0.07409315057139515
1603 0.07409307730687864
1604 0.07409301026250556
1605 0.07409294930615301
1606 0.07409289430343906
1607 0.07409284511713261
1608 0.07409280160690924
1609 0.07409276362946032
1610 0.07409273103894246
1611 0.07409270368765231
1612 0.07409268142677444
1613 0.07409266410705849
1614 0.07409265158064467
1615 0.07409264369805869
1616 0.07409264031111069
1617 0.07409264127261912
1618 0.07409264646200861
1619 0.07409265567301841
1620 0.07409266879872135
1621 0.07409268568787664
1622 0.07409270619587037
1623 0.07409273018065969
1624 0.07409275750284106
1625 0.07409278802368439
1626 0.07409282160554286
1627 0.07409285810947118
1628 0.0740928973976549
1629 0.07409293933231376
1630 0.07409298377579938
1631 0.07409303059001561
1632 0.07409307963591436
1633 0.07409313077312323
1634 0.07409318385975563
1635 0.07409323875246236
1636 0.07409329530667008
1637 0.07409335337695307
1638 0.07409341281746595
1639 0.07409347348238668
1640 0.0740935352283959
1641 0.07409359790852459
1642 0.07409366138120621
1643 0.07409372550331883
1644 0.07409379013442384
1645 0.0740938551352866
1646 0.0740939203441303
1647 0.07409398568492848
1648 0.07409405097934202
1649 0.07409411609898969
1650 0.07409418091109364
1651 0.07409424528956232
1652 0.07409430910759816
1653 0.07409437223982876
1654 0.07409443456269783
1655 0.07409449595165853
1656 0.07409455628503905
1657 0.07409461544281844
1658 0.0740946733067202
1659 0.07409472976009494
1660 0.07409478468722544
1661 0.07409483797548742
1662 0.07409488951378004
1663 0.07409493919307555
1664 0.07409498690647724
1665 0.0740950325490637
1666 0.07409507601760658
1667 0.07409511721024373
1668 0.07409515602629331
1669 0.07409519236610231
1670 0.07409522613014061
1671 0.07409525721989599
1672 0.07409528553960136
1673 0.07409531099379062
1674 0.07409533348791561
1675 0.07409535292843694
1676 0.07409536922280077
1677 0.07409538227930405
1678 0.07409539203102554
1679 0.07409539832961538
1680 0.07409540112766058
1681 0.07409540033526429
1682 0.074095395867319
1683 0.07409538763850865
1684 0.07409537556436441
1685 0.07409535956048351
1686 0.07409533954300372
1687 0.07409531542953787
1688 0.07409528714907414
1689 0.07409525464238938
1690 0.07409521783923682
1691 0.07409517666828869
1692 0.07409513105579213
1693 0.07409508092752691
1694 0.07409502620835905
1695 0.07409496682265283
1696 0.0740949026950256
1697 0.07409483375124416
1698 0.074094759919105
1699 0.07409468112919962
1700 0.07409459731552091
1701 0.07409450841589969
1702 0.07409441437320688
1703 0.07409431513296279
1704 0.07409421064572692
1705 0.07409410086647125
1706 0.07409398575448085
1707 0.07409386527329687
1708 0.07409373939059398
1709 0.07409360807784082
1710 0.07409347131034219
1711 0.07409332906641508
1712 0.07409318132742977
1713 0.07409302805410946
1714 0.07409286929238344
1715 0.07409270499022362
1716 0.07409253514433681
1717 0.07409235975068788
1718 0.07409217880636597
1719 0.07409199231017639
1720 0.074091800263219
1721 0.07409160266853498
1722 0.07409139953126394
1723 0.07409119085871883
1724 0.07409097666026958
1725 0.07409075694741807
1726 0.07409053173385809
1727 0.0740903010355333
1728 0.07409006487209775
1729 0.07408982326716335
1730 0.07408957624801554
1731 0.07408932384468217
1732 0.07408906608875698
1733 0.07408880301260976
1734 0.07408853464913387
1735 0.07408826103201205
1736 0.07408798219247216
1737 0.07408769816777942
1738 0.07408740899792778
1739 0.07408711472591437
1740 0.0740868153969531
1741 0.07408651105789829
1742 0.07408620175705014
1743 0.07408588754423394
1744 0.07408556847098753
1745 0.07408524459068606
1746 0.07408491595862882
1747 0.07408458263201047
1748 0.0740842446694808
1749 0.07408390213128593
1750 0.07408355507902209
1751 0.07408320357536841
1752 0.07408284770790702
1753 0.07408248748232903
1754 0.07408212300570205
1755 0.07408175433951121
1756 0.0740813815497362
1757 0.07408100470276671
1758 0.07408062386659545
1759 0.0740802391099539
1760 0.0740798505026702
1761 0.07407945811558116
1762 0.07407906202271697
1763 0.07407866229589545
1764 0.07407825900930722
1765 0.07407785223878495
1766 0.07407744206177645
1767 0.07407702855755623
1768 0.074076611807256
1769 0.07407619189384797
1770 0.07407576890208981
1771 0.07407534291846617
1772 0.07407491403112731
1773 0.07407448232990016
1774 0.07407404790607569
1775 0.07407361085213528
1776 0.07407317126203805
1777 0.07407272923107178
1778 0.07407228485552095
1779 0.07407183823213796
1780 0.07407138945755115
1781 0.07407093862830547
1782 0.0740704858401382
1783 0.07407003118864545
1784 0.07406957476945636
1785 0.07406911667859532
1786 0.07406865701285739
1787 0.07406819586993525
1788 0.07406773334860682
1789 0.07406726954972402
1790 0.07406680457532706
1791 0.07406633852852472
1792 0.07406587151421815
1793 0.07406540364017639
1794 0.07406493501474025
1795 0.07406446574584495
1796 0.0740639959167365
1797 0.07406352569296919
1798 0.07406305513879184
1799 0.07406258436447152
1800 0.07406211347627138
1801 0.07406164258075784
1802 0.07406117178380067
1803 0.07406070119594248
1804 0.07406023092713536
1805 0.07405976108295476
1806 0.07405929177445666
1807 0.07405882311349042
1808 0.07405835520972341
1809 0.07405788816945134
1810 0.07405742209552353
1811 0.07405695708796112
1812 0.07405649324477949
1813 0.07405603066281917
1814 0.07405556970139031
1815 0.07405511019002743
1816 0.07405465220039253
1817 0.0740541958411563
1818 0.074053741218209
1819 0.07405328843611038
1820 0.07405283759875421
1821 0.07405238880935182
1822 0.07405194217061883
1823 0.07405149778482255
1824 0.07405105575375794
1825 0.07405061617868829
1826 0.07405017916009422
1827 0.0740497447975309
1828 0.07404931318947039
1829 0.07404888443315663
1830 0.07404845863140169
1831 0.07404803587023201
1832 0.07404761624389264
1833 0.07404719984402965
1834 0.07404678676056722
1835 0.07404637708551869
1836 0.07404597090912211
1837 0.07404556831908292
1838 0.07404516940101555
1839 0.07404477423880119
1840 0.07404438291492041
1841 0.07404399551070416
1842 0.07404361210647509
1843 0.0740432327815895
1844 0.07404285761446587
1845 0.07404248668258252
1846 0.07404212005956505
1847 0.07404175782068209
1848 0.07404140004203014
1849 0.07404104679791997
1850 0.07404069816094945
1851 0.07404035420246063
1852 0.07404001499259248
1853 0.07403968060020988
1854 0.07403935109273918
1855 0.0740390265360043
1856 0.07403870699407399
1857 0.07403839252919785
1858 0.07403808320181894
1859 0.07403777907066122
1860 0.07403748019288597
1861 0.07403718662865964
1862 0.07403689842875537
1863 0.0740366156463098
1864 0.07403633833375267
1865 0.07403606654274079
1866 0.07403580032399878
1867 0.07403553972705516
1868 0.07403528480001885
1869 0.07403503558944087
1870 0.07403479214022012
1871 0.07403455449554511
1872 0.07403432269684589
1873 0.07403409678376098
1874 0.07403387679410944
1875 0.0740336627638543
1876 0.07403345472708582
1877 0.07403325271599356
1878 0.07403305676087293
1879 0.07403286689008522
1880 0.0740326831301675
1881 0.07403250550542884
1882 0.07403233403850959
1883 0.07403216875020605
1884 0.07403200965952672
1885 0.07403185678780738
1886 0.07403171015374296
1887 0.07403156977308505
1888 0.07403143565906874
1889 0.07403130782282288
1890 0.07403118627373771
1891 0.07403107101950718
1892 0.07403096206536709
1893 0.07403085941418976
1894 0.07403076306609714
1895 0.07403067301886171
1896 0.07403058926686616
1897 0.07403051180237585
1898 0.07403044061568262
1899 0.07403037569537002
1900 0.07403031702862377
1901 0.07403026460165868
1902 0.07403021840084634
1903 0.07403017841169195
1904 0.07403014461889017
1905 0.07403011700612727
1906 0.07403009555613278
1907 0.07403008025083127
1908 0.07403007107147092
1909 0.07403006799858709
1910 0.07403007101213872
1911 0.07403008009122874
1912 0.07403009521400639
1913 0.07403011635756729
1914 0.07403014349786181
1915 0.07403017660953061
1916 0.07403021566574607
1917 0.07403026063809477
1918 0.07403031149651561
1919 0.07403036820927772
1920 0.07403043074297437
1921 0.07403049906251029
1922 0.0740305731311537
1923 0.07403065291053205
1924 0.07403073836051458
1925 0.07403082943924297
1926 0.07403092610315616
1927 0.07403102830700589
1928 0.07403113600386615
1929 0.07403124914515541
1930 0.07403136768067249
1931 0.07403149155864812
1932 0.07403162072582348
1933 0.0740317551273878
1934 0.07403189470666491
1935 0.07403203940494497
1936 0.07403218916148621
1937 0.07403234391445478
1938 0.07403250359954655
1939 0.07403266815198252
1940 0.0740328375066517
1941 0.07403301159839004
1942 0.07403319036211585
1943 0.07403337373282903
1944 0.07403356164552288
1945 0.0740337540350474
1946 0.07403395083594705
1947 0.07403415198230101
1948 0.07403435740757021
1949 0.07403456704445582
1950 0.07403478082477835
1951 0.0740349986794015
1952 0.07403522053817742
1953 0.07403544632989861
1954 0.07403567598224974
1955 0.0740359094217635
1956 0.07403614657380335
1957 0.07403638736258149
1958 0.07403663171119326
1959 0.07403687954174143
1960 0.0740371307754495
1961 0.07403738533279094
1962 0.0740376431333384
1963 0.07403790409567376
1964 0.07403816813831557
1965 0.07403843517990159
1966 0.07403870513904152
1967 0.07403897793405465
1968 0.07403925348284128
1969 0.07403953170253291
1970 0.07403981251005659
1971 0.07404009582269562
1972 0.07404038155734631
1973 0.0740406696301712
1974 0.07404095995689461
1975 0.0740412524528869
1976 0.07404154703317897
1977 0.07404184361277563
1978 0.07404214210588203
1979 0.07404244242655256
1980 0.07404274448862434
1981 0.07404304820574222
1982 0.07404335349141344
1983 0.07404366025904946
1984 0.07404396842202864
1985 0.07404427789375112
1986 0.07404458858769859
1987 0.07404490041749434
1988 0.07404521329696327
1989 0.07404552714033505
1990 0.07404584186208645
1991 0.07404615737702026
1992 0.07404647360028589
1993 0.07404679044740839
1994 0.07404710783430468
1995 0.07404742567727801
1996 0.07404774389299709
1997 0.07404806239847019
1998 0.0740483811110214
1999 0.07404869994828626
2000 0.07404901882820746
2001 0.07404933766903568
2002 0.07404965638934653
2003 0.07404997490806541
2004 0.07405029314449996
2005 0.07405061101838509
2006 0.0740509284499226
2007 0.07405124535982172
2008 0.07405156166933476
2009 0.07405187730029177
2010 0.07405219217513388
2011 0.07405250621694202
2012 0.07405281934947303
2013 0.07405313149794998
2014 0.07405344258894006
2015 0.07405375254972664
2016 0.07405406130812103
2017 0.07405436879244147
2018 0.07405467493154723
2019 0.07405497965493517
2020 0.07405528289291226
2021 0.07405558457610473
2022 0.07405588463577759
2023 0.07405618300394337
2024 0.07405647961350023
2025 0.07405677439829739
2026 0.07405706729315752
2027 0.0740573582337971
2028 0.07405764715669287
2029 0.07405793399897508
2030 0.07405821869839194
2031 0.07405850119335236
2032 0.07405878142301692
2033 0.07405905932740628
2034 0.07405933484750023
2035 0.07405960792531924
2036 0.07405987850398742
2037 0.0740601465277622
2038 0.07406041194205384
2039 0.07406067469344507
2040 0.07406093472988265
2041 0.0740611920006639
2042 0.07406144645633846
2043 0.07406169804860946
2044 0.07406194673026407
2045 0.07406219253282116
2046 0.07406243535070531
2047 0.07406267513259003
2048 0.0740629118305717
2049 0.07406314538845983
2050 0.07406337576979503
2051 0.07406360293419006
2052 0.07406382684249714
2053 0.07406404745654203
2054 0.07406426474050455
2055 0.07406447865626009
2056 0.07406468916835272
2057 0.07406489624164768
2058 0.07406509984196145
2059 0.07406529993648446
2060 0.07406549649381966
2061 0.07406568948395734
2062 0.07406587887815523
2063 0.07406606464883023
2064 0.07406624676951207
2065 0.07406642521485433
2066 0.07406659996066485
2067 0.07406677098385206
2068 0.07406693826224778
2069 0.07406710177437786
2070 0.07406726149960201
2071 0.0740674174184289
2072 0.07406756951284034
2073 0.07406771776650928
2074 0.07406786216489755
2075 0.07406800269521183
2076 0.07406813934831333
2077 0.07406827211233208
2078 0.07406840097923932
2079 0.07406852594271179
2080 0.07406864699762926
2081 0.07406876414003186
2082 0.0740688773670666
2083 0.0740689866770677
2084 0.07406909206956265
2085 0.0740691935456267
2086 0.07406929110697862
2087 0.0740693847566043
2088 0.07406947449872106
2089 0.07406956033880963
2090 0.07406964228364062
2091 0.07406972034129808
2092 0.07406979452120081
2093 0.07406986483410959
2094 0.07406993129213325
2095 0.07406999390873685
2096 0.07407005269874137
2097 0.07407010767830026
2098 0.0740701588648448
2099 0.07407020627699867
2100 0.07407024993447854
2101 0.07407028985798955
2102 0.07407032606914327
2103 0.07407035859040238
2104 0.07407038744506293
2105 0.07407041265727325
2106 0.07407043425208169
2107 0.07407045225549699
2108 0.07407046669455677
2109 0.0740704775973977
2110 0.07407048499330954
2111 0.07407048891277146
2112 0.07407048938746069
2113 0.07407048645024319
2114 0.07407048013514288
2115 0.07407047047730157
2116 0.07407045751292449
2117 0.07407044127921206
2118 0.07407042181428648
2119 0.07407039915714189
2120 0.07407037334756759
2121 0.07407034442609378
2122 0.07407031243395121
2123 0.07407027741304902
2124 0.07407023940596844
2125 0.07407019845596755
2126 0.07407015460699361
2127 0.07407010790369896
2128 0.07407005839145903
2129 0.07407000611639201
2130 0.07406995112572376
2131 0.0740698934669007
2132 0.07406983318831593
2133 0.07406977034079881
2134 0.07406970497279734
2135 0.07406963713509719
2136 0.07406956687928667
2137 0.07406949425773132
2138 0.07406941932352759
2139 0.07406934213048465
2140 0.0740692627330919
2141 0.07406918118648462
2142 0.07406909754640763
2143 0.07406901186916716
2144 0.0740689242115886
2145 0.07406883463096335
2146 0.07406874318500795
2147 0.07406864993181987
2148 0.07406855492984254
2149 0.07406845823783791
2150 0.07406835991486418
2151 0.07406826002022257
2152 0.07406815861360198
2153 0.07406805575488716
2154 0.07406795150425052
2155 0.07406784592218142
2156 0.07406773906941297
2157 0.07406763100655929
2158 0.07406752179418115
2159 0.07406741149313854
2160 0.07406730016483487
2161 0.0740671878712925
2162 0.07406707467508486
2163 0.07406696063920949
2164 0.07406684582694026
2165 0.07406673030155318
2166 0.07406661412639792
2167 0.07406649736500796
2168 0.07406638008107599
2169 0.0740662623383926
2170 0.07406614420079263
2171 0.07406602573211313
2172 0.07406590699616299
2173 0.07406578805670036
2174 0.07406566897740513
2175 0.0740655498218469
2176 0.07406543065345735
2177 0.07406531153550487
2178 0.07406519253107099
2179 0.07406507370304148
2180 0.07406495511409188
2181 0.07406483682668615
2182 0.07406471890307222
2183 0.07406460140528238
2184 0.07406448439512839
2185 0.07406436793419617
2186 0.0740642520838362
2187 0.07406413690515258
2188 0.07406402245898805
2189 0.07406390880591088
2190 0.07406379600619818
2191 0.07406368411981781
2192 0.07406357320640727
2193 0.07406346332524694
2194 0.07406335453523451
2195 0.07406324689485705
2196 0.07406314046216712
2197 0.07406303529478689
2198 0.07406293144992607
2199 0.07406282898435924
2200 0.07406272795437704
2201 0.07406262841571466
2202 0.0740625304234841
2203 0.07406243403212033
2204 0.07406233929534918
2205 0.07406224626616456
2206 0.07406215499681848
2207 0.07406206553881442
2208 0.07406197794290423
2209 0.07406189225909125
2210 0.07406180853663595
2211 0.07406172682406494
2212 0.0740616471691837
2213 0.07406156961909059
2214 0.07406149422019184
2215 0.07406142101821507
2216 0.07406135006020172
2217 0.07406128138861977
2218 0.07406121504722307
2219 0.07406115107916321
2220 0.07406108952700959
2221 0.0740610304327266
2222 0.07406097383767042
2223 0.07406091978255153
2224 0.07406086830737948
2225 0.07406081945138032
2226 0.07406077325291741
2227 0.07406072974942052
2228 0.0740606889773448
2229 0.07406065097218333
2230 0.07406061576850972
2231 0.07406058340004371
2232 0.07406055389972468
2233 0.0740605272997746
2234 0.07406050363174888
2235 0.07406048292656189
2236 0.07406046521448911
2237 0.07406045052515348
2238 0.07406043888749063
2239 0.07406043034246133
2240 0.07406042491810359
2241 0.0740604226347127
2242 0.074060423514428
2243 0.0740604275800322
2244 0.07406043485424461
2245 0.07406044535931514
2246 0.07406045911678101
2247 0.0740604761473259
2248 0.07406049647070154
2249 0.07406052010568293
2250 0.07406054707004991
2251 0.07406057754244941
2252 0.07406061158851393
2253 0.07406064896139895
2254 0.0740606896956774
2255 0.07406073381820939
2256 0.07406078135010662
2257 0.07406083230827941
2258 0.07406088670654253
2259 0.07406094455636833
2260 0.07406100586738741
2261 0.07406107064770884
2262 0.07406113890412744
2263 0.07406121064225102
2264 0.0740612858665778
2265 0.07406136458054376
2266 0.07406144678655065
2267 0.07406153248597906
2268 0.07406162167919823
2269 0.07406171436558304
2270 0.07406181054352029
2271 0.07406191021041535
2272 0.0740620133626947
2273 0.07406211999580717
2274 0.07406223010419292
2275 0.0740623436811674
2276 0.07406246071904993
2277 0.07406258120896038
2278 0.07406270514085737
2279 0.07406283250359846
2280 0.0740629632850284
2281 0.07406309747208596
2282 0.07406323505090275
2283 0.07406337600687977
2284 0.07406352032473169
2285 0.07406366798849864
2286 0.07406381898153983
2287 0.07406397328650445
2288 0.07406413088530948
2289 0.07406429175911695
2290 0.07406445588832103
2291 0.07406462325254579
2292 0.07406479383064789
2293 0.07406496760072902
2294 0.07406514454014491
2295 0.0740653246255166
2296 0.07406550783273734
2297 0.0740656941369803
2298 0.07406588351269505
2299 0.07406607593360859
2300 0.0740662713727183
2301 0.0740664698022838
2302 0.07406667119384051
2303 0.07406687551813329
2304 0.07406708274516595
2305 0.07406729284418548
2306 0.07406750578368317
2307 0.07406772153140047
2308 0.07406794005434028
2309 0.07406816131878161
2310 0.07406838529030239
2311 0.07406861193380129
2312 0.07406884121352618
2313 0.07406907309309714
2314 0.07406930753555188
2315 0.07406954450344287
2316 0.07406978395883303
2317 0.0740700258632747
2318 0.07407027017778496
2319 0.07407051686282094
2320 0.07407076587849405
2321 0.0740710171839612
2322 0.07407127073797139
2323 0.07407152649873687
2324 0.07407178442393726
2325 0.07407204447072779
2326 0.07407230659575263
2327 0.07407257075516045
2328 0.07407283690462178
2329 0.07407310499934699
2330 0.07407337500055559
2331 0.07407364685779039
2332 0.07407392052391365
2333 0.0740741959515786
2334 0.07407447309343232
2335 0.07407475190206121
2336 0.07407503232993631
2337 0.07407531432936465
2338 0.07407559785244917
2339 0.07407588285105451
2340 0.07407616927678226
2341 0.0740764570809489
2342 0.07407674621458195
2343 0.07407703662842187
2344 0.07407732827294099
2345 0.0740776210983654
2346 0.0740779150547048
2347 0.07407821009177691
2348 0.07407850615924023
2349 0.07407880320661354
2350 0.07407910118330033
2351 0.07407940003860597
2352 0.07407969972175318
2353 0.07408000018190543
2354 0.07408030136819076
2355 0.07408060322972788
2356 0.07408090571558611
2357 0.07408120877481952
2358 0.07408151235644364
2359 0.07408181640943355
2360 0.07408212088273397
2361 0.07408242572526852
2362 0.07408273088595387
2363 0.07408303631371779
2364 0.07408334195751647
2365 0.07408364776635856
2366 0.07408395368932634
2367 0.07408425967559858
2368 0.07408456567447229
2369 0.07408487163538627
2370 0.07408517750794161
2371 0.07408548324191923
2372 0.07408578878730017
2373 0.07408609409428386
2374 0.07408639911330191
2375 0.07408670379503404
2376 0.07408700809041506
2377 0.07408731195064404
2378 0.07408761532718612
2379 0.07408791817177333
2380 0.07408822043640198
2381 0.07408852207332864
2382 0.07408882303506668
2383 0.07408912327437897
2384 0.07408942274427827
2385 0.07408972139802306
2386 0.07409001918912378
2387 0.07409031607134496
2388 0.07409061199871761
2389 0.07409090692555098
2390 0.07409120080644974
2391 0.07409149359633434
2392 0.07409178525046159
2393 0.07409207572445188
2394 0.07409236497431196
2395 0.07409265295645963
2396 0.07409293962775085
2397 0.07409322494550183
2398 0.07409350886751229
2399 0.07409379135208367
2400 0.07409407235806367
2401 0.0740943518448523
2402 0.07409462977239699
2403 0.07409490610118208
2404 0.07409518079223489
2405 0.07409545380712926
2406 0.07409572510799771
2407 0.07409599465754398
2408 0.0740962624190568
2409 0.07409652835640793
2410 0.07409679243405136
2411 0.07409705461701718
2412 0.07409731487091163
2413 0.07409757316245739
2414 0.07409782945790061
2415 0.07409808372460024
2416 0.07409833593052509
2417 0.07409858604426234
2418 0.0740988340350191
2419 0.07409907987263345
2420 0.07409932352758296
2421 0.07409956497099505
2422 0.07409980417465492
2423 0.07410004111101295
2424 0.07410027575319285
2425 0.07410050807500114
2426 0.07410073805093201
2427 0.07410096565618085
2428 0.07410119086664635
2429 0.0741014136589439
2430 0.07410163401041446
2431 0.07410185189913393
2432 0.07410206730392577
2433 0.07410228020436931
2434 0.0741024905808105
2435 0.07410269841436687
2436 0.07410290368692689
2437 0.07410310638114806
2438 0.07410330648044836
2439 0.07410350396899718
2440 0.07410369883170735
2441 0.07410389105422346
2442 0.07410408062291649
2443 0.07410426752489689
2444 0.07410445192977019
2445 0.07410463341270358
2446 0.07410481219513775
2447 0.07410498844950264
2448 0.07410516175086028
2449 0.07410533250823463
2450 0.07410550029665854
2451 0.07410566552823035
2452 0.07410582777823466
2453 0.07410598746225285
2454 0.0741061441558844
2455 0.07410629827810201
2456 0.07410644940464935
2457 0.07410659795724532
2458 0.07410674370018103
2459 0.07410688644554299
2460 0.07410702661940538
2461 0.07410716398730655
2462 0.07410729836203012
2463 0.07410743017385774
2464 0.07410755918954771
2465 0.07410768541384084
2466 0.07410780865968063
2467 0.0741079293619976
2468 0.07410804728901953
2469 0.07410816244788083
2470 0.07410827484594167
2471 0.07410838449089274
2472 0.07410849139105909
2473 0.07410859555559139
2474 0.07410869699450759
2475 0.0741087957186702
2476 0.07410889174023184
2477 0.07410898507118859
2478 0.07410907572465771
2479 0.07410916371447354
2480 0.07410924905515771
2481 0.07410933176188088
2482 0.07410941185044029
2483 0.07410948933723804
2484 0.07410956423926887
2485 0.07410963657411127
2486 0.07410970635992345
2487 0.0741097736154409
2488 0.07410983835997864
2489 0.07410990061343373
2490 0.07410996039628784
2491 0.07411001772961205
2492 0.07411007263506872
2493 0.07411012513491345
2494 0.07411017525199202
2495 0.07411022300973837
2496 0.07411026843216173
2497 0.07411031154383717
2498 0.07411035236988872
2499 0.0741103909359688
2500 0.07411042726824085
2501 0.07411046139335645
2502 0.07411049333843496
2503 0.07411052313104902
2504 0.07411055079921047
2505 0.07411057637135744
2506 0.0741105998763565
2507 0.07411062134349758
2508 0.07411064080242322
2509 0.07411065828339701
2510 0.07411067381701965
2511 0.07411068743429193
2512 0.07411069916665522
2513 0.07411070904600095
2514 0.07411071710467491
2515 0.07411072337547484
2516 0.07411072789163833
2517 0.07411073068679476
2518 0.07411073179500853
2519 0.07411073125078572
2520 0.0741107290889568
2521 0.07411072534469655
2522 0.0741107200535111
2523 0.07411071325121486
2524 0.07411070497389795
2525 0.0741106952578947
2526 0.07411068413974148
2527 0.07411067165614875
2528 0.0741106578439733
2529 0.07411064274020676
2530 0.07411062638197849
2531 0.0741106088065679
2532 0.07411059005143016
2533 0.07411057015432676
2534 0.07411054915308068
2535 0.07411052708585514
2536 0.07411050399107928
2537 0.07411047990744506
2538 0.07411045487390115
2539 0.07411042892965491
2540 0.07411040211416475
2541 0.0741103744671353
2542 0.07411034602849734
2543 0.07411031683838866
2544 0.0741102869371269
2545 0.07411025636517699
2546 0.07411022516311339
2547 0.0741101933715843
2548 0.07411016103127398
2549 0.0741101281828697
2550 0.07411009486703395
2551 0.07411006112438015
2552 0.07411002699545699
2553 0.07410999252073139
2554 0.07410995774057805
2555 0.0741099226952692
2556 0.07410988742497066
2557 0.07410985196972714
2558 0.07410981636948119
2559 0.07410978066406528
2560 0.0741097448932074
2561 0.07410970909652738
2562 0.07410967331353928
2563 0.07410963758366049
2564 0.07410960194619909
2565 0.07410956644034904
2566 0.07410953110518176
2567 0.07410949597964127
2568 0.07410946110382204
2569 0.0741094265190063
2570 0.07410939226187546
2571 0.07410935836968603
2572 0.07410932487993786
2573 0.07410929183015721
2574 0.07410925925777037
2575 0.0741092272000301
2576 0.074109195693961
2577 0.07410916477632691
2578 0.07410913448360958
2579 0.07410910485199475
2580 0.07410907591736719
2581 0.07410904771530731
2582 0.0741090202810919
2583 0.07410899364969434
2584 0.07410896785578948
2585 0.07410894293375732
2586 0.07410891891768655
2587 0.07410889584137011
2588 0.07410887373829679
2589 0.07410885264163426
2590 0.0741088325842051
2591 0.07410881359846332
2592 0.07410879571646897
2593 0.07410877896986538
2594 0.07410876338986619
2595 0.07410874900724054
2596 0.07410873585230623
2597 0.07410872395492148
2598 0.07410871334448403
2599 0.07410870404992781
2600 0.07410869609972556
2601 0.07410868952189056
2602 0.0741086843439818
2603 0.07410868059310906
2604 0.07410867829593577
2605 0.07410867747868352
2606 0.07410867816713232
2607 0.07410868038661936
2608 0.0741086841620328
2609 0.07410868951780385
2610 0.07410869647789275
2611 0.07410870506577799
2612 0.07410871530443919
2613 0.07410872721634501
2614 0.07410874082344444
2615 0.07410875614716074
2616 0.07410877320839032
2617 0.07410879202750627
2618 0.07410881262436692
2619 0.07410883501832403
2620 0.07410885922823593
2621 0.07410888527247719
2622 0.07410891316895162
2623 0.07410894293509636
2624 0.07410897458788833
2625 0.07410900814384121
2626 0.07410904361900193
2627 0.07410908102893743
2628 0.07410912038872228
2629 0.07410916171291966
2630 0.07410920501556356
2631 0.07410925030920595
2632 0.07410929760520264
2633 0.07410934691406636
2634 0.07410939824601159
2635 0.07410945161126738
2636 0.07410950702009489
2637 0.07410956448261125
2638 0.07410962400855922
2639 0.07410968560712052
2640 0.07410974928681646
2641 0.07410981505549262
2642 0.07410988292035914
2643 0.07410995288805562
2644 0.07411002496471517
2645 0.07411009915601222
2646 0.07411017546718532
2647 0.0741102539030329
2648 0.07411033446789037
2649 0.07411041716558495
2650 0.07411050199938288
2651 0.07411058897192971
2652 0.07411067808519689
2653 0.07411076934043062
2654 0.07411086273811499
2655 0.07411095827794555
2656 0.07411105595881702
2657 0.07411115577882411
2658 0.07411125773527527
2659 0.07411136182481058
2660 0.07411146804313268
2661 0.07411157638532136
2662 0.07411168684577854
2663 0.07411179941824989
2664 0.07411191409585682
2665 0.0741120308711196
2666 0.07411214973598594
2667 0.07411227068185522
2668 0.0741123936996006
2669 0.07411251877959268
2670 0.07411264591171923
2671 0.07411277508539678
2672 0.07411290628958705
2673 0.07411303951281266
2674 0.07411317474316768
2675 0.07411331196831955
2676 0.07411345117551334
2677 0.07411359235156907
2678 0.07411373548288179
2679 0.07411388055541394
2680 0.07411402755469237
2681 0.07411417646580153
2682 0.07411432727337722
2683 0.07411447996160153
2684 0.07411463451419951
2685 0.07411479091443411
2686 0.07411494914510766
2687 0.07411510918855996
2688 0.07411527102667229
2689 0.07411543464086792
2690 0.07411560001211927
2691 0.07411576712090215
2692 0.07411593594733011
2693 0.07411610647110552
2694 0.07411627867145942
2695 0.07411645252720787
2696 0.07411662801676906
2697 0.07411680511817299
2698 0.07411698380907167
2699 0.07411716406677633
2700 0.074117345868186
2701 0.07411752918985474
2702 0.07411771400799064
2703 0.07411790029846078
2704 0.07411808803678704
2705 0.07411827719814562
2706 0.07411846775730239
2707 0.07411865968877021
2708 0.07411885296666822
2709 0.07411904756474118
2710 0.0741192434563842
2711 0.07411944061465717
2712 0.074119639012311
2713 0.07411983862180654
2714 0.0741200394153456
2715 0.07412024136489719
2716 0.07412044444222442
2717 0.0741206486189073
2718 0.07412085386635731
2719 0.07412106015583106
2720 0.0741212674584347
2721 0.07412147574512544
2722 0.07412168498671168
2723 0.07412189515384818
2724 0.07412210621703194
2725 0.07412231814659918
2726 0.07412253091272167
2727 0.07412274448540183
2728 0.07412295883446988
2729 0.07412317392958001
2730 0.0741233897402104
2731 0.07412360623566094
2732 0.07412382338504654
2733 0.07412404115730024
2734 0.07412425952117514
2735 0.07412447844525352
2736 0.07412469789796307
2737 0.07412491784759158
2738 0.07412513826230777
2739 0.07412535911018166
2740 0.07412558035921003
2741 0.07412580197733344
2742 0.0741260239324634
2743 0.07412624619249883
2744 0.07412646872534326
2745 0.07412669149892188
2746 0.07412691448119067
2747 0.0741271376401474
2748 0.07412736094383827
2749 0.07412758436036412
2750 0.07412780785788334
2751 0.07412803140461614
2752 0.07412825496885007
2753 0.07412847851894225
2754 0.0741287020233215
2755 0.07412892545049093
2756 0.07412914876902296
2757 0.07412937194755534
2758 0.07412959495477763
2759 0.07412981775942205
2760 0.07413004033025927
2761 0.07413026263610106
2762 0.07413048464580452
2763 0.07413070632828778
2764 0.0741309276525438
2765 0.07413114858766609
2766 0.07413136910287035
2767 0.07413158916751825
2768 0.0741318087511381
2769 0.07413202782344568
2770 0.07413224635435818
2771 0.07413246431400507
2772 0.07413268167273893
2773 0.0741328984011359
2774 0.07413311447000115
2775 0.0741333298503714
2776 0.07413354451351234
2777 0.07413375843091792
2778 0.07413397157430859
2779 0.07413418391563387
2780 0.07413439542707695
2781 0.07413460608105933
2782 0.07413481585024952
2783 0.07413502470757032
2784 0.07413523262620632
2785 0.07413543957961116
2786 0.07413564554151984
2787 0.07413585048595307
2788 0.07413605438722684
2789 0.07413625721996324
2790 0.07413645895909521
2791 0.07413665957987584
2792 0.07413685905788267
2793 0.0741370573690206
2794 0.07413725448952246
2795 0.07413745039594806
2796 0.07413764506517902
2797 0.07413783847441692
2798 0.07413803060118153
2799 0.0741382214233104
2800 0.07413841091896528
2801 0.07413859906663979
2802 0.07413878584517351
2803 0.074138971233768
2804 0.0741391552120044
2805 0.07413933775986459
2806 0.07413951885775175
2807 0.07413969848650745
2808 0.07413987662743281
2809 0.07414005326230426
2810 0.07414022837338173
2811 0.07414040194341734
2812 0.07414057395565689
2813 0.07414074439383819
2814 0.07414091324218108
2815 0.07414108048538155
2816 0.0741412461085985
2817 0.07414141009744243
2818 0.07414157243796132
2819 0.07414173311662804
2820 0.07414189212033338
2821 0.07414204943637578
2822 0.07414220505245334
2823 0.07414235895665817
2824 0.07414251113747665
2825 0.07414266158378729
2826 0.07414281028486719
2827 0.07414295723039527
2828 0.07414310241046032
2829 0.07414324581557222
2830 0.07414338743667401
2831 0.07414352726515332
2832 0.07414366529285824
2833 0.07414380151210793
2834 0.07414393591570612
2835 0.07414406849694762
2836 0.07414419924962919
2837 0.07414432816804423
2838 0.07414445524698583
2839 0.07414458048173328
2840 0.07414470386804231
2841 0.07414482540212916
2842 0.07414494508065593
2843 0.07414506290071411
2844 0.07414517885981403
2845 0.07414529295587378
2846 0.07414540518721437
2847 0.07414551555255564
2848 0.07414562405101702
2849 0.07414573068212092
2850 0.07414583544579582
2851 0.07414593834238413
2852 0.07414603937264855
2853 0.07414613853777935
2854 0.07414623583940207
2855 0.07414633127958588
2856 0.07414642486084887
2857 0.07414651658616304
2858 0.07414660645896008
2859 0.0741466944831327
2860 0.07414678066303172
2861 0.07414686500346156
2862 0.07414694750967153
2863 0.0741470281873445
2864 0.07414710704258709
2865 0.07414718408191932
2866 0.07414725931226945
2867 0.07414733274100042
2868 0.0741474043759815
2869 0.07414747422565474
2870 0.0741475422990652
2871 0.07414760860582356
2872 0.07414767315601412
2873 0.07414773596008251
2874 0.07414779702872931
2875 0.07414785637284077
2876 0.07414791400359348
2877 0.07414796993206876
2878 0.07414802416967384
2879 0.07414807672807028
2880 0.07414812761921996
2881 0.07414817685543053
2882 0.07414822444939374
2883 0.07414827041421501
2884 0.07414831476343378
2885 0.07414835751103606
2886 0.07414839867145848
2887 0.0741484382595843
2888 0.0741484762907364
2889 0.07414851278066686
2890 0.07414854774554161
2891 0.07414858120192706
2892 0.07414861316677188
2893 0.07414864365739074
2894 0.07414867269144604
2895 0.0741487002869336
2896 0.0741487264621614
2897 0.07414875123573626
2898 0.074148774626547
2899 0.07414879665375311
2900 0.07414881733677274
2901 0.07414883669527104
2902 0.07414885474915416
2903 0.07414887151856307
2904 0.07414888702386695
2905 0.07414890128566332
2906 0.07414891432477344
2907 0.07414892616224414
2908 0.07414893681934794
2909 0.0741489463175833
2910 0.07414895467867962
2911 0.0741489619245979
2912 0.07414896807753238
2913 0.07414897315991321
2914 0.07414897719440612
2915 0.07414898020390789
2916 0.07414898221154112
2917 0.07414898324064963
2918 0.07414898331479457
2919 0.07414898245774607
2920 0.07414898069347564
2921 0.07414897804614685
2922 0.07414897454010633
2923 0.07414897019987128
2924 0.07414896505012318
2925 0.07414895911569219
2926 0.07414895242154794
2927 0.07414894499278252
2928 0.07414893685459505
2929 0.07414892803227265
2930 0.07414891855117101
2931 0.07414890843669412
2932 0.07414889771427491
2933 0.07414888640935836
2934 0.07414887454738711
2935 0.07414886215378716
2936 0.07414884925396321
2937 0.07414883587329209
2938 0.07414882203712227
2939 0.07414880777077737
2940 0.07414879309955891
2941 0.0741487780487554
2942 0.07414876264364904
2943 0.07414874690952408
2944 0.07414873087167501
2945 0.07414871455541074
2946 0.07414869798606109
2947 0.07414868118897854
2948 0.07414866418953997
2949 0.07414864701313623
2950 0.07414862968517098
2951 0.07414861223104517
2952 0.07414859467614772
2953 0.07414857704583851
2954 0.07414855936543679
2955 0.07414854166020066
2956 0.07414852395530995
2957 0.07414850627585207
2958 0.07414848864682361
2959 0.07414847109310084
2960 0.07414845363944839
2961 0.07414843631052193
2962 0.07414841913086144
2963 0.07414840212487774
2964 0.07414838531683897
2965 0.0741483687308645
2966 0.0741483523909169
2967 0.07414833632079862
2968 0.07414832054414817
2969 0.07414830508443861
2970 0.07414828996497633
2971 0.07414827520889855
2972 0.07414826083917313
2973 0.07414824687859912
2974 0.07414823334980332
2975 0.07414822027523942
2976 0.07414820767718637
2977 0.07414819557774426
2978 0.07414818399883367
2979 0.07414817296218643
