"cl-rfile"
"Iteration" "cl"
("Iteration" "cl")
1 -0.02861584805171567
2 -0.02269227957079866
3 -0.04293817263733557
4 -0.07482999533846699
5 -0.1135861660587863
6 -0.1564378651367125
7 -0.2016970946512503
8 -0.2482726560728337
9 -0.2950458005495149
10 -0.3408254051710908
11 -0.3848501315704557
12 -0.426478336735826
13 -0.4651758392434697
14 -0.5005469059545188
15 -0.5323579515416317
16 -0.5605194265223667
17 -0.5850252342094129
18 -0.6060436699825443
19 -0.623880183641834
20 -0.6388757019400072
21 -0.6513660221827804
22 -0.6617474067578826
23 -0.6704307769741152
24 -0.6778205879834279
25 -0.6842902656120309
26 -0.6902270020553536
27 -0.6959710006411177
28 -0.7017914903227643
29 -0.7079045315383938
30 -0.7144783926969683
31 -0.7216473718518638
32 -0.7294817705456091
33 -0.7379963165435635
34 -0.7471918379221554
35 -0.7570327448778316
36 -0.7674568441362994
37 -0.77839867965759
38 -0.7897756888026678
39 -0.8015068330190975
40 -0.8135122908303956
41 -0.825705936071205
42 -0.8380331508766266
43 -0.8504204636771754
44 -0.862793920708566
45 -0.8751144807863777
46 -0.8873370160966575
47 -0.899439440589865
48 -0.9114144598972629
49 -0.9232579955200179
50 -0.9349775450008386
51 -0.9465832333757033
52 -0.9580847621954171
53 -0.9694967703431296
54 -0.9808319201888501
55 -0.9920909132059526
56 -1.003269589539962
57 -1.01435623840552
58 -1.025355819888423
59 -1.036236101287648
60 -1.046976538436001
61 -1.057553055660906
62 -1.067938969916438
63 -1.07810499162438
64 -1.088019498896952
65 -1.097653072023359
66 -1.10697561758345
67 -1.115959092180843
68 -1.12457963341064
69 -1.132816608989016
70 -1.14065542760568
71 -1.148084937771821
72 -1.155098834756476
73 -1.161695851475806
74 -1.167878510626759
75 -1.173654281909317
76 -1.179034873770726
77 -1.184035206658932
78 -1.18867689241497
79 -1.192984829433859
80 -1.196984888843027
81 -1.200707607491298
82 -1.204185359171029
83 -1.207451331545653
84 -1.210536555447558
85 -1.21347467879448
86 -1.216299228560131
87 -1.219042466900444
88 -1.221733113934946
89 -1.224398431352893
90 -1.227063079897584
91 -1.229748701865987
92 -1.23247410358296
93 -1.23525334708423
94 -1.238096836003774
95 -1.241010967965574
96 -1.243997938093103
97 -1.247055873377212
98 -1.250178849535944
99 -1.253356537730146
100 -1.256575516903848
101 -1.259818445568919
102 -1.263068173365812
103 -1.266303775266313
104 -1.269503171875465
105 -1.272643159440751
106 -1.275701153279647
107 -1.278656002332718
108 -1.281488012821741
109 -1.284179326733189
110 -1.286713931721834
111 -1.289078808218669
112 -1.291263308986232
113 -1.293259372100102
114 -1.295061232646334
115 -1.296665595609431
116 -1.298071425802179
117 -1.299279770123872
118 -1.30029353910982
119 -1.3011174239379
120 -1.301757685791069
121 -1.302221820071341
122 -1.302518289066151
123 -1.302656514594897
124 -1.302646664943172
125 -1.302499332913525
126 -1.302225463468647
127 -1.301836444412503
128 -1.301343903441357
129 -1.300759452287188
130 -1.300094898514688
131 -1.299361886379425
132 -1.298572011872455
133 -1.297736715739206
134 -1.296867306684184
135 -1.295974573258075
136 -1.29506888551993
137 -1.29416039329448
138 -1.293258796852036
139 -1.292373422557612
140 -1.291513093688542
141 -1.290686013157737
142 -1.289899782162585
143 -1.289161236970389
144 -1.288476474262825
145 -1.287850713582984
146 -1.287288373300148
147 -1.286793111855436
148 -1.286367752674956
149 -1.286014288587091
150 -1.285733845526219
151 -1.285527017605903
152 -1.285393711741145
153 -1.285333153883796
154 -1.285343994861679
155 -1.285424300532674
156 -1.285571683260214
157 -1.285783412115748
158 -1.286056375256294
159 -1.286387149147814
160 -1.286772228516737
161 -1.287207969727388
162 -1.287690610834148
163 -1.288216421455755
164 -1.288781695170553
165 -1.289382741134033
166 -1.290015972384282
167 -1.290677896909491
168 -1.291365134589867
169 -1.292074461950024
170 -1.292802803885812
171 -1.293547165411174
172 -1.294304693102478
173 -1.29507265487021
174 -1.295848252164337
175 -1.296629132012701
176 -1.297412886842459
177 -1.298197096822907
178 -1.29897944800408
179 -1.299757695141664
180 -1.300529658805464
181 -1.301293221418486
182 -1.302046330215042
183 -1.3027870222643
184 -1.303513397176606
185 -1.304223671633837
186 -1.304916124838435
187 -1.305589122900733
188 -1.306241162745172
189 -1.306870850033401
190 -1.307476950590318
191 -1.308058330059765
192 -1.308614038463223
193 -1.309143276624717
194 -1.309645593872959
195 -1.310120634549303
196 -1.310568142828143
197 -1.310987979074608
198 -1.311380145287477
199 -1.311744850419868
200 -1.312082424791419
201 -1.312393397277151
202 -1.312678471230519
203 -1.312938463735526
204 -1.313174390192825
205 -1.313387369299884
206 -1.313578591223144
207 -1.313749369584442
208 -1.313901100503368
209 -1.314035191237027
210 -1.314153200309141
211 -1.314256692147525
212 -1.31434726711314
213 -1.314426534329363
214 -1.314496078249545
215 -1.314557508149079
216 -1.31461236808458
217 -1.314662145264343
218 -1.314708327247677
219 -1.31475229588079
220 -1.314795337456677
221 -1.314838674840614
222 -1.314883409845367
223 -1.314930520542342
224 -1.31498090332829
225 -1.315035375136593
226 -1.315094593725689
227 -1.315159127534181
228 -1.315229407569448
229 -1.315305774125208
230 -1.315388452976941
231 -1.315477555301446
232 -1.315573078067119
233 -1.315674946841004
234 -1.315783013554241
235 -1.315897027513077
236 -1.316016662802207
237 -1.316141533159675
238 -1.31627122582681
239 -1.316405273434701
240 -1.316543165777494
241 -1.316684371418016
242 -1.316828345917176
243 -1.316974537838306
244 -1.317122403397682
245 -1.317271409321739
246 -1.317421039853454
247 -1.317570807989611
248 -1.317720262748283
249 -1.31786899301779
250 -1.318016631277063
251 -1.318162865304416
252 -1.318307438670195
253 -1.318450146048656
254 -1.31859085127115
255 -1.318729482839778
256 -1.318866021560632
257 -1.31900050368939
258 -1.319133022890433
259 -1.319263740437463
260 -1.319392846162982
261 -1.319520600370022
262 -1.319647309862247
263 -1.319773315732442
264 -1.319899002914399
265 -1.320024786788764
266 -1.320151105494014
267 -1.320278425425434
268 -1.320407213945624
269 -1.320537951043078
270 -1.320671124189681
271 -1.320807214073216
272 -1.320946691214436
273 -1.321090013891522
274 -1.321237617445524
275 -1.321389925154721
276 -1.321547323792338
277 -1.32171016156463
278 -1.321878767642209
279 -1.322053408825746
280 -1.322234313116305
281 -1.322421674749456
282 -1.322615610063392
283 -1.322816214934696
284 -1.32302350716044
285 -1.323237488544458
286 -1.323458070372709
287 -1.323685148437732
288 -1.323918545220233
289 -1.324158059641852
290 -1.324403427648306
291 -1.324654339881878
292 -1.324910448647562
293 -1.325171371981935
294 -1.325436700414488
295 -1.325705976565344
296 -1.325978715840837
297 -1.326254407835347
298 -1.326532525545632
299 -1.326812521268551
300 -1.327093831662628
301 -1.327375888593511
302 -1.327658115854041
303 -1.32793993881736
304 -1.328220781568461
305 -1.32850006612739
306 -1.328777228566296
307 -1.329051713545833
308 -1.329322975980443
309 -1.329590490279725
310 -1.329853748400509
311 -1.330112252463028
312 -1.330365537782719
313 -1.330613160359938
314 -1.330854709790522
315 -1.331089802032067
316 -1.331318076974501
317 -1.331539205009803
318 -1.331752891112856
319 -1.331958864580067
320 -1.332156886834633
321 -1.33234675393803
322 -1.33252829319662
323 -1.332701362764209
324 -1.332865855660104
325 -1.33302169259244
326 -1.333168825263136
327 -1.333307232472837
328 -1.333436925124639
329 -1.333557941439673
330 -1.333670344769961
331 -1.333774225871614
332 -1.333869695773182
333 -1.333956891719411
334 -1.334035969479979
335 -1.334107103270948
336 -1.33417048405234
337 -1.334226320344859
338 -1.334274834580418
339 -1.334316260879125
340 -1.334350849377402
341 -1.334378858407484
342 -1.334400555785727
343 -1.334416215546523
344 -1.334426118885303
345 -1.334430554074334
346 -1.334429814969816
347 -1.334424194640822
348 -1.334413985720231
349 -1.334399485149625
350 -1.334380995229835
351 -1.334358815866624
352 -1.334333242887482
353 -1.334304571224466
354 -1.334273097068181
355 -1.334239110719813
356 -1.334202900408611
357 -1.334164751791784
358 -1.334124947207415
359 -1.334083765100902
360 -1.334041475887851
361 -1.333998345502937
362 -1.333954619984312
363 -1.333910562606508
364 -1.33386642194782
365 -1.333822427481858
366 -1.333778811535692
367 -1.333735800470564
368 -1.333693602821357
369 -1.333652412007962
370 -1.333612426963547
371 -1.333573824737309
372 -1.333536772659706
373 -1.333501423453815
374 -1.333467914668589
375 -1.333436385672631
376 -1.333406954428805
377 -1.333379729168379
378 -1.333354807629876
379 -1.333332271764924
380 -1.333312193798781
381 -1.333294626514811
382 -1.333279611384875
383 -1.333267177028428
384 -1.333257336923237
385 -1.333250094826403
386 -1.333245447879449
387 -1.333243377743667
388 -1.333243855916368
389 -1.333246843442143
390 -1.33325229023668
391 -1.333260131395192
392 -1.333270302251436
393 -1.333282728817511
394 -1.333297326279653
395 -1.333314002051226
396 -1.333332655295639
397 -1.333353178916264
398 -1.333375460154281
399 -1.333399386310262
400 -1.333424837226715
401 -1.333451688738435
402 -1.333479812576783
403 -1.333509077115411
404 -1.333539352626753
405 -1.333570502405034
406 -1.333602395467131
407 -1.333634899130454
408 -1.333667881341782
409 -1.3337012109602
410 -1.333734758883233
411 -1.33376839923444
412 -1.333802005232407
413 -1.333835460776314
414 -1.333868653516499
415 -1.333901474083289
416 -1.333933818064749
417 -1.333965586167084
418 -1.333996687542205
419 -1.334027034519645
420 -1.334056551078873
421 -1.334085167323361
422 -1.334112818970615
423 -1.334139451609139
424 -1.334165017232847
425 -1.334189475258725
426 -1.334212794227523
427 -1.334234946658447
428 -1.334255919818594
429 -1.334275704252722
430 -1.33429429862062
431 -1.334311709387
432 -1.334327951230407
433 -1.334343045778385
434 -1.33435701981801
435 -1.334369905088314
436 -1.334381739701007
437 -1.334392569559514
438 -1.334402446179846
439 -1.334411424301106
440 -1.334419563230939
441 -1.334426926743256
442 -1.334433580998285
443 -1.334439594472589
444 -1.334445039136219
445 -1.334449989336738
446 -1.334454517928676
447 -1.334458696975616
448 -1.334462611472971
449 -1.33446633399249
450 -1.334469939928865
451 -1.334473503440057
452 -1.3344770976595
453 -1.334480794069814
454 -1.334484662490556
455 -1.334488770024192
456 -1.334493181316897
457 -1.334497958810212
458 -1.334503162824854
459 -1.334508849004695
460 -1.334515068858418
461 -1.334521870438977
462 -1.334529297520752
463 -1.334537389567374
464 -1.334546181819398
465 -1.33455570628725
466 -1.334565990171727
467 -1.334577057168688
468 -1.334588925264867
469 -1.334601607967465
470 -1.334615114692146
471 -1.334629451319608
472 -1.334644619030371
473 -1.334660614694599
474 -1.334677431087962
475 -1.334695057628275
476 -1.33471347995945
477 -1.33473268081158
478 -1.334752638968214
479 -1.334773330120995
480 -1.334794728081626
481 -1.334816803553555
482 -1.334839525128799
483 -1.334862859287247
484 -1.334886770264595
485 -1.334911220789961
486 -1.334936171998646
487 -1.334961583170325
488 -1.334987412307521
489 -1.335013617046408
490 -1.335040154031339
491 -1.335066979341708
492 -1.335094049247602
493 -1.335121319095385
494 -1.33514874460857
495 -1.335176279808105
496 -1.335203885091421
497 -1.335231515906245
498 -1.33525912864881
499 -1.335286681028738
500 -1.335314131669826
501 -1.335341440152426
502 -1.335368566870229
503 -1.335395473355765
504 -1.335422121412734
505 -1.335448474505467
506 -1.335474497498111
507 -1.335500155907684
508 -1.335525416544753
509 -1.335550247581008
510 -1.335574618675931
511 -1.335598500518449
512 -1.335621864995715
513 -1.335644685503325
514 -1.3356669368981
515 -1.335688595875031
516 -1.335709639860764
517 -1.335730047880896
518 -1.335749800006831
519 -1.335768877154997
520 -1.335787261974033
521 -1.335804938511758
522 -1.335821891671254
523 -1.335838107724953
524 -1.335853573526412
525 -1.335868277347069
526 -1.335882208459215
527 -1.335895357166537
528 -1.335907715329026
529 -1.335919275725387
530 -1.335930032161129
531 -1.335939979602504
532 -1.335949113935651
533 -1.33595743220505
534 -1.335964932517174
535 -1.33597161366343
536 -1.335977475640152
537 -1.335982519051108
538 -1.335986745530128
539 -1.335990157757945
540 -1.335992759520457
541 -1.335994555644535
542 -1.335995551840507
543 -1.335995754596326
544 -1.335995171480772
545 -1.335993810748619
546 -1.335991681608303
547 -1.335988794294453
548 -1.335985159826135
549 -1.335980790241176
550 -1.335975698665698
551 -1.33596989885921
552 -1.335963405325697
553 -1.335956233533864
554 -1.335948399711345
555 -1.335939920756051
556 -1.335930814466407
557 -1.335921099255764
558 -1.335910793723776
559 -1.335899918845171
560 -1.335888494616884
561 -1.335876542197383
562 -1.335864083385655
563 -1.335851139818985
564 -1.335837733370514
565 -1.335823885965467
566 -1.335809619779168
567 -1.33579495722479
568 -1.335779921045266
569 -1.335764534330365
570 -1.335748820418312
571 -1.335732802893087
572 -1.335716505315732
573 -1.335699951281699
574 -1.335683164222274
575 -1.335666167331723
576 -1.335648983437383
577 -1.335631634929054
578 -1.335614143879127
579 -1.335596532221233
580 -1.335578821237246
581 -1.335561031805597
582 -1.335543184183685
583 -1.33552529802766
584 -1.335507392019122
585 -1.335489484375253
586 -1.335471592818858
587 -1.335453734173729
588 -1.33543592440641
589 -1.33541817817153
590 -1.335400510428417
591 -1.335382934820516
592 -1.335365464010746
593 -1.335348109683446
594 -1.335330882301251
595 -1.335313791520395
596 -1.335296845986781
597 -1.335280053412818
598 -1.335263420508459
599 -1.33524695291676
600 -1.335230655354718
601 -1.335214531858281
602 -1.335198585658342
603 -1.335182819287031
604 -1.335167234405762
605 -1.335151831935739
606 -1.335136611880395
607 -1.335121573546566
608 -1.335106715470952
609 -1.335092035558054
610 -1.335077531119133
611 -1.335063198905311
612 -1.335049035098056
613 -1.335035034362555
614 -1.335021193893051
615 -1.335007508195908
616 -1.334993971736684
617 -1.334980580357113
618 -1.33496732875523
619 -1.33495421056637
620 -1.334941219141053
621 -1.334928347668202
622 -1.334915589427856
623 -1.334902937781462
624 -1.334890386360738
625 -1.334877929012724
626 -1.334865559760903
627 -1.334853272825302
628 -1.334841062855743
629 -1.334828924897422
630 -1.334816854427845
631 -1.334804847235069
632 -1.334792899510818
633 -1.334781008161624
634 -1.334769170603281
635 -1.334757384968533
636 -1.33474564992802
637 -1.334733964760142
638 -1.33472232938705
639 -1.334710744272606
640 -1.334699210514305
641 -1.334687729803761
642 -1.334676304611111
643 -1.334664937914431
644 -1.334653633364135
645 -1.334642395534935
646 -1.334631229754573
647 -1.334620141938218
648 -1.334609138562316
649 -1.334598226591437
650 -1.334587413540856
651 -1.334576707779539
652 -1.334566119777268
653 -1.334555659173061
654 -1.334545335322287
655 -1.334535157891501
656 -1.334525137192
657 -1.334515284171605
658 -1.334505610223002
659 -1.334496127124208
660 -1.334486847130258
661 -1.334477782841621
662 -1.334468947137723
663 -1.334460353142324
664 -1.334452014112245
665 -1.334443943461432
666 -1.334436154550256
667 -1.334428660539791
668 -1.334421474497696
669 -1.334414609372708
670 -1.334408078046474
671 -1.334401893168906
672 -1.334396067197421
673 -1.334390612504607
674 -1.334385540823117
675 -1.334380862894268
676 -1.334376591140545
677 -1.334372735924334
678 -1.334369307338308
679 -1.334366315269275
680 -1.334363769126973
681 -1.334361677764546
682 -1.334360049174891
683 -1.334358891078417
684 -1.334358210833714
685 -1.334358016303154
686 -1.334358313533951
687 -1.334359107221868
688 -1.334360401203393
689 -1.334362198528591
690 -1.334364501697848
691 -1.334367312582728
692 -1.334370632375558
693 -1.334374461568201
694 -1.334378800086631
695 -1.334383647058377
696 -1.334389000857429
697 -1.334394859091055
698 -1.334401218812347
699 -1.33440807623032
700 -1.334415426923511
701 -1.334423265664951
702 -1.334431586488161
703 -1.334440383109875
704 -1.334449648558752
705 -1.33445937535842
706 -1.334469555493516
707 -1.33448018043403
708 -1.334491241135693
709 -1.334502728128943
710 -1.334514631683211
711 -1.334526941498812
712 -1.33453964696359
713 -1.334552736986901
714 -1.334566200255218
715 -1.33458002510297
716 -1.334594200788311
717 -1.334608715813168
718 -1.334623557853444
719 -1.334638714020322
720 -1.334654171145674
721 -1.334669916119837
722 -1.33468593599561
723 -1.334702217967589
724 -1.33471874937482
725 -1.334735517645244
726 -1.334752510583807
727 -1.334769716152972
728 -1.33478712261519
729 -1.334804718401933
730 -1.334822492101277
731 -1.334840432443787
732 -1.334858528285326
733 -1.334876768949655
734 -1.334895143847047
735 -1.334913642711814
736 -1.334932255598284
737 -1.334950972884755
738 -1.334969785285249
739 -1.334988683894047
740 -1.335007660129903
741 -1.33502670575748
742 -1.335045812951787
743 -1.335064974260874
744 -1.33508418275201
745 -1.335103431679119
746 -1.335122714703423
747 -1.335142025832256
748 -1.335161359475371
749 -1.335180710474114
750 -1.335200072078854
751 -1.335219444967476
752 -1.335238821018352
753 -1.335258198382096
754 -1.335277573129915
755 -1.335296941811439
756 -1.335316301632446
757 -1.335335650432556
758 -1.335354986634534
759 -1.335374309163192
760 -1.335393617203637
761 -1.335412910100423
762 -1.335432187331058
763 -1.335451448402069
764 -1.335470692918456
765 -1.335489920394977
766 -1.335509130424691
767 -1.335528322564784
768 -1.3355474964409
769 -1.335566651752689
770 -1.3355857880897
771 -1.335604905026529
772 -1.335624002023059
773 -1.335643078403692
774 -1.335662133406398
775 -1.335681166169497
776 -1.33570017577701
777 -1.335719161059446
778 -1.335738120840818
779 -1.335757053914333
780 -1.335775959053962
781 -1.335794835081383
782 -1.335813680659816
783 -1.335832494444926
784 -1.335851275175767
785 -1.335870022137465
786 -1.335888734097344
787 -1.33590740929218
788 -1.335926045448417
789 -1.33594464022653
790 -1.335963191179818
791 -1.335981695805356
792 -1.336000151536274
793 -1.336018555653944
794 -1.336036905335262
795 -1.336055197573584
796 -1.33607342909604
797 -1.336091596437784
798 -1.336109695933747
799 -1.336127723791674
800 -1.33614567614479
801 -1.336163549054271
802 -1.336181338371145
803 -1.336199039886103
804 -1.336216649325456
805 -1.33623416230033
806 -1.336251574411761
807 -1.336268881186187
808 -1.336286078098556
809 -1.33630316061416
810 -1.336320124176359
811 -1.336336964165959
812 -1.336353676073899
813 -1.336370255350208
814 -1.33638669739001
815 -1.336402997714183
816 -1.336419151900571
817 -1.336435155574324
818 -1.33645100455984
819 -1.336466694756766
820 -1.336482222420723
821 -1.33649758365799
822 -1.336512774499616
823 -1.33652779085716
824 -1.336542629233862
825 -1.336557286328593
826 -1.336571759486743
827 -1.336586046101007
828 -1.336600143385839
829 -1.336614048337006
830 -1.336627758141445
831 -1.336641277005909
832 -1.336654590966849
833 -1.336667702518103
834 -1.336680609400814
835 -1.336693310836781
836 -1.336705806016238
837 -1.336718094221195
838 -1.336730174964508
839 -1.336742047994696
840 -1.336753713342593
841 -1.336765171391932
842 -1.336776422843392
843 -1.336787468615622
844 -1.336798310000168
845 -1.33680894839822
846 -1.336819385241879
847 -1.336829622094531
848 -1.336839660670446
849 -1.336849502798982
850 -1.336859150502755
851 -1.336868605879234
852 -1.336877871391864
853 -1.336886949660713
854 -1.336895843493851
855 -1.336904555914801
856 -1.336913090165099
857 -1.336921449597202
858 -1.336929637791427
859 -1.336937658516291
860 -1.336945515732945
861 -1.336953213624482
862 -1.336960756532697
863 -1.336968148935263
864 -1.336975395402569
865 -1.336982500610035
866 -1.336989469245433
867 -1.336996306027418
868 -1.337003015787979
869 -1.337009603351652
870 -1.337016073532273
871 -1.337022431206414
872 -1.337028681343695
873 -1.337034829336227
874 -1.337040880282856
875 -1.337046838988684
876 -1.337052710095664
877 -1.337058498171263
878 -1.337064207834148
879 -1.337069843768334
880 -1.33707541068694
881 -1.337080913311849
882 -1.337086356391284
883 -1.337091744640784
884 -1.337097082706652
885 -1.337102375119389
886 -1.337107626310759
887 -1.337112840655834
888 -1.337118022466764
889 -1.33712317597699
890 -1.337128305383229
891 -1.337133414729871
892 -1.33713850797592
893 -1.337143589019907
894 -1.337148661605229
895 -1.337153729355069
896 -1.337158795767756
897 -1.337163864224455
898 -1.3371689379286
899 -1.337174020027577
900 -1.337179113590484
901 -1.337184221571578
902 -1.337189346823505
903 -1.33719449213223
904 -1.337199660135667
905 -1.337204853427098
906 -1.337210074656555
907 -1.337215326374306
908 -1.337220611121523
909 -1.337225931362517
910 -1.337231289522848
911 -1.337236687993917
912 -1.337242129143093
913 -1.337247615266456
914 -1.337253148587621
915 -1.33725873131785
916 -1.337264365597974
917 -1.337270053538615
918 -1.337275797258892
919 -1.33728159881756
920 -1.337287460215682
921 -1.337293383432467
922 -1.337299370456574
923 -1.33730542325837
924 -1.337311543788156
925 -1.337317734009026
926 -1.337323995820818
927 -1.337330331110934
928 -1.337336741730175
929 -1.337343229539951
930 -1.337349796380749
931 -1.337356444085395
932 -1.337363174528216
933 -1.337369990466463
934 -1.337376891781606
935 -1.337383881555465
936 -1.337390961639326
937 -1.337398133918313
938 -1.337405400423044
939 -1.337412763427075
940 -1.337420225042191
941 -1.337427787206054
942 -1.33743545175132
943 -1.337443220506799
944 -1.337451095269425
945 -1.337459077827849
946 -1.337467170020092
947 -1.337475373676325
948 -1.33748369066585
949 -1.33749212286661
950 -1.337500672173555
951 -1.337509340446471
952 -1.337518129533388
953 -1.3375270412439
954 -1.337536077316351
955 -1.33754523943017
956 -1.337554529254048
957 -1.337563948435698
958 -1.337573498614625
959 -1.337583181477879
960 -1.337592998604418
961 -1.337602951516165
962 -1.337613041682419
963 -1.337623270503997
964 -1.337633639328208
965 -1.337644149426019
966 -1.337654801995535
967 -1.337665598188232
968 -1.337676538954262
969 -1.337687625135327
970 -1.337698857633992
971 -1.337710237293027
972 -1.337721764904433
973 -1.337733441197447
974 -1.337745266849256
975 -1.337757242463169
976 -1.337769368570144
977 -1.337781645622086
978 -1.337794073983251
979 -1.337806653968693
980 -1.337819385825022
981 -1.337832269782038
982 -1.337845305961158
983 -1.337858494379879
984 -1.33787183496853
985 -1.337885327525001
986 -1.337898971726482
987 -1.337912767140032
988 -1.337926713261368
989 -1.337940809486422
990 -1.33795505527583
991 -1.337969449993228
992 -1.337983992793196
993 -1.337998682666091
994 -1.33801351848728
995 -1.338028499075034
996 -1.33804362318497
997 -1.33805888951495
998 -1.338074296694117
999 -1.338089843285075
1000 -1.338105527780032
1001 -1.338121348570554
1002 -1.338137303995068
1003 -1.338153392339326
1004 -1.338169611826246
1005 -1.338185960632536
1006 -1.338202436911425
1007 -1.338219038748691
1008 -1.338235764199271
1009 -1.338252611244968
1010 -1.338269577803344
1011 -1.338286661775878
1012 -1.338303860973437
1013 -1.338321173160137
1014 -1.338338596035346
1015 -1.338356127241869
1016 -1.3383737643963
1017 -1.338391505058429
1018 -1.338409346773439
1019 -1.338427287012512
1020 -1.338445323211168
1021 -1.338463452809216
1022 -1.338481673211341
1023 -1.338499981802205
1024 -1.33851837593765
1025 -1.338536852956063
1026 -1.338555410184061
1027 -1.338574044950515
1028 -1.338592754285628
1029 -1.338611535851211
1030 -1.338630386923584
1031 -1.338649304762316
1032 -1.338668286610152
1033 -1.338687329694957
1034 -1.338706431236095
1035 -1.338725588427587
1036 -1.338744798462921
1037 -1.338764058526386
1038 -1.338783365809538
1039 -1.338802717507704
1040 -1.338822110825835
1041 -1.338841542967911
1042 -1.33886101115327
1043 -1.338880512618821
1044 -1.338900044604717
1045 -1.338919604335115
1046 -1.338939189039127
1047 -1.338958795964131
1048 -1.338978422372428
1049 -1.338998065539242
1050 -1.339017722763338
1051 -1.33903739136885
1052 -1.339057068675368
1053 -1.339076751993451
1054 -1.33909643864023
1055 -1.339116125961149
1056 -1.339135811327154
1057 -1.339155492143375
1058 -1.339175165820572
1059 -1.339194829763861
1060 -1.339214481380908
1061 -1.339234118095189
1062 -1.339253737355301
1063 -1.339273336631297
1064 -1.339292913412635
1065 -1.339312465222177
1066 -1.339331989599387
1067 -1.339351484114118
1068 -1.339370946139377
1069 -1.339390373448626
1070 -1.339409763528496
1071 -1.339429114057891
1072 -1.339448422599896
1073 -1.339467686778961
1074 -1.339486904294549
1075 -1.339506072914206
1076 -1.339525190458292
1077 -1.339544254786888
1078 -1.339563263759009
1079 -1.33958221526215
1080 -1.33960110725365
1081 -1.339619937731444
1082 -1.339638704654246
1083 -1.339657405900782
1084 -1.33967603934764
1085 -1.339694602892629
1086 -1.339713094453813
1087 -1.339731511968633
1088 -1.339749853421083
1089 -1.339768116786183
1090 -1.339786300093362
1091 -1.339804401374938
1092 -1.339822418704781
1093 -1.339840350198477
1094 -1.339858194012209
1095 -1.33987594837354
1096 -1.339893611557144
1097 -1.339911181923941
1098 -1.339928657879516
1099 -1.339946037907418
1100 -1.339963320516601
1101 -1.339980504232918
1102 -1.339997587613295
1103 -1.340014569194455
1104 -1.340031447279934
1105 -1.340048220570784
1106 -1.340064887799844
1107 -1.340081447558303
1108 -1.34009789848031
1109 -1.340114239247197
1110 -1.340130468588868
1111 -1.340146585286304
1112 -1.34016258813073
1113 -1.340178475927084
1114 -1.340194247392137
1115 -1.34020990164493
1116 -1.340225437658868
1117 -1.340240854470659
1118 -1.340256151182369
1119 -1.340271326960338
1120 -1.340286381046565
1121 -1.340301312725183
1122 -1.340316121318921
1123 -1.340330806196694
1124 -1.340345366788952
1125 -1.340359802596556
1126 -1.34037411318247
1127 -1.340388298163797
1128 -1.340402357193631
1129 -1.340416289945078
1130 -1.340430096107463
1131 -1.340443775401369
1132 -1.34045732759256
1133 -1.340470752487182
1134 -1.340484049967257
1135 -1.340497219968797
1136 -1.340510262472883
1137 -1.340523177513962
1138 -1.340535965169259
1139 -1.340548625555628
1140 -1.340561158808165
1141 -1.340573565077787
1142 -1.340585844537907
1143 -1.340597997401632
1144 -1.340610023922695
1145 -1.340621924402268
1146 -1.340633699193656
1147 -1.340645348717178
1148 -1.340656873414723
1149 -1.340668273794464
1150 -1.340679550420217
1151 -1.340690703905804
1152 -1.340701734937728
1153 -1.340712644253627
1154 -1.340723432641907
1155 -1.34073410094282
1156 -1.340744650052151
1157 -1.340755080892691
1158 -1.340765394429327
1159 -1.340775591647196
1160 -1.340785673542132
1161 -1.340795641125487
1162 -1.340805495398303
1163 -1.340815237408828
1164 -1.340824868228142
1165 -1.340834388950722
1166 -1.340843800730384
1167 -1.340853104720955
1168 -1.340862302127219
1169 -1.340871394209245
1170 -1.340880382246306
1171 -1.340889267580288
1172 -1.340898051612009
1173 -1.340906735785328
1174 -1.340915321568872
1175 -1.340923810472349
1176 -1.340932204004748
1177 -1.340940503707228
1178 -1.340948711146926
1179 -1.340956827896558
1180 -1.340964855570479
1181 -1.340972795764911
1182 -1.34098065011077
1183 -1.340988420236382
1184 -1.340996107812684
1185 -1.341003714483689
1186 -1.341011241953983
1187 -1.341018691924329
1188 -1.341026066126805
1189 -1.341033366284259
1190 -1.341040594156153
1191 -1.341047751478162
1192 -1.341054840028291
1193 -1.34106186159332
1194 -1.341068817962201
1195 -1.341075710947683
1196 -1.341082542397477
1197 -1.34108931415711
1198 -1.341096028074687
1199 -1.341102686027184
1200 -1.341109289892045
1201 -1.341115841535174
1202 -1.341122342853628
1203 -1.341128795743214
1204 -1.341135202090198
1205 -1.341141563767009
1206 -1.341147882646465
1207 -1.341154160625102
1208 -1.34116039958288
1209 -1.341166601414919
1210 -1.341172768017167
1211 -1.341178901287928
1212 -1.341185003114613
1213 -1.341191075408305
1214 -1.341197120072206
1215 -1.341203139011848
1216 -1.341209134132256
1217 -1.341215107331339
1218 -1.341221060520411
1219 -1.341226995581891
1220 -1.341232914400615
1221 -1.341238818849555
1222 -1.341244710788734
1223 -1.341250592069277
1224 -1.341256464504292
1225 -1.341262329918925
1226 -1.341268190121501
1227 -1.34127404691188
1228 -1.341279902080534
1229 -1.341285757407257
1230 -1.341291614659322
1231 -1.341297475590957
1232 -1.341303341942142
1233 -1.341309215453378
1234 -1.341315097845466
1235 -1.341320990813213
1236 -1.341326896031099
1237 -1.34133281515965
1238 -1.341338749845805
1239 -1.341344701724042
1240 -1.341350672395445
1241 -1.34135666337621
1242 -1.341362676423211
1243 -1.341368713111775
1244 -1.341374775003762
1245 -1.341380863650621
1246 -1.341386980592259
1247 -1.341393127355418
1248 -1.341399305444881
1249 -1.341405516344692
1250 -1.341411761517054
1251 -1.341418042397724
1252 -1.341424360393737
1253 -1.341430716901193
1254 -1.341437113287048
1255 -1.341443550889828
1256 -1.341450031024794
1257 -1.34145655497984
1258 -1.341463124002342
1259 -1.341469739321122
1260 -1.341476402143083
1261 -1.341483113648863
1262 -1.341489874988447
1263 -1.341496687281274
1264 -1.341503551620888
1265 -1.341510469083546
1266 -1.341517440734407
1267 -1.341524467622926
1268 -1.341531550784837
1269 -1.341538691238132
1270 -1.341545889975682
1271 -1.341553147963515
1272 -1.341560466137319
1273 -1.341567845396552
1274 -1.34157528659769
1275 -1.3415827905491
1276 -1.341590358007887
1277 -1.341597989682171
1278 -1.34160568623313
1279 -1.341613448281244
1280 -1.341621276407931
1281 -1.341629171174102
1282 -1.341637133119765
1283 -1.341645162760843
1284 -1.34165326058906
1285 -1.341661427076301
1286 -1.34166966267382
1287 -1.341677967820041
1288 -1.341686342961918
1289 -1.341694788517114
1290 -1.341703304863226
1291 -1.341711892361996
1292 -1.341720551347493
1293 -1.341729282126545
1294 -1.341738084972196
1295 -1.341746960118795
1296 -1.34175590775897
1297 -1.341764928054818
1298 -1.341774014485209
1299 -1.341783178941179
1300 -1.341792416393522
1301 -1.341801727606579
1302 -1.341811112126036
1303 -1.34182056967816
1304 -1.341830100045806
1305 -1.34183970301442
1306 -1.341849378338469
1307 -1.341859125728845
1308 -1.341868944868128
1309 -1.34187883540668
1310 -1.341888796976335
1311 -1.341898829199063
1312 -1.341908931692261
1313 -1.34191910407599
1314 -1.341929345964475
1315 -1.341939656963504
1316 -1.341950036668851
1317 -1.341960484663976
1318 -1.341971000517953
1319 -1.341981583784121
1320 -1.341992233999863
1321 -1.342002950673191
1322 -1.342013733274144
1323 -1.34202458123226
1324 -1.342035493936307
1325 -1.342046470736558
1326 -1.342057510945776
1327 -1.34206861384202
1328 -1.34207977866983
1329 -1.342091004642521
1330 -1.342102290948219
1331 -1.342113636753635
1332 -1.342125041206973
1333 -1.342136503437603
1334 -1.342148022553425
1335 -1.34215959763774
1336 -1.342171227747475
1337 -1.34218291190746
1338 -1.342194649144104
1339 -1.342206438460463
1340 -1.342218278838357
1341 -1.342230169236593
1342 -1.342242108592629
1343 -1.342254095826183
1344 -1.342266129848629
1345 -1.342278209574834
1346 -1.342290333914669
1347 -1.342302501771448
1348 -1.342314712033302
1349 -1.342326963567593
1350 -1.342339255219414
1351 -1.342351585810488
1352 -1.342363954141072
1353 -1.342376358991678
1354 -1.342388799125477
1355 -1.342401273290837
1356 -1.342413780224508
1357 -1.342426318655178
1358 -1.342438887306182
1359 -1.342451484896805
1360 -1.342464110142983
1361 -1.342476761757692
1362 -1.342489438450966
1363 -1.342502138932592
1364 -1.342514861916301
1365 -1.342527606124483
1366 -1.34254037028694
1367 -1.34255315312048
1368 -1.342565953355124
1369 -1.342578769709109
1370 -1.342591600883291
1371 -1.342604445556832
1372 -1.34261730238716
1373 -1.342630170015293
1374 -1.342643047069738
1375 -1.342655932174295
1376 -1.342668823950861
1377 -1.342681721021136
1378 -1.342694622012054
1379 -1.342707525555763
1380 -1.342720430213413
1381 -1.342733334644478
1382 -1.342746237540332
1383 -1.342759137525107
1384 -1.34277203322567
1385 -1.342784923272175
1386 -1.342797806309493
1387 -1.342810680968078
1388 -1.342823545897798
1389 -1.342836399761534
1390 -1.342849241231443
1391 -1.342862068987846
1392 -1.342874881719837
1393 -1.342887678125474
1394 -1.34290045691204
1395 -1.342913216795691
1396 -1.342925956503305
1397 -1.342938674773601
1398 -1.342951370356175
1399 -1.342964042006888
1400 -1.342976688489602
1401 -1.342989308574643
1402 -1.343001901038529
1403 -1.343014464662594
1404 -1.343026998238878
1405 -1.343039500573802
1406 -1.343051970484055
1407 -1.343064406795649
1408 -1.343076808344274
1409 -1.343089173976437
1410 -1.343101502551054
1411 -1.343113792940752
1412 -1.343126044033099
1413 -1.343138254715976
1414 -1.343150423881044
1415 -1.343162550454401
1416 -1.343174633392603
1417 -1.343186671674822
1418 -1.343198664298476
1419 -1.343210610273012
1420 -1.343222508622395
1421 -1.343234358376308
1422 -1.343246158580801
1423 -1.343257908294435
1424 -1.343269606585611
1425 -1.343281252536692
1426 -1.343292845245457
1427 -1.343304383825975
1428 -1.343315867407394
1429 -1.343327295138653
1430 -1.343338666158755
1431 -1.343349979636232
1432 -1.343361234747127
1433 -1.343372430694173
1434 -1.343383566711135
1435 -1.343394642060583
1436 -1.343405656029689
1437 -1.343416607927357
1438 -1.343427497083114
1439 -1.343438322847446
1440 -1.343449084594076
1441 -1.343459781720524
1442 -1.343470413641879
1443 -1.343480979806806
1444 -1.3434914796681
1445 -1.343501912715996
1446 -1.34351227845676
1447 -1.343522576416443
1448 -1.343532806137882
1449 -1.343542967181632
1450 -1.343553059126921
1451 -1.343563081571762
1452 -1.34357303413467
1453 -1.343582916454249
1454 -1.34359272818901
1455 -1.343602469017839
1456 -1.343612138664741
1457 -1.343621736852792
1458 -1.343631263301676
1459 -1.343640717775556
1460 -1.343650100050814
1461 -1.343659409931669
1462 -1.343668647248906
1463 -1.343677811862632
1464 -1.343686903657495
1465 -1.343695922542253
1466 -1.34370486844181
1467 -1.343713741304866
1468 -1.343722541116942
1469 -1.343731267880142
1470 -1.343739921615906
1471 -1.343748502362546
1472 -1.343757010175018
1473 -1.343765445153744
1474 -1.343773807394104
1475 -1.343782097021488
1476 -1.343790314181519
1477 -1.343798459037635
1478 -1.343806531772186
1479 -1.343814532587231
1480 -1.343822461704721
1481 -1.343830319366224
1482 -1.343838105832216
1483 -1.343845821381283
1484 -1.343853466308501
1485 -1.343861040924724
1486 -1.343868545556741
1487 -1.343875980547844
1488 -1.343883346264121
1489 -1.343890643069962
1490 -1.343897871371545
1491 -1.34390503158292
1492 -1.343912124137616
1493 -1.343919149488318
1494 -1.343926108103958
1495 -1.343933000483299
1496 -1.343939827130398
1497 -1.343946588572889
1498 -1.343953285356982
1499 -1.343959918047033
1500 -1.343966487224044
1501 -1.343972993485361
1502 -1.343979437443975
1503 -1.343985819716172
1504 -1.343992140954259
1505 -1.343998401819477
1506 -1.344004602974505
1507 -1.344010745120684
1508 -1.34401682895002
1509 -1.344022855182776
1510 -1.344028824550443
1511 -1.344034737797559
1512 -1.344040595680582
1513 -1.344046399532581
1514 -1.344052148787235
1515 -1.344057844933307
1516 -1.344063488883007
1517 -1.344069081373096
1518 -1.344074623152216
1519 -1.344080115016956
1520 -1.344085557814429
1521 -1.344090952433351
1522 -1.344096299790434
1523 -1.344101600820012
1524 -1.344106856463861
1525 -1.344112067667067
1526 -1.344117235351392
1527 -1.3441223604555
1528 -1.344127443898642
1529 -1.344132486593476
1530 -1.344137489448316
1531 -1.344142453371508
1532 -1.344147379272878
1533 -1.34415226806411
1534 -1.34415712065429
1535 -1.34416193796302
1536 -1.344166720920141
1537 -1.344171470463753
1538 -1.344176187542612
1539 -1.344180873115246
1540 -1.344185528149057
1541 -1.34419015362065
1542 -1.344194750509337
1543 -1.344199319786223
1544 -1.344203862422101
1545 -1.344208379395451
1546 -1.344212871727035
1547 -1.34421734043663
1548 -1.344221786577171
1549 -1.344226211189509
1550 -1.344230615336407
1551 -1.344235000060788
1552 -1.34423936639422
1553 -1.34424371535378
1554 -1.344248047943186
1555 -1.344252365152446
1556 -1.344256667957271
1557 -1.344260957320243
1558 -1.344265234195538
1559 -1.34426949953283
1560 -1.344273754277877
1561 -1.344277999376308
1562 -1.344282235782187
1563 -1.344286464453925
1564 -1.344290686354262
1565 -1.344294902446598
1566 -1.34429911369538
1567 -1.344303321065851
1568 -1.344307525526307
1569 -1.344311728018361
1570 -1.344315929528486
1571 -1.344320131008818
1572 -1.344324333419222
1573 -1.344328537711381
1574 -1.34433274482706
1575 -1.344336955695448
1576 -1.344341171234114
1577 -1.344345392348548
1578 -1.344349619932731
1579 -1.344353854869178
1580 -1.344358098029302
1581 -1.344362350273614
1582 -1.344366612450877
1583 -1.344370885397392
1584 -1.344375169935709
1585 -1.344379466873907
1586 -1.344383777006569
1587 -1.344388101120176
1588 -1.344392439991691
1589 -1.344396794390853
1590 -1.344401165081513
1591 -1.344405552823199
1592 -1.344409958376658
1593 -1.344414382478381
1594 -1.344418825883754
1595 -1.344423289330936
1596 -1.344427773549512
1597 -1.344432279258224
1598 -1.344436807164222
1599 -1.344441357962281
1600 -1.344445932334397
1601 -1.344450530949887
1602 -1.344455154466436
1603 -1.34445980352941
1604 -1.344464478770324
1605 -1.344469180804581
1606 -1.344473910229902
1607 -1.344478667624425
1608 -1.344483453545813
1609 -1.344488268531278
1610 -1.344493113098495
1611 -1.344497987747115
1612 -1.344502892960489
1613 -1.344507829207229
1614 -1.34451279694191
1615 -1.344517796607285
1616 -1.344522828633796
1617 -1.344527893440577
1618 -1.344532991437871
1619 -1.344538123029122
1620 -1.34454328858107
1621 -1.344548488462424
1622 -1.344553723035326
1623 -1.344558992655577
1624 -1.344564297668736
1625 -1.344569638406557
1626 -1.344575015184829
1627 -1.344580428304035
1628 -1.344585878049435
1629 -1.344591364691371
1630 -1.344596888484529
1631 -1.344602449666346
1632 -1.344608048455107
1633 -1.344613685048322
1634 -1.344619359621708
1635 -1.344625072328983
1636 -1.344630823302376
1637 -1.344636612653716
1638 -1.344642440475819
1639 -1.344648306843978
1640 -1.344654211820179
1641 -1.344660155445083
1642 -1.344666137749294
1643 -1.344672158752406
1644 -1.344678218460551
1645 -1.344684316866465
1646 -1.344690453955522
1647 -1.344696629680429
1648 -1.344702844006046
1649 -1.344709096873088
1650 -1.344715388204998
1651 -1.344721717921402
1652 -1.344728085926625
1653 -1.344734492110774
1654 -1.344740936348601
1655 -1.344747418500539
1656 -1.344753938412028
1657 -1.344760495914355
1658 -1.344767090824499
1659 -1.344773722944794
1660 -1.344780392062739
1661 -1.344787097950989
1662 -1.344793840368312
1663 -1.344800619060181
1664 -1.344807433758815
1665 -1.344814284182759
1666 -1.34482117003622
1667 -1.344828091008439
1668 -1.344835046773578
1669 -1.344842036990826
1670 -1.344849061302585
1671 -1.344856119337593
1672 -1.344863210716273
1673 -1.344870335044662
1674 -1.344877491916777
1675 -1.344884680915498
1676 -1.344891901613062
1677 -1.344899153571839
1678 -1.344906436338075
1679 -1.344913749467604
1680 -1.344921092482956
1681 -1.344928464907613
1682 -1.344935866254598
1683 -1.344943296027467
1684 -1.344950753720062
1685 -1.344958238816693
1686 -1.344965750792042
1687 -1.344973289113087
1688 -1.34498085324009
1689 -1.34498844262746
1690 -1.344996056724953
1691 -1.345003694974513
1692 -1.345011356807894
1693 -1.345019041643883
1694 -1.345026748887359
1695 -1.34503447792949
1696 -1.345042228148746
1697 -1.345049998912401
1698 -1.345057789578131
1699 -1.3450655994955
1700 -1.345073428007236
1701 -1.34508127445027
1702 -1.345089138156254
1703 -1.345097018453074
1704 -1.345104914664517
1705 -1.345112826110845
1706 -1.34512075210898
1707 -1.345128691972918
1708 -1.345136645013826
1709 -1.345144610539566
1710 -1.345152587855508
1711 -1.345160576262438
1712 -1.345168575057387
1713 -1.345176583538976
1714 -1.345184600982867
1715 -1.345192626684746
1716 -1.345200659925776
1717 -1.345208699984109
1718 -1.34521674613418
1719 -1.345224797646963
1720 -1.345232853790063
1721 -1.345240913828095
1722 -1.345248977023016
1723 -1.345257042634165
1724 -1.345265109918432
1725 -1.345273178130728
1726 -1.345281246524423
1727 -1.345289314351767
1728 -1.345297380868493
1729 -1.345305445334964
1730 -1.345313507015655
1731 -1.345321565176773
1732 -1.345329619083064
1733 -1.345337667995695
1734 -1.345345711171494
1735 -1.345353747863862
1736 -1.345361777315031
1737 -1.345369798776429
1738 -1.345377811504225
1739 -1.345385814759364
1740 -1.345393807806026
1741 -1.345401789910612
1742 -1.345409760341727
1743 -1.345417718370861
1744 -1.34542566327337
1745 -1.345433594329314
1746 -1.34544151082407
1747 -1.34544941204865
1748 -1.345457297299975
1749 -1.345465165880797
1750 -1.345473017099643
1751 -1.345480850270794
1752 -1.345488664708842
1753 -1.345496459754058
1754 -1.345504234728978
1755 -1.34551198897256
1756 -1.345519721828416
1757 -1.345527432645893
1758 -1.345535120780015
1759 -1.345542785591899
1760 -1.345550426448852
1761 -1.345558042724555
1762 -1.345565633798716
1763 -1.345573199058408
1764 -1.345580737897223
1765 -1.345588249716007
1766 -1.345595733922749
1767 -1.345603189932812
1768 -1.345610617169202
1769 -1.34561801506281
1770 -1.345625383052696
1771 -1.345632720586412
1772 -1.345640027120324
1773 -1.345647302119917
1774 -1.345654545060086
1775 -1.345661755425267
1776 -1.345668932709342
1777 -1.345676076415682
1778 -1.345683186056825
1779 -1.345690261153935
1780 -1.345697301235968
1781 -1.345704305840171
1782 -1.345711274510275
1783 -1.34571820679828
1784 -1.34572510226476
1785 -1.345731960479593
1786 -1.345738781022621
1787 -1.345745563483858
1788 -1.345752307464093
1789 -1.345759012577802
1790 -1.345765678451459
1791 -1.345772304723664
1792 -1.345778891046328
1793 -1.345785437084039
1794 -1.345791942513159
1795 -1.345798407020874
1796 -1.345804830310438
1797 -1.345811212076097
1798 -1.345817552046592
1799 -1.34582384995099
1800 -1.345830105530722
1801 -1.34583631853887
1802 -1.345842488740587
1803 -1.345848615918388
1804 -1.345854699868826
1805 -1.345860740399044
1806 -1.34586673733376
1807 -1.3458726905091
1808 -1.345878599768051
1809 -1.345884464958205
1810 -1.345890285931425
1811 -1.345896062544863
1812 -1.345901794662508
1813 -1.345907482156869
1814 -1.345913124887863
1815 -1.345918722773931
1816 -1.345924275725318
1817 -1.345929783662118
1818 -1.345935246518245
1819 -1.345940664241615
1820 -1.345946036795046
1821 -1.345951364155094
1822 -1.34595664631211
1823 -1.345961883270089
1824 -1.345967075046319
1825 -1.345972221671448
1826 -1.345977323188613
1827 -1.345982379652911
1828 -1.345987391130943
1829 -1.345992357700344
1830 -1.345997279448759
1831 -1.346002156475428
1832 -1.346006988888717
1833 -1.34601177680684
1834 -1.346016520357735
1835 -1.346021219686691
1836 -1.346025874946688
1837 -1.346030486297123
1838 -1.346035053904649
1839 -1.346039577944631
1840 -1.346044058602134
1841 -1.346048496072393
1842 -1.346052890560987
1843 -1.346057242283799
1844 -1.346061551466961
1845 -1.346065818346763
1846 -1.346070043160519
1847 -1.346074226161938
1848 -1.346078367620361
1849 -1.346082467814047
1850 -1.34608652702985
1851 -1.34609054556406
1852 -1.346094523722267
1853 -1.34609846181902
1854 -1.346102360177366
1855 -1.34610621912836
1856 -1.346110039010631
1857 -1.346113820170124
1858 -1.346117562960035
1859 -1.346121267740884
1860 -1.346124934880772
1861 -1.346128564754744
1862 -1.346132157747758
1863 -1.346135714252506
1864 -1.346139234670722
1865 -1.346142719413224
1866 -1.346146168899753
1867 -1.346149583558323
1868 -1.346152963824641
1869 -1.346156310141749
1870 -1.34615962295983
1871 -1.346162902736086
1872 -1.346166149934695
1873 -1.346169365026818
1874 -1.346172548490629
1875 -1.346175700811335
1876 -1.346178822481016
1877 -1.346181913998285
1878 -1.346184975867793
1879 -1.346188008599418
1880 -1.346191012707437
1881 -1.346193988709624
1882 -1.346196937126838
1883 -1.346199858482419
1884 -1.346202753301975
1885 -1.34620562212564
1886 -1.346208465484766
1887 -1.346211283909383
1888 -1.346214077930981
1889 -1.346216848084354
1890 -1.346219594908933
1891 -1.346222318949742
1892 -1.346225020755541
1893 -1.346227700879645
1894 -1.346230359879587
1895 -1.346232998318304
1896 -1.34623561676066
1897 -1.34623821577649
1898 -1.346240795939941
1899 -1.346243357829031
1900 -1.346245902025279
1901 -1.346248429113631
1902 -1.346250939684248
1903 -1.346253434328769
1904 -1.346255913639703
1905 -1.346258378209278
1906 -1.346260828629112
1907 -1.346263265490262
1908 -1.346265689383323
1909 -1.34626810089837
1910 -1.346270500624857
1911 -1.346272889151328
1912 -1.346275267065207
1913 -1.346277634952732
1914 -1.346279993398949
1915 -1.346282342987503
1916 -1.346284684300461
1917 -1.34628701791824
1918 -1.346289344419665
1919 -1.346291664382112
1920 -1.346293978381635
1921 -1.346296286993059
1922 -1.346298590790056
1923 -1.346300890345268
1924 -1.346303186229717
1925 -1.346305479012738
1926 -1.346307769261807
1927 -1.346310057542352
1928 -1.346312344417502
1929 -1.346314630447818
1930 -1.346316916191001
1931 -1.346319202201614
1932 -1.346321489030837
1933 -1.346323777226035
1934 -1.346326067329933
1935 -1.346328359879756
1936 -1.346330655406579
1937 -1.346332954434917
1938 -1.34633525748395
1939 -1.346337565067613
1940 -1.346339877695654
1941 -1.346342195874387
1942 -1.346344520107201
1943 -1.346346850894745
1944 -1.346349188734916
1945 -1.346351534122707
1946 -1.346353887549947
1947 -1.346356249504966
1948 -1.346358620472211
1949 -1.346361000931756
1950 -1.346363391358735
1951 -1.346365792222768
1952 -1.346368203987361
1953 -1.346370627109302
1954 -1.346373062038059
1955 -1.346375509215263
1956 -1.346377969074291
1957 -1.346380442039998
1958 -1.346382928528565
1959 -1.34638542894762
1960 -1.346387943696393
1961 -1.346390473165934
1962 -1.346393017736387
1963 -1.346395577775841
1964 -1.346398153648907
1965 -1.346400745717009
1966 -1.346403354336308
1967 -1.346405979856479
1968 -1.346408622620273
1969 -1.346411282958061
1970 -1.346413961198523
1971 -1.346416657667898
1972 -1.346419372680142
1973 -1.346422106540837
1974 -1.346424859547487
1975 -1.346427631989376
1976 -1.346430424147379
1977 -1.346433236293819
1978 -1.346436068692451
1979 -1.346438921598397
1980 -1.346441795258198
1981 -1.346444689909838
1982 -1.346447605782782
1983 -1.346450543097995
1984 -1.346453502067977
1985 -1.346456482896788
1986 -1.346459485780092
1987 -1.346462510905208
1988 -1.346465558451179
1989 -1.346468628589407
1990 -1.346471721482912
1991 -1.346474837286608
1992 -1.346477976147282
1993 -1.346481138203595
1994 -1.346484323586031
1995 -1.34648753241675
1996 -1.346490764809389
1997 -1.346494020868819
1998 -1.346497300690924
1999 -1.346500604362428
2000 -1.346503931960785
2001 -1.346507283554103
2002 -1.34651065920116
2003 -1.346514058951476
2004 -1.346517482845436
2005 -1.346520930914466
2006 -1.346524403181196
2007 -1.346527899659658
2008 -1.346531420355419
2009 -1.346534965265746
2010 -1.34653853437972
2011 -1.346542127678329
2012 -1.346545745134569
2013 -1.346549386713544
2014 -1.346553052372351
2015 -1.346556742060311
2016 -1.346560455719053
2017 -1.346564193282531
2018 -1.346567954676979
2019 -1.346571739820962
2020 -1.346575548625643
2021 -1.346579380993624
2022 -1.346583236819382
2023 -1.346587115989502
2024 -1.346591018383094
2025 -1.346594943871877
2026 -1.346598892320178
2027 -1.346602863584639
2028 -1.346606857513787
2029 -1.34661087394772
2030 -1.346614912718015
2031 -1.346618973647862
2032 -1.346623056552379
2033 -1.346627161238962
2034 -1.34663128750764
2035 -1.346635435151381
2036 -1.346639603956328
2037 -1.346643793701996
2038 -1.34664800416141
2039 -1.346652235101241
2040 -1.34665648628187
2041 -1.346660757457468
2042 -1.346665048376055
2043 -1.346669358779532
2044 -1.346673688403726
2045 -1.346678036972139
2046 -1.346682404219919
2047 -1.346686789865029
2048 -1.34669119361798
2049 -1.346695615183204
2050 -1.346700054257581
2051 -1.346704510533553
2052 -1.346708983698824
2053 -1.346713473436224
2054 -1.34671797942312
2055 -1.346722501330591
2056 -1.346727038825559
2057 -1.346731591567455
2058 -1.34673615921006
2059 -1.346740741402592
2060 -1.346745337790187
2061 -1.346749948013856
2062 -1.34675457171025
2063 -1.346759208511508
2064 -1.346763858045305
2065 -1.346768519935088
2066 -1.34677319380037
2067 -1.346777879256823
2068 -1.346782575916176
2069 -1.346787283385438
2070 -1.34679200126709
2071 -1.346796729159836
2072 -1.346801466659558
2073 -1.346806213360098
2074 -1.346810968853727
2075 -1.346815732731231
2076 -1.346820504584421
2077 -1.346825283997095
2078 -1.346830070554465
2079 -1.346834863840241
2080 -1.346839663435907
2081 -1.346844468920553
2082 -1.346849279870847
2083 -1.346854095861095
2084 -1.346858916463333
2085 -1.346863741247385
2086 -1.346868569781345
2087 -1.346873401631667
2088 -1.346878236363412
2089 -1.346883073540509
2090 -1.346887912725983
2091 -1.346892753482173
2092 -1.346897595370948
2093 -1.346902437953881
2094 -1.346907280792409
2095 -1.346912123448031
2096 -1.346916965482475
2097 -1.346921806457855
2098 -1.346926645936724
2099 -1.346931483482075
2100 -1.346936318657285
2101 -1.34694115102604
2102 -1.346945980152276
2103 -1.346950805600188
2104 -1.346955626934284
2105 -1.346960443719536
2106 -1.346965255521573
2107 -1.346970061906952
2108 -1.346974862443439
2109 -1.346979656700321
2110 -1.3469844442487
2111 -1.346989224661757
2112 -1.346993997514978
2113 -1.346998762386323
2114 -1.347003518856365
2115 -1.347008266508362
2116 -1.347013004928304
2117 -1.347017733704893
2118 -1.347022452429518
2119 -1.34702716069629
2120 -1.347031858101965
2121 -1.347036544245885
2122 -1.347041218730001
2123 -1.347045881158936
2124 -1.347050531140106
2125 -1.347055168283879
2126 -1.347059792203735
2127 -1.34706440251643
2128 -1.347068998842164
2129 -1.347073580804743
2130 -1.347078148031718
2131 -1.347082700154613
2132 -1.347087236808989
2133 -1.347091757634278
2134 -1.34709626227485
2135 -1.34710075037917
2136 -1.347105221600208
2137 -1.347109675595514
2138 -1.347114112027297
2139 -1.347118530562509
2140 -1.347122930872887
2141 -1.347127312635006
2142 -1.347131675530314
2143 -1.34713601924516
2144 -1.347140343470806
2145 -1.347144647903441
2146 -1.347148932244201
2147 -1.347153196199186
2148 -1.347157439479499
2149 -1.347161661801282
2150 -1.347165862885788
2151 -1.347170042459435
2152 -1.347174200253939
2153 -1.34717833600637
2154 -1.347182449459281
2155 -1.34718654036086
2156 -1.347190608464972
2157 -1.347194653530076
2158 -1.347198675319418
2159 -1.347202673602059
2160 -1.347206648153767
2161 -1.347210598757471
2162 -1.347214525203274
2163 -1.347218427288283
2164 -1.3472223048164
2165 -1.34722615759823
2166 -1.347229985450729
2167 -1.347233788197146
2168 -1.347237565666973
2169 -1.347241317695962
2170 -1.34724504412615
2171 -1.347248744805911
2172 -1.34725241958998
2173 -1.347256068339443
2174 -1.347259690921732
2175 -1.347263287210569
2176 -1.347266857085939
2177 -1.347270400434057
2178 -1.347273917147359
2179 -1.347277407124509
2180 -1.347280870270427
2181 -1.347284306496325
2182 -1.347287715719764
2183 -1.347291097864706
2184 -1.347294452861578
2185 -1.34729778064732
2186 -1.347301081165428
2187 -1.347304354365996
2188 -1.347307600205738
2189 -1.347310818648008
2190 -1.347314009662815
2191 -1.347317173226818
2192 -1.347320309323324
2193 -1.347323417942259
2194 -1.347326499080146
2195 -1.347329552740079
2196 -1.347332578931712
2197 -1.347335577671319
2198 -1.3473385489819
2199 -1.347341492893215
2200 -1.34734440944175
2201 -1.347347298670621
2202 -1.347350160629461
2203 -1.347352995374295
2204 -1.347355802967431
2205 -1.347358583477342
2206 -1.347361336978533
2207 -1.347364063551443
2208 -1.347366763282322
2209 -1.347369436263143
2210 -1.347372082591545
2211 -1.347374702370795
2212 -1.347377295709772
2213 -1.347379862722995
2214 -1.347382403530642
2215 -1.347384918258599
2216 -1.347387407038017
2217 -1.347389870006827
2218 -1.347392307308342
2219 -1.347394719091758
2220 -1.347397105512177
2221 -1.34739946673062
2222 -1.347401802913992
2223 -1.347404114234982
2224 -1.347406400871907
2225 -1.34740866300846
2226 -1.347410900833452
2227 -1.347413114540573
2228 -1.347415304328193
2229 -1.347417470399278
2230 -1.347419612961368
2231 -1.347421732226624
2232 -1.347423828411924
2233 -1.347425901738929
2234 -1.34742795243416
2235 -1.34742998072902
2236 -1.347431986859786
2237 -1.347433971067549
2238 -1.347435933598148
2239 -1.347437874700867
2240 -1.347439794630527
2241 -1.347441693646883
2242 -1.347443572013628
2243 -1.347445429998358
2244 -1.347447267872474
2245 -1.34744908591109
2246 -1.34745088439291
2247 -1.347452663600137
2248 -1.347454423818365
2249 -1.347456165336486
2250 -1.347457888446604
2251 -1.347459593429829
2252 -1.347461280580209
2253 -1.347462950222088
2254 -1.34746460265814
2255 -1.347466238194557
2256 -1.347467857140829
2257 -1.347469459809544
2258 -1.347471046516218
2259 -1.347472617579149
2260 -1.347474173319289
2261 -1.347475714060107
2262 -1.347477240127465
2263 -1.347478751849494
2264 -1.347480249556457
2265 -1.347481733580626
2266 -1.347483204256151
2267 -1.347484661918931
2268 -1.347486106906504
2269 -1.347487539557924
2270 -1.347488960213654
2271 -1.347490369215461
2272 -1.347491766906341
2273 -1.347493153630413
2274 -1.347494529732797
2275 -1.34749589555927
2276 -1.347497251456552
2277 -1.347498597771638
2278 -1.347499934851737
2279 -1.347501263044243
2280 -1.347502582696761
2281 -1.347503894157185
2282 -1.347505197773782
2283 -1.347506493895259
2284 -1.347507782870775
2285 -1.3475090650499
2286 -1.34751034078253
2287 -1.347511610418746
2288 -1.347512874308689
2289 -1.347514132802416
2290 -1.347515386249766
2291 -1.347516635000254
2292 -1.347517879402953
2293 -1.34751911980642
2294 -1.347520356558596
2295 -1.347521590006733
2296 -1.347522820497307
2297 -1.347524048375936
2298 -1.347525273987284
2299 -1.347526497674977
2300 -1.347527719781494
2301 -1.347528940648067
2302 -1.347530160614618
2303 -1.347531380019463
2304 -1.347532599199358
2305 -1.347533818489341
2306 -1.347535038222612
2307 -1.347536258730415
2308 -1.347537480341936
2309 -1.347538703384206
2310 -1.347539928182022
2311 -1.347541155057874
2312 -1.347542384331882
2313 -1.347543616321741
2314 -1.347544851342666
2315 -1.347546089707324
2316 -1.347547331725787
2317 -1.347548577705463
2318 -1.347549827951038
2319 -1.347551082764399
2320 -1.347552342444493
2321 -1.34755360728746
2322 -1.347554877586379
2323 -1.347556153631227
2324 -1.347557435708809
2325 -1.347558724102688
2326 -1.347560019093109
2327 -1.347561320956929
2328 -1.347562629967552
2329 -1.347563946394859
2330 -1.347565270504447
2331 -1.347566602559243
2332 -1.347567942817999
2333 -1.347569291535632
2334 -1.347570648963208
2335 -1.347572015347961
2336 -1.347573390933296
2337 -1.347574775958765
2338 -1.347576170660011
2339 -1.347577575268673
2340 -1.347578990012291
2341 -1.347580415114206
2342 -1.347581850793469
2343 -1.347583297264771
2344 -1.347584754738416
2345 -1.347586223420273
2346 -1.347587703511785
2347 -1.347589195209951
2348 -1.347590698707336
2349 -1.347592214192062
2350 -1.347593741847804
2351 -1.347595281853788
2352 -1.347596834384758
2353 -1.347598399611009
2354 -1.347599977698416
2355 -1.347601568808438
2356 -1.347603173097969
2357 -1.347604790719445
2358 -1.347606421820602
2359 -1.34760806654433
2360 -1.3476097250286
2361 -1.347611397406404
2362 -1.347613083805738
2363 -1.347614784349626
2364 -1.347616499156138
2365 -1.347618228338422
2366 -1.347619972004757
2367 -1.347621730258569
2368 -1.347623503198471
2369 -1.34762529091827
2370 -1.347627093506973
2371 -1.347628911048785
2372 -1.347630743623081
2373 -1.347632591304391
2374 -1.347634454162358
2375 -1.347636332261707
2376 -1.347638225662205
2377 -1.347640134418626
2378 -1.347642058580729
2379 -1.347643998193207
2380 -1.347645953295684
2381 -1.347647923922664
2382 -1.347649910103526
2383 -1.347651911862493
2384 -1.347653929218614
2385 -1.34765596218575
2386 -1.347658010772565
2387 -1.347660074982524
2388 -1.347662154813895
2389 -1.347664250259754
2390 -1.347666361308009
2391 -1.347668487941416
2392 -1.347670630137614
2393 -1.347672787869164
2394 -1.347674961103591
2395 -1.347677149803428
2396 -1.347679353926281
2397 -1.34768157342487
2398 -1.347683808247104
2399 -1.347686058336131
2400 -1.347688323630465
2401 -1.347690604064029
2402 -1.347692899566157
2403 -1.347695210061585
2404 -1.347697535470468
2405 -1.347699875708422
2406 -1.34770223068657
2407 -1.347704600311594
2408 -1.347706984485807
2409 -1.34770938310714
2410 -1.347711796069142
2411 -1.34771422326096
2412 -1.347716664567362
2413 -1.347719119868638
2414 -1.347721589041029
2415 -1.347724071956387
2416 -1.347726568482334
2417 -1.347729078482307
2418 -1.347731601815601
2419 -1.347734138337436
2420 -1.347736687898994
2421 -1.347739250347507
2422 -1.347741825526318
2423 -1.347744413274977
2424 -1.347747013429308
2425 -1.347749625821512
2426 -1.347752250280224
2427 -1.347754886630595
2428 -1.347757534694344
2429 -1.347760194289807
2430 -1.347762865232004
2431 -1.347765547332668
2432 -1.347768240400322
2433 -1.347770944240338
2434 -1.347773658655008
2435 -1.34777638344362
2436 -1.347779118402533
2437 -1.34778186332525
2438 -1.347784618002483
2439 -1.3477873822222
2440 -1.347790155769665
2441 -1.347792938427477
2442 -1.347795729975581
2443 -1.347798530191341
2444 -1.347801338820895
2445 -1.347804155673642
2446 -1.347806980501931
2447 -1.347809813045908
2448 -1.347812653109596
2449 -1.347815500411327
2450 -1.347818354751913
2451 -1.347821215846289
2452 -1.347824083492154
2453 -1.347826957401321
2454 -1.347829837368531
2455 -1.347832723102567
2456 -1.347835614395344
2457 -1.347838510952113
2458 -1.347841412533339
2459 -1.347844318909095
2460 -1.347847229782753
2461 -1.347850144912831
2462 -1.347853064066887
2463 -1.347855986945281
2464 -1.347858913303274
2465 -1.347861842876136
2466 -1.347864775426923
2467 -1.347867710651459
2468 -1.34787064830099
2469 -1.347873588107013
2470 -1.34787652980034
2471 -1.347879473111303
2472 -1.347882417770116
2473 -1.347885363507076
2474 -1.347888310052588
2475 -1.34789125713713
2476 -1.347894204491124
2477 -1.347897151845327
2478 -1.347900098930607
2479 -1.347903045478108
2480 -1.347905991219327
2481 -1.347908935886176
2482 -1.347911879211028
2483 -1.347914820926762
2484 -1.34791776076679
2485 -1.347920698465073
2486 -1.347923633756153
2487 -1.347926566375143
2488 -1.34792949605776
2489 -1.347932422540344
2490 -1.347935345559873
2491 -1.347938264854021
2492 -1.347941180161207
2493 -1.347944091220656
2494 -1.347946997772477
2495 -1.347949899557743
2496 -1.347952796318583
2497 -1.347955687798262
2498 -1.347958573741273
2499 -1.347961453893423
2500 -1.347964328001905
2501 -1.34796719581538
2502 -1.347970057084031
2503 -1.347972911559635
2504 -1.347975758995616
2505 -1.347978599147109
2506 -1.347981431771015
2507 -1.347984256626062
2508 -1.347987073472422
2509 -1.347989882073131
2510 -1.347992682192895
2511 -1.34799547359836
2512 -1.347998256058291
2513 -1.348001029343671
2514 -1.348003793227787
2515 -1.348006547486283
2516 -1.348009291897222
2517 -1.348012026241032
2518 -1.348014750300733
2519 -1.348017463862051
2520 -1.348020166713196
2521 -1.348022858645004
2522 -1.348025539451002
2523 -1.348028208927454
2524 -1.348030866873372
2525 -1.348033513090537
2526 -1.348036147383504
2527 -1.348038769559616
2528 -1.34804137942903
2529 -1.348043976804759
2530 -1.348046561502749
2531 -1.34804913334197
2532 -1.348051692144533
2533 -1.348054237735759
2534 -1.348056769944495
2535 -1.348059288603068
2536 -1.348061793547354
2537 -1.348064284616844
2538 -1.34806676165471
2539 -1.348069224507878
2540 -1.34807167302708
2541 -1.348074107066922
2542 -1.348076526485881
2543 -1.348078931146317
2544 -1.348081320914458
2545 -1.348083695660365
2546 -1.348086055257874
2547 -1.348088399584557
2548 -1.348090728521654
2549 -1.348093041954029
2550 -1.348095339770125
2551 -1.348097621861929
2552 -1.348099888124966
2553 -1.348102138458271
2554 -1.348104372764406
2555 -1.348106590949455
2556 -1.348108792923058
2557 -1.348110978598396
2558 -1.348113147892265
2559 -1.348115300725101
2560 -1.348117437021015
2561 -1.348119556707849
2562 -1.348121659717214
2563 -1.348123745984554
2564 -1.348125815449182
2565 -1.348127868054332
2566 -1.348129903747184
2567 -1.348131922478902
2568 -1.348133924204527
2569 -1.348135908882987
2570 -1.348137876477625
2571 -1.348139826955738
2572 -1.348141760288611
2573 -1.348143676451521
2574 -1.348145575423734
2575 -1.348147457188492
2576 -1.348149321733004
2577 -1.348151169048421
2578 -1.348152999129822
2579 -1.348154811976196
2580 -1.348156607590423
2581 -1.348158385979256
2582 -1.348160147153313
2583 -1.348161891127055
2584 -1.348163617918793
2585 -1.348165327550692
2586 -1.348167020048773
2587 -1.348168695442911
2588 -1.348170353766818
2589 -1.348171995058022
2590 -1.348173619357815
2591 -1.348175226711211
2592 -1.34817681716689
2593 -1.348178390777142
2594 -1.348179947597821
2595 -1.348181487688309
2596 -1.348183011111462
2597 -1.348184517933586
2598 -1.34818600822439
2599 -1.348187482056974
2600 -1.348188939507799
2601 -1.348190380656675
2602 -1.348191805586762
2603 -1.348193214384563
2604 -1.348194607139922
2605 -1.348195983946033
2606 -1.348197344899417
2607 -1.34819869009992
2608 -1.348200019650675
2609 -1.348201333658062
2610 -1.348202632231654
2611 -1.348203915484169
2612 -1.348205183531392
2613 -1.348206436492125
2614 -1.348207674488137
2615 -1.348208897644121
2616 -1.348210106087668
2617 -1.348211299949256
2618 -1.348212479362242
2619 -1.348213644462873
2620 -1.3482147953903
2621 -1.348215932286582
2622 -1.348217055296705
2623 -1.348218164568578
2624 -1.348219260253027
2625 -1.348220342503764
2626 -1.348221411477354
2627 -1.348222467333158
2628 -1.348223510233256
2629 -1.348224540342375
2630 -1.348225557827801
2631 -1.348226562859091
2632 -1.348227555607866
2633 -1.348228536247905
2634 -1.348229504955336
2635 -1.34823046190874
2636 -1.348231407289118
2637 -1.348232341279736
2638 -1.348233264065931
2639 -1.348234175834926
2640 -1.348235076775683
2641 -1.348235967078788
2642 -1.348236846936393
2643 -1.348237716542132
2644 -1.348238576091092
2645 -1.348239425779753
2646 -1.348240265805952
2647 -1.348241096368852
2648 -1.348241917668901
2649 -1.348242729907819
2650 -1.348243533288567
2651 -1.348244328015339
2652 -1.348245114293539
2653 -1.348245892329778
2654 -1.348246662331861
2655 -1.348247424508762
2656 -1.348248179070606
2657 -1.348248926228639
2658 -1.348249666195191
2659 -1.348250399183583
2660 -1.348251125408179
2661 -1.34825184508419
2662 -1.348252558427625
2663 -1.34825326565519
2664 -1.348253966984185
2665 -1.348254662632409
2666 -1.34825535281806
2667 -1.348256037759653
2668 -1.348256717675939
2669 -1.348257392785838
2670 -1.348258063308399
2671 -1.348258729462713
2672 -1.348259391467848
2673 -1.348260049542819
2674 -1.348260703906544
2675 -1.348261354777806
2676 -1.348262002375206
2677 -1.34826264691711
2678 -1.348263288621605
2679 -1.348263927706445
2680 -1.348264564388999
2681 -1.348265198886193
2682 -1.348265831414468
2683 -1.34826646218971
2684 -1.348267091427206
2685 -1.348267719341578
2686 -1.348268346146741
2687 -1.348268972055834
2688 -1.348269597281177
2689 -1.348270222034214
2690 -1.348270846525461
2691 -1.348271470964296
2692 -1.348272095559332
2693 -1.348272720518191
2694 -1.348273346047231
2695 -1.348273972351682
2696 -1.348274599635628
2697 -1.348275228101997
2698 -1.34827585795254
2699 -1.348276489387794
2700 -1.348277122607116
2701 -1.348277757808598
2702 -1.348278395189031
2703 -1.34827903494387
2704 -1.348279677267174
2705 -1.348280322351546
2706 -1.348280970387899
2707 -1.34828162156582
2708 -1.348282276073121
2709 -1.34828293409582
2710 -1.348283595818129
2711 -1.348284261422432
2712 -1.348284931089261
2713 -1.348285604997282
2714 -1.34828628332329
2715 -1.348286966242196
2716 -1.348287653927028
2717 -1.348288346548904
2718 -1.348289044277014
2719 -1.348289747278579
2720 -1.348290455718828
2721 -1.348291169760941
2722 -1.34829188956601
2723 -1.348292615292983
2724 -1.348293347098615
2725 -1.348294085137426
2726 -1.348294829561645
2727 -1.348295580521168
2728 -1.3482963381635
2729 -1.348297102633708
2730 -1.3482978740744
2731 -1.34829865262564
2732 -1.34829943842488
2733 -1.348300231606894
2734 -1.348301032303741
2735 -1.348301840644708
2736 -1.348302656756302
2737 -1.348303480762215
2738 -1.348304312783301
2739 -1.348305152937563
2740 -1.348306001340132
2741 -1.348306858103249
2742 -1.348307723336273
2743 -1.348308597145659
2744 -1.348309479634967
2745 -1.348310370904859
2746 -1.348311271053096
2747 -1.348312180174549
2748 -1.348313098361188
2749 -1.348314025702092
2750 -1.348314962283442
2751 -1.348315908188536
2752 -1.348316863497786
2753 -1.348317828288752
2754 -1.348318802636153
2755 -1.348319786611899
2756 -1.34832078028509
2757 -1.34832178372199
2758 -1.34832279698598
2759 -1.348323820137486
2760 -1.348324853233882
2761 -1.3483258963294
2762 -1.348326949475039
2763 -1.348328012718499
2764 -1.348329086104131
2765 -1.348330169672929
2766 -1.348331263462521
2767 -1.348332367507212
2768 -1.34833348183801
2769 -1.348334606482691
2770 -1.348335741465848
2771 -1.348336886808946
2772 -1.348338042530381
2773 -1.348339208645509
2774 -1.348340385166697
2775 -1.348341572103339
2776 -1.34834276946188
2777 -1.348343977245829
2778 -1.348345195455753
2779 -1.348346424089284
2780 -1.348347663141107
2781 -1.348348912602949
2782 -1.348350172463572
2783 -1.348351442708771
2784 -1.348352723321367
2785 -1.3483540142812
2786 -1.348355315565138
2787 -1.348356627147078
2788 -1.348357948997953
2789 -1.348359281085745
2790 -1.34836062337549
2791 -1.34836197582931
2792 -1.348363338406403
2793 -1.348364711063067
2794 -1.348366093752697
2795 -1.348367486425791
2796 -1.34836888902994
2797 -1.348370301509836
2798 -1.348371723807268
2799 -1.348373155861131
2800 -1.348374597607449
2801 -1.348376048979405
2802 -1.348377509907378
2803 -1.348378980319009
2804 -1.34838046013925
2805 -1.348381949290441
2806 -1.34838344769239
2807 -1.348384955262432
2808 -1.34838647191552
2809 -1.348387997564289
2810 -1.348389532119116
2811 -1.348391075488177
2812 -1.348392627577492
2813 -1.34839418829096
2814 -1.34839575753038
2815 -1.348397335195474
2816 -1.348398921183889
2817 -1.348400515391217
2818 -1.348402117710975
2819 -1.348403728034623
2820 -1.348405346251565
2821 -1.348406972249158
2822 -1.348408605912709
2823 -1.348410247125484
2824 -1.348411895768728
2825 -1.348413551721681
2826 -1.348415214861619
2827 -1.348416885063882
2828 -1.348418562201918
2829 -1.348420246147346
2830 -1.348421936770006
2831 -1.348423633938042
2832 -1.34842533751797
2833 -1.348427047374754
2834 -1.348428763371886
2835 -1.348430485371442
2836 -1.348432213234132
2837 -1.348433946819321
2838 -1.348435685985053
2839 -1.348437430588026
2840 -1.348439180483589
2841 -1.348440935525705
2842 -1.348442695566928
2843 -1.348444460458389
2844 -1.348446230049778
2845 -1.348448004189361
2846 -1.348449782723993
2847 -1.348451565499164
2848 -1.34845335235904
2849 -1.348455143146525
2850 -1.348456937703337
2851 -1.348458735870083
2852 -1.348460537486329
2853 -1.348462342390688
2854 -1.34846415042089
2855 -1.348465961413853
2856 -1.34846777520576
2857 -1.348469591632113
2858 -1.348471410527794
2859 -1.348473231727108
2860 -1.348475055063821
2861 -1.34847688037118
2862 -1.348478707481936
2863 -1.348480536228358
2864 -1.348482366442249
2865 -1.348484197954977
2866 -1.348486030597495
2867 -1.34848786420046
2868 -1.348489698594437
2869 -1.348491533610092
2870 -1.34849336907833
2871 -1.348495204830288
2872 -1.348497040697223
2873 -1.348498876510338
2874 -1.348500712100623
2875 -1.348502547298776
2876 -1.348504381935133
2877 -1.348506215839884
2878 -1.348508048843028
2879 -1.34850988077455
2880 -1.34851171146457
2881 -1.34851354074347
2882 -1.348515368442022
2883 -1.348517194391486
2884 -1.34851901842371
2885 -1.348520840371197
2886 -1.348522660067167
2887 -1.348524477345594
2888 -1.348526292041242
2889 -1.34852810398969
2890 -1.348529913027338
2891 -1.348531718991434
2892 -1.348533521720078
2893 -1.348535321052233
2894 -1.348537116827728
2895 -1.348538908887287
2896 -1.348540697072527
2897 -1.348542481225993
2898 -1.348544261191172
2899 -1.348546036812529
2900 -1.34854780793555
2901 -1.348549574406777
2902 -1.348551336073853
2903 -1.34855309278558
2904 -1.348554844391963
2905 -1.34855659074427
2906 -1.348558331695081
2907 -1.348560067098345
2908 -1.348561796809432
2909 -1.348563520685185
2910 -1.348565238583974
2911 -1.348566950365749
2912 -1.348568655892081
2913 -1.348570355026216
2914 -1.34857204763311
2915 -1.348573733579472
2916 -1.348575412733795
2917 -1.348577084966389
2918 -1.348578750149397
2919 -1.348580408156829
2920 -1.348582058864561
2921 -1.348583702150358
2922 -1.348585337893882
2923 -1.348586965976694
2924 -1.34858858628227
2925 -1.34859019869601
2926 -1.348591803105246
2927 -1.348593399399247
2928 -1.348594987469223
2929 -1.348596567208328
2930 -1.348598138511655
2931 -1.34859970127624
2932 -1.348601255401046
2933 -1.348602800786978
2934 -1.348604337336867
2935 -1.348605864955485
2936 -1.348607383549545
2937 -1.348608893027714
2938 -1.348610393300638
2939 -1.348611884280953
2940 -1.34861336588332
2941 -1.348614838024446
2942 -1.348616300623132
2943 -1.348617753600295
2944 -1.348619196879022
2945 -1.348620630384593
2946 -1.348622054044528
2947 -1.348623467788614
2948 -1.348624871548951
2949 -1.348626265259952
2950 -1.348627648858377
2951 -1.348629022283334
2952 -1.348630385476286
2953 -1.348631738381039
2954 -1.348633080943744
2955 -1.348634413112874
2956 -1.348635734839199
2957 -1.348637046075783
2958 -1.348638346778064
2959 -1.348639636903723
2960 -1.348640916412678
2961 -1.348642185267142
2962 -1.348643443431651
2963 -1.348644690873084
2964 -1.348645927560672
2965 -1.348647153466006
2966 -1.348648368563035
2967 -1.348649572828077
2968 -1.348650766239822
2969 -1.34865194877933
2970 -1.348653120430035
2971 -1.348654281177744
2972 -1.348655431010626
2973 -1.34865656991921
2974 -1.34865769789638
2975 -1.34865881493736
2976 -1.348659921039711
2977 -1.348661016203323
2978 -1.348662100430404
2979 -1.348663173725476
